-- Found ament_cmake: 1.3.12 (/opt/ros/humble/share/ament_cmake/cmake)
-- Override CMake install command with custom implementation using symlinks instead of copying resources
-- Found rclcpp: 16.0.15 (/opt/ros/humble/share/rclcpp/cmake)
-- Found rosidl_generator_c: 3.1.7 (/opt/ros/humble/share/rosidl_generator_c/cmake)
-- Found rosidl_adapter: 3.1.7 (/opt/ros/humble/share/rosidl_adapter/cmake)
-- Found rosidl_generator_cpp: 3.1.7 (/opt/ros/humble/share/rosidl_generator_cpp/cmake)
-- Using all available rosidl_typesupport_c: rosidl_typesupport_fastrtps_c;rosidl_typesupport_introspection_c
-- Using all available rosidl_typesupport_cpp: rosidl_typesupport_fastrtps_cpp;rosidl_typesupport_introspection_cpp
-- Found rmw_implementation_cmake: 6.1.2 (/opt/ros/humble/share/rmw_implementation_cmake/cmake)
-- Found rmw_cyclonedds_cpp: 1.3.4 (/opt/ros/humble/share/rmw_cyclonedds_cpp/cmake)
-- Using RMW implementation 'rmw_cyclonedds_cpp' as default
-- Found geometry_msgs: 4.9.0 (/opt/ros/humble/share/geometry_msgs/cmake)
-- Found visualization_msgs: 4.9.0 (/opt/ros/humble/share/visualization_msgs/cmake)
-- Found nav_msgs: 4.9.0 (/opt/ros/humble/share/nav_msgs/cmake)
-- Found tf2: 0.25.16 (/opt/ros/humble/share/tf2/cmake)
-- Found pcl_ros: 2.4.5 (/opt/ros/humble/share/pcl_ros/cmake)
-- Eigen found (include: /usr/include/eigen3, version: 3.4.0)
-- FLANN found (include: /usr/include, lib: /usr/lib/x86_64-linux-gnu/libflann_cpp.so)
-- OpenNI found (version: 1.5.4.0, include: /usr/include/ni, lib: /usr/lib/libOpenNI.so;libusb::libusb)
-- OpenNI2 found (version: 2.2.0.33, include: /usr/include/openni2, lib: /usr/lib/x86_64-linux-gnu/libOpenNI2.so;libusb::libusb)
-- Eigen found (include: /usr/include/eigen3, version: 3.4.0)
-- OpenNI found (version: 1.5.4.0, include: /usr/include/ni, lib: /usr/lib/libOpenNI.so;libusb::libusb)
-- OpenNI2 found (version: 2.2.0.33, include: /usr/include/openni2, lib: /usr/lib/x86_64-linux-gnu/libOpenNI2.so;libusb::libusb)
-- Found Qhull version 8.0.2
-- OpenNI found (version: 1.5.4.0, include: /usr/include/ni, lib: /usr/lib/libOpenNI.so;libusb::libusb)
-- Found eigen3_cmake_module: 0.1.1 (/opt/ros/humble/share/eigen3_cmake_module/cmake)
-- Ensuring Eigen3 include directory is part of orocos-kdl CMake target
-- Found octomap_ros: 0.4.4 (/opt/ros/humble/share/octomap_ros/cmake)
-- Found required Ceres dependency: Eigen version 3.4.0 in /usr/include/eigen3
-- Found required Ceres dependency: glog
-- Found required Ceres dependency: gflags
-- Found Ceres version: 2.0.0 installed in: /usr with components: [EigenSparse, SparseLinearAlgebraLibrary, LAPACK, SuiteSparse, CXSparse, SchurSpecializations, Multithreading]
-- Configuring done
-- Generating done
-- Build files have been written to: /home/tianbot/slash_ws/build/dll
[35m[1mConsolidate compiler generated dependencies of target dll_node[0m
[ 50%] [32m[1mLinking CXX executable dll_node[0m
[100%] Built target dll_node
-- Install configuration: "Release"
-- Execute custom install script
-- Symlinking: /home/tianbot/slash_ws/install/dll/share/dll/launch/dll_fastlio.xml
-- Symlinking: /home/tianbot/slash_ws/install/dll/share/dll/launch/dlll_lio_sam.xml
-- Symlinking: /home/tianbot/slash_ws/install/dll/share/dll/maps/133.bt
-- Symlinking: /home/tianbot/slash_ws/install/dll/share/dll/maps/133_out.bt
-- Symlinking: /home/tianbot/slash_ws/install/dll/share/dll/maps/3F.bt
-- Symlinking: /home/tianbot/slash_ws/install/dll/share/dll/maps/RMUC.bt
-- Symlinking: /home/tianbot/slash_ws/install/dll/share/dll/maps/airsim.bt
-- Symlinking: /home/tianbot/slash_ws/install/dll/share/dll/maps/bedroom.bt
-- Symlinking: /home/tianbot/slash_ws/install/dll/share/dll/maps/catec.bt
-- Symlinking: /home/tianbot/slash_ws/install/dll/share/dll/maps/mbzirc.bt
-- Symlinking: /home/tianbot/slash_ws/install/dll/lib/dll/dll_node
-- Symlinking: /home/tianbot/slash_ws/install/dll/share/ament_index/resource_index/package_run_dependencies/dll
-- Symlinking: /home/tianbot/slash_ws/install/dll/share/ament_index/resource_index/parent_prefix_path/dll
-- Symlinking: /home/tianbot/slash_ws/install/dll/share/dll/environment/ament_prefix_path.sh
-- Symlinking: /home/tianbot/slash_ws/install/dll/share/dll/environment/ament_prefix_path.dsv
-- Symlinking: /home/tianbot/slash_ws/install/dll/share/dll/environment/path.sh
-- Symlinking: /home/tianbot/slash_ws/install/dll/share/dll/environment/path.dsv
-- Symlinking: /home/tianbot/slash_ws/install/dll/share/dll/local_setup.bash
-- Symlinking: /home/tianbot/slash_ws/install/dll/share/dll/local_setup.sh
-- Symlinking: /home/tianbot/slash_ws/install/dll/share/dll/local_setup.zsh
-- Symlinking: /home/tianbot/slash_ws/install/dll/share/dll/local_setup.dsv
-- Symlinking: /home/tianbot/slash_ws/install/dll/share/dll/package.dsv
-- Symlinking: /home/tianbot/slash_ws/install/dll/share/ament_index/resource_index/packages/dll
-- Symlinking: /home/tianbot/slash_ws/install/dll/share/dll/cmake/dllConfig.cmake
-- Symlinking: /home/tianbot/slash_ws/install/dll/share/dll/cmake/dllConfig-version.cmake
-- Symlinking: /home/tianbot/slash_ws/install/dll/share/dll/package.xml
