In file included from [01m[K/opt/ros/humble/include/rclcpp/rclcpp/logging.hpp:24[m[K,
                 from [01m[K/opt/ros/humble/include/rclcpp/rclcpp/client.hpp:40[m[K,
                 from [01m[K/opt/ros/humble/include/rclcpp/rclcpp/callback_group.hpp:24[m[K,
                 from [01m[K/opt/ros/humble/include/rclcpp/rclcpp/any_executable.hpp:20[m[K,
                 from [01m[K/opt/ros/humble/include/rclcpp/rclcpp/memory_strategy.hpp:25[m[K,
                 from [01m[K/opt/ros/humble/include/rclcpp/rclcpp/memory_strategies.hpp:18[m[K,
                 from [01m[K/opt/ros/humble/include/rclcpp/rclcpp/executor_options.hpp:20[m[K,
                 from [01m[K/opt/ros/humble/include/rclcpp/rclcpp/executor.hpp:37[m[K,
                 from [01m[K/opt/ros/humble/include/rclcpp/rclcpp/executors/multi_threaded_executor.hpp:25[m[K,
                 from [01m[K/opt/ros/humble/include/rclcpp/rclcpp/executors.hpp:21[m[K,
                 from [01m[K/opt/ros/humble/include/rclcpp/rclcpp/rclcpp.hpp:155[m[K,
                 from [01m[K/home/tianbot/slash_ws/src/slash_perception/grid_map/grid_map_ros/include/grid_map_ros/GridMapMsgHelpers.hpp:13[m[K,
                 from [01m[K/home/tianbot/slash_ws/src/slash_perception/grid_map/grid_map_ros/src/GridMapRosConverter.cpp:33[m[K:
[01m[K/home/tianbot/slash_ws/src/slash_perception/grid_map/grid_map_ros/src/GridMapRosConverter.cpp:[m[K In static member function ‘[01m[Kstatic bool grid_map::GridMapRosConverter::fromOccupancyGrid(const OccupancyGrid&, const string&, grid_map::GridMap&)[m[K’:
[01m[K/home/tianbot/slash_ws/src/slash_perception/grid_map/grid_map_ros/src/GridMapRosConverter.cpp:278:39:[m[K [01;31m[Kerror: [m[K‘[01m[Kstd::string rosidl_generator_traits::to_yaml(const Quaternion&)[m[K’ is deprecated: use geometry_msgs::msg::to_yaml() instead [[01;31m[K]8;;https://gcc.gnu.org/onlinedocs/gcc/Warning-Options.html#index-Wdeprecated-declarations-Werror=deprecated-declarations]8;;[m[K]
  278 |       [01;31m[Krosidl_generator_traits::to_yaml(occupancyGrid.info.origin.orientation)[m[K.c_str());
      |       [01;31m[K~~~~~~~~~~~~~~~~~~~~~~~~~~~~~~~~^~~~~~~~~~~~~~~~~~~~~~~~~~~~~~~~~~~~~~~[m[K
In file included from [01m[K/opt/ros/humble/include/geometry_msgs/geometry_msgs/msg/quaternion.hpp:9[m[K,
                 from [01m[K/home/tianbot/slash_ws/src/slash_perception/grid_map/grid_map_ros/src/GridMapRosConverter.cpp:12[m[K:
[01m[K/opt/ros/humble/include/geometry_msgs/geometry_msgs/msg/detail/quaternion__traits.hpp:129:20:[m[K [01;36m[Knote: [m[Kdeclared here
  129 | inline std::string [01;36m[Kto_yaml[m[K(const geometry_msgs::msg::Quaternion & msg)
      |                    [01;36m[K^~~~~~~[m[K
In file included from [01m[K/opt/ros/humble/include/rclcpp/rclcpp/logging.hpp:24[m[K,
                 from [01m[K/opt/ros/humble/include/rclcpp/rclcpp/client.hpp:40[m[K,
                 from [01m[K/opt/ros/humble/include/rclcpp/rclcpp/callback_group.hpp:24[m[K,
                 from [01m[K/opt/ros/humble/include/rclcpp/rclcpp/any_executable.hpp:20[m[K,
                 from [01m[K/opt/ros/humble/include/rclcpp/rclcpp/memory_strategy.hpp:25[m[K,
                 from [01m[K/opt/ros/humble/include/rclcpp/rclcpp/memory_strategies.hpp:18[m[K,
                 from [01m[K/opt/ros/humble/include/rclcpp/rclcpp/executor_options.hpp:20[m[K,
                 from [01m[K/opt/ros/humble/include/rclcpp/rclcpp/executor.hpp:37[m[K,
                 from [01m[K/opt/ros/humble/include/rclcpp/rclcpp/executors/multi_threaded_executor.hpp:25[m[K,
                 from [01m[K/opt/ros/humble/include/rclcpp/rclcpp/executors.hpp:21[m[K,
                 from [01m[K/opt/ros/humble/include/rclcpp/rclcpp/rclcpp.hpp:155[m[K,
                 from [01m[K/home/tianbot/slash_ws/src/slash_perception/grid_map/grid_map_ros/include/grid_map_ros/GridMapMsgHelpers.hpp:13[m[K,
                 from [01m[K/home/tianbot/slash_ws/src/slash_perception/grid_map/grid_map_ros/src/GridMapRosConverter.cpp:33[m[K:
[01m[K/home/tianbot/slash_ws/src/slash_perception/grid_map/grid_map_ros/src/GridMapRosConverter.cpp:[m[K In static member function ‘[01m[Kstatic bool grid_map::GridMapRosConverter::fromCostmap(const Costmap&, const string&, grid_map::GridMap&)[m[K’:
[01m[K/home/tianbot/slash_ws/src/slash_perception/grid_map/grid_map_ros/src/GridMapRosConverter.cpp:377:39:[m[K [01;31m[Kerror: [m[K‘[01m[Kstd::string rosidl_generator_traits::to_yaml(const Quaternion&)[m[K’ is deprecated: use geometry_msgs::msg::to_yaml() instead [[01;31m[K]8;;https://gcc.gnu.org/onlinedocs/gcc/Warning-Options.html#index-Wdeprecated-declarations-Werror=deprecated-declarations]8;;[m[K]
  377 |       [01;31m[Krosidl_generator_traits::to_yaml(costmap.metadata.origin.orientation)[m[K.c_str());
      |       [01;31m[K~~~~~~~~~~~~~~~~~~~~~~~~~~~~~~~~^~~~~~~~~~~~~~~~~~~~~~~~~~~~~~~~~~~~~[m[K
In file included from [01m[K/opt/ros/humble/include/geometry_msgs/geometry_msgs/msg/quaternion.hpp:9[m[K,
                 from [01m[K/home/tianbot/slash_ws/src/slash_perception/grid_map/grid_map_ros/src/GridMapRosConverter.cpp:12[m[K:
[01m[K/opt/ros/humble/include/geometry_msgs/geometry_msgs/msg/detail/quaternion__traits.hpp:129:20:[m[K [01;36m[Knote: [m[Kdeclared here
  129 | inline std::string [01;36m[Kto_yaml[m[K(const geometry_msgs::msg::Quaternion & msg)
      |                    [01;36m[K^~~~~~~[m[K
cc1plus: all warnings being treated as errors
gmake[2]: *** [CMakeFiles/grid_map_ros.dir/build.make:76：CMakeFiles/grid_map_ros.dir/src/GridMapRosConverter.cpp.o] 错误 1
gmake[1]: *** [CMakeFiles/Makefile2:157：CMakeFiles/grid_map_ros.dir/all] 错误 2
gmake: *** [Makefile:146：all] 错误 2
