-- The C compiler identification is GNU 11.4.0
-- The CXX compiler identification is GNU 11.4.0
-- Detecting C compiler ABI info
-- Detecting C compiler ABI info - done
-- Check for working C compiler: /usr/bin/cc - skipped
-- Detecting C compile features
-- Detecting C compile features - done
-- Detecting CXX compiler ABI info
-- Detecting CXX compiler ABI info - done
-- Check for working CXX compiler: /usr/bin/c++ - skipped
-- Detecting CXX compile features
-- Detecting CXX compile features - done
-- Found ament_cmake: 1.3.12 (/opt/ros/humble/share/ament_cmake/cmake)
-- Found Python3: /usr/bin/python3 (found version "3.10.12") found components: Interpreter 
-- Override CMake install command with custom implementation using symlinks instead of copying resources
-- Found cv_bridge: 3.2.1 (/opt/ros/humble/share/cv_bridge/cmake)
-- Found rosidl_generator_c: 3.1.7 (/opt/ros/humble/share/rosidl_generator_c/cmake)
-- Found rosidl_adapter: 3.1.7 (/opt/ros/humble/share/rosidl_adapter/cmake)
-- Found rosidl_generator_cpp: 3.1.7 (/opt/ros/humble/share/rosidl_generator_cpp/cmake)
-- Using all available rosidl_typesupport_c: rosidl_typesupport_fastrtps_c;rosidl_typesupport_introspection_c
-- Using all available rosidl_typesupport_cpp: rosidl_typesupport_fastrtps_cpp;rosidl_typesupport_introspection_cpp
-- Found grid_map_cmake_helpers: 2.1.0 (/home/tianbot/slash_ws/install/grid_map_cmake_helpers/share/grid_map_cmake_helpers/cmake)
-- Found grid_map_core: 2.1.0 (/home/tianbot/slash_ws/install/grid_map_core/share/grid_map_core/cmake)
-- Found grid_map_cv: 2.1.0 (/home/tianbot/slash_ws/install/grid_map_cv/share/grid_map_cv/cmake)
-- Found rmw_implementation_cmake: 6.1.2 (/opt/ros/humble/share/rmw_implementation_cmake/cmake)
-- Found rmw_cyclonedds_cpp: 1.3.4 (/opt/ros/humble/share/rmw_cyclonedds_cpp/cmake)
-- Using RMW implementation 'rmw_cyclonedds_cpp' as default
-- Looking for pthread.h
-- Looking for pthread.h - found
-- Performing Test CMAKE_HAVE_LIBC_PTHREAD
-- Performing Test CMAKE_HAVE_LIBC_PTHREAD - Success
-- Found Threads: TRUE  
-- Found grid_map_msgs: 2.1.0 (/home/tianbot/slash_ws/install/grid_map_msgs/share/grid_map_msgs/cmake)
-- Found nav2_msgs: 1.1.19 (/opt/ros/humble/share/nav2_msgs/cmake)
-- Found rosbag2_cpp: 0.15.15 (/opt/ros/humble/share/rosbag2_cpp/cmake)
-- Found tf2: 0.25.16 (/opt/ros/humble/share/tf2/cmake)
-- Found visualization_msgs: 4.9.0 (/opt/ros/humble/share/visualization_msgs/cmake)
-- Setting build type to Release as none was specified.
-- Found ament_lint_auto: 0.12.14 (/opt/ros/humble/share/ament_lint_auto/cmake)
-- Found gtest sources under '/opt/ros/humble/src/gtest_vendor': C++ tests using 'Google Test' will be built
-- Added test 'cppcheck' to perform static code analysis on C / C++ code
-- Configured cppcheck include dirs: /home/tianbot/slash_ws/src/slash_perception/grid_map/grid_map_ros/include
-- Configured cppcheck exclude dirs and/or files: 
-- Added test 'lint_cmake' to check CMake code style
-- Added test 'uncrustify' to check C / C++ code style
-- Configured uncrustify additional arguments: 
-- Added test 'xmllint' to check XML markup files
-- Configuring done
-- Generating done
-- Build files have been written to: /home/tianbot/slash_ws/build/grid_map_ros
[  9%] [32mBuilding CXX object CMakeFiles/grid_map_ros.dir/src/GridMapRosConverter.cpp.o[0m
In file included from [01m[K/opt/ros/humble/include/rclcpp/rclcpp/logging.hpp:24[m[K,
                 from [01m[K/opt/ros/humble/include/rclcpp/rclcpp/client.hpp:40[m[K,
                 from [01m[K/opt/ros/humble/include/rclcpp/rclcpp/callback_group.hpp:24[m[K,
                 from [01m[K/opt/ros/humble/include/rclcpp/rclcpp/any_executable.hpp:20[m[K,
                 from [01m[K/opt/ros/humble/include/rclcpp/rclcpp/memory_strategy.hpp:25[m[K,
                 from [01m[K/opt/ros/humble/include/rclcpp/rclcpp/memory_strategies.hpp:18[m[K,
                 from [01m[K/opt/ros/humble/include/rclcpp/rclcpp/executor_options.hpp:20[m[K,
                 from [01m[K/opt/ros/humble/include/rclcpp/rclcpp/executor.hpp:37[m[K,
                 from [01m[K/opt/ros/humble/include/rclcpp/rclcpp/executors/multi_threaded_executor.hpp:25[m[K,
                 from [01m[K/opt/ros/humble/include/rclcpp/rclcpp/executors.hpp:21[m[K,
                 from [01m[K/opt/ros/humble/include/rclcpp/rclcpp/rclcpp.hpp:155[m[K,
                 from [01m[K/home/tianbot/slash_ws/src/slash_perception/grid_map/grid_map_ros/include/grid_map_ros/GridMapMsgHelpers.hpp:13[m[K,
                 from [01m[K/home/tianbot/slash_ws/src/slash_perception/grid_map/grid_map_ros/src/GridMapRosConverter.cpp:33[m[K:
[01m[K/home/tianbot/slash_ws/src/slash_perception/grid_map/grid_map_ros/src/GridMapRosConverter.cpp:[m[K In static member function ‘[01m[Kstatic bool grid_map::GridMapRosConverter::fromOccupancyGrid(const OccupancyGrid&, const string&, grid_map::GridMap&)[m[K’:
[01m[K/home/tianbot/slash_ws/src/slash_perception/grid_map/grid_map_ros/src/GridMapRosConverter.cpp:278:39:[m[K [01;31m[Kerror: [m[K‘[01m[Kstd::string rosidl_generator_traits::to_yaml(const Quaternion&)[m[K’ is deprecated: use geometry_msgs::msg::to_yaml() instead [[01;31m[K]8;;https://gcc.gnu.org/onlinedocs/gcc/Warning-Options.html#index-Wdeprecated-declarations-Werror=deprecated-declarations]8;;[m[K]
  278 |       [01;31m[Krosidl_generator_traits::to_yaml(occupancyGrid.info.origin.orientation)[m[K.c_str());
      |       [01;31m[K~~~~~~~~~~~~~~~~~~~~~~~~~~~~~~~~^~~~~~~~~~~~~~~~~~~~~~~~~~~~~~~~~~~~~~~[m[K
In file included from [01m[K/opt/ros/humble/include/geometry_msgs/geometry_msgs/msg/quaternion.hpp:9[m[K,
                 from [01m[K/home/tianbot/slash_ws/src/slash_perception/grid_map/grid_map_ros/src/GridMapRosConverter.cpp:12[m[K:
[01m[K/opt/ros/humble/include/geometry_msgs/geometry_msgs/msg/detail/quaternion__traits.hpp:129:20:[m[K [01;36m[Knote: [m[Kdeclared here
  129 | inline std::string [01;36m[Kto_yaml[m[K(const geometry_msgs::msg::Quaternion & msg)
      |                    [01;36m[K^~~~~~~[m[K
In file included from [01m[K/opt/ros/humble/include/rclcpp/rclcpp/logging.hpp:24[m[K,
                 from [01m[K/opt/ros/humble/include/rclcpp/rclcpp/client.hpp:40[m[K,
                 from [01m[K/opt/ros/humble/include/rclcpp/rclcpp/callback_group.hpp:24[m[K,
                 from [01m[K/opt/ros/humble/include/rclcpp/rclcpp/any_executable.hpp:20[m[K,
                 from [01m[K/opt/ros/humble/include/rclcpp/rclcpp/memory_strategy.hpp:25[m[K,
                 from [01m[K/opt/ros/humble/include/rclcpp/rclcpp/memory_strategies.hpp:18[m[K,
                 from [01m[K/opt/ros/humble/include/rclcpp/rclcpp/executor_options.hpp:20[m[K,
                 from [01m[K/opt/ros/humble/include/rclcpp/rclcpp/executor.hpp:37[m[K,
                 from [01m[K/opt/ros/humble/include/rclcpp/rclcpp/executors/multi_threaded_executor.hpp:25[m[K,
                 from [01m[K/opt/ros/humble/include/rclcpp/rclcpp/executors.hpp:21[m[K,
                 from [01m[K/opt/ros/humble/include/rclcpp/rclcpp/rclcpp.hpp:155[m[K,
                 from [01m[K/home/tianbot/slash_ws/src/slash_perception/grid_map/grid_map_ros/include/grid_map_ros/GridMapMsgHelpers.hpp:13[m[K,
                 from [01m[K/home/tianbot/slash_ws/src/slash_perception/grid_map/grid_map_ros/src/GridMapRosConverter.cpp:33[m[K:
[01m[K/home/tianbot/slash_ws/src/slash_perception/grid_map/grid_map_ros/src/GridMapRosConverter.cpp:[m[K In static member function ‘[01m[Kstatic bool grid_map::GridMapRosConverter::fromCostmap(const Costmap&, const string&, grid_map::GridMap&)[m[K’:
[01m[K/home/tianbot/slash_ws/src/slash_perception/grid_map/grid_map_ros/src/GridMapRosConverter.cpp:377:39:[m[K [01;31m[Kerror: [m[K‘[01m[Kstd::string rosidl_generator_traits::to_yaml(const Quaternion&)[m[K’ is deprecated: use geometry_msgs::msg::to_yaml() instead [[01;31m[K]8;;https://gcc.gnu.org/onlinedocs/gcc/Warning-Options.html#index-Wdeprecated-declarations-Werror=deprecated-declarations]8;;[m[K]
  377 |       [01;31m[Krosidl_generator_traits::to_yaml(costmap.metadata.origin.orientation)[m[K.c_str());
      |       [01;31m[K~~~~~~~~~~~~~~~~~~~~~~~~~~~~~~~~^~~~~~~~~~~~~~~~~~~~~~~~~~~~~~~~~~~~~[m[K
In file included from [01m[K/opt/ros/humble/include/geometry_msgs/geometry_msgs/msg/quaternion.hpp:9[m[K,
                 from [01m[K/home/tianbot/slash_ws/src/slash_perception/grid_map/grid_map_ros/src/GridMapRosConverter.cpp:12[m[K:
[01m[K/opt/ros/humble/include/geometry_msgs/geometry_msgs/msg/detail/quaternion__traits.hpp:129:20:[m[K [01;36m[Knote: [m[Kdeclared here
  129 | inline std::string [01;36m[Kto_yaml[m[K(const geometry_msgs::msg::Quaternion & msg)
      |                    [01;36m[K^~~~~~~[m[K
cc1plus: all warnings being treated as errors
gmake[2]: *** [CMakeFiles/grid_map_ros.dir/build.make:76：CMakeFiles/grid_map_ros.dir/src/GridMapRosConverter.cpp.o] 错误 1
gmake[1]: *** [CMakeFiles/Makefile2:157：CMakeFiles/grid_map_ros.dir/all] 错误 2
gmake: *** [Makefile:146：all] 错误 2
