[0.025s] Invoking command in '/home/tianbot/slash_ws/build/fast_lio': CMAKE_PREFIX_PATH=/home/tianbot/slash_ws/install/livox_ros_driver2:/home/tianbot/tianracer_ros2_ws/install/vesc_ackermann:/home/tianbot/tianracer_ros2_ws/install/vesc_msgs:/home/tianbot/tianracer_ros2_ws/install/vector_pursuit_controller:/home/tianbot/tianracer_ros2_ws/install/tianracer_slam:/home/tianbot/tianracer_ros2_ws/install/tianracer_rviz:/home/tianbot/tianracer_ros2_ws/install/tianracer_navigation2:/home/tianbot/tianracer_ros2_ws/install/tianracer_navigation:/home/tianbot/tianracer_ros2_ws/install/tianracer_jetson:/home/tianbot/tianracer_ros2_ws/install/tianracer_description:/home/tianbot/tianracer_ros2_ws/install/tianracer_core:/home/tianbot/tianracer_ros2_ws/install/tianracer_competition:/home/tianbot/tianracer_ros2_ws/install/tianracer_bringup:/home/tianbot/tianracer_ros2_ws/install/twist_to_ackermann:/home/tianbot/tianracer_ros2_ws/install/tf2_web_republisher_py:/home/tianbot/tianracer_ros2_ws/install/joy_teleop:/home/tianbot/tianracer_ros2_ws/install/mouse_teleop:/home/tianbot/tianracer_ros2_ws/install/key_teleop:/home/tianbot/slash_ws/install/f1tenth_stack:/home/tianbot/slash_ws/install/joy_teleop:/home/tianbot/slash_ws/install/mouse_teleop:/home/tianbot/slash_ws/install/key_teleop:/opt/ros/humble:/home/tianbot/tianracer_ros2_ws/install/tianracer:/home/tianbot/tianracer_ros2_ws/install/tianbot_core:/home/tianbot/tianracer_ros2_ws/install/tf2_web_republisher:/home/tianbot/tianracer_ros2_ws/install/teleop_tools:/home/tianbot/tianracer_ros2_ws/install/teleop_tools_msgs:/home/tianbot/tianracer_ros2_ws/install/teb_local_planner:/home/tianbot/tianracer_ros2_ws/install/teb_msgs:/home/tianbot/tianracer_ros2_ws/install/slam_gmapping:/home/tianbot/tianracer_ros2_ws/install/openslam_gmapping:/home/tianbot/tianracer_ros2_ws/install/lakibeam1:/home/tianbot/tianracer_ros2_ws/install/costmap_intensity:/home/tianbot/tianracer_ros2_ws/install/costmap_converter:/home/tianbot/tianracer_ros2_ws/install/costmap_converter_msgs:/home/tianbot/tianracer_ros2_ws/install/behavior_ext_plugins:/home/tianbot/tianracer_ros2_ws/install/ackermann_mux:/home/tianbot/slash_ws/install/vesc:/home/tianbot/slash_ws/install/vesc_driver:/home/tianbot/slash_ws/install/vesc_ackermann:/home/tianbot/slash_ws/install/vesc_msgs:/home/tianbot/slash_ws/install/teleop_tools:/home/tianbot/slash_ws/install/teleop_tools_msgs:/home/tianbot/slash_ws/install/teb_local_planner:/home/tianbot/slash_ws/install/teb_msgs:/home/tianbot/slash_ws/install/slash_nav2:/home/tianbot/slash_ws/install/pointcloud_to_laserscan:/home/tianbot/slash_ws/install/pointcloud_filter:/home/tianbot/slash_ws/install/fast_lio:/home/tianbot/slash_ws/install/linefit_ground_segmentation_ros:/home/tianbot/slash_ws/install/linefit_ground_segmentation:/home/tianbot/slash_ws/install/dll:/home/tianbot/slash_ws/install/costmap_converter:/home/tianbot/slash_ws/install/costmap_converter_msgs:/home/tianbot/slash_ws/install/ackermann_mux LD_LIBRARY_PATH=/home/tianbot/slash_ws/install/livox_ros_driver2/lib:/home/tianbot/tianracer_ros2_ws/install/vesc_ackermann/lib:/home/tianbot/tianracer_ros2_ws/install/vesc_msgs/lib:/home/tianbot/tianracer_ros2_ws/install/vector_pursuit_controller/lib:/home/tianbot/tianracer_ros2_ws/install/tianbot_core/lib:/home/tianbot/tianracer_ros2_ws/install/tf2_web_republisher/lib:/home/tianbot/tianracer_ros2_ws/install/teleop_tools_msgs/lib:/home/tianbot/tianracer_ros2_ws/install/teb_local_planner/lib:/home/tianbot/tianracer_ros2_ws/install/teb_msgs/lib:/home/tianbot/tianracer_ros2_ws/install/openslam_gmapping/lib:/home/tianbot/tianracer_ros2_ws/install/costmap_intensity/lib:/home/tianbot/tianracer_ros2_ws/install/costmap_converter/lib:/home/tianbot/tianracer_ros2_ws/install/costmap_converter_msgs/lib:/home/tianbot/tianracer_ros2_ws/install/behavior_ext_plugins/lib:/home/tianbot/slash_ws/install/vesc_driver/lib:/home/tianbot/slash_ws/install/vesc_ackermann/lib:/home/tianbot/slash_ws/install/vesc_msgs/lib:/home/tianbot/slash_ws/install/teleop_tools_msgs/lib:/home/tianbot/slash_ws/install/teb_local_planner/lib:/home/tianbot/slash_ws/install/teb_msgs/lib:/home/tianbot/slash_ws/install/pointcloud_to_laserscan/lib:/home/tianbot/slash_ws/install/fast_lio/lib:/home/tianbot/slash_ws/install/linefit_ground_segmentation/lib:/home/tianbot/slash_ws/install/costmap_converter/lib:/home/tianbot/slash_ws/install/costmap_converter_msgs/lib:/opt/ros/humble/opt/zenoh_cpp_vendor/lib:/usr/lib/x86_64-linux-gnu/gazebo-11/plugins:/opt/ros/humble/opt/rviz_ogre_vendor/lib:/opt/ros/humble/lib/x86_64-linux-gnu:/opt/ros/humble/opt/openvdb_vendor/lib:/opt/ros/humble/lib /usr/bin/cmake /home/tianbot/slash_ws/src/slash_localization/FAST_LIO -DCMAKE_INSTALL_PREFIX=/home/tianbot/slash_ws/install/fast_lio
[0.086s] -- Found PythonLibs: /usr/lib/x86_64-linux-gnu/libpython3.10.so (found version "3.10.12") 
[0.087s] -- Found ament_cmake: 1.3.12 (/opt/ros/humble/share/ament_cmake/cmake)
[0.288s] -- Override CMake install command with custom implementation using symlinks instead of copying resources
[0.302s] -- Found rclcpp: 16.0.15 (/opt/ros/humble/share/rclcpp/cmake)
[0.347s] -- Found rosidl_generator_c: 3.1.7 (/opt/ros/humble/share/rosidl_generator_c/cmake)
[0.351s] -- Found rosidl_adapter: 3.1.7 (/opt/ros/humble/share/rosidl_adapter/cmake)
[0.360s] -- Found rosidl_generator_cpp: 3.1.7 (/opt/ros/humble/share/rosidl_generator_cpp/cmake)
[0.377s] -- Using all available rosidl_typesupport_c: rosidl_typesupport_fastrtps_c;rosidl_typesupport_introspection_c
[0.399s] -- Using all available rosidl_typesupport_cpp: rosidl_typesupport_fastrtps_cpp;rosidl_typesupport_introspection_cpp
[0.451s] -- Found rmw_implementation_cmake: 6.1.2 (/opt/ros/humble/share/rmw_implementation_cmake/cmake)
[0.456s] -- Found rmw_cyclonedds_cpp: 1.3.4 (/opt/ros/humble/share/rmw_cyclonedds_cpp/cmake)
[0.488s] -- Using RMW implementation 'rmw_cyclonedds_cpp' as default
[0.560s] -- Found rclcpp_components: 16.0.15 (/opt/ros/humble/share/rclcpp_components/cmake)
[0.590s] -- Found geometry_msgs: 4.9.0 (/opt/ros/humble/share/geometry_msgs/cmake)
[0.608s] -- Found nav_msgs: 4.9.0 (/opt/ros/humble/share/nav_msgs/cmake)
[0.631s] -- Found sensor_msgs: 4.9.0 (/opt/ros/humble/share/sensor_msgs/cmake)
[0.656s] -- Found std_srvs: 4.9.0 (/opt/ros/humble/share/std_srvs/cmake)
[0.669s] -- Found visualization_msgs: 4.9.0 (/opt/ros/humble/share/visualization_msgs/cmake)
[0.696s] -- Found pcl_ros: 2.4.5 (/opt/ros/humble/share/pcl_ros/cmake)
[0.752s] -- Eigen found (include: /usr/include/eigen3, version: 3.4.0)
[0.799s] -- FLANN found (include: /usr/include, lib: /usr/lib/x86_64-linux-gnu/libflann_cpp.so)
[1.353s] -- OpenNI found (version: 1.5.4.0, include: /usr/include/ni, lib: /usr/lib/libOpenNI.so;libusb::libusb)
[1.361s] -- OpenNI2 found (version: 2.2.0.33, include: /usr/include/openni2, lib: /usr/lib/x86_64-linux-gnu/libOpenNI2.so;libusb::libusb)
[1.559s] -- Eigen found (include: /usr/include/eigen3, version: 3.4.0)
[1.566s] -- OpenNI found (version: 1.5.4.0, include: /usr/include/ni, lib: /usr/lib/libOpenNI.so;libusb::libusb)
[1.573s] -- OpenNI2 found (version: 2.2.0.33, include: /usr/include/openni2, lib: /usr/lib/x86_64-linux-gnu/libOpenNI2.so;libusb::libusb)
[1.759s] -- Found Qhull version 8.0.2
[1.949s] -- OpenNI found (version: 1.5.4.0, include: /usr/include/ni, lib: /usr/lib/libOpenNI.so;libusb::libusb)
[2.162s] -- Found eigen3_cmake_module: 0.1.1 (/opt/ros/humble/share/eigen3_cmake_module/cmake)
[2.164s] -- Ensuring Eigen3 include directory is part of orocos-kdl CMake target
[2.249s] -- Found livox_ros_driver2: 1.0.0 (/home/tianbot/slash_ws/install/livox_ros_driver2/share/livox_ros_driver2/cmake)
[2.275s] -- Found rosidl_default_generators: 1.2.0 (/opt/ros/humble/share/rosidl_default_generators/cmake)
[2.684s] -- Found ament_cmake_ros: 0.10.0 (/opt/ros/humble/share/ament_cmake_ros/cmake)
[3.149s] -- Using all available rosidl_typesupport_c: rosidl_typesupport_fastrtps_c;rosidl_typesupport_introspection_c
[3.331s] -- Using all available rosidl_typesupport_cpp: rosidl_typesupport_fastrtps_cpp;rosidl_typesupport_introspection_cpp
[3.368s] -- Found python_cmake_module: 0.10.0 (/opt/ros/humble/share/python_cmake_module/cmake)
[3.405s] -- Found PythonLibs: /usr/lib/x86_64-linux-gnu/libpython3.10.so (found suitable version "3.10.12", minimum required is "3.5") 
[3.406s] -- Using PYTHON_EXECUTABLE: /usr/bin/python3
[3.406s] -- Using PYTHON_INCLUDE_DIRS: /usr/include/python3.10
[3.406s] -- Using PYTHON_LIBRARIES: /usr/lib/x86_64-linux-gnu/libpython3.10.so
[3.519s] -- Configuring done
[3.641s] -- Generating done
[3.665s] -- Build files have been written to: /home/tianbot/slash_ws/build/fast_lio
[3.684s] Invoked command in '/home/tianbot/slash_ws/build/fast_lio' returned '0': CMAKE_PREFIX_PATH=/home/tianbot/slash_ws/install/livox_ros_driver2:/home/tianbot/tianracer_ros2_ws/install/vesc_ackermann:/home/tianbot/tianracer_ros2_ws/install/vesc_msgs:/home/tianbot/tianracer_ros2_ws/install/vector_pursuit_controller:/home/tianbot/tianracer_ros2_ws/install/tianracer_slam:/home/tianbot/tianracer_ros2_ws/install/tianracer_rviz:/home/tianbot/tianracer_ros2_ws/install/tianracer_navigation2:/home/tianbot/tianracer_ros2_ws/install/tianracer_navigation:/home/tianbot/tianracer_ros2_ws/install/tianracer_jetson:/home/tianbot/tianracer_ros2_ws/install/tianracer_description:/home/tianbot/tianracer_ros2_ws/install/tianracer_core:/home/tianbot/tianracer_ros2_ws/install/tianracer_competition:/home/tianbot/tianracer_ros2_ws/install/tianracer_bringup:/home/tianbot/tianracer_ros2_ws/install/twist_to_ackermann:/home/tianbot/tianracer_ros2_ws/install/tf2_web_republisher_py:/home/tianbot/tianracer_ros2_ws/install/joy_teleop:/home/tianbot/tianracer_ros2_ws/install/mouse_teleop:/home/tianbot/tianracer_ros2_ws/install/key_teleop:/home/tianbot/slash_ws/install/f1tenth_stack:/home/tianbot/slash_ws/install/joy_teleop:/home/tianbot/slash_ws/install/mouse_teleop:/home/tianbot/slash_ws/install/key_teleop:/opt/ros/humble:/home/tianbot/tianracer_ros2_ws/install/tianracer:/home/tianbot/tianracer_ros2_ws/install/tianbot_core:/home/tianbot/tianracer_ros2_ws/install/tf2_web_republisher:/home/tianbot/tianracer_ros2_ws/install/teleop_tools:/home/tianbot/tianracer_ros2_ws/install/teleop_tools_msgs:/home/tianbot/tianracer_ros2_ws/install/teb_local_planner:/home/tianbot/tianracer_ros2_ws/install/teb_msgs:/home/tianbot/tianracer_ros2_ws/install/slam_gmapping:/home/tianbot/tianracer_ros2_ws/install/openslam_gmapping:/home/tianbot/tianracer_ros2_ws/install/lakibeam1:/home/tianbot/tianracer_ros2_ws/install/costmap_intensity:/home/tianbot/tianracer_ros2_ws/install/costmap_converter:/home/tianbot/tianracer_ros2_ws/install/costmap_converter_msgs:/home/tianbot/tianracer_ros2_ws/install/behavior_ext_plugins:/home/tianbot/tianracer_ros2_ws/install/ackermann_mux:/home/tianbot/slash_ws/install/vesc:/home/tianbot/slash_ws/install/vesc_driver:/home/tianbot/slash_ws/install/vesc_ackermann:/home/tianbot/slash_ws/install/vesc_msgs:/home/tianbot/slash_ws/install/teleop_tools:/home/tianbot/slash_ws/install/teleop_tools_msgs:/home/tianbot/slash_ws/install/teb_local_planner:/home/tianbot/slash_ws/install/teb_msgs:/home/tianbot/slash_ws/install/slash_nav2:/home/tianbot/slash_ws/install/pointcloud_to_laserscan:/home/tianbot/slash_ws/install/pointcloud_filter:/home/tianbot/slash_ws/install/fast_lio:/home/tianbot/slash_ws/install/linefit_ground_segmentation_ros:/home/tianbot/slash_ws/install/linefit_ground_segmentation:/home/tianbot/slash_ws/install/dll:/home/tianbot/slash_ws/install/costmap_converter:/home/tianbot/slash_ws/install/costmap_converter_msgs:/home/tianbot/slash_ws/install/ackermann_mux LD_LIBRARY_PATH=/home/tianbot/slash_ws/install/livox_ros_driver2/lib:/home/tianbot/tianracer_ros2_ws/install/vesc_ackermann/lib:/home/tianbot/tianracer_ros2_ws/install/vesc_msgs/lib:/home/tianbot/tianracer_ros2_ws/install/vector_pursuit_controller/lib:/home/tianbot/tianracer_ros2_ws/install/tianbot_core/lib:/home/tianbot/tianracer_ros2_ws/install/tf2_web_republisher/lib:/home/tianbot/tianracer_ros2_ws/install/teleop_tools_msgs/lib:/home/tianbot/tianracer_ros2_ws/install/teb_local_planner/lib:/home/tianbot/tianracer_ros2_ws/install/teb_msgs/lib:/home/tianbot/tianracer_ros2_ws/install/openslam_gmapping/lib:/home/tianbot/tianracer_ros2_ws/install/costmap_intensity/lib:/home/tianbot/tianracer_ros2_ws/install/costmap_converter/lib:/home/tianbot/tianracer_ros2_ws/install/costmap_converter_msgs/lib:/home/tianbot/tianracer_ros2_ws/install/behavior_ext_plugins/lib:/home/tianbot/slash_ws/install/vesc_driver/lib:/home/tianbot/slash_ws/install/vesc_ackermann/lib:/home/tianbot/slash_ws/install/vesc_msgs/lib:/home/tianbot/slash_ws/install/teleop_tools_msgs/lib:/home/tianbot/slash_ws/install/teb_local_planner/lib:/home/tianbot/slash_ws/install/teb_msgs/lib:/home/tianbot/slash_ws/install/pointcloud_to_laserscan/lib:/home/tianbot/slash_ws/install/fast_lio/lib:/home/tianbot/slash_ws/install/linefit_ground_segmentation/lib:/home/tianbot/slash_ws/install/costmap_converter/lib:/home/tianbot/slash_ws/install/costmap_converter_msgs/lib:/opt/ros/humble/opt/zenoh_cpp_vendor/lib:/usr/lib/x86_64-linux-gnu/gazebo-11/plugins:/opt/ros/humble/opt/rviz_ogre_vendor/lib:/opt/ros/humble/lib/x86_64-linux-gnu:/opt/ros/humble/opt/openvdb_vendor/lib:/opt/ros/humble/lib /usr/bin/cmake /home/tianbot/slash_ws/src/slash_localization/FAST_LIO -DCMAKE_INSTALL_PREFIX=/home/tianbot/slash_ws/install/fast_lio
[3.686s] Invoking command in '/home/tianbot/slash_ws/build/fast_lio': CMAKE_PREFIX_PATH=/home/tianbot/slash_ws/install/livox_ros_driver2:/home/tianbot/tianracer_ros2_ws/install/vesc_ackermann:/home/tianbot/tianracer_ros2_ws/install/vesc_msgs:/home/tianbot/tianracer_ros2_ws/install/vector_pursuit_controller:/home/tianbot/tianracer_ros2_ws/install/tianracer_slam:/home/tianbot/tianracer_ros2_ws/install/tianracer_rviz:/home/tianbot/tianracer_ros2_ws/install/tianracer_navigation2:/home/tianbot/tianracer_ros2_ws/install/tianracer_navigation:/home/tianbot/tianracer_ros2_ws/install/tianracer_jetson:/home/tianbot/tianracer_ros2_ws/install/tianracer_description:/home/tianbot/tianracer_ros2_ws/install/tianracer_core:/home/tianbot/tianracer_ros2_ws/install/tianracer_competition:/home/tianbot/tianracer_ros2_ws/install/tianracer_bringup:/home/tianbot/tianracer_ros2_ws/install/twist_to_ackermann:/home/tianbot/tianracer_ros2_ws/install/tf2_web_republisher_py:/home/tianbot/tianracer_ros2_ws/install/joy_teleop:/home/tianbot/tianracer_ros2_ws/install/mouse_teleop:/home/tianbot/tianracer_ros2_ws/install/key_teleop:/home/tianbot/slash_ws/install/f1tenth_stack:/home/tianbot/slash_ws/install/joy_teleop:/home/tianbot/slash_ws/install/mouse_teleop:/home/tianbot/slash_ws/install/key_teleop:/opt/ros/humble:/home/tianbot/tianracer_ros2_ws/install/tianracer:/home/tianbot/tianracer_ros2_ws/install/tianbot_core:/home/tianbot/tianracer_ros2_ws/install/tf2_web_republisher:/home/tianbot/tianracer_ros2_ws/install/teleop_tools:/home/tianbot/tianracer_ros2_ws/install/teleop_tools_msgs:/home/tianbot/tianracer_ros2_ws/install/teb_local_planner:/home/tianbot/tianracer_ros2_ws/install/teb_msgs:/home/tianbot/tianracer_ros2_ws/install/slam_gmapping:/home/tianbot/tianracer_ros2_ws/install/openslam_gmapping:/home/tianbot/tianracer_ros2_ws/install/lakibeam1:/home/tianbot/tianracer_ros2_ws/install/costmap_intensity:/home/tianbot/tianracer_ros2_ws/install/costmap_converter:/home/tianbot/tianracer_ros2_ws/install/costmap_converter_msgs:/home/tianbot/tianracer_ros2_ws/install/behavior_ext_plugins:/home/tianbot/tianracer_ros2_ws/install/ackermann_mux:/home/tianbot/slash_ws/install/vesc:/home/tianbot/slash_ws/install/vesc_driver:/home/tianbot/slash_ws/install/vesc_ackermann:/home/tianbot/slash_ws/install/vesc_msgs:/home/tianbot/slash_ws/install/teleop_tools:/home/tianbot/slash_ws/install/teleop_tools_msgs:/home/tianbot/slash_ws/install/teb_local_planner:/home/tianbot/slash_ws/install/teb_msgs:/home/tianbot/slash_ws/install/slash_nav2:/home/tianbot/slash_ws/install/pointcloud_to_laserscan:/home/tianbot/slash_ws/install/pointcloud_filter:/home/tianbot/slash_ws/install/fast_lio:/home/tianbot/slash_ws/install/linefit_ground_segmentation_ros:/home/tianbot/slash_ws/install/linefit_ground_segmentation:/home/tianbot/slash_ws/install/dll:/home/tianbot/slash_ws/install/costmap_converter:/home/tianbot/slash_ws/install/costmap_converter_msgs:/home/tianbot/slash_ws/install/ackermann_mux LD_LIBRARY_PATH=/home/tianbot/slash_ws/install/livox_ros_driver2/lib:/home/tianbot/tianracer_ros2_ws/install/vesc_ackermann/lib:/home/tianbot/tianracer_ros2_ws/install/vesc_msgs/lib:/home/tianbot/tianracer_ros2_ws/install/vector_pursuit_controller/lib:/home/tianbot/tianracer_ros2_ws/install/tianbot_core/lib:/home/tianbot/tianracer_ros2_ws/install/tf2_web_republisher/lib:/home/tianbot/tianracer_ros2_ws/install/teleop_tools_msgs/lib:/home/tianbot/tianracer_ros2_ws/install/teb_local_planner/lib:/home/tianbot/tianracer_ros2_ws/install/teb_msgs/lib:/home/tianbot/tianracer_ros2_ws/install/openslam_gmapping/lib:/home/tianbot/tianracer_ros2_ws/install/costmap_intensity/lib:/home/tianbot/tianracer_ros2_ws/install/costmap_converter/lib:/home/tianbot/tianracer_ros2_ws/install/costmap_converter_msgs/lib:/home/tianbot/tianracer_ros2_ws/install/behavior_ext_plugins/lib:/home/tianbot/slash_ws/install/vesc_driver/lib:/home/tianbot/slash_ws/install/vesc_ackermann/lib:/home/tianbot/slash_ws/install/vesc_msgs/lib:/home/tianbot/slash_ws/install/teleop_tools_msgs/lib:/home/tianbot/slash_ws/install/teb_local_planner/lib:/home/tianbot/slash_ws/install/teb_msgs/lib:/home/tianbot/slash_ws/install/pointcloud_to_laserscan/lib:/home/tianbot/slash_ws/install/fast_lio/lib:/home/tianbot/slash_ws/install/linefit_ground_segmentation/lib:/home/tianbot/slash_ws/install/costmap_converter/lib:/home/tianbot/slash_ws/install/costmap_converter_msgs/lib:/opt/ros/humble/opt/zenoh_cpp_vendor/lib:/usr/lib/x86_64-linux-gnu/gazebo-11/plugins:/opt/ros/humble/opt/rviz_ogre_vendor/lib:/opt/ros/humble/lib/x86_64-linux-gnu:/opt/ros/humble/opt/openvdb_vendor/lib:/opt/ros/humble/lib /usr/bin/cmake --build /home/tianbot/slash_ws/build/fast_lio -- -j4 -l4
[3.748s] [35m[1mConsolidate compiler generated dependencies of target fast_lio__rosidl_generator_c[0m
[3.761s] [  2%] Built target fast_lio__cpp
[3.764s] [ 11%] Built target fast_lio__rosidl_generator_c
[3.774s] [ 11%] Built target ament_cmake_python_symlink_fast_lio
[3.779s] [35m[1mConsolidate compiler generated dependencies of target fast_lio__rosidl_typesupport_cpp[0m
[3.780s] [35m[1mConsolidate compiler generated dependencies of target fast_lio__rosidl_typesupport_fastrtps_cpp[0m
[3.791s] [35m[1mConsolidate compiler generated dependencies of target fast_lio__rosidl_typesupport_introspection_cpp[0m
[3.805s] [35m[1mConsolidate compiler generated dependencies of target fast_lio__rosidl_typesupport_fastrtps_c[0m
[3.810s] [ 20%] Built target fast_lio__rosidl_typesupport_cpp
[3.810s] [ 28%] Built target fast_lio__rosidl_typesupport_fastrtps_cpp
[3.820s] [ 37%] Built target fast_lio__rosidl_typesupport_introspection_cpp
[3.821s] [ 45%] Built target fast_lio__rosidl_typesupport_fastrtps_c
[3.827s] [35m[1mConsolidate compiler generated dependencies of target fast_lio__rosidl_typesupport_introspection_c[0m
[3.832s] [35m[1mConsolidate compiler generated dependencies of target fast_lio__rosidl_typesupport_c[0m
[3.848s] [35m[1mConsolidate compiler generated dependencies of target fastlio_mapping[0m
[3.848s] [ 54%] Built target fast_lio__rosidl_typesupport_introspection_c
[3.850s] [ 62%] Built target fast_lio__rosidl_typesupport_c
[3.887s] [ 62%] Built target fast_lio
[3.920s] [ 65%] Built target fast_lio__py
[3.939s] [35m[1mConsolidate compiler generated dependencies of target fast_lio__rosidl_generator_py[0m
[3.962s] [ 71%] Built target fast_lio__rosidl_generator_py
[3.979s] [35m[1mConsolidate compiler generated dependencies of target fast_lio__rosidl_typesupport_introspection_c__pyext[0m
[3.980s] [35m[1mConsolidate compiler generated dependencies of target fast_lio__rosidl_typesupport_fastrtps_c__pyext[0m
[4.011s] [ 74%] [32mBuilding CXX object CMakeFiles/fastlio_mapping.dir/src/laserMapping.cpp.o[0m
[4.014s] [ 80%] Built target fast_lio__rosidl_typesupport_introspection_c__pyext
[4.026s] [ 85%] Built target fast_lio__rosidl_typesupport_fastrtps_c__pyext
[4.034s] [35m[1mConsolidate compiler generated dependencies of target fast_lio__rosidl_typesupport_c__pyext[0m
[4.054s] [ 91%] Built target fast_lio__rosidl_typesupport_c__pyext
[4.266s] running egg_info
[4.266s] writing fast_lio.egg-info/PKG-INFO
[4.267s] writing dependency_links to fast_lio.egg-info/dependency_links.txt
[4.267s] writing top-level names to fast_lio.egg-info/top_level.txt
[4.270s] reading manifest file 'fast_lio.egg-info/SOURCES.txt'
[4.271s] writing manifest file 'fast_lio.egg-info/SOURCES.txt'
[4.309s] [ 91%] Built target ament_cmake_python_build_fast_lio_egg
[92.656s] [ 94%] [32m[1mLinking CXX executable fastlio_mapping[0m
[94.365s] [100%] Built target fastlio_mapping
[94.380s] Invoked command in '/home/tianbot/slash_ws/build/fast_lio' returned '0': CMAKE_PREFIX_PATH=/home/tianbot/slash_ws/install/livox_ros_driver2:/home/tianbot/tianracer_ros2_ws/install/vesc_ackermann:/home/tianbot/tianracer_ros2_ws/install/vesc_msgs:/home/tianbot/tianracer_ros2_ws/install/vector_pursuit_controller:/home/tianbot/tianracer_ros2_ws/install/tianracer_slam:/home/tianbot/tianracer_ros2_ws/install/tianracer_rviz:/home/tianbot/tianracer_ros2_ws/install/tianracer_navigation2:/home/tianbot/tianracer_ros2_ws/install/tianracer_navigation:/home/tianbot/tianracer_ros2_ws/install/tianracer_jetson:/home/tianbot/tianracer_ros2_ws/install/tianracer_description:/home/tianbot/tianracer_ros2_ws/install/tianracer_core:/home/tianbot/tianracer_ros2_ws/install/tianracer_competition:/home/tianbot/tianracer_ros2_ws/install/tianracer_bringup:/home/tianbot/tianracer_ros2_ws/install/twist_to_ackermann:/home/tianbot/tianracer_ros2_ws/install/tf2_web_republisher_py:/home/tianbot/tianracer_ros2_ws/install/joy_teleop:/home/tianbot/tianracer_ros2_ws/install/mouse_teleop:/home/tianbot/tianracer_ros2_ws/install/key_teleop:/home/tianbot/slash_ws/install/f1tenth_stack:/home/tianbot/slash_ws/install/joy_teleop:/home/tianbot/slash_ws/install/mouse_teleop:/home/tianbot/slash_ws/install/key_teleop:/opt/ros/humble:/home/tianbot/tianracer_ros2_ws/install/tianracer:/home/tianbot/tianracer_ros2_ws/install/tianbot_core:/home/tianbot/tianracer_ros2_ws/install/tf2_web_republisher:/home/tianbot/tianracer_ros2_ws/install/teleop_tools:/home/tianbot/tianracer_ros2_ws/install/teleop_tools_msgs:/home/tianbot/tianracer_ros2_ws/install/teb_local_planner:/home/tianbot/tianracer_ros2_ws/install/teb_msgs:/home/tianbot/tianracer_ros2_ws/install/slam_gmapping:/home/tianbot/tianracer_ros2_ws/install/openslam_gmapping:/home/tianbot/tianracer_ros2_ws/install/lakibeam1:/home/tianbot/tianracer_ros2_ws/install/costmap_intensity:/home/tianbot/tianracer_ros2_ws/install/costmap_converter:/home/tianbot/tianracer_ros2_ws/install/costmap_converter_msgs:/home/tianbot/tianracer_ros2_ws/install/behavior_ext_plugins:/home/tianbot/tianracer_ros2_ws/install/ackermann_mux:/home/tianbot/slash_ws/install/vesc:/home/tianbot/slash_ws/install/vesc_driver:/home/tianbot/slash_ws/install/vesc_ackermann:/home/tianbot/slash_ws/install/vesc_msgs:/home/tianbot/slash_ws/install/teleop_tools:/home/tianbot/slash_ws/install/teleop_tools_msgs:/home/tianbot/slash_ws/install/teb_local_planner:/home/tianbot/slash_ws/install/teb_msgs:/home/tianbot/slash_ws/install/slash_nav2:/home/tianbot/slash_ws/install/pointcloud_to_laserscan:/home/tianbot/slash_ws/install/pointcloud_filter:/home/tianbot/slash_ws/install/fast_lio:/home/tianbot/slash_ws/install/linefit_ground_segmentation_ros:/home/tianbot/slash_ws/install/linefit_ground_segmentation:/home/tianbot/slash_ws/install/dll:/home/tianbot/slash_ws/install/costmap_converter:/home/tianbot/slash_ws/install/costmap_converter_msgs:/home/tianbot/slash_ws/install/ackermann_mux LD_LIBRARY_PATH=/home/tianbot/slash_ws/install/livox_ros_driver2/lib:/home/tianbot/tianracer_ros2_ws/install/vesc_ackermann/lib:/home/tianbot/tianracer_ros2_ws/install/vesc_msgs/lib:/home/tianbot/tianracer_ros2_ws/install/vector_pursuit_controller/lib:/home/tianbot/tianracer_ros2_ws/install/tianbot_core/lib:/home/tianbot/tianracer_ros2_ws/install/tf2_web_republisher/lib:/home/tianbot/tianracer_ros2_ws/install/teleop_tools_msgs/lib:/home/tianbot/tianracer_ros2_ws/install/teb_local_planner/lib:/home/tianbot/tianracer_ros2_ws/install/teb_msgs/lib:/home/tianbot/tianracer_ros2_ws/install/openslam_gmapping/lib:/home/tianbot/tianracer_ros2_ws/install/costmap_intensity/lib:/home/tianbot/tianracer_ros2_ws/install/costmap_converter/lib:/home/tianbot/tianracer_ros2_ws/install/costmap_converter_msgs/lib:/home/tianbot/tianracer_ros2_ws/install/behavior_ext_plugins/lib:/home/tianbot/slash_ws/install/vesc_driver/lib:/home/tianbot/slash_ws/install/vesc_ackermann/lib:/home/tianbot/slash_ws/install/vesc_msgs/lib:/home/tianbot/slash_ws/install/teleop_tools_msgs/lib:/home/tianbot/slash_ws/install/teb_local_planner/lib:/home/tianbot/slash_ws/install/teb_msgs/lib:/home/tianbot/slash_ws/install/pointcloud_to_laserscan/lib:/home/tianbot/slash_ws/install/fast_lio/lib:/home/tianbot/slash_ws/install/linefit_ground_segmentation/lib:/home/tianbot/slash_ws/install/costmap_converter/lib:/home/tianbot/slash_ws/install/costmap_converter_msgs/lib:/opt/ros/humble/opt/zenoh_cpp_vendor/lib:/usr/lib/x86_64-linux-gnu/gazebo-11/plugins:/opt/ros/humble/opt/rviz_ogre_vendor/lib:/opt/ros/humble/lib/x86_64-linux-gnu:/opt/ros/humble/opt/openvdb_vendor/lib:/opt/ros/humble/lib /usr/bin/cmake --build /home/tianbot/slash_ws/build/fast_lio -- -j4 -l4
[94.394s] Invoking command in '/home/tianbot/slash_ws/build/fast_lio': CMAKE_PREFIX_PATH=/home/tianbot/slash_ws/install/livox_ros_driver2:/home/tianbot/tianracer_ros2_ws/install/vesc_ackermann:/home/tianbot/tianracer_ros2_ws/install/vesc_msgs:/home/tianbot/tianracer_ros2_ws/install/vector_pursuit_controller:/home/tianbot/tianracer_ros2_ws/install/tianracer_slam:/home/tianbot/tianracer_ros2_ws/install/tianracer_rviz:/home/tianbot/tianracer_ros2_ws/install/tianracer_navigation2:/home/tianbot/tianracer_ros2_ws/install/tianracer_navigation:/home/tianbot/tianracer_ros2_ws/install/tianracer_jetson:/home/tianbot/tianracer_ros2_ws/install/tianracer_description:/home/tianbot/tianracer_ros2_ws/install/tianracer_core:/home/tianbot/tianracer_ros2_ws/install/tianracer_competition:/home/tianbot/tianracer_ros2_ws/install/tianracer_bringup:/home/tianbot/tianracer_ros2_ws/install/twist_to_ackermann:/home/tianbot/tianracer_ros2_ws/install/tf2_web_republisher_py:/home/tianbot/tianracer_ros2_ws/install/joy_teleop:/home/tianbot/tianracer_ros2_ws/install/mouse_teleop:/home/tianbot/tianracer_ros2_ws/install/key_teleop:/home/tianbot/slash_ws/install/f1tenth_stack:/home/tianbot/slash_ws/install/joy_teleop:/home/tianbot/slash_ws/install/mouse_teleop:/home/tianbot/slash_ws/install/key_teleop:/opt/ros/humble:/home/tianbot/tianracer_ros2_ws/install/tianracer:/home/tianbot/tianracer_ros2_ws/install/tianbot_core:/home/tianbot/tianracer_ros2_ws/install/tf2_web_republisher:/home/tianbot/tianracer_ros2_ws/install/teleop_tools:/home/tianbot/tianracer_ros2_ws/install/teleop_tools_msgs:/home/tianbot/tianracer_ros2_ws/install/teb_local_planner:/home/tianbot/tianracer_ros2_ws/install/teb_msgs:/home/tianbot/tianracer_ros2_ws/install/slam_gmapping:/home/tianbot/tianracer_ros2_ws/install/openslam_gmapping:/home/tianbot/tianracer_ros2_ws/install/lakibeam1:/home/tianbot/tianracer_ros2_ws/install/costmap_intensity:/home/tianbot/tianracer_ros2_ws/install/costmap_converter:/home/tianbot/tianracer_ros2_ws/install/costmap_converter_msgs:/home/tianbot/tianracer_ros2_ws/install/behavior_ext_plugins:/home/tianbot/tianracer_ros2_ws/install/ackermann_mux:/home/tianbot/slash_ws/install/vesc:/home/tianbot/slash_ws/install/vesc_driver:/home/tianbot/slash_ws/install/vesc_ackermann:/home/tianbot/slash_ws/install/vesc_msgs:/home/tianbot/slash_ws/install/teleop_tools:/home/tianbot/slash_ws/install/teleop_tools_msgs:/home/tianbot/slash_ws/install/teb_local_planner:/home/tianbot/slash_ws/install/teb_msgs:/home/tianbot/slash_ws/install/slash_nav2:/home/tianbot/slash_ws/install/pointcloud_to_laserscan:/home/tianbot/slash_ws/install/pointcloud_filter:/home/tianbot/slash_ws/install/fast_lio:/home/tianbot/slash_ws/install/linefit_ground_segmentation_ros:/home/tianbot/slash_ws/install/linefit_ground_segmentation:/home/tianbot/slash_ws/install/dll:/home/tianbot/slash_ws/install/costmap_converter:/home/tianbot/slash_ws/install/costmap_converter_msgs:/home/tianbot/slash_ws/install/ackermann_mux LD_LIBRARY_PATH=/home/tianbot/slash_ws/install/livox_ros_driver2/lib:/home/tianbot/tianracer_ros2_ws/install/vesc_ackermann/lib:/home/tianbot/tianracer_ros2_ws/install/vesc_msgs/lib:/home/tianbot/tianracer_ros2_ws/install/vector_pursuit_controller/lib:/home/tianbot/tianracer_ros2_ws/install/tianbot_core/lib:/home/tianbot/tianracer_ros2_ws/install/tf2_web_republisher/lib:/home/tianbot/tianracer_ros2_ws/install/teleop_tools_msgs/lib:/home/tianbot/tianracer_ros2_ws/install/teb_local_planner/lib:/home/tianbot/tianracer_ros2_ws/install/teb_msgs/lib:/home/tianbot/tianracer_ros2_ws/install/openslam_gmapping/lib:/home/tianbot/tianracer_ros2_ws/install/costmap_intensity/lib:/home/tianbot/tianracer_ros2_ws/install/costmap_converter/lib:/home/tianbot/tianracer_ros2_ws/install/costmap_converter_msgs/lib:/home/tianbot/tianracer_ros2_ws/install/behavior_ext_plugins/lib:/home/tianbot/slash_ws/install/vesc_driver/lib:/home/tianbot/slash_ws/install/vesc_ackermann/lib:/home/tianbot/slash_ws/install/vesc_msgs/lib:/home/tianbot/slash_ws/install/teleop_tools_msgs/lib:/home/tianbot/slash_ws/install/teb_local_planner/lib:/home/tianbot/slash_ws/install/teb_msgs/lib:/home/tianbot/slash_ws/install/pointcloud_to_laserscan/lib:/home/tianbot/slash_ws/install/fast_lio/lib:/home/tianbot/slash_ws/install/linefit_ground_segmentation/lib:/home/tianbot/slash_ws/install/costmap_converter/lib:/home/tianbot/slash_ws/install/costmap_converter_msgs/lib:/opt/ros/humble/opt/zenoh_cpp_vendor/lib:/usr/lib/x86_64-linux-gnu/gazebo-11/plugins:/opt/ros/humble/opt/rviz_ogre_vendor/lib:/opt/ros/humble/lib/x86_64-linux-gnu:/opt/ros/humble/opt/openvdb_vendor/lib:/opt/ros/humble/lib /usr/bin/cmake --install /home/tianbot/slash_ws/build/fast_lio
[94.404s] -- Install configuration: "Release"
[94.405s] -- Execute custom install script
[94.405s] -- Up-to-date symlink: /home/tianbot/slash_ws/install/fast_lio/share/ament_index/resource_index/rosidl_interfaces/fast_lio
[94.406s] -- Up-to-date symlink: /home/tianbot/slash_ws/install/fast_lio/include/fast_lio/fast_lio/msg/detail/pose6_d__functions.h
[94.406s] -- Up-to-date symlink: /home/tianbot/slash_ws/install/fast_lio/include/fast_lio/fast_lio/msg/detail/pose6_d__struct.h
[94.406s] -- Up-to-date symlink: /home/tianbot/slash_ws/install/fast_lio/include/fast_lio/fast_lio/msg/detail/pose6_d__type_support.h
[94.406s] -- Up-to-date symlink: /home/tianbot/slash_ws/install/fast_lio/include/fast_lio/fast_lio/msg/pose6_d.h
[94.407s] -- Up-to-date symlink: /home/tianbot/slash_ws/install/fast_lio/include/fast_lio/fast_lio/msg/rosidl_generator_c__visibility_control.h
[94.407s] -- Up-to-date symlink: /home/tianbot/slash_ws/install/fast_lio/share/fast_lio/environment/library_path.sh
[94.407s] -- Up-to-date symlink: /home/tianbot/slash_ws/install/fast_lio/share/fast_lio/environment/library_path.dsv
[94.407s] -- Up-to-date symlink: /home/tianbot/slash_ws/install/fast_lio/include/fast_lio/fast_lio/msg/detail/pose6_d__rosidl_typesupport_fastrtps_c.h
[94.407s] -- Up-to-date symlink: /home/tianbot/slash_ws/install/fast_lio/include/fast_lio/fast_lio/msg/rosidl_typesupport_fastrtps_c__visibility_control.h
[94.408s] -- Up-to-date symlink: /home/tianbot/slash_ws/install/fast_lio/include/fast_lio/fast_lio/msg/detail/pose6_d__builder.hpp
[94.408s] -- Up-to-date symlink: /home/tianbot/slash_ws/install/fast_lio/include/fast_lio/fast_lio/msg/detail/pose6_d__struct.hpp
[94.408s] -- Up-to-date symlink: /home/tianbot/slash_ws/install/fast_lio/include/fast_lio/fast_lio/msg/detail/pose6_d__traits.hpp
[94.408s] -- Up-to-date symlink: /home/tianbot/slash_ws/install/fast_lio/include/fast_lio/fast_lio/msg/detail/pose6_d__type_support.hpp
[94.408s] -- Up-to-date symlink: /home/tianbot/slash_ws/install/fast_lio/include/fast_lio/fast_lio/msg/pose6_d.hpp
[94.410s] -- Up-to-date symlink: /home/tianbot/slash_ws/install/fast_lio/include/fast_lio/fast_lio/msg/rosidl_generator_cpp__visibility_control.hpp
[94.410s] -- Up-to-date symlink: /home/tianbot/slash_ws/install/fast_lio/include/fast_lio/fast_lio/msg/detail/pose6_d__rosidl_typesupport_fastrtps_cpp.hpp
[94.410s] -- Up-to-date symlink: /home/tianbot/slash_ws/install/fast_lio/include/fast_lio/fast_lio/msg/rosidl_typesupport_fastrtps_cpp__visibility_control.h
[94.410s] -- Up-to-date symlink: /home/tianbot/slash_ws/install/fast_lio/include/fast_lio/fast_lio/msg/detail/pose6_d__rosidl_typesupport_introspection_c.h
[94.410s] -- Up-to-date symlink: /home/tianbot/slash_ws/install/fast_lio/include/fast_lio/fast_lio/msg/rosidl_typesupport_introspection_c__visibility_control.h
[94.411s] -- Up-to-date symlink: /home/tianbot/slash_ws/install/fast_lio/include/fast_lio/fast_lio/msg/detail/pose6_d__rosidl_typesupport_introspection_cpp.hpp
[94.411s] -- Up-to-date symlink: /home/tianbot/slash_ws/install/fast_lio/share/fast_lio/environment/pythonpath.sh
[94.411s] -- Up-to-date symlink: /home/tianbot/slash_ws/install/fast_lio/share/fast_lio/environment/pythonpath.dsv
[94.411s] -- Up-to-date symlink: /home/tianbot/slash_ws/install/fast_lio/local/lib/python3.10/dist-packages/fast_lio-0.0.0-py3.10.egg-info/PKG-INFO
[94.411s] -- Up-to-date symlink: /home/tianbot/slash_ws/install/fast_lio/local/lib/python3.10/dist-packages/fast_lio-0.0.0-py3.10.egg-info/SOURCES.txt
[94.411s] -- Up-to-date symlink: /home/tianbot/slash_ws/install/fast_lio/local/lib/python3.10/dist-packages/fast_lio-0.0.0-py3.10.egg-info/dependency_links.txt
[94.411s] -- Up-to-date symlink: /home/tianbot/slash_ws/install/fast_lio/local/lib/python3.10/dist-packages/fast_lio-0.0.0-py3.10.egg-info/top_level.txt
[94.412s] -- Up-to-date symlink: /home/tianbot/slash_ws/install/fast_lio/local/lib/python3.10/dist-packages/fast_lio/__init__.py
[94.412s] -- Up-to-date symlink: /home/tianbot/slash_ws/install/fast_lio/local/lib/python3.10/dist-packages/fast_lio/_fast_lio_s.ep.rosidl_typesupport_c.c
[94.412s] -- Up-to-date symlink: /home/tianbot/slash_ws/install/fast_lio/local/lib/python3.10/dist-packages/fast_lio/_fast_lio_s.ep.rosidl_typesupport_fastrtps_c.c
[94.412s] -- Up-to-date symlink: /home/tianbot/slash_ws/install/fast_lio/local/lib/python3.10/dist-packages/fast_lio/_fast_lio_s.ep.rosidl_typesupport_introspection_c.c
[94.412s] -- Up-to-date symlink: /home/tianbot/slash_ws/install/fast_lio/local/lib/python3.10/dist-packages/fast_lio/fast_lio_s__rosidl_typesupport_c.cpython-310-x86_64-linux-gnu.so
[94.412s] -- Up-to-date symlink: /home/tianbot/slash_ws/install/fast_lio/local/lib/python3.10/dist-packages/fast_lio/fast_lio_s__rosidl_typesupport_fastrtps_c.cpython-310-x86_64-linux-gnu.so
[94.413s] -- Up-to-date symlink: /home/tianbot/slash_ws/install/fast_lio/local/lib/python3.10/dist-packages/fast_lio/fast_lio_s__rosidl_typesupport_introspection_c.cpython-310-x86_64-linux-gnu.so
[94.413s] -- Up-to-date symlink: /home/tianbot/slash_ws/install/fast_lio/local/lib/python3.10/dist-packages/fast_lio/libfast_lio__rosidl_generator_py.so
[94.413s] -- Up-to-date symlink: /home/tianbot/slash_ws/install/fast_lio/local/lib/python3.10/dist-packages/fast_lio/msg/__init__.py
[94.413s] -- Up-to-date symlink: /home/tianbot/slash_ws/install/fast_lio/local/lib/python3.10/dist-packages/fast_lio/msg/_pose6_d.py
[94.413s] -- Up-to-date symlink: /home/tianbot/slash_ws/install/fast_lio/local/lib/python3.10/dist-packages/fast_lio/msg/_pose6_d_s.c
[94.413s] -- Up-to-date symlink: /home/tianbot/slash_ws/install/fast_lio/local/lib/python3.10/dist-packages/fast_lio/fast_lio_s__rosidl_typesupport_fastrtps_c.cpython-310-x86_64-linux-gnu.so
[94.413s] -- Up-to-date symlink: /home/tianbot/slash_ws/install/fast_lio/local/lib/python3.10/dist-packages/fast_lio/fast_lio_s__rosidl_typesupport_introspection_c.cpython-310-x86_64-linux-gnu.so
[94.414s] -- Up-to-date symlink: /home/tianbot/slash_ws/install/fast_lio/local/lib/python3.10/dist-packages/fast_lio/fast_lio_s__rosidl_typesupport_c.cpython-310-x86_64-linux-gnu.so
[94.414s] -- Up-to-date symlink: /home/tianbot/slash_ws/install/fast_lio/share/fast_lio/msg/Pose6D.idl
[94.414s] -- Up-to-date symlink: /home/tianbot/slash_ws/install/fast_lio/share/fast_lio/msg/Pose6D.msg
[94.414s] -- Up-to-date symlink: /home/tianbot/slash_ws/install/fast_lio/lib/fast_lio/fastlio_mapping
[94.414s] -- Up-to-date symlink: /home/tianbot/slash_ws/install/fast_lio/share/fast_lio/config/avia.yaml
[94.414s] -- Up-to-date symlink: /home/tianbot/slash_ws/install/fast_lio/share/fast_lio/config/horizon.yaml
[94.415s] -- Up-to-date symlink: /home/tianbot/slash_ws/install/fast_lio/share/fast_lio/config/mid360.yaml
[94.415s] -- Up-to-date symlink: /home/tianbot/slash_ws/install/fast_lio/share/fast_lio/config/ouster64.yaml
[94.415s] -- Up-to-date symlink: /home/tianbot/slash_ws/install/fast_lio/share/fast_lio/config/velodyne.yaml
[94.415s] -- Up-to-date symlink: /home/tianbot/slash_ws/install/fast_lio/share/fast_lio/launch/gdb_debug_example.launch
[94.415s] -- Up-to-date symlink: /home/tianbot/slash_ws/install/fast_lio/share/fast_lio/launch/mapping.launch.py
[94.415s] -- Up-to-date symlink: /home/tianbot/slash_ws/install/fast_lio/share/fast_lio/rviz/fastlio.rviz
[94.416s] -- Up-to-date symlink: /home/tianbot/slash_ws/install/fast_lio/share/ament_index/resource_index/package_run_dependencies/fast_lio
[94.416s] -- Up-to-date symlink: /home/tianbot/slash_ws/install/fast_lio/share/ament_index/resource_index/parent_prefix_path/fast_lio
[94.416s] -- Up-to-date symlink: /home/tianbot/slash_ws/install/fast_lio/share/fast_lio/environment/ament_prefix_path.sh
[94.416s] -- Up-to-date symlink: /home/tianbot/slash_ws/install/fast_lio/share/fast_lio/environment/ament_prefix_path.dsv
[94.416s] -- Up-to-date symlink: /home/tianbot/slash_ws/install/fast_lio/share/fast_lio/environment/path.sh
[94.416s] -- Up-to-date symlink: /home/tianbot/slash_ws/install/fast_lio/share/fast_lio/environment/path.dsv
[94.417s] -- Up-to-date symlink: /home/tianbot/slash_ws/install/fast_lio/share/fast_lio/local_setup.bash
[94.417s] -- Up-to-date symlink: /home/tianbot/slash_ws/install/fast_lio/share/fast_lio/local_setup.sh
[94.417s] -- Up-to-date symlink: /home/tianbot/slash_ws/install/fast_lio/share/fast_lio/local_setup.zsh
[94.417s] -- Up-to-date symlink: /home/tianbot/slash_ws/install/fast_lio/share/fast_lio/local_setup.dsv
[94.417s] -- Symlinking: /home/tianbot/slash_ws/install/fast_lio/share/fast_lio/package.dsv
[94.429s] -- Up-to-date symlink: /home/tianbot/slash_ws/install/fast_lio/share/ament_index/resource_index/packages/fast_lio
[94.430s] -- Up-to-date symlink: /home/tianbot/slash_ws/install/fast_lio/share/fast_lio/cmake/rosidl_cmake-extras.cmake
[94.430s] -- Up-to-date symlink: /home/tianbot/slash_ws/install/fast_lio/share/fast_lio/cmake/ament_cmake_export_include_directories-extras.cmake
[94.430s] -- Up-to-date symlink: /home/tianbot/slash_ws/install/fast_lio/share/fast_lio/cmake/ament_cmake_export_libraries-extras.cmake
[94.430s] -- Up-to-date symlink: /home/tianbot/slash_ws/install/fast_lio/share/fast_lio/cmake/ament_cmake_export_targets-extras.cmake
[94.431s] -- Up-to-date symlink: /home/tianbot/slash_ws/install/fast_lio/share/fast_lio/cmake/rosidl_cmake_export_typesupport_targets-extras.cmake
[94.431s] -- Up-to-date symlink: /home/tianbot/slash_ws/install/fast_lio/share/fast_lio/cmake/ament_cmake_export_dependencies-extras.cmake
[94.431s] -- Up-to-date symlink: /home/tianbot/slash_ws/install/fast_lio/share/fast_lio/cmake/rosidl_cmake_export_typesupport_libraries-extras.cmake
[94.431s] -- Up-to-date symlink: /home/tianbot/slash_ws/install/fast_lio/share/fast_lio/cmake/fast_lioConfig.cmake
[94.431s] -- Up-to-date symlink: /home/tianbot/slash_ws/install/fast_lio/share/fast_lio/cmake/fast_lioConfig-version.cmake
[94.431s] -- Up-to-date symlink: /home/tianbot/slash_ws/install/fast_lio/share/fast_lio/package.xml
[94.432s] -- Up-to-date: /home/tianbot/slash_ws/install/fast_lio/lib/libfast_lio__rosidl_generator_c.so
[94.433s] -- Up-to-date: /home/tianbot/slash_ws/install/fast_lio/lib/libfast_lio__rosidl_typesupport_fastrtps_c.so
[94.434s] -- Up-to-date: /home/tianbot/slash_ws/install/fast_lio/lib/libfast_lio__rosidl_typesupport_fastrtps_cpp.so
[94.435s] -- Up-to-date: /home/tianbot/slash_ws/install/fast_lio/lib/libfast_lio__rosidl_typesupport_introspection_c.so
[94.436s] -- Up-to-date: /home/tianbot/slash_ws/install/fast_lio/lib/libfast_lio__rosidl_typesupport_c.so
[94.436s] -- Up-to-date: /home/tianbot/slash_ws/install/fast_lio/lib/libfast_lio__rosidl_typesupport_introspection_cpp.so
[94.437s] -- Up-to-date: /home/tianbot/slash_ws/install/fast_lio/lib/libfast_lio__rosidl_typesupport_cpp.so
[94.497s] Listing '/home/tianbot/slash_ws/install/fast_lio/local/lib/python3.10/dist-packages/fast_lio'...
[94.497s] Compiling '/home/tianbot/slash_ws/install/fast_lio/local/lib/python3.10/dist-packages/fast_lio/__init__.py'...
[94.497s] Listing '/home/tianbot/slash_ws/install/fast_lio/local/lib/python3.10/dist-packages/fast_lio/msg'...
[94.503s] -- Up-to-date: /home/tianbot/slash_ws/install/fast_lio/lib/libfast_lio__rosidl_generator_py.so
[94.504s] -- Up-to-date: /home/tianbot/slash_ws/install/fast_lio/share/fast_lio/cmake/export_fast_lio__rosidl_generator_cExport.cmake
[94.504s] -- Up-to-date: /home/tianbot/slash_ws/install/fast_lio/share/fast_lio/cmake/export_fast_lio__rosidl_generator_cExport-release.cmake
[94.504s] -- Up-to-date: /home/tianbot/slash_ws/install/fast_lio/share/fast_lio/cmake/export_fast_lio__rosidl_typesupport_fastrtps_cExport.cmake
[94.504s] -- Up-to-date: /home/tianbot/slash_ws/install/fast_lio/share/fast_lio/cmake/export_fast_lio__rosidl_typesupport_fastrtps_cExport-release.cmake
[94.504s] -- Up-to-date: /home/tianbot/slash_ws/install/fast_lio/share/fast_lio/cmake/export_fast_lio__rosidl_generator_cppExport.cmake
[94.505s] -- Up-to-date: /home/tianbot/slash_ws/install/fast_lio/share/fast_lio/cmake/export_fast_lio__rosidl_typesupport_fastrtps_cppExport.cmake
[94.505s] -- Up-to-date: /home/tianbot/slash_ws/install/fast_lio/share/fast_lio/cmake/export_fast_lio__rosidl_typesupport_fastrtps_cppExport-release.cmake
[94.506s] -- Up-to-date: /home/tianbot/slash_ws/install/fast_lio/share/fast_lio/cmake/fast_lio__rosidl_typesupport_introspection_cExport.cmake
[94.506s] -- Up-to-date: /home/tianbot/slash_ws/install/fast_lio/share/fast_lio/cmake/fast_lio__rosidl_typesupport_introspection_cExport-release.cmake
[94.506s] -- Up-to-date: /home/tianbot/slash_ws/install/fast_lio/share/fast_lio/cmake/fast_lio__rosidl_typesupport_cExport.cmake
[94.506s] -- Up-to-date: /home/tianbot/slash_ws/install/fast_lio/share/fast_lio/cmake/fast_lio__rosidl_typesupport_cExport-release.cmake
[94.507s] -- Up-to-date: /home/tianbot/slash_ws/install/fast_lio/share/fast_lio/cmake/fast_lio__rosidl_typesupport_introspection_cppExport.cmake
[94.507s] -- Up-to-date: /home/tianbot/slash_ws/install/fast_lio/share/fast_lio/cmake/fast_lio__rosidl_typesupport_introspection_cppExport-release.cmake
[94.507s] -- Up-to-date: /home/tianbot/slash_ws/install/fast_lio/share/fast_lio/cmake/fast_lio__rosidl_typesupport_cppExport.cmake
[94.508s] -- Up-to-date: /home/tianbot/slash_ws/install/fast_lio/share/fast_lio/cmake/fast_lio__rosidl_typesupport_cppExport-release.cmake
[94.508s] -- Up-to-date: /home/tianbot/slash_ws/install/fast_lio/share/fast_lio/cmake/export_fast_lio__rosidl_generator_pyExport.cmake
[94.508s] -- Up-to-date: /home/tianbot/slash_ws/install/fast_lio/share/fast_lio/cmake/export_fast_lio__rosidl_generator_pyExport-release.cmake
[94.511s] Invoked command in '/home/tianbot/slash_ws/build/fast_lio' returned '0': CMAKE_PREFIX_PATH=/home/tianbot/slash_ws/install/livox_ros_driver2:/home/tianbot/tianracer_ros2_ws/install/vesc_ackermann:/home/tianbot/tianracer_ros2_ws/install/vesc_msgs:/home/tianbot/tianracer_ros2_ws/install/vector_pursuit_controller:/home/tianbot/tianracer_ros2_ws/install/tianracer_slam:/home/tianbot/tianracer_ros2_ws/install/tianracer_rviz:/home/tianbot/tianracer_ros2_ws/install/tianracer_navigation2:/home/tianbot/tianracer_ros2_ws/install/tianracer_navigation:/home/tianbot/tianracer_ros2_ws/install/tianracer_jetson:/home/tianbot/tianracer_ros2_ws/install/tianracer_description:/home/tianbot/tianracer_ros2_ws/install/tianracer_core:/home/tianbot/tianracer_ros2_ws/install/tianracer_competition:/home/tianbot/tianracer_ros2_ws/install/tianracer_bringup:/home/tianbot/tianracer_ros2_ws/install/twist_to_ackermann:/home/tianbot/tianracer_ros2_ws/install/tf2_web_republisher_py:/home/tianbot/tianracer_ros2_ws/install/joy_teleop:/home/tianbot/tianracer_ros2_ws/install/mouse_teleop:/home/tianbot/tianracer_ros2_ws/install/key_teleop:/home/tianbot/slash_ws/install/f1tenth_stack:/home/tianbot/slash_ws/install/joy_teleop:/home/tianbot/slash_ws/install/mouse_teleop:/home/tianbot/slash_ws/install/key_teleop:/opt/ros/humble:/home/tianbot/tianracer_ros2_ws/install/tianracer:/home/tianbot/tianracer_ros2_ws/install/tianbot_core:/home/tianbot/tianracer_ros2_ws/install/tf2_web_republisher:/home/tianbot/tianracer_ros2_ws/install/teleop_tools:/home/tianbot/tianracer_ros2_ws/install/teleop_tools_msgs:/home/tianbot/tianracer_ros2_ws/install/teb_local_planner:/home/tianbot/tianracer_ros2_ws/install/teb_msgs:/home/tianbot/tianracer_ros2_ws/install/slam_gmapping:/home/tianbot/tianracer_ros2_ws/install/openslam_gmapping:/home/tianbot/tianracer_ros2_ws/install/lakibeam1:/home/tianbot/tianracer_ros2_ws/install/costmap_intensity:/home/tianbot/tianracer_ros2_ws/install/costmap_converter:/home/tianbot/tianracer_ros2_ws/install/costmap_converter_msgs:/home/tianbot/tianracer_ros2_ws/install/behavior_ext_plugins:/home/tianbot/tianracer_ros2_ws/install/ackermann_mux:/home/tianbot/slash_ws/install/vesc:/home/tianbot/slash_ws/install/vesc_driver:/home/tianbot/slash_ws/install/vesc_ackermann:/home/tianbot/slash_ws/install/vesc_msgs:/home/tianbot/slash_ws/install/teleop_tools:/home/tianbot/slash_ws/install/teleop_tools_msgs:/home/tianbot/slash_ws/install/teb_local_planner:/home/tianbot/slash_ws/install/teb_msgs:/home/tianbot/slash_ws/install/slash_nav2:/home/tianbot/slash_ws/install/pointcloud_to_laserscan:/home/tianbot/slash_ws/install/pointcloud_filter:/home/tianbot/slash_ws/install/fast_lio:/home/tianbot/slash_ws/install/linefit_ground_segmentation_ros:/home/tianbot/slash_ws/install/linefit_ground_segmentation:/home/tianbot/slash_ws/install/dll:/home/tianbot/slash_ws/install/costmap_converter:/home/tianbot/slash_ws/install/costmap_converter_msgs:/home/tianbot/slash_ws/install/ackermann_mux LD_LIBRARY_PATH=/home/tianbot/slash_ws/install/livox_ros_driver2/lib:/home/tianbot/tianracer_ros2_ws/install/vesc_ackermann/lib:/home/tianbot/tianracer_ros2_ws/install/vesc_msgs/lib:/home/tianbot/tianracer_ros2_ws/install/vector_pursuit_controller/lib:/home/tianbot/tianracer_ros2_ws/install/tianbot_core/lib:/home/tianbot/tianracer_ros2_ws/install/tf2_web_republisher/lib:/home/tianbot/tianracer_ros2_ws/install/teleop_tools_msgs/lib:/home/tianbot/tianracer_ros2_ws/install/teb_local_planner/lib:/home/tianbot/tianracer_ros2_ws/install/teb_msgs/lib:/home/tianbot/tianracer_ros2_ws/install/openslam_gmapping/lib:/home/tianbot/tianracer_ros2_ws/install/costmap_intensity/lib:/home/tianbot/tianracer_ros2_ws/install/costmap_converter/lib:/home/tianbot/tianracer_ros2_ws/install/costmap_converter_msgs/lib:/home/tianbot/tianracer_ros2_ws/install/behavior_ext_plugins/lib:/home/tianbot/slash_ws/install/vesc_driver/lib:/home/tianbot/slash_ws/install/vesc_ackermann/lib:/home/tianbot/slash_ws/install/vesc_msgs/lib:/home/tianbot/slash_ws/install/teleop_tools_msgs/lib:/home/tianbot/slash_ws/install/teb_local_planner/lib:/home/tianbot/slash_ws/install/teb_msgs/lib:/home/tianbot/slash_ws/install/pointcloud_to_laserscan/lib:/home/tianbot/slash_ws/install/fast_lio/lib:/home/tianbot/slash_ws/install/linefit_ground_segmentation/lib:/home/tianbot/slash_ws/install/costmap_converter/lib:/home/tianbot/slash_ws/install/costmap_converter_msgs/lib:/opt/ros/humble/opt/zenoh_cpp_vendor/lib:/usr/lib/x86_64-linux-gnu/gazebo-11/plugins:/opt/ros/humble/opt/rviz_ogre_vendor/lib:/opt/ros/humble/lib/x86_64-linux-gnu:/opt/ros/humble/opt/openvdb_vendor/lib:/opt/ros/humble/lib /usr/bin/cmake --install /home/tianbot/slash_ws/build/fast_lio
