[0.000000] (-) TimerEvent: {}
[0.000357] (-) JobUnselected: {'identifier': 'ackermann_mux'}
[0.000434] (-) JobUnselected: {'identifier': 'costmap_converter'}
[0.000466] (-) JobUnselected: {'identifier': 'costmap_converter_msgs'}
[0.000495] (-) JobUnselected: {'identifier': 'dll'}
[0.000585] (-) JobUnselected: {'identifier': 'f1tenth_stack'}
[0.000675] (-) JobUnselected: {'identifier': 'fast_lio'}
[0.000759] (-) JobUnselected: {'identifier': 'joy_teleop'}
[0.000798] (-) JobUnselected: {'identifier': 'key_teleop'}
[0.000821] (-) JobUnselected: {'identifier': 'linefit_ground_segmentation'}
[0.000843] (-) JobUnselected: {'identifier': 'linefit_ground_segmentation_ros'}
[0.000865] (-) JobUnselected: {'identifier': 'livox_ros_driver2'}
[0.000886] (-) JobUnselected: {'identifier': 'mouse_teleop'}
[0.000908] (-) JobUnselected: {'identifier': 'pointcloud_filter'}
[0.000929] (-) JobUnselected: {'identifier': 'pointcloud_to_laserscan'}
[0.000949] (-) JobUnselected: {'identifier': 'slash_nav2'}
[0.000970] (-) JobUnselected: {'identifier': 'teb_local_planner'}
[0.000991] (-) JobUnselected: {'identifier': 'teb_msgs'}
[0.001012] (-) JobUnselected: {'identifier': 'teleop_tools'}
[0.001033] (-) JobUnselected: {'identifier': 'teleop_tools_msgs'}
[0.001055] (-) JobUnselected: {'identifier': 'vesc'}
[0.001082] (-) JobUnselected: {'identifier': 'vesc_ackermann'}
[0.001105] (-) JobUnselected: {'identifier': 'vesc_driver'}
[0.001126] (-) JobUnselected: {'identifier': 'vesc_msgs'}
[0.001148] (-) EventReactorShutdown: {}
