[0.024s] Invoking command in '/home/tianbot/slash_ws/build/grid_map_core': AMENT_PREFIX_PATH=/home/tianbot/slash_ws/install/grid_map_cmake_helpers:${AMENT_PREFIX_PATH} CMAKE_PREFIX_PATH=/home/tianbot/slash_ws/install/grid_map_cmake_helpers:/home/tianbot/tianracer_ros2_ws/install/vesc_ackermann:/home/tianbot/tianracer_ros2_ws/install/vesc_msgs:/home/tianbot/tianracer_ros2_ws/install/vector_pursuit_controller:/home/tianbot/tianracer_ros2_ws/install/tianracer_slam:/home/tianbot/tianracer_ros2_ws/install/tianracer_rviz:/home/tianbot/tianracer_ros2_ws/install/tianracer_navigation2:/home/tianbot/tianracer_ros2_ws/install/tianracer_navigation:/home/tianbot/tianracer_ros2_ws/install/tianracer_jetson:/home/tianbot/tianracer_ros2_ws/install/tianracer_description:/home/tianbot/tianracer_ros2_ws/install/tianracer_core:/home/tianbot/tianracer_ros2_ws/install/tianracer_competition:/home/tianbot/tianracer_ros2_ws/install/tianracer_bringup:/home/tianbot/tianracer_ros2_ws/install/twist_to_ackermann:/home/tianbot/tianracer_ros2_ws/install/tf2_web_republisher_py:/home/tianbot/tianracer_ros2_ws/install/joy_teleop:/home/tianbot/tianracer_ros2_ws/install/mouse_teleop:/home/tianbot/tianracer_ros2_ws/install/key_teleop:/home/tianbot/slash_ws/install/f1tenth_stack:/home/tianbot/slash_ws/install/joy_teleop:/home/tianbot/slash_ws/install/mouse_teleop:/home/tianbot/slash_ws/install/key_teleop:/opt/ros/humble:/home/tianbot/tianracer_ros2_ws/install/tianracer:/home/tianbot/tianracer_ros2_ws/install/tianbot_core:/home/tianbot/tianracer_ros2_ws/install/tf2_web_republisher:/home/tianbot/tianracer_ros2_ws/install/teleop_tools:/home/tianbot/tianracer_ros2_ws/install/teleop_tools_msgs:/home/tianbot/tianracer_ros2_ws/install/teb_local_planner:/home/tianbot/tianracer_ros2_ws/install/teb_msgs:/home/tianbot/tianracer_ros2_ws/install/slam_gmapping:/home/tianbot/tianracer_ros2_ws/install/openslam_gmapping:/home/tianbot/tianracer_ros2_ws/install/lakibeam1:/home/tianbot/tianracer_ros2_ws/install/costmap_intensity:/home/tianbot/tianracer_ros2_ws/install/costmap_converter:/home/tianbot/tianracer_ros2_ws/install/costmap_converter_msgs:/home/tianbot/tianracer_ros2_ws/install/behavior_ext_plugins:/home/tianbot/tianracer_ros2_ws/install/ackermann_mux:/home/tianbot/slash_ws/install/vesc:/home/tianbot/slash_ws/install/vesc_driver:/home/tianbot/slash_ws/install/vesc_ackermann:/home/tianbot/slash_ws/install/vesc_msgs:/home/tianbot/slash_ws/install/teleop_tools:/home/tianbot/slash_ws/install/teleop_tools_msgs:/home/tianbot/slash_ws/install/teb_local_planner:/home/tianbot/slash_ws/install/teb_msgs:/home/tianbot/slash_ws/install/slash_nav2:/home/tianbot/slash_ws/install/pointcloud_to_laserscan:/home/tianbot/slash_ws/install/pointcloud_filter:/home/tianbot/slash_ws/install/fast_lio:/home/tianbot/slash_ws/install/livox_ros_driver2:/home/tianbot/slash_ws/install/linefit_ground_segmentation_ros:/home/tianbot/slash_ws/install/linefit_ground_segmentation:/home/tianbot/slash_ws/install/icp_localization:/home/tianbot/slash_ws/install/dll:/home/tianbot/slash_ws/install/costmap_converter:/home/tianbot/slash_ws/install/costmap_converter_msgs:/home/tianbot/slash_ws/install/ackermann_mux /usr/bin/cmake --build /home/tianbot/slash_ws/build/grid_map_core -- -j4 -l4
[0.119s] [  5%] Built target gtest
[0.131s] [ 11%] Built target gtest_main
[0.152s] [ 54%] Built target grid_map_core
[0.252s] [100%] Built target grid_map_core-test
[0.268s] Invoked command in '/home/tianbot/slash_ws/build/grid_map_core' returned '0': AMENT_PREFIX_PATH=/home/tianbot/slash_ws/install/grid_map_cmake_helpers:${AMENT_PREFIX_PATH} CMAKE_PREFIX_PATH=/home/tianbot/slash_ws/install/grid_map_cmake_helpers:/home/tianbot/tianracer_ros2_ws/install/vesc_ackermann:/home/tianbot/tianracer_ros2_ws/install/vesc_msgs:/home/tianbot/tianracer_ros2_ws/install/vector_pursuit_controller:/home/tianbot/tianracer_ros2_ws/install/tianracer_slam:/home/tianbot/tianracer_ros2_ws/install/tianracer_rviz:/home/tianbot/tianracer_ros2_ws/install/tianracer_navigation2:/home/tianbot/tianracer_ros2_ws/install/tianracer_navigation:/home/tianbot/tianracer_ros2_ws/install/tianracer_jetson:/home/tianbot/tianracer_ros2_ws/install/tianracer_description:/home/tianbot/tianracer_ros2_ws/install/tianracer_core:/home/tianbot/tianracer_ros2_ws/install/tianracer_competition:/home/tianbot/tianracer_ros2_ws/install/tianracer_bringup:/home/tianbot/tianracer_ros2_ws/install/twist_to_ackermann:/home/tianbot/tianracer_ros2_ws/install/tf2_web_republisher_py:/home/tianbot/tianracer_ros2_ws/install/joy_teleop:/home/tianbot/tianracer_ros2_ws/install/mouse_teleop:/home/tianbot/tianracer_ros2_ws/install/key_teleop:/home/tianbot/slash_ws/install/f1tenth_stack:/home/tianbot/slash_ws/install/joy_teleop:/home/tianbot/slash_ws/install/mouse_teleop:/home/tianbot/slash_ws/install/key_teleop:/opt/ros/humble:/home/tianbot/tianracer_ros2_ws/install/tianracer:/home/tianbot/tianracer_ros2_ws/install/tianbot_core:/home/tianbot/tianracer_ros2_ws/install/tf2_web_republisher:/home/tianbot/tianracer_ros2_ws/install/teleop_tools:/home/tianbot/tianracer_ros2_ws/install/teleop_tools_msgs:/home/tianbot/tianracer_ros2_ws/install/teb_local_planner:/home/tianbot/tianracer_ros2_ws/install/teb_msgs:/home/tianbot/tianracer_ros2_ws/install/slam_gmapping:/home/tianbot/tianracer_ros2_ws/install/openslam_gmapping:/home/tianbot/tianracer_ros2_ws/install/lakibeam1:/home/tianbot/tianracer_ros2_ws/install/costmap_intensity:/home/tianbot/tianracer_ros2_ws/install/costmap_converter:/home/tianbot/tianracer_ros2_ws/install/costmap_converter_msgs:/home/tianbot/tianracer_ros2_ws/install/behavior_ext_plugins:/home/tianbot/tianracer_ros2_ws/install/ackermann_mux:/home/tianbot/slash_ws/install/vesc:/home/tianbot/slash_ws/install/vesc_driver:/home/tianbot/slash_ws/install/vesc_ackermann:/home/tianbot/slash_ws/install/vesc_msgs:/home/tianbot/slash_ws/install/teleop_tools:/home/tianbot/slash_ws/install/teleop_tools_msgs:/home/tianbot/slash_ws/install/teb_local_planner:/home/tianbot/slash_ws/install/teb_msgs:/home/tianbot/slash_ws/install/slash_nav2:/home/tianbot/slash_ws/install/pointcloud_to_laserscan:/home/tianbot/slash_ws/install/pointcloud_filter:/home/tianbot/slash_ws/install/fast_lio:/home/tianbot/slash_ws/install/livox_ros_driver2:/home/tianbot/slash_ws/install/linefit_ground_segmentation_ros:/home/tianbot/slash_ws/install/linefit_ground_segmentation:/home/tianbot/slash_ws/install/icp_localization:/home/tianbot/slash_ws/install/dll:/home/tianbot/slash_ws/install/costmap_converter:/home/tianbot/slash_ws/install/costmap_converter_msgs:/home/tianbot/slash_ws/install/ackermann_mux /usr/bin/cmake --build /home/tianbot/slash_ws/build/grid_map_core -- -j4 -l4
[0.274s] Invoking command in '/home/tianbot/slash_ws/build/grid_map_core': AMENT_PREFIX_PATH=/home/tianbot/slash_ws/install/grid_map_cmake_helpers:${AMENT_PREFIX_PATH} CMAKE_PREFIX_PATH=/home/tianbot/slash_ws/install/grid_map_cmake_helpers:/home/tianbot/tianracer_ros2_ws/install/vesc_ackermann:/home/tianbot/tianracer_ros2_ws/install/vesc_msgs:/home/tianbot/tianracer_ros2_ws/install/vector_pursuit_controller:/home/tianbot/tianracer_ros2_ws/install/tianracer_slam:/home/tianbot/tianracer_ros2_ws/install/tianracer_rviz:/home/tianbot/tianracer_ros2_ws/install/tianracer_navigation2:/home/tianbot/tianracer_ros2_ws/install/tianracer_navigation:/home/tianbot/tianracer_ros2_ws/install/tianracer_jetson:/home/tianbot/tianracer_ros2_ws/install/tianracer_description:/home/tianbot/tianracer_ros2_ws/install/tianracer_core:/home/tianbot/tianracer_ros2_ws/install/tianracer_competition:/home/tianbot/tianracer_ros2_ws/install/tianracer_bringup:/home/tianbot/tianracer_ros2_ws/install/twist_to_ackermann:/home/tianbot/tianracer_ros2_ws/install/tf2_web_republisher_py:/home/tianbot/tianracer_ros2_ws/install/joy_teleop:/home/tianbot/tianracer_ros2_ws/install/mouse_teleop:/home/tianbot/tianracer_ros2_ws/install/key_teleop:/home/tianbot/slash_ws/install/f1tenth_stack:/home/tianbot/slash_ws/install/joy_teleop:/home/tianbot/slash_ws/install/mouse_teleop:/home/tianbot/slash_ws/install/key_teleop:/opt/ros/humble:/home/tianbot/tianracer_ros2_ws/install/tianracer:/home/tianbot/tianracer_ros2_ws/install/tianbot_core:/home/tianbot/tianracer_ros2_ws/install/tf2_web_republisher:/home/tianbot/tianracer_ros2_ws/install/teleop_tools:/home/tianbot/tianracer_ros2_ws/install/teleop_tools_msgs:/home/tianbot/tianracer_ros2_ws/install/teb_local_planner:/home/tianbot/tianracer_ros2_ws/install/teb_msgs:/home/tianbot/tianracer_ros2_ws/install/slam_gmapping:/home/tianbot/tianracer_ros2_ws/install/openslam_gmapping:/home/tianbot/tianracer_ros2_ws/install/lakibeam1:/home/tianbot/tianracer_ros2_ws/install/costmap_intensity:/home/tianbot/tianracer_ros2_ws/install/costmap_converter:/home/tianbot/tianracer_ros2_ws/install/costmap_converter_msgs:/home/tianbot/tianracer_ros2_ws/install/behavior_ext_plugins:/home/tianbot/tianracer_ros2_ws/install/ackermann_mux:/home/tianbot/slash_ws/install/vesc:/home/tianbot/slash_ws/install/vesc_driver:/home/tianbot/slash_ws/install/vesc_ackermann:/home/tianbot/slash_ws/install/vesc_msgs:/home/tianbot/slash_ws/install/teleop_tools:/home/tianbot/slash_ws/install/teleop_tools_msgs:/home/tianbot/slash_ws/install/teb_local_planner:/home/tianbot/slash_ws/install/teb_msgs:/home/tianbot/slash_ws/install/slash_nav2:/home/tianbot/slash_ws/install/pointcloud_to_laserscan:/home/tianbot/slash_ws/install/pointcloud_filter:/home/tianbot/slash_ws/install/fast_lio:/home/tianbot/slash_ws/install/livox_ros_driver2:/home/tianbot/slash_ws/install/linefit_ground_segmentation_ros:/home/tianbot/slash_ws/install/linefit_ground_segmentation:/home/tianbot/slash_ws/install/icp_localization:/home/tianbot/slash_ws/install/dll:/home/tianbot/slash_ws/install/costmap_converter:/home/tianbot/slash_ws/install/costmap_converter_msgs:/home/tianbot/slash_ws/install/ackermann_mux /usr/bin/cmake --install /home/tianbot/slash_ws/build/grid_map_core
[0.286s] -- Install configuration: "Release"
[0.286s] -- Execute custom install script
[0.287s] -- Up-to-date symlink: /home/tianbot/slash_ws/install/grid_map_core/lib/libgrid_map_core.a
[0.288s] -- Up-to-date symlink: /home/tianbot/slash_ws/install/grid_map_core/share/grid_map_core/doc/grid_map_conventions.pdf
[0.289s] -- Up-to-date symlink: /home/tianbot/slash_ws/install/grid_map_core/share/grid_map_core/doc/grid_map_conventions.png
[0.290s] -- Up-to-date symlink: /home/tianbot/slash_ws/install/grid_map_core/share/grid_map_core/doc/grid_map_layers.pdf
[0.290s] -- Up-to-date symlink: /home/tianbot/slash_ws/install/grid_map_core/share/grid_map_core/doc/grid_map_layers.png
[0.290s] -- Up-to-date symlink: /home/tianbot/slash_ws/install/grid_map_core/share/grid_map_core/doc/interpolationGaussWorld.gif
[0.290s] -- Up-to-date symlink: /home/tianbot/slash_ws/install/grid_map_core/share/grid_map_core/doc/interpolationSineWorld.gif
[0.290s] -- Up-to-date symlink: /home/tianbot/slash_ws/install/grid_map_core/share/grid_map_core/doc/iterators/circle_iterator.gif
[0.292s] -- Up-to-date symlink: /home/tianbot/slash_ws/install/grid_map_core/share/grid_map_core/doc/iterators/circle_iterator_preview.gif
[0.293s] -- Up-to-date symlink: /home/tianbot/slash_ws/install/grid_map_core/share/grid_map_core/doc/iterators/ellipse_iterator.gif
[0.293s] -- Up-to-date symlink: /home/tianbot/slash_ws/install/grid_map_core/share/grid_map_core/doc/iterators/ellipse_iterator_preview.gif
[0.293s] -- Up-to-date symlink: /home/tianbot/slash_ws/install/grid_map_core/share/grid_map_core/doc/iterators/grid_map_iterator.gif
[0.293s] -- Up-to-date symlink: /home/tianbot/slash_ws/install/grid_map_core/share/grid_map_core/doc/iterators/grid_map_iterator_preview.gif
[0.293s] -- Up-to-date symlink: /home/tianbot/slash_ws/install/grid_map_core/share/grid_map_core/doc/iterators/line_iterator.gif
[0.293s] -- Up-to-date symlink: /home/tianbot/slash_ws/install/grid_map_core/share/grid_map_core/doc/iterators/line_iterator_preview.gif
[0.293s] -- Up-to-date symlink: /home/tianbot/slash_ws/install/grid_map_core/share/grid_map_core/doc/iterators/polygon_iterator.gif
[0.293s] -- Up-to-date symlink: /home/tianbot/slash_ws/install/grid_map_core/share/grid_map_core/doc/iterators/polygon_iterator_preview.gif
[0.294s] -- Up-to-date symlink: /home/tianbot/slash_ws/install/grid_map_core/share/grid_map_core/doc/iterators/spiral_iterator.gif
[0.294s] -- Up-to-date symlink: /home/tianbot/slash_ws/install/grid_map_core/share/grid_map_core/doc/iterators/spiral_iterator_preview.gif
[0.295s] -- Up-to-date symlink: /home/tianbot/slash_ws/install/grid_map_core/share/grid_map_core/doc/iterators/submap_iterator.gif
[0.295s] -- Up-to-date symlink: /home/tianbot/slash_ws/install/grid_map_core/share/grid_map_core/doc/iterators/submap_iterator_preview.gif
[0.296s] -- Up-to-date symlink: /home/tianbot/slash_ws/install/grid_map_core/share/grid_map_core/doc/move_method.gif
[0.296s] -- Up-to-date symlink: /home/tianbot/slash_ws/install/grid_map_core/share/grid_map_core/doc/setposition_method.gif
[0.296s] -- Up-to-date symlink: /home/tianbot/slash_ws/install/grid_map_core/share/grid_map_core/environment/library_path.sh
[0.296s] -- Up-to-date symlink: /home/tianbot/slash_ws/install/grid_map_core/share/grid_map_core/environment/library_path.dsv
[0.296s] -- Up-to-date symlink: /home/tianbot/slash_ws/install/grid_map_core/share/ament_index/resource_index/package_run_dependencies/grid_map_core
[0.296s] -- Up-to-date symlink: /home/tianbot/slash_ws/install/grid_map_core/share/ament_index/resource_index/parent_prefix_path/grid_map_core
[0.296s] -- Up-to-date symlink: /home/tianbot/slash_ws/install/grid_map_core/share/grid_map_core/environment/ament_prefix_path.sh
[0.296s] -- Up-to-date symlink: /home/tianbot/slash_ws/install/grid_map_core/share/grid_map_core/environment/ament_prefix_path.dsv
[0.297s] -- Up-to-date symlink: /home/tianbot/slash_ws/install/grid_map_core/share/grid_map_core/environment/path.sh
[0.297s] -- Up-to-date symlink: /home/tianbot/slash_ws/install/grid_map_core/share/grid_map_core/environment/path.dsv
[0.297s] -- Up-to-date symlink: /home/tianbot/slash_ws/install/grid_map_core/share/grid_map_core/local_setup.bash
[0.297s] -- Up-to-date symlink: /home/tianbot/slash_ws/install/grid_map_core/share/grid_map_core/local_setup.sh
[0.297s] -- Up-to-date symlink: /home/tianbot/slash_ws/install/grid_map_core/share/grid_map_core/local_setup.zsh
[0.297s] -- Up-to-date symlink: /home/tianbot/slash_ws/install/grid_map_core/share/grid_map_core/local_setup.dsv
[0.297s] -- Symlinking: /home/tianbot/slash_ws/install/grid_map_core/share/grid_map_core/package.dsv
[0.313s] -- Up-to-date symlink: /home/tianbot/slash_ws/install/grid_map_core/share/ament_index/resource_index/packages/grid_map_core
[0.314s] -- Up-to-date symlink: /home/tianbot/slash_ws/install/grid_map_core/share/grid_map_core/cmake/grid_map_core-extras.cmake
[0.314s] -- Up-to-date symlink: /home/tianbot/slash_ws/install/grid_map_core/share/grid_map_core/cmake/ament_cmake_export_include_directories-extras.cmake
[0.314s] -- Up-to-date symlink: /home/tianbot/slash_ws/install/grid_map_core/share/grid_map_core/cmake/ament_cmake_export_libraries-extras.cmake
[0.314s] -- Up-to-date symlink: /home/tianbot/slash_ws/install/grid_map_core/share/grid_map_core/cmake/grid_map_coreConfig.cmake
[0.316s] -- Up-to-date symlink: /home/tianbot/slash_ws/install/grid_map_core/share/grid_map_core/cmake/grid_map_coreConfig-version.cmake
[0.316s] -- Up-to-date symlink: /home/tianbot/slash_ws/install/grid_map_core/share/grid_map_core/package.xml
[0.316s] -- Up-to-date: /home/tianbot/slash_ws/install/grid_map_core/include/grid_map_core
[0.316s] -- Up-to-date: /home/tianbot/slash_ws/install/grid_map_core/include/grid_map_core/BufferRegion.hpp
[0.316s] -- Up-to-date: /home/tianbot/slash_ws/install/grid_map_core/include/grid_map_core/CubicInterpolation.hpp
[0.316s] -- Up-to-date: /home/tianbot/slash_ws/install/grid_map_core/include/grid_map_core/GridMap.hpp
[0.316s] -- Up-to-date: /home/tianbot/slash_ws/install/grid_map_core/include/grid_map_core/GridMapMath.hpp
[0.317s] -- Up-to-date: /home/tianbot/slash_ws/install/grid_map_core/include/grid_map_core/Polygon.hpp
[0.318s] -- Up-to-date: /home/tianbot/slash_ws/install/grid_map_core/include/grid_map_core/SubmapGeometry.hpp
[0.318s] -- Up-to-date: /home/tianbot/slash_ws/install/grid_map_core/include/grid_map_core/TypeDefs.hpp
[0.318s] -- Up-to-date: /home/tianbot/slash_ws/install/grid_map_core/include/grid_map_core/eigen_plugins
[0.319s] -- Up-to-date: /home/tianbot/slash_ws/install/grid_map_core/include/grid_map_core/eigen_plugins/DenseBasePlugin.hpp
[0.319s] -- Up-to-date: /home/tianbot/slash_ws/install/grid_map_core/include/grid_map_core/eigen_plugins/Functors.hpp
[0.319s] -- Up-to-date: /home/tianbot/slash_ws/install/grid_map_core/include/grid_map_core/eigen_plugins/FunctorsPlugin.hpp
[0.319s] -- Up-to-date: /home/tianbot/slash_ws/install/grid_map_core/include/grid_map_core/grid_map_core.hpp
[0.319s] -- Up-to-date: /home/tianbot/slash_ws/install/grid_map_core/include/grid_map_core/gtest_eigen.hpp
[0.319s] -- Up-to-date: /home/tianbot/slash_ws/install/grid_map_core/include/grid_map_core/iterators
[0.319s] -- Up-to-date: /home/tianbot/slash_ws/install/grid_map_core/include/grid_map_core/iterators/CircleIterator.hpp
[0.319s] -- Up-to-date: /home/tianbot/slash_ws/install/grid_map_core/include/grid_map_core/iterators/EllipseIterator.hpp
[0.319s] -- Up-to-date: /home/tianbot/slash_ws/install/grid_map_core/include/grid_map_core/iterators/GridMapIterator.hpp
[0.319s] -- Up-to-date: /home/tianbot/slash_ws/install/grid_map_core/include/grid_map_core/iterators/LineIterator.hpp
[0.319s] -- Up-to-date: /home/tianbot/slash_ws/install/grid_map_core/include/grid_map_core/iterators/PolygonIterator.hpp
[0.319s] -- Up-to-date: /home/tianbot/slash_ws/install/grid_map_core/include/grid_map_core/iterators/SlidingWindowIterator.hpp
[0.320s] -- Up-to-date: /home/tianbot/slash_ws/install/grid_map_core/include/grid_map_core/iterators/SpiralIterator.hpp
[0.320s] -- Up-to-date: /home/tianbot/slash_ws/install/grid_map_core/include/grid_map_core/iterators/SubmapIterator.hpp
[0.320s] -- Up-to-date: /home/tianbot/slash_ws/install/grid_map_core/include/grid_map_core/iterators/iterators.hpp
[0.320s] Invoked command in '/home/tianbot/slash_ws/build/grid_map_core' returned '0': AMENT_PREFIX_PATH=/home/tianbot/slash_ws/install/grid_map_cmake_helpers:${AMENT_PREFIX_PATH} CMAKE_PREFIX_PATH=/home/tianbot/slash_ws/install/grid_map_cmake_helpers:/home/tianbot/tianracer_ros2_ws/install/vesc_ackermann:/home/tianbot/tianracer_ros2_ws/install/vesc_msgs:/home/tianbot/tianracer_ros2_ws/install/vector_pursuit_controller:/home/tianbot/tianracer_ros2_ws/install/tianracer_slam:/home/tianbot/tianracer_ros2_ws/install/tianracer_rviz:/home/tianbot/tianracer_ros2_ws/install/tianracer_navigation2:/home/tianbot/tianracer_ros2_ws/install/tianracer_navigation:/home/tianbot/tianracer_ros2_ws/install/tianracer_jetson:/home/tianbot/tianracer_ros2_ws/install/tianracer_description:/home/tianbot/tianracer_ros2_ws/install/tianracer_core:/home/tianbot/tianracer_ros2_ws/install/tianracer_competition:/home/tianbot/tianracer_ros2_ws/install/tianracer_bringup:/home/tianbot/tianracer_ros2_ws/install/twist_to_ackermann:/home/tianbot/tianracer_ros2_ws/install/tf2_web_republisher_py:/home/tianbot/tianracer_ros2_ws/install/joy_teleop:/home/tianbot/tianracer_ros2_ws/install/mouse_teleop:/home/tianbot/tianracer_ros2_ws/install/key_teleop:/home/tianbot/slash_ws/install/f1tenth_stack:/home/tianbot/slash_ws/install/joy_teleop:/home/tianbot/slash_ws/install/mouse_teleop:/home/tianbot/slash_ws/install/key_teleop:/opt/ros/humble:/home/tianbot/tianracer_ros2_ws/install/tianracer:/home/tianbot/tianracer_ros2_ws/install/tianbot_core:/home/tianbot/tianracer_ros2_ws/install/tf2_web_republisher:/home/tianbot/tianracer_ros2_ws/install/teleop_tools:/home/tianbot/tianracer_ros2_ws/install/teleop_tools_msgs:/home/tianbot/tianracer_ros2_ws/install/teb_local_planner:/home/tianbot/tianracer_ros2_ws/install/teb_msgs:/home/tianbot/tianracer_ros2_ws/install/slam_gmapping:/home/tianbot/tianracer_ros2_ws/install/openslam_gmapping:/home/tianbot/tianracer_ros2_ws/install/lakibeam1:/home/tianbot/tianracer_ros2_ws/install/costmap_intensity:/home/tianbot/tianracer_ros2_ws/install/costmap_converter:/home/tianbot/tianracer_ros2_ws/install/costmap_converter_msgs:/home/tianbot/tianracer_ros2_ws/install/behavior_ext_plugins:/home/tianbot/tianracer_ros2_ws/install/ackermann_mux:/home/tianbot/slash_ws/install/vesc:/home/tianbot/slash_ws/install/vesc_driver:/home/tianbot/slash_ws/install/vesc_ackermann:/home/tianbot/slash_ws/install/vesc_msgs:/home/tianbot/slash_ws/install/teleop_tools:/home/tianbot/slash_ws/install/teleop_tools_msgs:/home/tianbot/slash_ws/install/teb_local_planner:/home/tianbot/slash_ws/install/teb_msgs:/home/tianbot/slash_ws/install/slash_nav2:/home/tianbot/slash_ws/install/pointcloud_to_laserscan:/home/tianbot/slash_ws/install/pointcloud_filter:/home/tianbot/slash_ws/install/fast_lio:/home/tianbot/slash_ws/install/livox_ros_driver2:/home/tianbot/slash_ws/install/linefit_ground_segmentation_ros:/home/tianbot/slash_ws/install/linefit_ground_segmentation:/home/tianbot/slash_ws/install/icp_localization:/home/tianbot/slash_ws/install/dll:/home/tianbot/slash_ws/install/costmap_converter:/home/tianbot/slash_ws/install/costmap_converter_msgs:/home/tianbot/slash_ws/install/ackermann_mux /usr/bin/cmake --install /home/tianbot/slash_ws/build/grid_map_core
