[0.021s] Invoking command in '/home/tianbot/slash_ws/build/slash_nav2': CMAKE_PREFIX_PATH=/home/tianbot/tianracer_ros2_ws/install/vesc_ackermann:/home/tianbot/tianracer_ros2_ws/install/vesc_msgs:/home/tianbot/tianracer_ros2_ws/install/vector_pursuit_controller:/home/tianbot/tianracer_ros2_ws/install/tianracer_slam:/home/tianbot/tianracer_ros2_ws/install/tianracer_rviz:/home/tianbot/tianracer_ros2_ws/install/tianracer_navigation2:/home/tianbot/tianracer_ros2_ws/install/tianracer_navigation:/home/tianbot/tianracer_ros2_ws/install/tianracer_jetson:/home/tianbot/tianracer_ros2_ws/install/tianracer_description:/home/tianbot/tianracer_ros2_ws/install/tianracer_core:/home/tianbot/tianracer_ros2_ws/install/tianracer_competition:/home/tianbot/tianracer_ros2_ws/install/tianracer_bringup:/home/tianbot/tianracer_ros2_ws/install/twist_to_ackermann:/home/tianbot/tianracer_ros2_ws/install/tf2_web_republisher_py:/home/tianbot/tianracer_ros2_ws/install/joy_teleop:/home/tianbot/tianracer_ros2_ws/install/mouse_teleop:/home/tianbot/tianracer_ros2_ws/install/key_teleop:/home/tianbot/slash_ws/install/f1tenth_stack:/home/tianbot/slash_ws/install/joy_teleop:/home/tianbot/slash_ws/install/mouse_teleop:/home/tianbot/slash_ws/install/key_teleop:/opt/ros/humble:/home/tianbot/tianracer_ros2_ws/install/tianracer:/home/tianbot/tianracer_ros2_ws/install/tianbot_core:/home/tianbot/tianracer_ros2_ws/install/tf2_web_republisher:/home/tianbot/tianracer_ros2_ws/install/teleop_tools:/home/tianbot/tianracer_ros2_ws/install/teleop_tools_msgs:/home/tianbot/tianracer_ros2_ws/install/teb_local_planner:/home/tianbot/tianracer_ros2_ws/install/teb_msgs:/home/tianbot/tianracer_ros2_ws/install/slam_gmapping:/home/tianbot/tianracer_ros2_ws/install/openslam_gmapping:/home/tianbot/tianracer_ros2_ws/install/lakibeam1:/home/tianbot/tianracer_ros2_ws/install/costmap_intensity:/home/tianbot/tianracer_ros2_ws/install/costmap_converter:/home/tianbot/tianracer_ros2_ws/install/costmap_converter_msgs:/home/tianbot/tianracer_ros2_ws/install/behavior_ext_plugins:/home/tianbot/tianracer_ros2_ws/install/ackermann_mux:/home/tianbot/slash_ws/install/vesc:/home/tianbot/slash_ws/install/vesc_driver:/home/tianbot/slash_ws/install/vesc_ackermann:/home/tianbot/slash_ws/install/vesc_msgs:/home/tianbot/slash_ws/install/teleop_tools:/home/tianbot/slash_ws/install/teleop_tools_msgs:/home/tianbot/slash_ws/install/teb_local_planner:/home/tianbot/slash_ws/install/teb_msgs:/home/tianbot/slash_ws/install/slash_nav2:/home/tianbot/slash_ws/install/pointcloud_to_laserscan:/home/tianbot/slash_ws/install/pointcloud_filter:/home/tianbot/slash_ws/install/fast_lio:/home/tianbot/slash_ws/install/livox_ros_driver2:/home/tianbot/slash_ws/install/linefit_ground_segmentation_ros:/home/tianbot/slash_ws/install/linefit_ground_segmentation:/home/tianbot/slash_ws/install/dll:/home/tianbot/slash_ws/install/costmap_converter:/home/tianbot/slash_ws/install/costmap_converter_msgs:/home/tianbot/slash_ws/install/ackermann_mux /usr/bin/cmake --build /home/tianbot/slash_ws/build/slash_nav2 -- -j4 -l4
[0.050s] -- Found ament_cmake_auto: 1.3.12 (/opt/ros/humble/share/ament_cmake_auto/cmake)
[0.235s] -- Override CMake install command with custom implementation using symlinks instead of copying resources
[0.245s] -- Found ament_lint_auto: 0.12.14 (/opt/ros/humble/share/ament_lint_auto/cmake)
[0.349s] -- Configuring done
[0.352s] -- Generating done
[0.354s] -- Build files have been written to: /home/tianbot/slash_ws/build/slash_nav2
[0.381s] Invoked command in '/home/tianbot/slash_ws/build/slash_nav2' returned '0': CMAKE_PREFIX_PATH=/home/tianbot/tianracer_ros2_ws/install/vesc_ackermann:/home/tianbot/tianracer_ros2_ws/install/vesc_msgs:/home/tianbot/tianracer_ros2_ws/install/vector_pursuit_controller:/home/tianbot/tianracer_ros2_ws/install/tianracer_slam:/home/tianbot/tianracer_ros2_ws/install/tianracer_rviz:/home/tianbot/tianracer_ros2_ws/install/tianracer_navigation2:/home/tianbot/tianracer_ros2_ws/install/tianracer_navigation:/home/tianbot/tianracer_ros2_ws/install/tianracer_jetson:/home/tianbot/tianracer_ros2_ws/install/tianracer_description:/home/tianbot/tianracer_ros2_ws/install/tianracer_core:/home/tianbot/tianracer_ros2_ws/install/tianracer_competition:/home/tianbot/tianracer_ros2_ws/install/tianracer_bringup:/home/tianbot/tianracer_ros2_ws/install/twist_to_ackermann:/home/tianbot/tianracer_ros2_ws/install/tf2_web_republisher_py:/home/tianbot/tianracer_ros2_ws/install/joy_teleop:/home/tianbot/tianracer_ros2_ws/install/mouse_teleop:/home/tianbot/tianracer_ros2_ws/install/key_teleop:/home/tianbot/slash_ws/install/f1tenth_stack:/home/tianbot/slash_ws/install/joy_teleop:/home/tianbot/slash_ws/install/mouse_teleop:/home/tianbot/slash_ws/install/key_teleop:/opt/ros/humble:/home/tianbot/tianracer_ros2_ws/install/tianracer:/home/tianbot/tianracer_ros2_ws/install/tianbot_core:/home/tianbot/tianracer_ros2_ws/install/tf2_web_republisher:/home/tianbot/tianracer_ros2_ws/install/teleop_tools:/home/tianbot/tianracer_ros2_ws/install/teleop_tools_msgs:/home/tianbot/tianracer_ros2_ws/install/teb_local_planner:/home/tianbot/tianracer_ros2_ws/install/teb_msgs:/home/tianbot/tianracer_ros2_ws/install/slam_gmapping:/home/tianbot/tianracer_ros2_ws/install/openslam_gmapping:/home/tianbot/tianracer_ros2_ws/install/lakibeam1:/home/tianbot/tianracer_ros2_ws/install/costmap_intensity:/home/tianbot/tianracer_ros2_ws/install/costmap_converter:/home/tianbot/tianracer_ros2_ws/install/costmap_converter_msgs:/home/tianbot/tianracer_ros2_ws/install/behavior_ext_plugins:/home/tianbot/tianracer_ros2_ws/install/ackermann_mux:/home/tianbot/slash_ws/install/vesc:/home/tianbot/slash_ws/install/vesc_driver:/home/tianbot/slash_ws/install/vesc_ackermann:/home/tianbot/slash_ws/install/vesc_msgs:/home/tianbot/slash_ws/install/teleop_tools:/home/tianbot/slash_ws/install/teleop_tools_msgs:/home/tianbot/slash_ws/install/teb_local_planner:/home/tianbot/slash_ws/install/teb_msgs:/home/tianbot/slash_ws/install/slash_nav2:/home/tianbot/slash_ws/install/pointcloud_to_laserscan:/home/tianbot/slash_ws/install/pointcloud_filter:/home/tianbot/slash_ws/install/fast_lio:/home/tianbot/slash_ws/install/livox_ros_driver2:/home/tianbot/slash_ws/install/linefit_ground_segmentation_ros:/home/tianbot/slash_ws/install/linefit_ground_segmentation:/home/tianbot/slash_ws/install/dll:/home/tianbot/slash_ws/install/costmap_converter:/home/tianbot/slash_ws/install/costmap_converter_msgs:/home/tianbot/slash_ws/install/ackermann_mux /usr/bin/cmake --build /home/tianbot/slash_ws/build/slash_nav2 -- -j4 -l4
[0.395s] Invoking command in '/home/tianbot/slash_ws/build/slash_nav2': CMAKE_PREFIX_PATH=/home/tianbot/tianracer_ros2_ws/install/vesc_ackermann:/home/tianbot/tianracer_ros2_ws/install/vesc_msgs:/home/tianbot/tianracer_ros2_ws/install/vector_pursuit_controller:/home/tianbot/tianracer_ros2_ws/install/tianracer_slam:/home/tianbot/tianracer_ros2_ws/install/tianracer_rviz:/home/tianbot/tianracer_ros2_ws/install/tianracer_navigation2:/home/tianbot/tianracer_ros2_ws/install/tianracer_navigation:/home/tianbot/tianracer_ros2_ws/install/tianracer_jetson:/home/tianbot/tianracer_ros2_ws/install/tianracer_description:/home/tianbot/tianracer_ros2_ws/install/tianracer_core:/home/tianbot/tianracer_ros2_ws/install/tianracer_competition:/home/tianbot/tianracer_ros2_ws/install/tianracer_bringup:/home/tianbot/tianracer_ros2_ws/install/twist_to_ackermann:/home/tianbot/tianracer_ros2_ws/install/tf2_web_republisher_py:/home/tianbot/tianracer_ros2_ws/install/joy_teleop:/home/tianbot/tianracer_ros2_ws/install/mouse_teleop:/home/tianbot/tianracer_ros2_ws/install/key_teleop:/home/tianbot/slash_ws/install/f1tenth_stack:/home/tianbot/slash_ws/install/joy_teleop:/home/tianbot/slash_ws/install/mouse_teleop:/home/tianbot/slash_ws/install/key_teleop:/opt/ros/humble:/home/tianbot/tianracer_ros2_ws/install/tianracer:/home/tianbot/tianracer_ros2_ws/install/tianbot_core:/home/tianbot/tianracer_ros2_ws/install/tf2_web_republisher:/home/tianbot/tianracer_ros2_ws/install/teleop_tools:/home/tianbot/tianracer_ros2_ws/install/teleop_tools_msgs:/home/tianbot/tianracer_ros2_ws/install/teb_local_planner:/home/tianbot/tianracer_ros2_ws/install/teb_msgs:/home/tianbot/tianracer_ros2_ws/install/slam_gmapping:/home/tianbot/tianracer_ros2_ws/install/openslam_gmapping:/home/tianbot/tianracer_ros2_ws/install/lakibeam1:/home/tianbot/tianracer_ros2_ws/install/costmap_intensity:/home/tianbot/tianracer_ros2_ws/install/costmap_converter:/home/tianbot/tianracer_ros2_ws/install/costmap_converter_msgs:/home/tianbot/tianracer_ros2_ws/install/behavior_ext_plugins:/home/tianbot/tianracer_ros2_ws/install/ackermann_mux:/home/tianbot/slash_ws/install/vesc:/home/tianbot/slash_ws/install/vesc_driver:/home/tianbot/slash_ws/install/vesc_ackermann:/home/tianbot/slash_ws/install/vesc_msgs:/home/tianbot/slash_ws/install/teleop_tools:/home/tianbot/slash_ws/install/teleop_tools_msgs:/home/tianbot/slash_ws/install/teb_local_planner:/home/tianbot/slash_ws/install/teb_msgs:/home/tianbot/slash_ws/install/slash_nav2:/home/tianbot/slash_ws/install/pointcloud_to_laserscan:/home/tianbot/slash_ws/install/pointcloud_filter:/home/tianbot/slash_ws/install/fast_lio:/home/tianbot/slash_ws/install/livox_ros_driver2:/home/tianbot/slash_ws/install/linefit_ground_segmentation_ros:/home/tianbot/slash_ws/install/linefit_ground_segmentation:/home/tianbot/slash_ws/install/dll:/home/tianbot/slash_ws/install/costmap_converter:/home/tianbot/slash_ws/install/costmap_converter_msgs:/home/tianbot/slash_ws/install/ackermann_mux /usr/bin/cmake --install /home/tianbot/slash_ws/build/slash_nav2
[0.404s] -- Install configuration: "Release"
[0.405s] -- Execute custom install script
[0.405s] -- Up-to-date symlink: /home/tianbot/slash_ws/install/slash_nav2/lib/slash_nav2/publish_pcd.py
[0.406s] -- Up-to-date symlink: /home/tianbot/slash_ws/install/slash_nav2/lib/slash_nav2/pcd_to_pgm.py
[0.406s] -- Up-to-date symlink: /home/tianbot/slash_ws/install/slash_nav2/lib/slash_nav2/cmd_vel_relay.py
[0.406s] -- Up-to-date symlink: /home/tianbot/slash_ws/install/slash_nav2/lib/slash_nav2/vel_corrector.py
[0.406s] -- Symlinking: /home/tianbot/slash_ws/install/slash_nav2/lib/slash_nav2/pointcloud_time_sync.py
[0.420s] -- Symlinking: /home/tianbot/slash_ws/install/slash_nav2/lib/slash_nav2/save_octomap.py
[0.431s] -- Symlinking: /home/tianbot/slash_ws/install/slash_nav2/lib/slash_nav2/pcd_to_octomap.py
[0.443s] -- Up-to-date symlink: /home/tianbot/slash_ws/install/slash_nav2/share/slash_nav2/launch/__pycache__/bringup_all.launch.cpython-310.pyc
[0.443s] -- Up-to-date symlink: /home/tianbot/slash_ws/install/slash_nav2/share/slash_nav2/launch/__pycache__/bringup_real.launch.cpython-310.pyc
[0.443s] -- Up-to-date symlink: /home/tianbot/slash_ws/install/slash_nav2/share/slash_nav2/launch/__pycache__/navigation_full.launch.cpython-310.pyc
[0.443s] -- Up-to-date symlink: /home/tianbot/slash_ws/install/slash_nav2/share/slash_nav2/launch/__pycache__/tianracer_full_stack.launch.cpython-310.pyc
[0.444s] -- Up-to-date symlink: /home/tianbot/slash_ws/install/slash_nav2/share/slash_nav2/launch/bringup_all.launch.py
[0.444s] -- Up-to-date symlink: /home/tianbot/slash_ws/install/slash_nav2/share/slash_nav2/launch/bringup_real.launch.py
[0.444s] -- Up-to-date symlink: /home/tianbot/slash_ws/install/slash_nav2/share/slash_nav2/launch/bringup_with_dll.launch.py
[0.444s] -- Up-to-date symlink: /home/tianbot/slash_ws/install/slash_nav2/share/slash_nav2/launch/octomap_mapping.launch.py
[0.444s] -- Up-to-date symlink: /home/tianbot/slash_ws/install/slash_nav2/share/slash_nav2/config/nav2_params copy.yaml
[0.444s] -- Up-to-date symlink: /home/tianbot/slash_ws/install/slash_nav2/share/slash_nav2/config/nav2_params(mppi).yaml
[0.444s] -- Up-to-date symlink: /home/tianbot/slash_ws/install/slash_nav2/share/slash_nav2/config/nav2_params.yaml
[0.445s] -- Up-to-date symlink: /home/tianbot/slash_ws/install/slash_nav2/share/slash_nav2/config/nav2_params_dll.yaml
[0.445s] -- Up-to-date symlink: /home/tianbot/slash_ws/install/slash_nav2/share/slash_nav2/map/RMUC.data
[0.445s] -- Up-to-date symlink: /home/tianbot/slash_ws/install/slash_nav2/share/slash_nav2/map/RMUC.pgm
[0.445s] -- Up-to-date symlink: /home/tianbot/slash_ws/install/slash_nav2/share/slash_nav2/map/RMUC.posegraph
[0.445s] -- Up-to-date symlink: /home/tianbot/slash_ws/install/slash_nav2/share/slash_nav2/map/RMUC.yaml
[0.445s] -- Up-to-date symlink: /home/tianbot/slash_ws/install/slash_nav2/share/slash_nav2/map/RMUL.data
[0.445s] -- Up-to-date symlink: /home/tianbot/slash_ws/install/slash_nav2/share/slash_nav2/map/RMUL.pgm
[0.445s] -- Up-to-date symlink: /home/tianbot/slash_ws/install/slash_nav2/share/slash_nav2/map/RMUL.posegraph
[0.445s] -- Up-to-date symlink: /home/tianbot/slash_ws/install/slash_nav2/share/slash_nav2/map/RMUL.yaml
[0.446s] -- Up-to-date symlink: /home/tianbot/slash_ws/install/slash_nav2/share/slash_nav2/map/test.pgm
[0.446s] -- Up-to-date symlink: /home/tianbot/slash_ws/install/slash_nav2/share/slash_nav2/map/test.yaml
[0.446s] -- Up-to-date symlink: /home/tianbot/slash_ws/install/slash_nav2/share/slash_nav2/map/test1.pgm
[0.446s] -- Up-to-date symlink: /home/tianbot/slash_ws/install/slash_nav2/share/slash_nav2/map/test1.yaml
[0.446s] -- Up-to-date symlink: /home/tianbot/slash_ws/install/slash_nav2/share/slash_nav2/PCD/RMUC.pcd
[0.446s] -- Up-to-date symlink: /home/tianbot/slash_ws/install/slash_nav2/share/slash_nav2/PCD/RMUL.pcd
[0.446s] -- Up-to-date symlink: /home/tianbot/slash_ws/install/slash_nav2/share/slash_nav2/PCD/test1.pcd
[0.446s] -- Up-to-date symlink: /home/tianbot/slash_ws/install/slash_nav2/share/slash_nav2/rviz/fastlio.rviz
[0.446s] -- Up-to-date symlink: /home/tianbot/slash_ws/install/slash_nav2/share/slash_nav2/rviz/nav2.rviz
[0.447s] -- Up-to-date symlink: /home/tianbot/slash_ws/install/slash_nav2/share/slash_nav2/rviz/pointlio.rviz
[0.447s] -- Up-to-date symlink: /home/tianbot/slash_ws/install/slash_nav2/share/slash_nav2/urdf/sentry_robot_real.xacro
[0.447s] -- Up-to-date symlink: /home/tianbot/slash_ws/install/slash_nav2/share/slash_nav2/urdf/sentry_robot_sim.xacro
[0.447s] -- Up-to-date symlink: /home/tianbot/slash_ws/install/slash_nav2/share/slash_nav2/scripts/__pycache__/cmd_vel_relay.cpython-310.pyc
[0.448s] -- Up-to-date symlink: /home/tianbot/slash_ws/install/slash_nav2/share/slash_nav2/scripts/__pycache__/pcd_publisher.cpython-310.pyc
[0.448s] -- Up-to-date symlink: /home/tianbot/slash_ws/install/slash_nav2/share/slash_nav2/scripts/__pycache__/pcd_to_pgm.cpython-310.pyc
[0.448s] -- Up-to-date symlink: /home/tianbot/slash_ws/install/slash_nav2/share/slash_nav2/scripts/check_tf.py
[0.449s] -- Up-to-date symlink: /home/tianbot/slash_ws/install/slash_nav2/share/slash_nav2/scripts/cmd_vel_relay.py
[0.449s] -- Up-to-date symlink: /home/tianbot/slash_ws/install/slash_nav2/share/slash_nav2/scripts/pcd_to_octomap.py
[0.449s] -- Up-to-date symlink: /home/tianbot/slash_ws/install/slash_nav2/share/slash_nav2/scripts/pcd_to_pgm copy.py
[0.449s] -- Up-to-date symlink: /home/tianbot/slash_ws/install/slash_nav2/share/slash_nav2/scripts/pcd_to_pgm.py
[0.449s] -- Up-to-date symlink: /home/tianbot/slash_ws/install/slash_nav2/share/slash_nav2/scripts/pcd_to_pgm_slope.py
[0.449s] -- Up-to-date symlink: /home/tianbot/slash_ws/install/slash_nav2/share/slash_nav2/scripts/pointcloud_time_sync.py
[0.449s] -- Up-to-date symlink: /home/tianbot/slash_ws/install/slash_nav2/share/slash_nav2/scripts/publish_pcd.py
[0.450s] -- Up-to-date symlink: /home/tianbot/slash_ws/install/slash_nav2/share/slash_nav2/scripts/save_octomap.py
[0.450s] -- Up-to-date symlink: /home/tianbot/slash_ws/install/slash_nav2/share/slash_nav2/scripts/vel_corrector.py
[0.450s] -- Up-to-date symlink: /home/tianbot/slash_ws/install/slash_nav2/share/ament_index/resource_index/package_run_dependencies/slash_nav2
[0.450s] -- Up-to-date symlink: /home/tianbot/slash_ws/install/slash_nav2/share/ament_index/resource_index/parent_prefix_path/slash_nav2
[0.450s] -- Up-to-date symlink: /home/tianbot/slash_ws/install/slash_nav2/share/slash_nav2/environment/ament_prefix_path.sh
[0.450s] -- Up-to-date symlink: /home/tianbot/slash_ws/install/slash_nav2/share/slash_nav2/environment/ament_prefix_path.dsv
[0.450s] -- Up-to-date symlink: /home/tianbot/slash_ws/install/slash_nav2/share/slash_nav2/environment/path.sh
[0.451s] -- Up-to-date symlink: /home/tianbot/slash_ws/install/slash_nav2/share/slash_nav2/environment/path.dsv
[0.452s] -- Up-to-date symlink: /home/tianbot/slash_ws/install/slash_nav2/share/slash_nav2/local_setup.bash
[0.452s] -- Up-to-date symlink: /home/tianbot/slash_ws/install/slash_nav2/share/slash_nav2/local_setup.sh
[0.452s] -- Up-to-date symlink: /home/tianbot/slash_ws/install/slash_nav2/share/slash_nav2/local_setup.zsh
[0.452s] -- Up-to-date symlink: /home/tianbot/slash_ws/install/slash_nav2/share/slash_nav2/local_setup.dsv
[0.452s] -- Symlinking: /home/tianbot/slash_ws/install/slash_nav2/share/slash_nav2/package.dsv
[0.463s] -- Up-to-date symlink: /home/tianbot/slash_ws/install/slash_nav2/share/ament_index/resource_index/packages/slash_nav2
[0.463s] -- Up-to-date symlink: /home/tianbot/slash_ws/install/slash_nav2/share/slash_nav2/cmake/slash_nav2Config.cmake
[0.464s] -- Up-to-date symlink: /home/tianbot/slash_ws/install/slash_nav2/share/slash_nav2/cmake/slash_nav2Config-version.cmake
[0.464s] -- Up-to-date symlink: /home/tianbot/slash_ws/install/slash_nav2/share/slash_nav2/package.xml
[0.466s] Invoked command in '/home/tianbot/slash_ws/build/slash_nav2' returned '0': CMAKE_PREFIX_PATH=/home/tianbot/tianracer_ros2_ws/install/vesc_ackermann:/home/tianbot/tianracer_ros2_ws/install/vesc_msgs:/home/tianbot/tianracer_ros2_ws/install/vector_pursuit_controller:/home/tianbot/tianracer_ros2_ws/install/tianracer_slam:/home/tianbot/tianracer_ros2_ws/install/tianracer_rviz:/home/tianbot/tianracer_ros2_ws/install/tianracer_navigation2:/home/tianbot/tianracer_ros2_ws/install/tianracer_navigation:/home/tianbot/tianracer_ros2_ws/install/tianracer_jetson:/home/tianbot/tianracer_ros2_ws/install/tianracer_description:/home/tianbot/tianracer_ros2_ws/install/tianracer_core:/home/tianbot/tianracer_ros2_ws/install/tianracer_competition:/home/tianbot/tianracer_ros2_ws/install/tianracer_bringup:/home/tianbot/tianracer_ros2_ws/install/twist_to_ackermann:/home/tianbot/tianracer_ros2_ws/install/tf2_web_republisher_py:/home/tianbot/tianracer_ros2_ws/install/joy_teleop:/home/tianbot/tianracer_ros2_ws/install/mouse_teleop:/home/tianbot/tianracer_ros2_ws/install/key_teleop:/home/tianbot/slash_ws/install/f1tenth_stack:/home/tianbot/slash_ws/install/joy_teleop:/home/tianbot/slash_ws/install/mouse_teleop:/home/tianbot/slash_ws/install/key_teleop:/opt/ros/humble:/home/tianbot/tianracer_ros2_ws/install/tianracer:/home/tianbot/tianracer_ros2_ws/install/tianbot_core:/home/tianbot/tianracer_ros2_ws/install/tf2_web_republisher:/home/tianbot/tianracer_ros2_ws/install/teleop_tools:/home/tianbot/tianracer_ros2_ws/install/teleop_tools_msgs:/home/tianbot/tianracer_ros2_ws/install/teb_local_planner:/home/tianbot/tianracer_ros2_ws/install/teb_msgs:/home/tianbot/tianracer_ros2_ws/install/slam_gmapping:/home/tianbot/tianracer_ros2_ws/install/openslam_gmapping:/home/tianbot/tianracer_ros2_ws/install/lakibeam1:/home/tianbot/tianracer_ros2_ws/install/costmap_intensity:/home/tianbot/tianracer_ros2_ws/install/costmap_converter:/home/tianbot/tianracer_ros2_ws/install/costmap_converter_msgs:/home/tianbot/tianracer_ros2_ws/install/behavior_ext_plugins:/home/tianbot/tianracer_ros2_ws/install/ackermann_mux:/home/tianbot/slash_ws/install/vesc:/home/tianbot/slash_ws/install/vesc_driver:/home/tianbot/slash_ws/install/vesc_ackermann:/home/tianbot/slash_ws/install/vesc_msgs:/home/tianbot/slash_ws/install/teleop_tools:/home/tianbot/slash_ws/install/teleop_tools_msgs:/home/tianbot/slash_ws/install/teb_local_planner:/home/tianbot/slash_ws/install/teb_msgs:/home/tianbot/slash_ws/install/slash_nav2:/home/tianbot/slash_ws/install/pointcloud_to_laserscan:/home/tianbot/slash_ws/install/pointcloud_filter:/home/tianbot/slash_ws/install/fast_lio:/home/tianbot/slash_ws/install/livox_ros_driver2:/home/tianbot/slash_ws/install/linefit_ground_segmentation_ros:/home/tianbot/slash_ws/install/linefit_ground_segmentation:/home/tianbot/slash_ws/install/dll:/home/tianbot/slash_ws/install/costmap_converter:/home/tianbot/slash_ws/install/costmap_converter_msgs:/home/tianbot/slash_ws/install/ackermann_mux /usr/bin/cmake --install /home/tianbot/slash_ws/build/slash_nav2
