running develop
running egg_info
creating mouse_teleop.egg-info
writing mouse_teleop.egg-info/PKG-INFO
writing dependency_links to mouse_teleop.egg-info/dependency_links.txt
writing entry points to mouse_teleop.egg-info/entry_points.txt
writing requirements to mouse_teleop.egg-info/requires.txt
writing top-level names to mouse_teleop.egg-info/top_level.txt
writing manifest file 'mouse_teleop.egg-info/SOURCES.txt'
reading manifest file 'mouse_teleop.egg-info/SOURCES.txt'
writing manifest file 'mouse_teleop.egg-info/SOURCES.txt'
running build_ext
Creating /home/tianbot/slash_ws/install/mouse_teleop/lib/python3.10/site-packages/mouse-teleop.egg-link (link to .)
Installing mouse_teleop script to /home/tianbot/slash_ws/install/mouse_teleop/lib/mouse_teleop

Installed /home/tianbot/slash_ws/build/mouse_teleop
running symlink_data
symbolically linking /home/tianbot/slash_ws/build/mouse_teleop/package.xml -> /home/tianbot/slash_ws/install/mouse_teleop/share/mouse_teleop
creating /home/tianbot/slash_ws/install/mouse_teleop/share/mouse_teleop/config
symbolically linking /home/tianbot/slash_ws/build/mouse_teleop/config/mouse_teleop.yaml -> /home/tianbot/slash_ws/install/mouse_teleop/share/mouse_teleop/config
creating /home/tianbot/slash_ws/install/mouse_teleop/share/mouse_teleop/launch
symbolically linking /home/tianbot/slash_ws/build/mouse_teleop/launch/mouse_teleop.launch.py -> /home/tianbot/slash_ws/install/mouse_teleop/share/mouse_teleop/launch
creating /home/tianbot/slash_ws/install/mouse_teleop/share/ament_index
creating /home/tianbot/slash_ws/install/mouse_teleop/share/ament_index/resource_index
creating /home/tianbot/slash_ws/install/mouse_teleop/share/ament_index/resource_index/packages
symbolically linking /home/tianbot/slash_ws/build/mouse_teleop/resource/mouse_teleop -> /home/tianbot/slash_ws/install/mouse_teleop/share/ament_index/resource_index/packages
