[1.241s] Invoking command in '/home/tianbot/slash_ws/build/mouse_teleop': PYTHONPATH=/home/tianbot/slash_ws/build/mouse_teleop/prefix_override:/usr/lib/python3/dist-packages/colcon_core/task/python/colcon_distutils_commands:/home/tianbot/slash_ws/install/mouse_teleop/lib/python3.10/site-packages:${PYTHONPATH} /usr/bin/python3 -W ignore:setup.py install is deprecated -W ignore:easy_install command is deprecated setup.py develop --editable --build-directory /home/tianbot/slash_ws/build/mouse_teleop/build --no-deps symlink_data
[1.729s] running develop
[2.057s] running egg_info
[2.057s] creating mouse_teleop.egg-info
[2.057s] writing mouse_teleop.egg-info/PKG-INFO
[2.058s] writing dependency_links to mouse_teleop.egg-info/dependency_links.txt
[2.061s] writing entry points to mouse_teleop.egg-info/entry_points.txt
[2.061s] writing requirements to mouse_teleop.egg-info/requires.txt
[2.061s] writing top-level names to mouse_teleop.egg-info/top_level.txt
[2.061s] writing manifest file 'mouse_teleop.egg-info/SOURCES.txt'
[2.063s] reading manifest file 'mouse_teleop.egg-info/SOURCES.txt'
[2.064s] writing manifest file 'mouse_teleop.egg-info/SOURCES.txt'
[2.127s] running build_ext
[2.127s] Creating /home/tianbot/slash_ws/install/mouse_teleop/lib/python3.10/site-packages/mouse-teleop.egg-link (link to .)
[2.129s] Installing mouse_teleop script to /home/tianbot/slash_ws/install/mouse_teleop/lib/mouse_teleop
[2.131s] 
[2.131s] Installed /home/tianbot/slash_ws/build/mouse_teleop
[2.131s] running symlink_data
[2.131s] symbolically linking /home/tianbot/slash_ws/build/mouse_teleop/package.xml -> /home/tianbot/slash_ws/install/mouse_teleop/share/mouse_teleop
[2.131s] creating /home/tianbot/slash_ws/install/mouse_teleop/share/mouse_teleop/config
[2.131s] symbolically linking /home/tianbot/slash_ws/build/mouse_teleop/config/mouse_teleop.yaml -> /home/tianbot/slash_ws/install/mouse_teleop/share/mouse_teleop/config
[2.131s] creating /home/tianbot/slash_ws/install/mouse_teleop/share/mouse_teleop/launch
[2.132s] symbolically linking /home/tianbot/slash_ws/build/mouse_teleop/launch/mouse_teleop.launch.py -> /home/tianbot/slash_ws/install/mouse_teleop/share/mouse_teleop/launch
[2.132s] creating /home/tianbot/slash_ws/install/mouse_teleop/share/ament_index
[2.132s] creating /home/tianbot/slash_ws/install/mouse_teleop/share/ament_index/resource_index
[2.132s] creating /home/tianbot/slash_ws/install/mouse_teleop/share/ament_index/resource_index/packages
[2.135s] symbolically linking /home/tianbot/slash_ws/build/mouse_teleop/resource/mouse_teleop -> /home/tianbot/slash_ws/install/mouse_teleop/share/ament_index/resource_index/packages
[2.188s] Invoked command in '/home/tianbot/slash_ws/build/mouse_teleop' returned '0': PYTHONPATH=/home/tianbot/slash_ws/build/mouse_teleop/prefix_override:/usr/lib/python3/dist-packages/colcon_core/task/python/colcon_distutils_commands:/home/tianbot/slash_ws/install/mouse_teleop/lib/python3.10/site-packages:${PYTHONPATH} /usr/bin/python3 -W ignore:setup.py install is deprecated -W ignore:easy_install command is deprecated setup.py develop --editable --build-directory /home/tianbot/slash_ws/build/mouse_teleop/build --no-deps symlink_data
