[0.017s] Invoking command in '/home/tianbot/slash_ws/build/grid_map_msgs': AMENT_PREFIX_PATH=/home/tianbot/slash_ws/install/grid_map_cmake_helpers:${AMENT_PREFIX_PATH} CMAKE_PREFIX_PATH=/home/tianbot/slash_ws/install/grid_map_cmake_helpers:/home/tianbot/tianracer_ros2_ws/install/vesc_ackermann:/home/tianbot/tianracer_ros2_ws/install/vesc_msgs:/home/tianbot/tianracer_ros2_ws/install/vector_pursuit_controller:/home/tianbot/tianracer_ros2_ws/install/tianracer_slam:/home/tianbot/tianracer_ros2_ws/install/tianracer_rviz:/home/tianbot/tianracer_ros2_ws/install/tianracer_navigation2:/home/tianbot/tianracer_ros2_ws/install/tianracer_navigation:/home/tianbot/tianracer_ros2_ws/install/tianracer_jetson:/home/tianbot/tianracer_ros2_ws/install/tianracer_description:/home/tianbot/tianracer_ros2_ws/install/tianracer_core:/home/tianbot/tianracer_ros2_ws/install/tianracer_competition:/home/tianbot/tianracer_ros2_ws/install/tianracer_bringup:/home/tianbot/tianracer_ros2_ws/install/twist_to_ackermann:/home/tianbot/tianracer_ros2_ws/install/tf2_web_republisher_py:/home/tianbot/tianracer_ros2_ws/install/joy_teleop:/home/tianbot/tianracer_ros2_ws/install/mouse_teleop:/home/tianbot/tianracer_ros2_ws/install/key_teleop:/home/tianbot/slash_ws/install/f1tenth_stack:/home/tianbot/slash_ws/install/joy_teleop:/home/tianbot/slash_ws/install/mouse_teleop:/home/tianbot/slash_ws/install/key_teleop:/opt/ros/humble:/home/tianbot/tianracer_ros2_ws/install/tianracer:/home/tianbot/tianracer_ros2_ws/install/tianbot_core:/home/tianbot/tianracer_ros2_ws/install/tf2_web_republisher:/home/tianbot/tianracer_ros2_ws/install/teleop_tools:/home/tianbot/tianracer_ros2_ws/install/teleop_tools_msgs:/home/tianbot/tianracer_ros2_ws/install/teb_local_planner:/home/tianbot/tianracer_ros2_ws/install/teb_msgs:/home/tianbot/tianracer_ros2_ws/install/slam_gmapping:/home/tianbot/tianracer_ros2_ws/install/openslam_gmapping:/home/tianbot/tianracer_ros2_ws/install/lakibeam1:/home/tianbot/tianracer_ros2_ws/install/costmap_intensity:/home/tianbot/tianracer_ros2_ws/install/costmap_converter:/home/tianbot/tianracer_ros2_ws/install/costmap_converter_msgs:/home/tianbot/tianracer_ros2_ws/install/behavior_ext_plugins:/home/tianbot/tianracer_ros2_ws/install/ackermann_mux:/home/tianbot/slash_ws/install/vesc:/home/tianbot/slash_ws/install/vesc_driver:/home/tianbot/slash_ws/install/vesc_ackermann:/home/tianbot/slash_ws/install/vesc_msgs:/home/tianbot/slash_ws/install/teleop_tools:/home/tianbot/slash_ws/install/teleop_tools_msgs:/home/tianbot/slash_ws/install/teb_local_planner:/home/tianbot/slash_ws/install/teb_msgs:/home/tianbot/slash_ws/install/slash_nav2:/home/tianbot/slash_ws/install/pointcloud_to_laserscan:/home/tianbot/slash_ws/install/pointcloud_filter:/home/tianbot/slash_ws/install/fast_lio:/home/tianbot/slash_ws/install/livox_ros_driver2:/home/tianbot/slash_ws/install/linefit_ground_segmentation_ros:/home/tianbot/slash_ws/install/linefit_ground_segmentation:/home/tianbot/slash_ws/install/icp_localization:/home/tianbot/slash_ws/install/dll:/home/tianbot/slash_ws/install/costmap_converter:/home/tianbot/slash_ws/install/costmap_converter_msgs:/home/tianbot/slash_ws/install/ackermann_mux /usr/bin/cmake /home/tianbot/slash_ws/src/slash_perception/grid_map/grid_map_msgs -DAMENT_CMAKE_SYMLINK_INSTALL=1 -DCMAKE_INSTALL_PREFIX=/home/tianbot/slash_ws/install/grid_map_msgs
[0.215s] -- The C compiler identification is GNU 11.4.0
[0.363s] -- The CXX compiler identification is GNU 11.4.0
[0.375s] -- Detecting C compiler ABI info
[0.466s] -- Detecting C compiler ABI info - done
[0.476s] -- Check for working C compiler: /usr/bin/cc - skipped
[0.476s] -- Detecting C compile features
[0.478s] -- Detecting C compile features - done
[0.483s] -- Detecting CXX compiler ABI info
[0.586s] -- Detecting CXX compiler ABI info - done
[0.595s] -- Check for working CXX compiler: /usr/bin/c++ - skipped
[0.596s] -- Detecting CXX compile features
[0.596s] -- Detecting CXX compile features - done
[0.603s] -- Found ament_cmake: 1.3.12 (/opt/ros/humble/share/ament_cmake/cmake)
[0.855s] -- Found Python3: /usr/bin/python3 (found version "3.10.12") found components: Interpreter 
[0.963s] -- Override CMake install command with custom implementation using symlinks instead of copying resources
[1.036s] -- Found grid_map_cmake_helpers: 2.1.0 (/home/tianbot/slash_ws/install/grid_map_cmake_helpers/share/grid_map_cmake_helpers/cmake)
[1.040s] -- Found std_msgs: 4.9.0 (/opt/ros/humble/share/std_msgs/cmake)
[1.112s] -- Found rosidl_generator_c: 3.1.7 (/opt/ros/humble/share/rosidl_generator_c/cmake)
[1.123s] -- Found rosidl_adapter: 3.1.7 (/opt/ros/humble/share/rosidl_adapter/cmake)
[1.140s] -- Found rosidl_generator_cpp: 3.1.7 (/opt/ros/humble/share/rosidl_generator_cpp/cmake)
[1.165s] -- Using all available rosidl_typesupport_c: rosidl_typesupport_fastrtps_c;rosidl_typesupport_introspection_c
[1.203s] -- Using all available rosidl_typesupport_cpp: rosidl_typesupport_fastrtps_cpp;rosidl_typesupport_introspection_cpp
[1.250s] -- Found geometry_msgs: 4.9.0 (/opt/ros/humble/share/geometry_msgs/cmake)
[1.275s] -- Found rosidl_default_generators: 1.2.0 (/opt/ros/humble/share/rosidl_default_generators/cmake)
[1.297s] -- Setting build type to Release as none was specified.
[1.887s] -- Found ament_cmake_ros: 0.10.0 (/opt/ros/humble/share/ament_cmake_ros/cmake)
[3.548s] -- Using all available rosidl_typesupport_c: rosidl_typesupport_fastrtps_c;rosidl_typesupport_introspection_c
[4.243s] -- Using all available rosidl_typesupport_cpp: rosidl_typesupport_fastrtps_cpp;rosidl_typesupport_introspection_cpp
[4.355s] -- Found PythonInterp: /usr/bin/python3 (found suitable version "3.10.12", minimum required is "3.6") 
[4.367s] -- Found python_cmake_module: 0.10.0 (/opt/ros/humble/share/python_cmake_module/cmake)
[4.511s] -- Found PythonLibs: /usr/lib/x86_64-linux-gnu/libpython3.10.so (found suitable version "3.10.12", minimum required is "3.5") 
[4.512s] -- Using PYTHON_EXECUTABLE: /usr/bin/python3
[4.512s] -- Using PYTHON_INCLUDE_DIRS: /usr/include/python3.10
[4.512s] -- Using PYTHON_LIBRARIES: /usr/lib/x86_64-linux-gnu/libpython3.10.so
[4.612s] -- Found PythonExtra: .so  
[4.987s] -- Configuring done
[5.122s] -- Generating done
[5.157s] -- Build files have been written to: /home/tianbot/slash_ws/build/grid_map_msgs
[5.181s] Invoked command in '/home/tianbot/slash_ws/build/grid_map_msgs' returned '0': AMENT_PREFIX_PATH=/home/tianbot/slash_ws/install/grid_map_cmake_helpers:${AMENT_PREFIX_PATH} CMAKE_PREFIX_PATH=/home/tianbot/slash_ws/install/grid_map_cmake_helpers:/home/tianbot/tianracer_ros2_ws/install/vesc_ackermann:/home/tianbot/tianracer_ros2_ws/install/vesc_msgs:/home/tianbot/tianracer_ros2_ws/install/vector_pursuit_controller:/home/tianbot/tianracer_ros2_ws/install/tianracer_slam:/home/tianbot/tianracer_ros2_ws/install/tianracer_rviz:/home/tianbot/tianracer_ros2_ws/install/tianracer_navigation2:/home/tianbot/tianracer_ros2_ws/install/tianracer_navigation:/home/tianbot/tianracer_ros2_ws/install/tianracer_jetson:/home/tianbot/tianracer_ros2_ws/install/tianracer_description:/home/tianbot/tianracer_ros2_ws/install/tianracer_core:/home/tianbot/tianracer_ros2_ws/install/tianracer_competition:/home/tianbot/tianracer_ros2_ws/install/tianracer_bringup:/home/tianbot/tianracer_ros2_ws/install/twist_to_ackermann:/home/tianbot/tianracer_ros2_ws/install/tf2_web_republisher_py:/home/tianbot/tianracer_ros2_ws/install/joy_teleop:/home/tianbot/tianracer_ros2_ws/install/mouse_teleop:/home/tianbot/tianracer_ros2_ws/install/key_teleop:/home/tianbot/slash_ws/install/f1tenth_stack:/home/tianbot/slash_ws/install/joy_teleop:/home/tianbot/slash_ws/install/mouse_teleop:/home/tianbot/slash_ws/install/key_teleop:/opt/ros/humble:/home/tianbot/tianracer_ros2_ws/install/tianracer:/home/tianbot/tianracer_ros2_ws/install/tianbot_core:/home/tianbot/tianracer_ros2_ws/install/tf2_web_republisher:/home/tianbot/tianracer_ros2_ws/install/teleop_tools:/home/tianbot/tianracer_ros2_ws/install/teleop_tools_msgs:/home/tianbot/tianracer_ros2_ws/install/teb_local_planner:/home/tianbot/tianracer_ros2_ws/install/teb_msgs:/home/tianbot/tianracer_ros2_ws/install/slam_gmapping:/home/tianbot/tianracer_ros2_ws/install/openslam_gmapping:/home/tianbot/tianracer_ros2_ws/install/lakibeam1:/home/tianbot/tianracer_ros2_ws/install/costmap_intensity:/home/tianbot/tianracer_ros2_ws/install/costmap_converter:/home/tianbot/tianracer_ros2_ws/install/costmap_converter_msgs:/home/tianbot/tianracer_ros2_ws/install/behavior_ext_plugins:/home/tianbot/tianracer_ros2_ws/install/ackermann_mux:/home/tianbot/slash_ws/install/vesc:/home/tianbot/slash_ws/install/vesc_driver:/home/tianbot/slash_ws/install/vesc_ackermann:/home/tianbot/slash_ws/install/vesc_msgs:/home/tianbot/slash_ws/install/teleop_tools:/home/tianbot/slash_ws/install/teleop_tools_msgs:/home/tianbot/slash_ws/install/teb_local_planner:/home/tianbot/slash_ws/install/teb_msgs:/home/tianbot/slash_ws/install/slash_nav2:/home/tianbot/slash_ws/install/pointcloud_to_laserscan:/home/tianbot/slash_ws/install/pointcloud_filter:/home/tianbot/slash_ws/install/fast_lio:/home/tianbot/slash_ws/install/livox_ros_driver2:/home/tianbot/slash_ws/install/linefit_ground_segmentation_ros:/home/tianbot/slash_ws/install/linefit_ground_segmentation:/home/tianbot/slash_ws/install/icp_localization:/home/tianbot/slash_ws/install/dll:/home/tianbot/slash_ws/install/costmap_converter:/home/tianbot/slash_ws/install/costmap_converter_msgs:/home/tianbot/slash_ws/install/ackermann_mux /usr/bin/cmake /home/tianbot/slash_ws/src/slash_perception/grid_map/grid_map_msgs -DAMENT_CMAKE_SYMLINK_INSTALL=1 -DCMAKE_INSTALL_PREFIX=/home/tianbot/slash_ws/install/grid_map_msgs
[5.182s] Invoking command in '/home/tianbot/slash_ws/build/grid_map_msgs': AMENT_PREFIX_PATH=/home/tianbot/slash_ws/install/grid_map_cmake_helpers:${AMENT_PREFIX_PATH} CMAKE_PREFIX_PATH=/home/tianbot/slash_ws/install/grid_map_cmake_helpers:/home/tianbot/tianracer_ros2_ws/install/vesc_ackermann:/home/tianbot/tianracer_ros2_ws/install/vesc_msgs:/home/tianbot/tianracer_ros2_ws/install/vector_pursuit_controller:/home/tianbot/tianracer_ros2_ws/install/tianracer_slam:/home/tianbot/tianracer_ros2_ws/install/tianracer_rviz:/home/tianbot/tianracer_ros2_ws/install/tianracer_navigation2:/home/tianbot/tianracer_ros2_ws/install/tianracer_navigation:/home/tianbot/tianracer_ros2_ws/install/tianracer_jetson:/home/tianbot/tianracer_ros2_ws/install/tianracer_description:/home/tianbot/tianracer_ros2_ws/install/tianracer_core:/home/tianbot/tianracer_ros2_ws/install/tianracer_competition:/home/tianbot/tianracer_ros2_ws/install/tianracer_bringup:/home/tianbot/tianracer_ros2_ws/install/twist_to_ackermann:/home/tianbot/tianracer_ros2_ws/install/tf2_web_republisher_py:/home/tianbot/tianracer_ros2_ws/install/joy_teleop:/home/tianbot/tianracer_ros2_ws/install/mouse_teleop:/home/tianbot/tianracer_ros2_ws/install/key_teleop:/home/tianbot/slash_ws/install/f1tenth_stack:/home/tianbot/slash_ws/install/joy_teleop:/home/tianbot/slash_ws/install/mouse_teleop:/home/tianbot/slash_ws/install/key_teleop:/opt/ros/humble:/home/tianbot/tianracer_ros2_ws/install/tianracer:/home/tianbot/tianracer_ros2_ws/install/tianbot_core:/home/tianbot/tianracer_ros2_ws/install/tf2_web_republisher:/home/tianbot/tianracer_ros2_ws/install/teleop_tools:/home/tianbot/tianracer_ros2_ws/install/teleop_tools_msgs:/home/tianbot/tianracer_ros2_ws/install/teb_local_planner:/home/tianbot/tianracer_ros2_ws/install/teb_msgs:/home/tianbot/tianracer_ros2_ws/install/slam_gmapping:/home/tianbot/tianracer_ros2_ws/install/openslam_gmapping:/home/tianbot/tianracer_ros2_ws/install/lakibeam1:/home/tianbot/tianracer_ros2_ws/install/costmap_intensity:/home/tianbot/tianracer_ros2_ws/install/costmap_converter:/home/tianbot/tianracer_ros2_ws/install/costmap_converter_msgs:/home/tianbot/tianracer_ros2_ws/install/behavior_ext_plugins:/home/tianbot/tianracer_ros2_ws/install/ackermann_mux:/home/tianbot/slash_ws/install/vesc:/home/tianbot/slash_ws/install/vesc_driver:/home/tianbot/slash_ws/install/vesc_ackermann:/home/tianbot/slash_ws/install/vesc_msgs:/home/tianbot/slash_ws/install/teleop_tools:/home/tianbot/slash_ws/install/teleop_tools_msgs:/home/tianbot/slash_ws/install/teb_local_planner:/home/tianbot/slash_ws/install/teb_msgs:/home/tianbot/slash_ws/install/slash_nav2:/home/tianbot/slash_ws/install/pointcloud_to_laserscan:/home/tianbot/slash_ws/install/pointcloud_filter:/home/tianbot/slash_ws/install/fast_lio:/home/tianbot/slash_ws/install/livox_ros_driver2:/home/tianbot/slash_ws/install/linefit_ground_segmentation_ros:/home/tianbot/slash_ws/install/linefit_ground_segmentation:/home/tianbot/slash_ws/install/icp_localization:/home/tianbot/slash_ws/install/dll:/home/tianbot/slash_ws/install/costmap_converter:/home/tianbot/slash_ws/install/costmap_converter_msgs:/home/tianbot/slash_ws/install/ackermann_mux /usr/bin/cmake --build /home/tianbot/slash_ws/build/grid_map_msgs -- -j4 -l4
[5.315s] [  1%] [34m[1mGenerating C code for ROS interfaces[0m
[5.367s] [  2%] [34m[1mGenerating C++ code for ROS interfaces[0m
[5.374s] [  2%] Built target ament_cmake_python_symlink_grid_map_msgs
[6.602s] running egg_info
[6.603s] creating grid_map_msgs.egg-info
[6.603s] writing grid_map_msgs.egg-info/PKG-INFO
[6.607s] writing dependency_links to grid_map_msgs.egg-info/dependency_links.txt
[6.607s] writing top-level names to grid_map_msgs.egg-info/top_level.txt
[6.610s] writing manifest file 'grid_map_msgs.egg-info/SOURCES.txt'
[6.614s] reading manifest file 'grid_map_msgs.egg-info/SOURCES.txt'
[6.616s] writing manifest file 'grid_map_msgs.egg-info/SOURCES.txt'
[6.732s] [  2%] Built target ament_cmake_python_build_grid_map_msgs_egg
[8.099s] [  4%] [32mBuilding C object CMakeFiles/grid_map_msgs__rosidl_generator_c.dir/rosidl_generator_c/grid_map_msgs/msg/detail/grid_map_info__functions.c.o[0m
[8.111s] [  5%] [32mBuilding C object CMakeFiles/grid_map_msgs__rosidl_generator_c.dir/rosidl_generator_c/grid_map_msgs/msg/detail/grid_map__functions.c.o[0m
[8.150s] [  7%] [32mBuilding C object CMakeFiles/grid_map_msgs__rosidl_generator_c.dir/rosidl_generator_c/grid_map_msgs/srv/detail/set_grid_map__functions.c.o[0m
[8.303s] [  7%] Built target grid_map_msgs__cpp
[8.339s] [  8%] [34m[1mGenerating C++ type support dispatch for ROS interfaces[0m
[8.404s] [  9%] [32mBuilding C object CMakeFiles/grid_map_msgs__rosidl_generator_c.dir/rosidl_generator_c/grid_map_msgs/srv/detail/get_grid_map__functions.c.o[0m
[8.475s] [ 11%] [32mBuilding C object CMakeFiles/grid_map_msgs__rosidl_generator_c.dir/rosidl_generator_c/grid_map_msgs/srv/detail/get_grid_map_info__functions.c.o[0m
[8.702s] [ 12%] [32mBuilding C object CMakeFiles/grid_map_msgs__rosidl_generator_c.dir/rosidl_generator_c/grid_map_msgs/srv/detail/process_file__functions.c.o[0m
[8.909s] [ 14%] [34m[1mGenerating C++ type support for eProsima Fast-RTPS[0m
[8.941s] [ 15%] [34m[1mGenerating C++ introspection for ROS interfaces[0m
[9.184s] [ 16%] [32m[1mLinking C shared library libgrid_map_msgs__rosidl_generator_c.so[0m
[9.268s] [ 16%] Built target grid_map_msgs__rosidl_generator_c
[9.300s] [ 18%] [34m[1mGenerating C type support for eProsima Fast-RTPS[0m
[10.870s] [ 19%] [32mBuilding CXX object CMakeFiles/grid_map_msgs__rosidl_typesupport_cpp.dir/rosidl_typesupport_cpp/grid_map_msgs/msg/grid_map_info__type_support.cpp.o[0m
[11.970s] [ 21%] [32mBuilding CXX object CMakeFiles/grid_map_msgs__rosidl_typesupport_cpp.dir/rosidl_typesupport_cpp/grid_map_msgs/msg/grid_map__type_support.cpp.o[0m
[11.977s] [ 22%] [32mBuilding CXX object CMakeFiles/grid_map_msgs__rosidl_typesupport_introspection_cpp.dir/rosidl_typesupport_introspection_cpp/grid_map_msgs/msg/detail/grid_map_info__type_support.cpp.o[0m
[11.977s] [ 23%] [32mBuilding CXX object CMakeFiles/grid_map_msgs__rosidl_typesupport_fastrtps_c.dir/rosidl_typesupport_fastrtps_c/grid_map_msgs/msg/detail/grid_map_info__type_support_c.cpp.o[0m
[12.140s] [ 25%] [32mBuilding CXX object CMakeFiles/grid_map_msgs__rosidl_typesupport_fastrtps_cpp.dir/rosidl_typesupport_fastrtps_cpp/grid_map_msgs/msg/detail/dds_fastrtps/grid_map_info__type_support.cpp.o[0m
[13.037s] [ 26%] [32mBuilding CXX object CMakeFiles/grid_map_msgs__rosidl_typesupport_cpp.dir/rosidl_typesupport_cpp/grid_map_msgs/srv/set_grid_map__type_support.cpp.o[0m
[13.102s] [ 28%] [32mBuilding CXX object CMakeFiles/grid_map_msgs__rosidl_typesupport_fastrtps_c.dir/rosidl_typesupport_fastrtps_c/grid_map_msgs/msg/detail/grid_map__type_support_c.cpp.o[0m
[13.366s] [ 29%] [32mBuilding CXX object CMakeFiles/grid_map_msgs__rosidl_typesupport_fastrtps_cpp.dir/rosidl_typesupport_fastrtps_cpp/grid_map_msgs/msg/detail/dds_fastrtps/grid_map__type_support.cpp.o[0m
[13.647s] [ 30%] [32mBuilding CXX object CMakeFiles/grid_map_msgs__rosidl_typesupport_introspection_cpp.dir/rosidl_typesupport_introspection_cpp/grid_map_msgs/msg/detail/grid_map__type_support.cpp.o[0m
[14.142s] [ 32%] [32mBuilding CXX object CMakeFiles/grid_map_msgs__rosidl_typesupport_cpp.dir/rosidl_typesupport_cpp/grid_map_msgs/srv/get_grid_map__type_support.cpp.o[0m
[14.821s] [ 33%] [32mBuilding CXX object CMakeFiles/grid_map_msgs__rosidl_typesupport_fastrtps_c.dir/rosidl_typesupport_fastrtps_c/grid_map_msgs/srv/detail/set_grid_map__type_support_c.cpp.o[0m
[15.382s] [ 35%] [32mBuilding CXX object CMakeFiles/grid_map_msgs__rosidl_typesupport_fastrtps_cpp.dir/rosidl_typesupport_fastrtps_cpp/grid_map_msgs/srv/detail/dds_fastrtps/set_grid_map__type_support.cpp.o[0m
[15.415s] [ 36%] [32mBuilding CXX object CMakeFiles/grid_map_msgs__rosidl_typesupport_cpp.dir/rosidl_typesupport_cpp/grid_map_msgs/srv/get_grid_map_info__type_support.cpp.o[0m
[16.057s] [ 38%] [32mBuilding CXX object CMakeFiles/grid_map_msgs__rosidl_typesupport_fastrtps_c.dir/rosidl_typesupport_fastrtps_c/grid_map_msgs/srv/detail/get_grid_map__type_support_c.cpp.o[0m
[16.282s] [ 39%] [32mBuilding CXX object CMakeFiles/grid_map_msgs__rosidl_typesupport_introspection_cpp.dir/rosidl_typesupport_introspection_cpp/grid_map_msgs/srv/detail/set_grid_map__type_support.cpp.o[0m
[16.623s] [ 40%] [32mBuilding CXX object CMakeFiles/grid_map_msgs__rosidl_typesupport_cpp.dir/rosidl_typesupport_cpp/grid_map_msgs/srv/process_file__type_support.cpp.o[0m
[16.989s] [ 42%] [32mBuilding CXX object CMakeFiles/grid_map_msgs__rosidl_typesupport_fastrtps_cpp.dir/rosidl_typesupport_fastrtps_cpp/grid_map_msgs/srv/detail/dds_fastrtps/get_grid_map__type_support.cpp.o[0m
[17.549s] [ 43%] [32mBuilding CXX object CMakeFiles/grid_map_msgs__rosidl_typesupport_fastrtps_c.dir/rosidl_typesupport_fastrtps_c/grid_map_msgs/srv/detail/get_grid_map_info__type_support_c.cpp.o[0m
[17.798s] [ 45%] [32mBuilding CXX object CMakeFiles/grid_map_msgs__rosidl_typesupport_introspection_cpp.dir/rosidl_typesupport_introspection_cpp/grid_map_msgs/srv/detail/get_grid_map__type_support.cpp.o[0m
[17.867s] [ 46%] [32m[1mLinking CXX shared library libgrid_map_msgs__rosidl_typesupport_cpp.so[0m
[18.049s] [ 46%] Built target grid_map_msgs__rosidl_typesupport_cpp
[18.101s] [ 47%] [34m[1mGenerating C introspection for ROS interfaces[0m
[18.831s] [ 49%] [32mBuilding CXX object CMakeFiles/grid_map_msgs__rosidl_typesupport_fastrtps_c.dir/rosidl_typesupport_fastrtps_c/grid_map_msgs/srv/detail/process_file__type_support_c.cpp.o[0m
[18.950s] [ 50%] [32mBuilding CXX object CMakeFiles/grid_map_msgs__rosidl_typesupport_fastrtps_cpp.dir/rosidl_typesupport_fastrtps_cpp/grid_map_msgs/srv/detail/dds_fastrtps/get_grid_map_info__type_support.cpp.o[0m
[20.051s] [ 52%] [32mBuilding CXX object CMakeFiles/grid_map_msgs__rosidl_typesupport_introspection_cpp.dir/rosidl_typesupport_introspection_cpp/grid_map_msgs/srv/detail/get_grid_map_info__type_support.cpp.o[0m
[20.600s] [ 53%] [32m[1mLinking CXX shared library libgrid_map_msgs__rosidl_typesupport_fastrtps_c.so[0m
[20.824s] [ 54%] [32mBuilding CXX object CMakeFiles/grid_map_msgs__rosidl_typesupport_fastrtps_cpp.dir/rosidl_typesupport_fastrtps_cpp/grid_map_msgs/srv/detail/dds_fastrtps/process_file__type_support.cpp.o[0m
[20.936s] [ 54%] Built target grid_map_msgs__rosidl_typesupport_fastrtps_c
[21.002s] [ 56%] [34m[1mGenerating C type support dispatch for ROS interfaces[0m
[21.406s] [ 57%] [32mBuilding C object CMakeFiles/grid_map_msgs__rosidl_typesupport_introspection_c.dir/rosidl_typesupport_introspection_c/grid_map_msgs/msg/detail/grid_map_info__type_support.c.o[0m
[21.544s] [ 59%] [32mBuilding C object CMakeFiles/grid_map_msgs__rosidl_typesupport_introspection_c.dir/rosidl_typesupport_introspection_c/grid_map_msgs/msg/detail/grid_map__type_support.c.o[0m
[21.690s] [ 60%] [32mBuilding CXX object CMakeFiles/grid_map_msgs__rosidl_typesupport_introspection_cpp.dir/rosidl_typesupport_introspection_cpp/grid_map_msgs/srv/detail/process_file__type_support.cpp.o[0m
[21.768s] [ 61%] [32mBuilding C object CMakeFiles/grid_map_msgs__rosidl_typesupport_introspection_c.dir/rosidl_typesupport_introspection_c/grid_map_msgs/srv/detail/set_grid_map__type_support.c.o[0m
[21.879s] [ 63%] [32mBuilding C object CMakeFiles/grid_map_msgs__rosidl_typesupport_introspection_c.dir/rosidl_typesupport_introspection_c/grid_map_msgs/srv/detail/get_grid_map__type_support.c.o[0m
[21.959s] [ 64%] [32mBuilding C object CMakeFiles/grid_map_msgs__rosidl_typesupport_introspection_c.dir/rosidl_typesupport_introspection_c/grid_map_msgs/srv/detail/get_grid_map_info__type_support.c.o[0m
[22.032s] [ 66%] [32mBuilding C object CMakeFiles/grid_map_msgs__rosidl_typesupport_introspection_c.dir/rosidl_typesupport_introspection_c/grid_map_msgs/srv/detail/process_file__type_support.c.o[0m
[22.108s] [ 67%] [32m[1mLinking C shared library libgrid_map_msgs__rosidl_typesupport_introspection_c.so[0m
[22.233s] [ 67%] Built target grid_map_msgs__rosidl_typesupport_introspection_c
[22.742s] [ 69%] [32m[1mLinking CXX shared library libgrid_map_msgs__rosidl_typesupport_fastrtps_cpp.so[0m
[22.954s] [ 69%] Built target grid_map_msgs__rosidl_typesupport_fastrtps_cpp
[23.200s] [ 70%] [32m[1mLinking CXX shared library libgrid_map_msgs__rosidl_typesupport_introspection_cpp.so[0m
[23.383s] [ 70%] Built target grid_map_msgs__rosidl_typesupport_introspection_cpp
[23.417s] [ 71%] [32mBuilding CXX object CMakeFiles/grid_map_msgs__rosidl_typesupport_c.dir/rosidl_typesupport_c/grid_map_msgs/msg/grid_map_info__type_support.cpp.o[0m
[23.417s] [ 73%] [32mBuilding CXX object CMakeFiles/grid_map_msgs__rosidl_typesupport_c.dir/rosidl_typesupport_c/grid_map_msgs/msg/grid_map__type_support.cpp.o[0m
[23.428s] [ 74%] [32mBuilding CXX object CMakeFiles/grid_map_msgs__rosidl_typesupport_c.dir/rosidl_typesupport_c/grid_map_msgs/srv/set_grid_map__type_support.cpp.o[0m
[23.511s] [ 76%] [32mBuilding CXX object CMakeFiles/grid_map_msgs__rosidl_typesupport_c.dir/rosidl_typesupport_c/grid_map_msgs/srv/get_grid_map__type_support.cpp.o[0m
[23.531s] [ 77%] [32mBuilding CXX object CMakeFiles/grid_map_msgs__rosidl_typesupport_c.dir/rosidl_typesupport_c/grid_map_msgs/srv/get_grid_map_info__type_support.cpp.o[0m
[23.543s] [ 78%] [32mBuilding CXX object CMakeFiles/grid_map_msgs__rosidl_typesupport_c.dir/rosidl_typesupport_c/grid_map_msgs/srv/process_file__type_support.cpp.o[0m
[23.649s] [ 80%] [32m[1mLinking CXX shared library libgrid_map_msgs__rosidl_typesupport_c.so[0m
[23.794s] [ 80%] Built target grid_map_msgs__rosidl_typesupport_c
[23.870s] [ 80%] Built target grid_map_msgs
[23.910s] [ 81%] [34m[1mGenerating Python code for ROS interfaces[0m
[27.480s] [ 81%] Built target grid_map_msgs__py
[27.517s] [ 83%] [32mBuilding C object CMakeFiles/grid_map_msgs__rosidl_generator_py.dir/rosidl_generator_py/grid_map_msgs/msg/_grid_map_info_s.c.o[0m
[27.743s] [ 84%] [32mBuilding C object CMakeFiles/grid_map_msgs__rosidl_generator_py.dir/rosidl_generator_py/grid_map_msgs/srv/_get_grid_map_s.c.o[0m
[27.967s] [ 85%] [32mBuilding C object CMakeFiles/grid_map_msgs__rosidl_generator_py.dir/rosidl_generator_py/grid_map_msgs/srv/_get_grid_map_info_s.c.o[0m
[28.133s] [ 87%] [32mBuilding C object CMakeFiles/grid_map_msgs__rosidl_generator_py.dir/rosidl_generator_py/grid_map_msgs/srv/_process_file_s.c.o[0m
[28.301s] [ 88%] [32mBuilding C object CMakeFiles/grid_map_msgs__rosidl_generator_py.dir/rosidl_generator_py/grid_map_msgs/srv/_set_grid_map_s.c.o[0m
[28.460s] [ 90%] [32mBuilding C object CMakeFiles/grid_map_msgs__rosidl_generator_py.dir/rosidl_generator_py/grid_map_msgs/msg/_grid_map_s.c.o[0m
[28.669s] [ 91%] [32m[1mLinking C shared library rosidl_generator_py/grid_map_msgs/libgrid_map_msgs__rosidl_generator_py.so[0m
[28.736s] [ 91%] Built target grid_map_msgs__rosidl_generator_py
[28.766s] [ 92%] [32mBuilding C object CMakeFiles/grid_map_msgs__rosidl_typesupport_fastrtps_c__pyext.dir/rosidl_generator_py/grid_map_msgs/_grid_map_msgs_s.ep.rosidl_typesupport_fastrtps_c.c.o[0m
[29.047s] [ 94%] [32m[1mLinking C shared library rosidl_generator_py/grid_map_msgs/grid_map_msgs_s__rosidl_typesupport_fastrtps_c.cpython-310-x86_64-linux-gnu.so[0m
[29.106s] [ 94%] Built target grid_map_msgs__rosidl_typesupport_fastrtps_c__pyext
[29.135s] [ 95%] [32mBuilding C object CMakeFiles/grid_map_msgs__rosidl_typesupport_c__pyext.dir/rosidl_generator_py/grid_map_msgs/_grid_map_msgs_s.ep.rosidl_typesupport_c.c.o[0m
[29.428s] [ 97%] [32m[1mLinking C shared library rosidl_generator_py/grid_map_msgs/grid_map_msgs_s__rosidl_typesupport_c.cpython-310-x86_64-linux-gnu.so[0m
[29.484s] [ 97%] Built target grid_map_msgs__rosidl_typesupport_c__pyext
[29.516s] [ 98%] [32mBuilding C object CMakeFiles/grid_map_msgs__rosidl_typesupport_introspection_c__pyext.dir/rosidl_generator_py/grid_map_msgs/_grid_map_msgs_s.ep.rosidl_typesupport_introspection_c.c.o[0m
[29.806s] [100%] [32m[1mLinking C shared library rosidl_generator_py/grid_map_msgs/grid_map_msgs_s__rosidl_typesupport_introspection_c.cpython-310-x86_64-linux-gnu.so[0m
[29.861s] [100%] Built target grid_map_msgs__rosidl_typesupport_introspection_c__pyext
[29.881s] Invoked command in '/home/tianbot/slash_ws/build/grid_map_msgs' returned '0': AMENT_PREFIX_PATH=/home/tianbot/slash_ws/install/grid_map_cmake_helpers:${AMENT_PREFIX_PATH} CMAKE_PREFIX_PATH=/home/tianbot/slash_ws/install/grid_map_cmake_helpers:/home/tianbot/tianracer_ros2_ws/install/vesc_ackermann:/home/tianbot/tianracer_ros2_ws/install/vesc_msgs:/home/tianbot/tianracer_ros2_ws/install/vector_pursuit_controller:/home/tianbot/tianracer_ros2_ws/install/tianracer_slam:/home/tianbot/tianracer_ros2_ws/install/tianracer_rviz:/home/tianbot/tianracer_ros2_ws/install/tianracer_navigation2:/home/tianbot/tianracer_ros2_ws/install/tianracer_navigation:/home/tianbot/tianracer_ros2_ws/install/tianracer_jetson:/home/tianbot/tianracer_ros2_ws/install/tianracer_description:/home/tianbot/tianracer_ros2_ws/install/tianracer_core:/home/tianbot/tianracer_ros2_ws/install/tianracer_competition:/home/tianbot/tianracer_ros2_ws/install/tianracer_bringup:/home/tianbot/tianracer_ros2_ws/install/twist_to_ackermann:/home/tianbot/tianracer_ros2_ws/install/tf2_web_republisher_py:/home/tianbot/tianracer_ros2_ws/install/joy_teleop:/home/tianbot/tianracer_ros2_ws/install/mouse_teleop:/home/tianbot/tianracer_ros2_ws/install/key_teleop:/home/tianbot/slash_ws/install/f1tenth_stack:/home/tianbot/slash_ws/install/joy_teleop:/home/tianbot/slash_ws/install/mouse_teleop:/home/tianbot/slash_ws/install/key_teleop:/opt/ros/humble:/home/tianbot/tianracer_ros2_ws/install/tianracer:/home/tianbot/tianracer_ros2_ws/install/tianbot_core:/home/tianbot/tianracer_ros2_ws/install/tf2_web_republisher:/home/tianbot/tianracer_ros2_ws/install/teleop_tools:/home/tianbot/tianracer_ros2_ws/install/teleop_tools_msgs:/home/tianbot/tianracer_ros2_ws/install/teb_local_planner:/home/tianbot/tianracer_ros2_ws/install/teb_msgs:/home/tianbot/tianracer_ros2_ws/install/slam_gmapping:/home/tianbot/tianracer_ros2_ws/install/openslam_gmapping:/home/tianbot/tianracer_ros2_ws/install/lakibeam1:/home/tianbot/tianracer_ros2_ws/install/costmap_intensity:/home/tianbot/tianracer_ros2_ws/install/costmap_converter:/home/tianbot/tianracer_ros2_ws/install/costmap_converter_msgs:/home/tianbot/tianracer_ros2_ws/install/behavior_ext_plugins:/home/tianbot/tianracer_ros2_ws/install/ackermann_mux:/home/tianbot/slash_ws/install/vesc:/home/tianbot/slash_ws/install/vesc_driver:/home/tianbot/slash_ws/install/vesc_ackermann:/home/tianbot/slash_ws/install/vesc_msgs:/home/tianbot/slash_ws/install/teleop_tools:/home/tianbot/slash_ws/install/teleop_tools_msgs:/home/tianbot/slash_ws/install/teb_local_planner:/home/tianbot/slash_ws/install/teb_msgs:/home/tianbot/slash_ws/install/slash_nav2:/home/tianbot/slash_ws/install/pointcloud_to_laserscan:/home/tianbot/slash_ws/install/pointcloud_filter:/home/tianbot/slash_ws/install/fast_lio:/home/tianbot/slash_ws/install/livox_ros_driver2:/home/tianbot/slash_ws/install/linefit_ground_segmentation_ros:/home/tianbot/slash_ws/install/linefit_ground_segmentation:/home/tianbot/slash_ws/install/icp_localization:/home/tianbot/slash_ws/install/dll:/home/tianbot/slash_ws/install/costmap_converter:/home/tianbot/slash_ws/install/costmap_converter_msgs:/home/tianbot/slash_ws/install/ackermann_mux /usr/bin/cmake --build /home/tianbot/slash_ws/build/grid_map_msgs -- -j4 -l4
[29.882s] Invoking command in '/home/tianbot/slash_ws/build/grid_map_msgs': AMENT_PREFIX_PATH=/home/tianbot/slash_ws/install/grid_map_cmake_helpers:${AMENT_PREFIX_PATH} CMAKE_PREFIX_PATH=/home/tianbot/slash_ws/install/grid_map_cmake_helpers:/home/tianbot/tianracer_ros2_ws/install/vesc_ackermann:/home/tianbot/tianracer_ros2_ws/install/vesc_msgs:/home/tianbot/tianracer_ros2_ws/install/vector_pursuit_controller:/home/tianbot/tianracer_ros2_ws/install/tianracer_slam:/home/tianbot/tianracer_ros2_ws/install/tianracer_rviz:/home/tianbot/tianracer_ros2_ws/install/tianracer_navigation2:/home/tianbot/tianracer_ros2_ws/install/tianracer_navigation:/home/tianbot/tianracer_ros2_ws/install/tianracer_jetson:/home/tianbot/tianracer_ros2_ws/install/tianracer_description:/home/tianbot/tianracer_ros2_ws/install/tianracer_core:/home/tianbot/tianracer_ros2_ws/install/tianracer_competition:/home/tianbot/tianracer_ros2_ws/install/tianracer_bringup:/home/tianbot/tianracer_ros2_ws/install/twist_to_ackermann:/home/tianbot/tianracer_ros2_ws/install/tf2_web_republisher_py:/home/tianbot/tianracer_ros2_ws/install/joy_teleop:/home/tianbot/tianracer_ros2_ws/install/mouse_teleop:/home/tianbot/tianracer_ros2_ws/install/key_teleop:/home/tianbot/slash_ws/install/f1tenth_stack:/home/tianbot/slash_ws/install/joy_teleop:/home/tianbot/slash_ws/install/mouse_teleop:/home/tianbot/slash_ws/install/key_teleop:/opt/ros/humble:/home/tianbot/tianracer_ros2_ws/install/tianracer:/home/tianbot/tianracer_ros2_ws/install/tianbot_core:/home/tianbot/tianracer_ros2_ws/install/tf2_web_republisher:/home/tianbot/tianracer_ros2_ws/install/teleop_tools:/home/tianbot/tianracer_ros2_ws/install/teleop_tools_msgs:/home/tianbot/tianracer_ros2_ws/install/teb_local_planner:/home/tianbot/tianracer_ros2_ws/install/teb_msgs:/home/tianbot/tianracer_ros2_ws/install/slam_gmapping:/home/tianbot/tianracer_ros2_ws/install/openslam_gmapping:/home/tianbot/tianracer_ros2_ws/install/lakibeam1:/home/tianbot/tianracer_ros2_ws/install/costmap_intensity:/home/tianbot/tianracer_ros2_ws/install/costmap_converter:/home/tianbot/tianracer_ros2_ws/install/costmap_converter_msgs:/home/tianbot/tianracer_ros2_ws/install/behavior_ext_plugins:/home/tianbot/tianracer_ros2_ws/install/ackermann_mux:/home/tianbot/slash_ws/install/vesc:/home/tianbot/slash_ws/install/vesc_driver:/home/tianbot/slash_ws/install/vesc_ackermann:/home/tianbot/slash_ws/install/vesc_msgs:/home/tianbot/slash_ws/install/teleop_tools:/home/tianbot/slash_ws/install/teleop_tools_msgs:/home/tianbot/slash_ws/install/teb_local_planner:/home/tianbot/slash_ws/install/teb_msgs:/home/tianbot/slash_ws/install/slash_nav2:/home/tianbot/slash_ws/install/pointcloud_to_laserscan:/home/tianbot/slash_ws/install/pointcloud_filter:/home/tianbot/slash_ws/install/fast_lio:/home/tianbot/slash_ws/install/livox_ros_driver2:/home/tianbot/slash_ws/install/linefit_ground_segmentation_ros:/home/tianbot/slash_ws/install/linefit_ground_segmentation:/home/tianbot/slash_ws/install/icp_localization:/home/tianbot/slash_ws/install/dll:/home/tianbot/slash_ws/install/costmap_converter:/home/tianbot/slash_ws/install/costmap_converter_msgs:/home/tianbot/slash_ws/install/ackermann_mux /usr/bin/cmake --install /home/tianbot/slash_ws/build/grid_map_msgs
[29.895s] -- Install configuration: "Release"
[29.897s] -- Execute custom install script
[29.898s] -- Symlinking: /home/tianbot/slash_ws/install/grid_map_msgs/share/ament_index/resource_index/rosidl_interfaces/grid_map_msgs
[29.913s] -- Symlinking: /home/tianbot/slash_ws/install/grid_map_msgs/include/grid_map_msgs/grid_map_msgs/msg/detail/grid_map__functions.h
[29.926s] -- Symlinking: /home/tianbot/slash_ws/install/grid_map_msgs/include/grid_map_msgs/grid_map_msgs/msg/detail/grid_map__struct.h
[29.940s] -- Symlinking: /home/tianbot/slash_ws/install/grid_map_msgs/include/grid_map_msgs/grid_map_msgs/msg/detail/grid_map__type_support.h
[29.953s] -- Symlinking: /home/tianbot/slash_ws/install/grid_map_msgs/include/grid_map_msgs/grid_map_msgs/msg/detail/grid_map_info__functions.h
[29.966s] -- Symlinking: /home/tianbot/slash_ws/install/grid_map_msgs/include/grid_map_msgs/grid_map_msgs/msg/detail/grid_map_info__struct.h
[29.979s] -- Symlinking: /home/tianbot/slash_ws/install/grid_map_msgs/include/grid_map_msgs/grid_map_msgs/msg/detail/grid_map_info__type_support.h
[29.990s] -- Symlinking: /home/tianbot/slash_ws/install/grid_map_msgs/include/grid_map_msgs/grid_map_msgs/msg/grid_map.h
[30.004s] -- Symlinking: /home/tianbot/slash_ws/install/grid_map_msgs/include/grid_map_msgs/grid_map_msgs/msg/grid_map_info.h
[30.015s] -- Symlinking: /home/tianbot/slash_ws/install/grid_map_msgs/include/grid_map_msgs/grid_map_msgs/msg/rosidl_generator_c__visibility_control.h
[30.027s] -- Symlinking: /home/tianbot/slash_ws/install/grid_map_msgs/include/grid_map_msgs/grid_map_msgs/srv/detail/get_grid_map__functions.h
[30.040s] -- Symlinking: /home/tianbot/slash_ws/install/grid_map_msgs/include/grid_map_msgs/grid_map_msgs/srv/detail/get_grid_map__struct.h
[30.051s] -- Symlinking: /home/tianbot/slash_ws/install/grid_map_msgs/include/grid_map_msgs/grid_map_msgs/srv/detail/get_grid_map__type_support.h
[30.064s] -- Symlinking: /home/tianbot/slash_ws/install/grid_map_msgs/include/grid_map_msgs/grid_map_msgs/srv/detail/get_grid_map_info__functions.h
[30.077s] -- Symlinking: /home/tianbot/slash_ws/install/grid_map_msgs/include/grid_map_msgs/grid_map_msgs/srv/detail/get_grid_map_info__struct.h
[30.089s] -- Symlinking: /home/tianbot/slash_ws/install/grid_map_msgs/include/grid_map_msgs/grid_map_msgs/srv/detail/get_grid_map_info__type_support.h
[30.101s] -- Symlinking: /home/tianbot/slash_ws/install/grid_map_msgs/include/grid_map_msgs/grid_map_msgs/srv/detail/process_file__functions.h
[30.113s] -- Symlinking: /home/tianbot/slash_ws/install/grid_map_msgs/include/grid_map_msgs/grid_map_msgs/srv/detail/process_file__struct.h
[30.125s] -- Symlinking: /home/tianbot/slash_ws/install/grid_map_msgs/include/grid_map_msgs/grid_map_msgs/srv/detail/process_file__type_support.h
[30.137s] -- Symlinking: /home/tianbot/slash_ws/install/grid_map_msgs/include/grid_map_msgs/grid_map_msgs/srv/detail/set_grid_map__functions.h
[30.148s] -- Symlinking: /home/tianbot/slash_ws/install/grid_map_msgs/include/grid_map_msgs/grid_map_msgs/srv/detail/set_grid_map__struct.h
[30.160s] -- Symlinking: /home/tianbot/slash_ws/install/grid_map_msgs/include/grid_map_msgs/grid_map_msgs/srv/detail/set_grid_map__type_support.h
[30.176s] -- Symlinking: /home/tianbot/slash_ws/install/grid_map_msgs/include/grid_map_msgs/grid_map_msgs/srv/get_grid_map.h
[30.184s] -- Symlinking: /home/tianbot/slash_ws/install/grid_map_msgs/include/grid_map_msgs/grid_map_msgs/srv/get_grid_map_info.h
[30.200s] -- Symlinking: /home/tianbot/slash_ws/install/grid_map_msgs/include/grid_map_msgs/grid_map_msgs/srv/process_file.h
[30.212s] -- Symlinking: /home/tianbot/slash_ws/install/grid_map_msgs/include/grid_map_msgs/grid_map_msgs/srv/set_grid_map.h
[30.224s] -- Symlinking: /home/tianbot/slash_ws/install/grid_map_msgs/share/grid_map_msgs/environment/library_path.sh
[30.236s] -- Symlinking: /home/tianbot/slash_ws/install/grid_map_msgs/share/grid_map_msgs/environment/library_path.dsv
[30.251s] -- Symlinking: /home/tianbot/slash_ws/install/grid_map_msgs/include/grid_map_msgs/grid_map_msgs/msg/detail/grid_map__rosidl_typesupport_fastrtps_c.h
[30.266s] -- Symlinking: /home/tianbot/slash_ws/install/grid_map_msgs/include/grid_map_msgs/grid_map_msgs/msg/detail/grid_map_info__rosidl_typesupport_fastrtps_c.h
[30.282s] -- Symlinking: /home/tianbot/slash_ws/install/grid_map_msgs/include/grid_map_msgs/grid_map_msgs/msg/rosidl_typesupport_fastrtps_c__visibility_control.h
[30.294s] -- Symlinking: /home/tianbot/slash_ws/install/grid_map_msgs/include/grid_map_msgs/grid_map_msgs/srv/detail/get_grid_map__rosidl_typesupport_fastrtps_c.h
[30.306s] -- Symlinking: /home/tianbot/slash_ws/install/grid_map_msgs/include/grid_map_msgs/grid_map_msgs/srv/detail/get_grid_map_info__rosidl_typesupport_fastrtps_c.h
[30.318s] -- Symlinking: /home/tianbot/slash_ws/install/grid_map_msgs/include/grid_map_msgs/grid_map_msgs/srv/detail/process_file__rosidl_typesupport_fastrtps_c.h
[30.331s] -- Symlinking: /home/tianbot/slash_ws/install/grid_map_msgs/include/grid_map_msgs/grid_map_msgs/srv/detail/set_grid_map__rosidl_typesupport_fastrtps_c.h
[30.344s] -- Symlinking: /home/tianbot/slash_ws/install/grid_map_msgs/include/grid_map_msgs/grid_map_msgs/msg/detail/grid_map__builder.hpp
[30.356s] -- Symlinking: /home/tianbot/slash_ws/install/grid_map_msgs/include/grid_map_msgs/grid_map_msgs/msg/detail/grid_map__struct.hpp
[30.368s] -- Symlinking: /home/tianbot/slash_ws/install/grid_map_msgs/include/grid_map_msgs/grid_map_msgs/msg/detail/grid_map__traits.hpp
[30.380s] -- Symlinking: /home/tianbot/slash_ws/install/grid_map_msgs/include/grid_map_msgs/grid_map_msgs/msg/detail/grid_map__type_support.hpp
[30.393s] -- Symlinking: /home/tianbot/slash_ws/install/grid_map_msgs/include/grid_map_msgs/grid_map_msgs/msg/detail/grid_map_info__builder.hpp
[30.406s] -- Symlinking: /home/tianbot/slash_ws/install/grid_map_msgs/include/grid_map_msgs/grid_map_msgs/msg/detail/grid_map_info__struct.hpp
[30.419s] -- Symlinking: /home/tianbot/slash_ws/install/grid_map_msgs/include/grid_map_msgs/grid_map_msgs/msg/detail/grid_map_info__traits.hpp
[30.433s] -- Symlinking: /home/tianbot/slash_ws/install/grid_map_msgs/include/grid_map_msgs/grid_map_msgs/msg/detail/grid_map_info__type_support.hpp
[30.445s] -- Symlinking: /home/tianbot/slash_ws/install/grid_map_msgs/include/grid_map_msgs/grid_map_msgs/msg/grid_map.hpp
[30.457s] -- Symlinking: /home/tianbot/slash_ws/install/grid_map_msgs/include/grid_map_msgs/grid_map_msgs/msg/grid_map_info.hpp
[30.470s] -- Symlinking: /home/tianbot/slash_ws/install/grid_map_msgs/include/grid_map_msgs/grid_map_msgs/msg/rosidl_generator_cpp__visibility_control.hpp
[30.482s] -- Symlinking: /home/tianbot/slash_ws/install/grid_map_msgs/include/grid_map_msgs/grid_map_msgs/srv/detail/get_grid_map__builder.hpp
[30.494s] -- Symlinking: /home/tianbot/slash_ws/install/grid_map_msgs/include/grid_map_msgs/grid_map_msgs/srv/detail/get_grid_map__struct.hpp
[30.506s] -- Symlinking: /home/tianbot/slash_ws/install/grid_map_msgs/include/grid_map_msgs/grid_map_msgs/srv/detail/get_grid_map__traits.hpp
[30.517s] -- Symlinking: /home/tianbot/slash_ws/install/grid_map_msgs/include/grid_map_msgs/grid_map_msgs/srv/detail/get_grid_map__type_support.hpp
[30.529s] -- Symlinking: /home/tianbot/slash_ws/install/grid_map_msgs/include/grid_map_msgs/grid_map_msgs/srv/detail/get_grid_map_info__builder.hpp
[30.540s] -- Symlinking: /home/tianbot/slash_ws/install/grid_map_msgs/include/grid_map_msgs/grid_map_msgs/srv/detail/get_grid_map_info__struct.hpp
[30.552s] -- Symlinking: /home/tianbot/slash_ws/install/grid_map_msgs/include/grid_map_msgs/grid_map_msgs/srv/detail/get_grid_map_info__traits.hpp
[30.564s] -- Symlinking: /home/tianbot/slash_ws/install/grid_map_msgs/include/grid_map_msgs/grid_map_msgs/srv/detail/get_grid_map_info__type_support.hpp
[30.581s] -- Symlinking: /home/tianbot/slash_ws/install/grid_map_msgs/include/grid_map_msgs/grid_map_msgs/srv/detail/process_file__builder.hpp
[30.599s] -- Symlinking: /home/tianbot/slash_ws/install/grid_map_msgs/include/grid_map_msgs/grid_map_msgs/srv/detail/process_file__struct.hpp
[30.613s] -- Symlinking: /home/tianbot/slash_ws/install/grid_map_msgs/include/grid_map_msgs/grid_map_msgs/srv/detail/process_file__traits.hpp
[30.624s] -- Symlinking: /home/tianbot/slash_ws/install/grid_map_msgs/include/grid_map_msgs/grid_map_msgs/srv/detail/process_file__type_support.hpp
[30.636s] -- Symlinking: /home/tianbot/slash_ws/install/grid_map_msgs/include/grid_map_msgs/grid_map_msgs/srv/detail/set_grid_map__builder.hpp
[30.648s] -- Symlinking: /home/tianbot/slash_ws/install/grid_map_msgs/include/grid_map_msgs/grid_map_msgs/srv/detail/set_grid_map__struct.hpp
[30.659s] -- Symlinking: /home/tianbot/slash_ws/install/grid_map_msgs/include/grid_map_msgs/grid_map_msgs/srv/detail/set_grid_map__traits.hpp
[30.671s] -- Symlinking: /home/tianbot/slash_ws/install/grid_map_msgs/include/grid_map_msgs/grid_map_msgs/srv/detail/set_grid_map__type_support.hpp
[30.683s] -- Symlinking: /home/tianbot/slash_ws/install/grid_map_msgs/include/grid_map_msgs/grid_map_msgs/srv/get_grid_map.hpp
[30.696s] -- Symlinking: /home/tianbot/slash_ws/install/grid_map_msgs/include/grid_map_msgs/grid_map_msgs/srv/get_grid_map_info.hpp
[30.710s] -- Symlinking: /home/tianbot/slash_ws/install/grid_map_msgs/include/grid_map_msgs/grid_map_msgs/srv/process_file.hpp
[30.721s] -- Symlinking: /home/tianbot/slash_ws/install/grid_map_msgs/include/grid_map_msgs/grid_map_msgs/srv/set_grid_map.hpp
[30.734s] -- Symlinking: /home/tianbot/slash_ws/install/grid_map_msgs/include/grid_map_msgs/grid_map_msgs/msg/detail/grid_map__rosidl_typesupport_fastrtps_cpp.hpp
[30.746s] -- Symlinking: /home/tianbot/slash_ws/install/grid_map_msgs/include/grid_map_msgs/grid_map_msgs/msg/detail/grid_map_info__rosidl_typesupport_fastrtps_cpp.hpp
[30.757s] -- Symlinking: /home/tianbot/slash_ws/install/grid_map_msgs/include/grid_map_msgs/grid_map_msgs/msg/rosidl_typesupport_fastrtps_cpp__visibility_control.h
[30.769s] -- Symlinking: /home/tianbot/slash_ws/install/grid_map_msgs/include/grid_map_msgs/grid_map_msgs/srv/detail/get_grid_map__rosidl_typesupport_fastrtps_cpp.hpp
[30.783s] -- Symlinking: /home/tianbot/slash_ws/install/grid_map_msgs/include/grid_map_msgs/grid_map_msgs/srv/detail/get_grid_map_info__rosidl_typesupport_fastrtps_cpp.hpp
[30.796s] -- Symlinking: /home/tianbot/slash_ws/install/grid_map_msgs/include/grid_map_msgs/grid_map_msgs/srv/detail/process_file__rosidl_typesupport_fastrtps_cpp.hpp
[30.808s] -- Symlinking: /home/tianbot/slash_ws/install/grid_map_msgs/include/grid_map_msgs/grid_map_msgs/srv/detail/set_grid_map__rosidl_typesupport_fastrtps_cpp.hpp
[30.819s] -- Symlinking: /home/tianbot/slash_ws/install/grid_map_msgs/include/grid_map_msgs/grid_map_msgs/msg/detail/grid_map__rosidl_typesupport_introspection_c.h
[30.831s] -- Symlinking: /home/tianbot/slash_ws/install/grid_map_msgs/include/grid_map_msgs/grid_map_msgs/msg/detail/grid_map_info__rosidl_typesupport_introspection_c.h
[30.842s] -- Symlinking: /home/tianbot/slash_ws/install/grid_map_msgs/include/grid_map_msgs/grid_map_msgs/msg/rosidl_typesupport_introspection_c__visibility_control.h
[30.853s] -- Symlinking: /home/tianbot/slash_ws/install/grid_map_msgs/include/grid_map_msgs/grid_map_msgs/srv/detail/get_grid_map__rosidl_typesupport_introspection_c.h
[30.866s] -- Symlinking: /home/tianbot/slash_ws/install/grid_map_msgs/include/grid_map_msgs/grid_map_msgs/srv/detail/get_grid_map_info__rosidl_typesupport_introspection_c.h
[30.881s] -- Symlinking: /home/tianbot/slash_ws/install/grid_map_msgs/include/grid_map_msgs/grid_map_msgs/srv/detail/process_file__rosidl_typesupport_introspection_c.h
[30.892s] -- Symlinking: /home/tianbot/slash_ws/install/grid_map_msgs/include/grid_map_msgs/grid_map_msgs/srv/detail/set_grid_map__rosidl_typesupport_introspection_c.h
[30.906s] -- Symlinking: /home/tianbot/slash_ws/install/grid_map_msgs/include/grid_map_msgs/grid_map_msgs/msg/detail/grid_map__rosidl_typesupport_introspection_cpp.hpp
[30.923s] -- Symlinking: /home/tianbot/slash_ws/install/grid_map_msgs/include/grid_map_msgs/grid_map_msgs/msg/detail/grid_map_info__rosidl_typesupport_introspection_cpp.hpp
[30.936s] -- Symlinking: /home/tianbot/slash_ws/install/grid_map_msgs/include/grid_map_msgs/grid_map_msgs/srv/detail/get_grid_map__rosidl_typesupport_introspection_cpp.hpp
[30.947s] -- Symlinking: /home/tianbot/slash_ws/install/grid_map_msgs/include/grid_map_msgs/grid_map_msgs/srv/detail/get_grid_map_info__rosidl_typesupport_introspection_cpp.hpp
[30.959s] -- Symlinking: /home/tianbot/slash_ws/install/grid_map_msgs/include/grid_map_msgs/grid_map_msgs/srv/detail/process_file__rosidl_typesupport_introspection_cpp.hpp
[30.971s] -- Symlinking: /home/tianbot/slash_ws/install/grid_map_msgs/include/grid_map_msgs/grid_map_msgs/srv/detail/set_grid_map__rosidl_typesupport_introspection_cpp.hpp
[30.995s] -- Symlinking: /home/tianbot/slash_ws/install/grid_map_msgs/share/grid_map_msgs/environment/pythonpath.sh
[31.010s] -- Symlinking: /home/tianbot/slash_ws/install/grid_map_msgs/share/grid_map_msgs/environment/pythonpath.dsv
[31.021s] -- Symlinking: /home/tianbot/slash_ws/install/grid_map_msgs/local/lib/python3.10/dist-packages/grid_map_msgs-2.1.0-py3.10.egg-info/PKG-INFO
[31.033s] -- Symlinking: /home/tianbot/slash_ws/install/grid_map_msgs/local/lib/python3.10/dist-packages/grid_map_msgs-2.1.0-py3.10.egg-info/SOURCES.txt
[31.044s] -- Symlinking: /home/tianbot/slash_ws/install/grid_map_msgs/local/lib/python3.10/dist-packages/grid_map_msgs-2.1.0-py3.10.egg-info/dependency_links.txt
[31.056s] -- Symlinking: /home/tianbot/slash_ws/install/grid_map_msgs/local/lib/python3.10/dist-packages/grid_map_msgs-2.1.0-py3.10.egg-info/top_level.txt
[31.068s] -- Symlinking: /home/tianbot/slash_ws/install/grid_map_msgs/local/lib/python3.10/dist-packages/grid_map_msgs/__init__.py
[31.082s] -- Symlinking: /home/tianbot/slash_ws/install/grid_map_msgs/local/lib/python3.10/dist-packages/grid_map_msgs/_grid_map_msgs_s.ep.rosidl_typesupport_c.c
[31.093s] -- Symlinking: /home/tianbot/slash_ws/install/grid_map_msgs/local/lib/python3.10/dist-packages/grid_map_msgs/_grid_map_msgs_s.ep.rosidl_typesupport_fastrtps_c.c
[31.108s] -- Symlinking: /home/tianbot/slash_ws/install/grid_map_msgs/local/lib/python3.10/dist-packages/grid_map_msgs/_grid_map_msgs_s.ep.rosidl_typesupport_introspection_c.c
[31.121s] -- Symlinking: /home/tianbot/slash_ws/install/grid_map_msgs/local/lib/python3.10/dist-packages/grid_map_msgs/grid_map_msgs_s__rosidl_typesupport_c.cpython-310-x86_64-linux-gnu.so
[31.134s] -- Symlinking: /home/tianbot/slash_ws/install/grid_map_msgs/local/lib/python3.10/dist-packages/grid_map_msgs/grid_map_msgs_s__rosidl_typesupport_fastrtps_c.cpython-310-x86_64-linux-gnu.so
[31.145s] -- Symlinking: /home/tianbot/slash_ws/install/grid_map_msgs/local/lib/python3.10/dist-packages/grid_map_msgs/grid_map_msgs_s__rosidl_typesupport_introspection_c.cpython-310-x86_64-linux-gnu.so
[31.156s] -- Symlinking: /home/tianbot/slash_ws/install/grid_map_msgs/local/lib/python3.10/dist-packages/grid_map_msgs/libgrid_map_msgs__rosidl_generator_py.so
[31.168s] -- Symlinking: /home/tianbot/slash_ws/install/grid_map_msgs/local/lib/python3.10/dist-packages/grid_map_msgs/msg/__init__.py
[31.180s] -- Symlinking: /home/tianbot/slash_ws/install/grid_map_msgs/local/lib/python3.10/dist-packages/grid_map_msgs/msg/_grid_map.py
[31.191s] -- Symlinking: /home/tianbot/slash_ws/install/grid_map_msgs/local/lib/python3.10/dist-packages/grid_map_msgs/msg/_grid_map_info.py
[31.202s] -- Symlinking: /home/tianbot/slash_ws/install/grid_map_msgs/local/lib/python3.10/dist-packages/grid_map_msgs/msg/_grid_map_info_s.c
[31.213s] -- Symlinking: /home/tianbot/slash_ws/install/grid_map_msgs/local/lib/python3.10/dist-packages/grid_map_msgs/msg/_grid_map_s.c
[31.225s] -- Symlinking: /home/tianbot/slash_ws/install/grid_map_msgs/local/lib/python3.10/dist-packages/grid_map_msgs/srv/__init__.py
[31.241s] -- Symlinking: /home/tianbot/slash_ws/install/grid_map_msgs/local/lib/python3.10/dist-packages/grid_map_msgs/srv/_get_grid_map.py
[31.256s] -- Symlinking: /home/tianbot/slash_ws/install/grid_map_msgs/local/lib/python3.10/dist-packages/grid_map_msgs/srv/_get_grid_map_info.py
[31.268s] -- Symlinking: /home/tianbot/slash_ws/install/grid_map_msgs/local/lib/python3.10/dist-packages/grid_map_msgs/srv/_get_grid_map_info_s.c
[31.280s] -- Symlinking: /home/tianbot/slash_ws/install/grid_map_msgs/local/lib/python3.10/dist-packages/grid_map_msgs/srv/_get_grid_map_s.c
[31.296s] -- Symlinking: /home/tianbot/slash_ws/install/grid_map_msgs/local/lib/python3.10/dist-packages/grid_map_msgs/srv/_process_file.py
[31.305s] -- Symlinking: /home/tianbot/slash_ws/install/grid_map_msgs/local/lib/python3.10/dist-packages/grid_map_msgs/srv/_process_file_s.c
[31.319s] -- Symlinking: /home/tianbot/slash_ws/install/grid_map_msgs/local/lib/python3.10/dist-packages/grid_map_msgs/srv/_set_grid_map.py
[31.331s] -- Symlinking: /home/tianbot/slash_ws/install/grid_map_msgs/local/lib/python3.10/dist-packages/grid_map_msgs/srv/_set_grid_map_s.c
[31.344s] -- Up-to-date symlink: /home/tianbot/slash_ws/install/grid_map_msgs/local/lib/python3.10/dist-packages/grid_map_msgs/grid_map_msgs_s__rosidl_typesupport_fastrtps_c.cpython-310-x86_64-linux-gnu.so
[31.345s] -- Up-to-date symlink: /home/tianbot/slash_ws/install/grid_map_msgs/local/lib/python3.10/dist-packages/grid_map_msgs/grid_map_msgs_s__rosidl_typesupport_introspection_c.cpython-310-x86_64-linux-gnu.so
[31.347s] -- Up-to-date symlink: /home/tianbot/slash_ws/install/grid_map_msgs/local/lib/python3.10/dist-packages/grid_map_msgs/grid_map_msgs_s__rosidl_typesupport_c.cpython-310-x86_64-linux-gnu.so
[31.347s] -- Symlinking: /home/tianbot/slash_ws/install/grid_map_msgs/share/grid_map_msgs/msg/GridMapInfo.idl
[31.360s] -- Symlinking: /home/tianbot/slash_ws/install/grid_map_msgs/share/grid_map_msgs/msg/GridMap.idl
[31.374s] -- Symlinking: /home/tianbot/slash_ws/install/grid_map_msgs/share/grid_map_msgs/srv/SetGridMap.idl
[31.388s] -- Symlinking: /home/tianbot/slash_ws/install/grid_map_msgs/share/grid_map_msgs/srv/GetGridMap.idl
[31.410s] -- Symlinking: /home/tianbot/slash_ws/install/grid_map_msgs/share/grid_map_msgs/srv/GetGridMapInfo.idl
[31.424s] -- Symlinking: /home/tianbot/slash_ws/install/grid_map_msgs/share/grid_map_msgs/srv/ProcessFile.idl
[31.438s] -- Symlinking: /home/tianbot/slash_ws/install/grid_map_msgs/share/grid_map_msgs/msg/GridMapInfo.msg
[31.452s] -- Symlinking: /home/tianbot/slash_ws/install/grid_map_msgs/share/grid_map_msgs/msg/GridMap.msg
[31.468s] -- Symlinking: /home/tianbot/slash_ws/install/grid_map_msgs/share/grid_map_msgs/srv/SetGridMap.srv
[31.485s] -- Symlinking: /home/tianbot/slash_ws/install/grid_map_msgs/share/grid_map_msgs/srv/SetGridMap_Request.msg
[31.504s] -- Symlinking: /home/tianbot/slash_ws/install/grid_map_msgs/share/grid_map_msgs/srv/SetGridMap_Response.msg
[31.523s] -- Symlinking: /home/tianbot/slash_ws/install/grid_map_msgs/share/grid_map_msgs/srv/GetGridMap.srv
[31.539s] -- Symlinking: /home/tianbot/slash_ws/install/grid_map_msgs/share/grid_map_msgs/srv/GetGridMap_Request.msg
[31.552s] -- Symlinking: /home/tianbot/slash_ws/install/grid_map_msgs/share/grid_map_msgs/srv/GetGridMap_Response.msg
[31.574s] -- Symlinking: /home/tianbot/slash_ws/install/grid_map_msgs/share/grid_map_msgs/srv/GetGridMapInfo.srv
[31.602s] -- Symlinking: /home/tianbot/slash_ws/install/grid_map_msgs/share/grid_map_msgs/srv/GetGridMapInfo_Request.msg
[31.614s] -- Symlinking: /home/tianbot/slash_ws/install/grid_map_msgs/share/grid_map_msgs/srv/GetGridMapInfo_Response.msg
[31.628s] -- Symlinking: /home/tianbot/slash_ws/install/grid_map_msgs/share/grid_map_msgs/srv/ProcessFile.srv
[31.641s] -- Symlinking: /home/tianbot/slash_ws/install/grid_map_msgs/share/grid_map_msgs/srv/ProcessFile_Request.msg
[31.653s] -- Symlinking: /home/tianbot/slash_ws/install/grid_map_msgs/share/grid_map_msgs/srv/ProcessFile_Response.msg
[31.666s] -- Symlinking: /home/tianbot/slash_ws/install/grid_map_msgs/share/ament_index/resource_index/package_run_dependencies/grid_map_msgs
[31.688s] -- Symlinking: /home/tianbot/slash_ws/install/grid_map_msgs/share/ament_index/resource_index/parent_prefix_path/grid_map_msgs
[31.708s] -- Symlinking: /home/tianbot/slash_ws/install/grid_map_msgs/share/grid_map_msgs/environment/ament_prefix_path.sh
[31.727s] -- Symlinking: /home/tianbot/slash_ws/install/grid_map_msgs/share/grid_map_msgs/environment/ament_prefix_path.dsv
[31.746s] -- Symlinking: /home/tianbot/slash_ws/install/grid_map_msgs/share/grid_map_msgs/environment/path.sh
[31.758s] -- Symlinking: /home/tianbot/slash_ws/install/grid_map_msgs/share/grid_map_msgs/environment/path.dsv
[31.778s] -- Symlinking: /home/tianbot/slash_ws/install/grid_map_msgs/share/grid_map_msgs/local_setup.bash
[31.789s] -- Symlinking: /home/tianbot/slash_ws/install/grid_map_msgs/share/grid_map_msgs/local_setup.sh
[31.803s] -- Symlinking: /home/tianbot/slash_ws/install/grid_map_msgs/share/grid_map_msgs/local_setup.zsh
[31.818s] -- Symlinking: /home/tianbot/slash_ws/install/grid_map_msgs/share/grid_map_msgs/local_setup.dsv
[31.836s] -- Symlinking: /home/tianbot/slash_ws/install/grid_map_msgs/share/grid_map_msgs/package.dsv
[31.850s] -- Symlinking: /home/tianbot/slash_ws/install/grid_map_msgs/share/ament_index/resource_index/packages/grid_map_msgs
[31.865s] -- Symlinking: /home/tianbot/slash_ws/install/grid_map_msgs/share/grid_map_msgs/cmake/rosidl_cmake-extras.cmake
[31.878s] -- Symlinking: /home/tianbot/slash_ws/install/grid_map_msgs/share/grid_map_msgs/cmake/ament_cmake_export_dependencies-extras.cmake
[31.906s] -- Symlinking: /home/tianbot/slash_ws/install/grid_map_msgs/share/grid_map_msgs/cmake/ament_cmake_export_include_directories-extras.cmake
[31.921s] -- Symlinking: /home/tianbot/slash_ws/install/grid_map_msgs/share/grid_map_msgs/cmake/ament_cmake_export_libraries-extras.cmake
[31.935s] -- Symlinking: /home/tianbot/slash_ws/install/grid_map_msgs/share/grid_map_msgs/cmake/ament_cmake_export_targets-extras.cmake
[31.952s] -- Symlinking: /home/tianbot/slash_ws/install/grid_map_msgs/share/grid_map_msgs/cmake/rosidl_cmake_export_typesupport_targets-extras.cmake
[31.967s] -- Symlinking: /home/tianbot/slash_ws/install/grid_map_msgs/share/grid_map_msgs/cmake/rosidl_cmake_export_typesupport_libraries-extras.cmake
[31.980s] -- Symlinking: /home/tianbot/slash_ws/install/grid_map_msgs/share/grid_map_msgs/cmake/grid_map_msgsConfig.cmake
[31.994s] -- Symlinking: /home/tianbot/slash_ws/install/grid_map_msgs/share/grid_map_msgs/cmake/grid_map_msgsConfig-version.cmake
[32.011s] -- Symlinking: /home/tianbot/slash_ws/install/grid_map_msgs/share/grid_map_msgs/package.xml
[32.029s] -- Installing: /home/tianbot/slash_ws/install/grid_map_msgs/lib/libgrid_map_msgs__rosidl_generator_c.so
[32.033s] -- Set runtime path of "/home/tianbot/slash_ws/install/grid_map_msgs/lib/libgrid_map_msgs__rosidl_generator_c.so" to ""
[32.033s] -- Installing: /home/tianbot/slash_ws/install/grid_map_msgs/lib/libgrid_map_msgs__rosidl_typesupport_fastrtps_c.so
[32.036s] -- Set runtime path of "/home/tianbot/slash_ws/install/grid_map_msgs/lib/libgrid_map_msgs__rosidl_typesupport_fastrtps_c.so" to ""
[32.036s] -- Installing: /home/tianbot/slash_ws/install/grid_map_msgs/lib/libgrid_map_msgs__rosidl_typesupport_fastrtps_cpp.so
[32.038s] -- Set runtime path of "/home/tianbot/slash_ws/install/grid_map_msgs/lib/libgrid_map_msgs__rosidl_typesupport_fastrtps_cpp.so" to ""
[32.038s] -- Installing: /home/tianbot/slash_ws/install/grid_map_msgs/lib/libgrid_map_msgs__rosidl_typesupport_introspection_c.so
[32.039s] -- Set runtime path of "/home/tianbot/slash_ws/install/grid_map_msgs/lib/libgrid_map_msgs__rosidl_typesupport_introspection_c.so" to ""
[32.040s] -- Installing: /home/tianbot/slash_ws/install/grid_map_msgs/lib/libgrid_map_msgs__rosidl_typesupport_c.so
[32.040s] -- Set runtime path of "/home/tianbot/slash_ws/install/grid_map_msgs/lib/libgrid_map_msgs__rosidl_typesupport_c.so" to ""
[32.041s] -- Installing: /home/tianbot/slash_ws/install/grid_map_msgs/lib/libgrid_map_msgs__rosidl_typesupport_introspection_cpp.so
[32.042s] -- Set runtime path of "/home/tianbot/slash_ws/install/grid_map_msgs/lib/libgrid_map_msgs__rosidl_typesupport_introspection_cpp.so" to ""
[32.042s] -- Installing: /home/tianbot/slash_ws/install/grid_map_msgs/lib/libgrid_map_msgs__rosidl_typesupport_cpp.so
[32.044s] -- Set runtime path of "/home/tianbot/slash_ws/install/grid_map_msgs/lib/libgrid_map_msgs__rosidl_typesupport_cpp.so" to ""
[32.150s] Listing '/home/tianbot/slash_ws/install/grid_map_msgs/local/lib/python3.10/dist-packages/grid_map_msgs'...
[32.150s] Compiling '/home/tianbot/slash_ws/install/grid_map_msgs/local/lib/python3.10/dist-packages/grid_map_msgs/__init__.py'...
[32.153s] Listing '/home/tianbot/slash_ws/install/grid_map_msgs/local/lib/python3.10/dist-packages/grid_map_msgs/msg'...
[32.154s] Compiling '/home/tianbot/slash_ws/install/grid_map_msgs/local/lib/python3.10/dist-packages/grid_map_msgs/msg/__init__.py'...
[32.154s] Compiling '/home/tianbot/slash_ws/install/grid_map_msgs/local/lib/python3.10/dist-packages/grid_map_msgs/msg/_grid_map.py'...
[32.154s] Compiling '/home/tianbot/slash_ws/install/grid_map_msgs/local/lib/python3.10/dist-packages/grid_map_msgs/msg/_grid_map_info.py'...
[32.154s] Listing '/home/tianbot/slash_ws/install/grid_map_msgs/local/lib/python3.10/dist-packages/grid_map_msgs/srv'...
[32.154s] Compiling '/home/tianbot/slash_ws/install/grid_map_msgs/local/lib/python3.10/dist-packages/grid_map_msgs/srv/__init__.py'...
[32.154s] Compiling '/home/tianbot/slash_ws/install/grid_map_msgs/local/lib/python3.10/dist-packages/grid_map_msgs/srv/_get_grid_map.py'...
[32.155s] Compiling '/home/tianbot/slash_ws/install/grid_map_msgs/local/lib/python3.10/dist-packages/grid_map_msgs/srv/_get_grid_map_info.py'...
[32.155s] Compiling '/home/tianbot/slash_ws/install/grid_map_msgs/local/lib/python3.10/dist-packages/grid_map_msgs/srv/_process_file.py'...
[32.158s] Compiling '/home/tianbot/slash_ws/install/grid_map_msgs/local/lib/python3.10/dist-packages/grid_map_msgs/srv/_set_grid_map.py'...
[32.160s] -- Installing: /home/tianbot/slash_ws/install/grid_map_msgs/lib/libgrid_map_msgs__rosidl_generator_py.so
[32.161s] -- Set runtime path of "/home/tianbot/slash_ws/install/grid_map_msgs/lib/libgrid_map_msgs__rosidl_generator_py.so" to ""
[32.161s] -- Installing: /home/tianbot/slash_ws/install/grid_map_msgs/share/grid_map_msgs/cmake/export_grid_map_msgs__rosidl_generator_cExport.cmake
[32.162s] -- Installing: /home/tianbot/slash_ws/install/grid_map_msgs/share/grid_map_msgs/cmake/export_grid_map_msgs__rosidl_generator_cExport-release.cmake
[32.162s] -- Installing: /home/tianbot/slash_ws/install/grid_map_msgs/share/grid_map_msgs/cmake/export_grid_map_msgs__rosidl_typesupport_fastrtps_cExport.cmake
[32.163s] -- Installing: /home/tianbot/slash_ws/install/grid_map_msgs/share/grid_map_msgs/cmake/export_grid_map_msgs__rosidl_typesupport_fastrtps_cExport-release.cmake
[32.164s] -- Installing: /home/tianbot/slash_ws/install/grid_map_msgs/share/grid_map_msgs/cmake/export_grid_map_msgs__rosidl_generator_cppExport.cmake
[32.164s] -- Installing: /home/tianbot/slash_ws/install/grid_map_msgs/share/grid_map_msgs/cmake/export_grid_map_msgs__rosidl_typesupport_fastrtps_cppExport.cmake
[32.167s] -- Installing: /home/tianbot/slash_ws/install/grid_map_msgs/share/grid_map_msgs/cmake/export_grid_map_msgs__rosidl_typesupport_fastrtps_cppExport-release.cmake
[32.168s] -- Installing: /home/tianbot/slash_ws/install/grid_map_msgs/share/grid_map_msgs/cmake/grid_map_msgs__rosidl_typesupport_introspection_cExport.cmake
[32.168s] -- Installing: /home/tianbot/slash_ws/install/grid_map_msgs/share/grid_map_msgs/cmake/grid_map_msgs__rosidl_typesupport_introspection_cExport-release.cmake
[32.168s] -- Installing: /home/tianbot/slash_ws/install/grid_map_msgs/share/grid_map_msgs/cmake/grid_map_msgs__rosidl_typesupport_cExport.cmake
[32.169s] -- Installing: /home/tianbot/slash_ws/install/grid_map_msgs/share/grid_map_msgs/cmake/grid_map_msgs__rosidl_typesupport_cExport-release.cmake
[32.170s] -- Installing: /home/tianbot/slash_ws/install/grid_map_msgs/share/grid_map_msgs/cmake/grid_map_msgs__rosidl_typesupport_introspection_cppExport.cmake
[32.170s] -- Installing: /home/tianbot/slash_ws/install/grid_map_msgs/share/grid_map_msgs/cmake/grid_map_msgs__rosidl_typesupport_introspection_cppExport-release.cmake
[32.170s] -- Installing: /home/tianbot/slash_ws/install/grid_map_msgs/share/grid_map_msgs/cmake/grid_map_msgs__rosidl_typesupport_cppExport.cmake
[32.175s] -- Installing: /home/tianbot/slash_ws/install/grid_map_msgs/share/grid_map_msgs/cmake/grid_map_msgs__rosidl_typesupport_cppExport-release.cmake
[32.175s] -- Installing: /home/tianbot/slash_ws/install/grid_map_msgs/share/grid_map_msgs/cmake/export_grid_map_msgs__rosidl_generator_pyExport.cmake
[32.175s] -- Installing: /home/tianbot/slash_ws/install/grid_map_msgs/share/grid_map_msgs/cmake/export_grid_map_msgs__rosidl_generator_pyExport-release.cmake
[32.177s] Invoked command in '/home/tianbot/slash_ws/build/grid_map_msgs' returned '0': AMENT_PREFIX_PATH=/home/tianbot/slash_ws/install/grid_map_cmake_helpers:${AMENT_PREFIX_PATH} CMAKE_PREFIX_PATH=/home/tianbot/slash_ws/install/grid_map_cmake_helpers:/home/tianbot/tianracer_ros2_ws/install/vesc_ackermann:/home/tianbot/tianracer_ros2_ws/install/vesc_msgs:/home/tianbot/tianracer_ros2_ws/install/vector_pursuit_controller:/home/tianbot/tianracer_ros2_ws/install/tianracer_slam:/home/tianbot/tianracer_ros2_ws/install/tianracer_rviz:/home/tianbot/tianracer_ros2_ws/install/tianracer_navigation2:/home/tianbot/tianracer_ros2_ws/install/tianracer_navigation:/home/tianbot/tianracer_ros2_ws/install/tianracer_jetson:/home/tianbot/tianracer_ros2_ws/install/tianracer_description:/home/tianbot/tianracer_ros2_ws/install/tianracer_core:/home/tianbot/tianracer_ros2_ws/install/tianracer_competition:/home/tianbot/tianracer_ros2_ws/install/tianracer_bringup:/home/tianbot/tianracer_ros2_ws/install/twist_to_ackermann:/home/tianbot/tianracer_ros2_ws/install/tf2_web_republisher_py:/home/tianbot/tianracer_ros2_ws/install/joy_teleop:/home/tianbot/tianracer_ros2_ws/install/mouse_teleop:/home/tianbot/tianracer_ros2_ws/install/key_teleop:/home/tianbot/slash_ws/install/f1tenth_stack:/home/tianbot/slash_ws/install/joy_teleop:/home/tianbot/slash_ws/install/mouse_teleop:/home/tianbot/slash_ws/install/key_teleop:/opt/ros/humble:/home/tianbot/tianracer_ros2_ws/install/tianracer:/home/tianbot/tianracer_ros2_ws/install/tianbot_core:/home/tianbot/tianracer_ros2_ws/install/tf2_web_republisher:/home/tianbot/tianracer_ros2_ws/install/teleop_tools:/home/tianbot/tianracer_ros2_ws/install/teleop_tools_msgs:/home/tianbot/tianracer_ros2_ws/install/teb_local_planner:/home/tianbot/tianracer_ros2_ws/install/teb_msgs:/home/tianbot/tianracer_ros2_ws/install/slam_gmapping:/home/tianbot/tianracer_ros2_ws/install/openslam_gmapping:/home/tianbot/tianracer_ros2_ws/install/lakibeam1:/home/tianbot/tianracer_ros2_ws/install/costmap_intensity:/home/tianbot/tianracer_ros2_ws/install/costmap_converter:/home/tianbot/tianracer_ros2_ws/install/costmap_converter_msgs:/home/tianbot/tianracer_ros2_ws/install/behavior_ext_plugins:/home/tianbot/tianracer_ros2_ws/install/ackermann_mux:/home/tianbot/slash_ws/install/vesc:/home/tianbot/slash_ws/install/vesc_driver:/home/tianbot/slash_ws/install/vesc_ackermann:/home/tianbot/slash_ws/install/vesc_msgs:/home/tianbot/slash_ws/install/teleop_tools:/home/tianbot/slash_ws/install/teleop_tools_msgs:/home/tianbot/slash_ws/install/teb_local_planner:/home/tianbot/slash_ws/install/teb_msgs:/home/tianbot/slash_ws/install/slash_nav2:/home/tianbot/slash_ws/install/pointcloud_to_laserscan:/home/tianbot/slash_ws/install/pointcloud_filter:/home/tianbot/slash_ws/install/fast_lio:/home/tianbot/slash_ws/install/livox_ros_driver2:/home/tianbot/slash_ws/install/linefit_ground_segmentation_ros:/home/tianbot/slash_ws/install/linefit_ground_segmentation:/home/tianbot/slash_ws/install/icp_localization:/home/tianbot/slash_ws/install/dll:/home/tianbot/slash_ws/install/costmap_converter:/home/tianbot/slash_ws/install/costmap_converter_msgs:/home/tianbot/slash_ws/install/ackermann_mux /usr/bin/cmake --install /home/tianbot/slash_ws/build/grid_map_msgs
