[0.026s] Invoking command in '/home/tianbot/slash_ws/build/slash_nav2': CMAKE_PREFIX_PATH=/home/tianbot/tianracer_ros2_ws/install/vesc_ackermann:/home/tianbot/tianracer_ros2_ws/install/vesc_msgs:/home/tianbot/tianracer_ros2_ws/install/vector_pursuit_controller:/home/tianbot/tianracer_ros2_ws/install/tianracer_slam:/home/tianbot/tianracer_ros2_ws/install/tianracer_rviz:/home/tianbot/tianracer_ros2_ws/install/tianracer_navigation2:/home/tianbot/tianracer_ros2_ws/install/tianracer_navigation:/home/tianbot/tianracer_ros2_ws/install/tianracer_jetson:/home/tianbot/tianracer_ros2_ws/install/tianracer_description:/home/tianbot/tianracer_ros2_ws/install/tianracer_core:/home/tianbot/tianracer_ros2_ws/install/tianracer_competition:/home/tianbot/tianracer_ros2_ws/install/tianracer_bringup:/home/tianbot/tianracer_ros2_ws/install/twist_to_ackermann:/home/tianbot/tianracer_ros2_ws/install/tf2_web_republisher_py:/home/tianbot/tianracer_ros2_ws/install/joy_teleop:/home/tianbot/tianracer_ros2_ws/install/mouse_teleop:/home/tianbot/tianracer_ros2_ws/install/key_teleop:/opt/ros/humble:/home/tianbot/tianracer_ros2_ws/install/tianracer:/home/tianbot/tianracer_ros2_ws/install/tianbot_core:/home/tianbot/tianracer_ros2_ws/install/tf2_web_republisher:/home/tianbot/tianracer_ros2_ws/install/teleop_tools:/home/tianbot/tianracer_ros2_ws/install/teleop_tools_msgs:/home/tianbot/tianracer_ros2_ws/install/teb_local_planner:/home/tianbot/tianracer_ros2_ws/install/teb_msgs:/home/tianbot/tianracer_ros2_ws/install/slam_gmapping:/home/tianbot/tianracer_ros2_ws/install/openslam_gmapping:/home/tianbot/tianracer_ros2_ws/install/lakibeam1:/home/tianbot/tianracer_ros2_ws/install/costmap_intensity:/home/tianbot/tianracer_ros2_ws/install/costmap_converter:/home/tianbot/tianracer_ros2_ws/install/costmap_converter_msgs:/home/tianbot/tianracer_ros2_ws/install/behavior_ext_plugins:/home/tianbot/tianracer_ros2_ws/install/ackermann_mux /usr/bin/cmake /home/tianbot/slash_ws/src/slash_navigation/slash_nav2 -DAMENT_CMAKE_SYMLINK_INSTALL=1 -DCMAKE_INSTALL_PREFIX=/home/tianbot/slash_ws/install/slash_nav2
[0.106s] -- The C compiler identification is GNU 11.4.0
[0.187s] -- The CXX compiler identification is GNU 11.4.0
[0.205s] -- Detecting C compiler ABI info
[0.342s] -- Detecting C compiler ABI info - done
[0.354s] -- Check for working C compiler: /usr/bin/cc - skipped
[0.354s] -- Detecting C compile features
[0.354s] -- Detecting C compile features - done
[0.360s] -- Detecting CXX compiler ABI info
[0.473s] -- Detecting CXX compiler ABI info - done
[0.496s] -- Check for working CXX compiler: /usr/bin/c++ - skipped
[0.496s] -- Detecting CXX compile features
[0.497s] -- Detecting CXX compile features - done
[0.506s] -- Found ament_cmake_auto: 1.3.12 (/opt/ros/humble/share/ament_cmake_auto/cmake)
[0.795s] -- Found Python3: /usr/bin/python3 (found version "3.10.12") found components: Interpreter 
[0.907s] -- Override CMake install command with custom implementation using symlinks instead of copying resources
[0.977s] -- Found ament_lint_auto: 0.12.14 (/opt/ros/humble/share/ament_lint_auto/cmake)
[1.099s] -- Configuring done
[1.109s] -- Generating done
[1.112s] -- Build files have been written to: /home/tianbot/slash_ws/build/slash_nav2
[1.124s] Invoked command in '/home/tianbot/slash_ws/build/slash_nav2' returned '0': CMAKE_PREFIX_PATH=/home/tianbot/tianracer_ros2_ws/install/vesc_ackermann:/home/tianbot/tianracer_ros2_ws/install/vesc_msgs:/home/tianbot/tianracer_ros2_ws/install/vector_pursuit_controller:/home/tianbot/tianracer_ros2_ws/install/tianracer_slam:/home/tianbot/tianracer_ros2_ws/install/tianracer_rviz:/home/tianbot/tianracer_ros2_ws/install/tianracer_navigation2:/home/tianbot/tianracer_ros2_ws/install/tianracer_navigation:/home/tianbot/tianracer_ros2_ws/install/tianracer_jetson:/home/tianbot/tianracer_ros2_ws/install/tianracer_description:/home/tianbot/tianracer_ros2_ws/install/tianracer_core:/home/tianbot/tianracer_ros2_ws/install/tianracer_competition:/home/tianbot/tianracer_ros2_ws/install/tianracer_bringup:/home/tianbot/tianracer_ros2_ws/install/twist_to_ackermann:/home/tianbot/tianracer_ros2_ws/install/tf2_web_republisher_py:/home/tianbot/tianracer_ros2_ws/install/joy_teleop:/home/tianbot/tianracer_ros2_ws/install/mouse_teleop:/home/tianbot/tianracer_ros2_ws/install/key_teleop:/opt/ros/humble:/home/tianbot/tianracer_ros2_ws/install/tianracer:/home/tianbot/tianracer_ros2_ws/install/tianbot_core:/home/tianbot/tianracer_ros2_ws/install/tf2_web_republisher:/home/tianbot/tianracer_ros2_ws/install/teleop_tools:/home/tianbot/tianracer_ros2_ws/install/teleop_tools_msgs:/home/tianbot/tianracer_ros2_ws/install/teb_local_planner:/home/tianbot/tianracer_ros2_ws/install/teb_msgs:/home/tianbot/tianracer_ros2_ws/install/slam_gmapping:/home/tianbot/tianracer_ros2_ws/install/openslam_gmapping:/home/tianbot/tianracer_ros2_ws/install/lakibeam1:/home/tianbot/tianracer_ros2_ws/install/costmap_intensity:/home/tianbot/tianracer_ros2_ws/install/costmap_converter:/home/tianbot/tianracer_ros2_ws/install/costmap_converter_msgs:/home/tianbot/tianracer_ros2_ws/install/behavior_ext_plugins:/home/tianbot/tianracer_ros2_ws/install/ackermann_mux /usr/bin/cmake /home/tianbot/slash_ws/src/slash_navigation/slash_nav2 -DAMENT_CMAKE_SYMLINK_INSTALL=1 -DCMAKE_INSTALL_PREFIX=/home/tianbot/slash_ws/install/slash_nav2
[1.125s] Invoking command in '/home/tianbot/slash_ws/build/slash_nav2': CMAKE_PREFIX_PATH=/home/tianbot/tianracer_ros2_ws/install/vesc_ackermann:/home/tianbot/tianracer_ros2_ws/install/vesc_msgs:/home/tianbot/tianracer_ros2_ws/install/vector_pursuit_controller:/home/tianbot/tianracer_ros2_ws/install/tianracer_slam:/home/tianbot/tianracer_ros2_ws/install/tianracer_rviz:/home/tianbot/tianracer_ros2_ws/install/tianracer_navigation2:/home/tianbot/tianracer_ros2_ws/install/tianracer_navigation:/home/tianbot/tianracer_ros2_ws/install/tianracer_jetson:/home/tianbot/tianracer_ros2_ws/install/tianracer_description:/home/tianbot/tianracer_ros2_ws/install/tianracer_core:/home/tianbot/tianracer_ros2_ws/install/tianracer_competition:/home/tianbot/tianracer_ros2_ws/install/tianracer_bringup:/home/tianbot/tianracer_ros2_ws/install/twist_to_ackermann:/home/tianbot/tianracer_ros2_ws/install/tf2_web_republisher_py:/home/tianbot/tianracer_ros2_ws/install/joy_teleop:/home/tianbot/tianracer_ros2_ws/install/mouse_teleop:/home/tianbot/tianracer_ros2_ws/install/key_teleop:/opt/ros/humble:/home/tianbot/tianracer_ros2_ws/install/tianracer:/home/tianbot/tianracer_ros2_ws/install/tianbot_core:/home/tianbot/tianracer_ros2_ws/install/tf2_web_republisher:/home/tianbot/tianracer_ros2_ws/install/teleop_tools:/home/tianbot/tianracer_ros2_ws/install/teleop_tools_msgs:/home/tianbot/tianracer_ros2_ws/install/teb_local_planner:/home/tianbot/tianracer_ros2_ws/install/teb_msgs:/home/tianbot/tianracer_ros2_ws/install/slam_gmapping:/home/tianbot/tianracer_ros2_ws/install/openslam_gmapping:/home/tianbot/tianracer_ros2_ws/install/lakibeam1:/home/tianbot/tianracer_ros2_ws/install/costmap_intensity:/home/tianbot/tianracer_ros2_ws/install/costmap_converter:/home/tianbot/tianracer_ros2_ws/install/costmap_converter_msgs:/home/tianbot/tianracer_ros2_ws/install/behavior_ext_plugins:/home/tianbot/tianracer_ros2_ws/install/ackermann_mux /usr/bin/cmake --build /home/tianbot/slash_ws/build/slash_nav2 -- -j4 -l4
[1.180s] Invoked command in '/home/tianbot/slash_ws/build/slash_nav2' returned '0': CMAKE_PREFIX_PATH=/home/tianbot/tianracer_ros2_ws/install/vesc_ackermann:/home/tianbot/tianracer_ros2_ws/install/vesc_msgs:/home/tianbot/tianracer_ros2_ws/install/vector_pursuit_controller:/home/tianbot/tianracer_ros2_ws/install/tianracer_slam:/home/tianbot/tianracer_ros2_ws/install/tianracer_rviz:/home/tianbot/tianracer_ros2_ws/install/tianracer_navigation2:/home/tianbot/tianracer_ros2_ws/install/tianracer_navigation:/home/tianbot/tianracer_ros2_ws/install/tianracer_jetson:/home/tianbot/tianracer_ros2_ws/install/tianracer_description:/home/tianbot/tianracer_ros2_ws/install/tianracer_core:/home/tianbot/tianracer_ros2_ws/install/tianracer_competition:/home/tianbot/tianracer_ros2_ws/install/tianracer_bringup:/home/tianbot/tianracer_ros2_ws/install/twist_to_ackermann:/home/tianbot/tianracer_ros2_ws/install/tf2_web_republisher_py:/home/tianbot/tianracer_ros2_ws/install/joy_teleop:/home/tianbot/tianracer_ros2_ws/install/mouse_teleop:/home/tianbot/tianracer_ros2_ws/install/key_teleop:/opt/ros/humble:/home/tianbot/tianracer_ros2_ws/install/tianracer:/home/tianbot/tianracer_ros2_ws/install/tianbot_core:/home/tianbot/tianracer_ros2_ws/install/tf2_web_republisher:/home/tianbot/tianracer_ros2_ws/install/teleop_tools:/home/tianbot/tianracer_ros2_ws/install/teleop_tools_msgs:/home/tianbot/tianracer_ros2_ws/install/teb_local_planner:/home/tianbot/tianracer_ros2_ws/install/teb_msgs:/home/tianbot/tianracer_ros2_ws/install/slam_gmapping:/home/tianbot/tianracer_ros2_ws/install/openslam_gmapping:/home/tianbot/tianracer_ros2_ws/install/lakibeam1:/home/tianbot/tianracer_ros2_ws/install/costmap_intensity:/home/tianbot/tianracer_ros2_ws/install/costmap_converter:/home/tianbot/tianracer_ros2_ws/install/costmap_converter_msgs:/home/tianbot/tianracer_ros2_ws/install/behavior_ext_plugins:/home/tianbot/tianracer_ros2_ws/install/ackermann_mux /usr/bin/cmake --build /home/tianbot/slash_ws/build/slash_nav2 -- -j4 -l4
[1.181s] Invoking command in '/home/tianbot/slash_ws/build/slash_nav2': CMAKE_PREFIX_PATH=/home/tianbot/tianracer_ros2_ws/install/vesc_ackermann:/home/tianbot/tianracer_ros2_ws/install/vesc_msgs:/home/tianbot/tianracer_ros2_ws/install/vector_pursuit_controller:/home/tianbot/tianracer_ros2_ws/install/tianracer_slam:/home/tianbot/tianracer_ros2_ws/install/tianracer_rviz:/home/tianbot/tianracer_ros2_ws/install/tianracer_navigation2:/home/tianbot/tianracer_ros2_ws/install/tianracer_navigation:/home/tianbot/tianracer_ros2_ws/install/tianracer_jetson:/home/tianbot/tianracer_ros2_ws/install/tianracer_description:/home/tianbot/tianracer_ros2_ws/install/tianracer_core:/home/tianbot/tianracer_ros2_ws/install/tianracer_competition:/home/tianbot/tianracer_ros2_ws/install/tianracer_bringup:/home/tianbot/tianracer_ros2_ws/install/twist_to_ackermann:/home/tianbot/tianracer_ros2_ws/install/tf2_web_republisher_py:/home/tianbot/tianracer_ros2_ws/install/joy_teleop:/home/tianbot/tianracer_ros2_ws/install/mouse_teleop:/home/tianbot/tianracer_ros2_ws/install/key_teleop:/opt/ros/humble:/home/tianbot/tianracer_ros2_ws/install/tianracer:/home/tianbot/tianracer_ros2_ws/install/tianbot_core:/home/tianbot/tianracer_ros2_ws/install/tf2_web_republisher:/home/tianbot/tianracer_ros2_ws/install/teleop_tools:/home/tianbot/tianracer_ros2_ws/install/teleop_tools_msgs:/home/tianbot/tianracer_ros2_ws/install/teb_local_planner:/home/tianbot/tianracer_ros2_ws/install/teb_msgs:/home/tianbot/tianracer_ros2_ws/install/slam_gmapping:/home/tianbot/tianracer_ros2_ws/install/openslam_gmapping:/home/tianbot/tianracer_ros2_ws/install/lakibeam1:/home/tianbot/tianracer_ros2_ws/install/costmap_intensity:/home/tianbot/tianracer_ros2_ws/install/costmap_converter:/home/tianbot/tianracer_ros2_ws/install/costmap_converter_msgs:/home/tianbot/tianracer_ros2_ws/install/behavior_ext_plugins:/home/tianbot/tianracer_ros2_ws/install/ackermann_mux /usr/bin/cmake --install /home/tianbot/slash_ws/build/slash_nav2
[1.191s] -- Install configuration: ""
[1.192s] -- Execute custom install script
[1.193s] -- Symlinking: /home/tianbot/slash_ws/install/slash_nav2/lib/slash_nav2/publish_pcd.py
[1.205s] -- Symlinking: /home/tianbot/slash_ws/install/slash_nav2/lib/slash_nav2/pcd_to_pgm.py
[1.223s] -- Symlinking: /home/tianbot/slash_ws/install/slash_nav2/lib/slash_nav2/cmd_vel_relay.py
[1.247s] -- Symlinking: /home/tianbot/slash_ws/install/slash_nav2/share/slash_nav2/launch/__pycache__/bringup_all.launch.cpython-310.pyc
[1.260s] -- Symlinking: /home/tianbot/slash_ws/install/slash_nav2/share/slash_nav2/launch/__pycache__/bringup_real.launch.cpython-310.pyc
[1.272s] -- Symlinking: /home/tianbot/slash_ws/install/slash_nav2/share/slash_nav2/launch/__pycache__/navigation_full.launch.cpython-310.pyc
[1.284s] -- Symlinking: /home/tianbot/slash_ws/install/slash_nav2/share/slash_nav2/launch/__pycache__/tianracer_full_stack.launch.cpython-310.pyc
[1.315s] -- Symlinking: /home/tianbot/slash_ws/install/slash_nav2/share/slash_nav2/launch/bringup_all.launch.py
[1.323s] -- Symlinking: /home/tianbot/slash_ws/install/slash_nav2/share/slash_nav2/launch/bringup_real.launch.py
[1.337s] -- Symlinking: /home/tianbot/slash_ws/install/slash_nav2/share/slash_nav2/config/nav2_params copy.yaml
[1.349s] -- Symlinking: /home/tianbot/slash_ws/install/slash_nav2/share/slash_nav2/config/nav2_params(cp).yaml
[1.362s] -- Symlinking: /home/tianbot/slash_ws/install/slash_nav2/share/slash_nav2/config/nav2_params.yaml
[1.376s] -- Symlinking: /home/tianbot/slash_ws/install/slash_nav2/share/slash_nav2/map/RMUC.data
[1.389s] -- Symlinking: /home/tianbot/slash_ws/install/slash_nav2/share/slash_nav2/map/RMUC.pgm
[1.401s] -- Symlinking: /home/tianbot/slash_ws/install/slash_nav2/share/slash_nav2/map/RMUC.posegraph
[1.415s] -- Symlinking: /home/tianbot/slash_ws/install/slash_nav2/share/slash_nav2/map/RMUC.yaml
[1.428s] -- Symlinking: /home/tianbot/slash_ws/install/slash_nav2/share/slash_nav2/map/RMUL.data
[1.440s] -- Symlinking: /home/tianbot/slash_ws/install/slash_nav2/share/slash_nav2/map/RMUL.pgm
[1.454s] -- Symlinking: /home/tianbot/slash_ws/install/slash_nav2/share/slash_nav2/map/RMUL.posegraph
[1.466s] -- Symlinking: /home/tianbot/slash_ws/install/slash_nav2/share/slash_nav2/map/RMUL.yaml
[1.479s] -- Symlinking: /home/tianbot/slash_ws/install/slash_nav2/share/slash_nav2/map/frames_2025-11-18_16.50.06.gv
[1.492s] -- Symlinking: /home/tianbot/slash_ws/install/slash_nav2/share/slash_nav2/map/frames_2025-11-18_16.50.06.pdf
[1.505s] -- Symlinking: /home/tianbot/slash_ws/install/slash_nav2/share/slash_nav2/map/test.pgm
[1.517s] -- Symlinking: /home/tianbot/slash_ws/install/slash_nav2/share/slash_nav2/map/test.yaml
[1.529s] -- Symlinking: /home/tianbot/slash_ws/install/slash_nav2/share/slash_nav2/map/test1.pgm
[1.541s] -- Symlinking: /home/tianbot/slash_ws/install/slash_nav2/share/slash_nav2/map/test1.yaml
[1.567s] -- Symlinking: /home/tianbot/slash_ws/install/slash_nav2/share/slash_nav2/PCD/RMUC.pcd
[1.581s] -- Symlinking: /home/tianbot/slash_ws/install/slash_nav2/share/slash_nav2/PCD/RMUL.pcd
[1.593s] -- Symlinking: /home/tianbot/slash_ws/install/slash_nav2/share/slash_nav2/PCD/test1.pcd
[1.605s] -- Symlinking: /home/tianbot/slash_ws/install/slash_nav2/share/slash_nav2/rviz/fastlio.rviz
[1.617s] -- Symlinking: /home/tianbot/slash_ws/install/slash_nav2/share/slash_nav2/rviz/nav2.rviz
[1.629s] -- Symlinking: /home/tianbot/slash_ws/install/slash_nav2/share/slash_nav2/rviz/pointlio.rviz
[1.642s] -- Symlinking: /home/tianbot/slash_ws/install/slash_nav2/share/slash_nav2/urdf/sentry_robot_real.xacro
[1.653s] -- Symlinking: /home/tianbot/slash_ws/install/slash_nav2/share/slash_nav2/urdf/sentry_robot_sim.xacro
[1.666s] -- Symlinking: /home/tianbot/slash_ws/install/slash_nav2/share/slash_nav2/scripts/README_ROTATION_CORRECTION.md
[1.678s] -- Symlinking: /home/tianbot/slash_ws/install/slash_nav2/share/slash_nav2/scripts/__pycache__/cmd_vel_relay.cpython-310.pyc
[1.691s] -- Symlinking: /home/tianbot/slash_ws/install/slash_nav2/share/slash_nav2/scripts/__pycache__/pcd_publisher.cpython-310.pyc
[1.702s] -- Symlinking: /home/tianbot/slash_ws/install/slash_nav2/share/slash_nav2/scripts/__pycache__/pcd_to_pgm.cpython-310.pyc
[1.714s] -- Symlinking: /home/tianbot/slash_ws/install/slash_nav2/share/slash_nav2/scripts/check_tf.py
[1.727s] -- Symlinking: /home/tianbot/slash_ws/install/slash_nav2/share/slash_nav2/scripts/cmd_vel_relay.py
[1.739s] -- Symlinking: /home/tianbot/slash_ws/install/slash_nav2/share/slash_nav2/scripts/pcd_to_pgm.py
[1.750s] -- Symlinking: /home/tianbot/slash_ws/install/slash_nav2/share/slash_nav2/scripts/publish_pcd.py
[1.763s] -- Symlinking: /home/tianbot/slash_ws/install/slash_nav2/share/ament_index/resource_index/package_run_dependencies/slash_nav2
[1.776s] -- Symlinking: /home/tianbot/slash_ws/install/slash_nav2/share/ament_index/resource_index/parent_prefix_path/slash_nav2
[1.795s] -- Symlinking: /home/tianbot/slash_ws/install/slash_nav2/share/slash_nav2/environment/ament_prefix_path.sh
[1.811s] -- Symlinking: /home/tianbot/slash_ws/install/slash_nav2/share/slash_nav2/environment/ament_prefix_path.dsv
[1.823s] -- Symlinking: /home/tianbot/slash_ws/install/slash_nav2/share/slash_nav2/environment/path.sh
[1.838s] -- Symlinking: /home/tianbot/slash_ws/install/slash_nav2/share/slash_nav2/environment/path.dsv
[1.853s] -- Symlinking: /home/tianbot/slash_ws/install/slash_nav2/share/slash_nav2/local_setup.bash
[1.865s] -- Symlinking: /home/tianbot/slash_ws/install/slash_nav2/share/slash_nav2/local_setup.sh
[1.884s] -- Symlinking: /home/tianbot/slash_ws/install/slash_nav2/share/slash_nav2/local_setup.zsh
[1.904s] -- Symlinking: /home/tianbot/slash_ws/install/slash_nav2/share/slash_nav2/local_setup.dsv
[1.919s] -- Symlinking: /home/tianbot/slash_ws/install/slash_nav2/share/slash_nav2/package.dsv
[1.929s] -- Symlinking: /home/tianbot/slash_ws/install/slash_nav2/share/ament_index/resource_index/packages/slash_nav2
[1.941s] -- Symlinking: /home/tianbot/slash_ws/install/slash_nav2/share/slash_nav2/cmake/slash_nav2Config.cmake
[1.953s] -- Symlinking: /home/tianbot/slash_ws/install/slash_nav2/share/slash_nav2/cmake/slash_nav2Config-version.cmake
[1.967s] -- Symlinking: /home/tianbot/slash_ws/install/slash_nav2/share/slash_nav2/package.xml
[1.980s] Invoked command in '/home/tianbot/slash_ws/build/slash_nav2' returned '0': CMAKE_PREFIX_PATH=/home/tianbot/tianracer_ros2_ws/install/vesc_ackermann:/home/tianbot/tianracer_ros2_ws/install/vesc_msgs:/home/tianbot/tianracer_ros2_ws/install/vector_pursuit_controller:/home/tianbot/tianracer_ros2_ws/install/tianracer_slam:/home/tianbot/tianracer_ros2_ws/install/tianracer_rviz:/home/tianbot/tianracer_ros2_ws/install/tianracer_navigation2:/home/tianbot/tianracer_ros2_ws/install/tianracer_navigation:/home/tianbot/tianracer_ros2_ws/install/tianracer_jetson:/home/tianbot/tianracer_ros2_ws/install/tianracer_description:/home/tianbot/tianracer_ros2_ws/install/tianracer_core:/home/tianbot/tianracer_ros2_ws/install/tianracer_competition:/home/tianbot/tianracer_ros2_ws/install/tianracer_bringup:/home/tianbot/tianracer_ros2_ws/install/twist_to_ackermann:/home/tianbot/tianracer_ros2_ws/install/tf2_web_republisher_py:/home/tianbot/tianracer_ros2_ws/install/joy_teleop:/home/tianbot/tianracer_ros2_ws/install/mouse_teleop:/home/tianbot/tianracer_ros2_ws/install/key_teleop:/opt/ros/humble:/home/tianbot/tianracer_ros2_ws/install/tianracer:/home/tianbot/tianracer_ros2_ws/install/tianbot_core:/home/tianbot/tianracer_ros2_ws/install/tf2_web_republisher:/home/tianbot/tianracer_ros2_ws/install/teleop_tools:/home/tianbot/tianracer_ros2_ws/install/teleop_tools_msgs:/home/tianbot/tianracer_ros2_ws/install/teb_local_planner:/home/tianbot/tianracer_ros2_ws/install/teb_msgs:/home/tianbot/tianracer_ros2_ws/install/slam_gmapping:/home/tianbot/tianracer_ros2_ws/install/openslam_gmapping:/home/tianbot/tianracer_ros2_ws/install/lakibeam1:/home/tianbot/tianracer_ros2_ws/install/costmap_intensity:/home/tianbot/tianracer_ros2_ws/install/costmap_converter:/home/tianbot/tianracer_ros2_ws/install/costmap_converter_msgs:/home/tianbot/tianracer_ros2_ws/install/behavior_ext_plugins:/home/tianbot/tianracer_ros2_ws/install/ackermann_mux /usr/bin/cmake --install /home/tianbot/slash_ws/build/slash_nav2
