[0.028s] Invoking command in '/home/tianbot/slash_ws/build/grid_map_ros': AMENT_PREFIX_PATH=/home/tianbot/slash_ws/install/grid_map_cv:/home/tianbot/slash_ws/install/grid_map_msgs:/home/tianbot/slash_ws/install/grid_map_core:/home/tianbot/slash_ws/install/grid_map_cmake_helpers:${AMENT_PREFIX_PATH} CMAKE_PREFIX_PATH=/home/tianbot/slash_ws/install/grid_map_cv:/home/tianbot/slash_ws/install/grid_map_msgs:/home/tianbot/slash_ws/install/grid_map_core:/home/tianbot/slash_ws/install/grid_map_cmake_helpers:/home/tianbot/tianracer_ros2_ws/install/vesc_ackermann:/home/tianbot/tianracer_ros2_ws/install/vesc_msgs:/home/tianbot/tianracer_ros2_ws/install/vector_pursuit_controller:/home/tianbot/tianracer_ros2_ws/install/tianracer_slam:/home/tianbot/tianracer_ros2_ws/install/tianracer_rviz:/home/tianbot/tianracer_ros2_ws/install/tianracer_navigation2:/home/tianbot/tianracer_ros2_ws/install/tianracer_navigation:/home/tianbot/tianracer_ros2_ws/install/tianracer_jetson:/home/tianbot/tianracer_ros2_ws/install/tianracer_description:/home/tianbot/tianracer_ros2_ws/install/tianracer_core:/home/tianbot/tianracer_ros2_ws/install/tianracer_competition:/home/tianbot/tianracer_ros2_ws/install/tianracer_bringup:/home/tianbot/tianracer_ros2_ws/install/twist_to_ackermann:/home/tianbot/tianracer_ros2_ws/install/tf2_web_republisher_py:/home/tianbot/tianracer_ros2_ws/install/joy_teleop:/home/tianbot/tianracer_ros2_ws/install/mouse_teleop:/home/tianbot/tianracer_ros2_ws/install/key_teleop:/home/tianbot/slash_ws/install/f1tenth_stack:/home/tianbot/slash_ws/install/joy_teleop:/home/tianbot/slash_ws/install/mouse_teleop:/home/tianbot/slash_ws/install/key_teleop:/opt/ros/humble:/home/tianbot/tianracer_ros2_ws/install/tianracer:/home/tianbot/tianracer_ros2_ws/install/tianbot_core:/home/tianbot/tianracer_ros2_ws/install/tf2_web_republisher:/home/tianbot/tianracer_ros2_ws/install/teleop_tools:/home/tianbot/tianracer_ros2_ws/install/teleop_tools_msgs:/home/tianbot/tianracer_ros2_ws/install/teb_local_planner:/home/tianbot/tianracer_ros2_ws/install/teb_msgs:/home/tianbot/tianracer_ros2_ws/install/slam_gmapping:/home/tianbot/tianracer_ros2_ws/install/openslam_gmapping:/home/tianbot/tianracer_ros2_ws/install/lakibeam1:/home/tianbot/tianracer_ros2_ws/install/costmap_intensity:/home/tianbot/tianracer_ros2_ws/install/costmap_converter:/home/tianbot/tianracer_ros2_ws/install/costmap_converter_msgs:/home/tianbot/tianracer_ros2_ws/install/behavior_ext_plugins:/home/tianbot/tianracer_ros2_ws/install/ackermann_mux:/home/tianbot/slash_ws/install/vesc:/home/tianbot/slash_ws/install/vesc_driver:/home/tianbot/slash_ws/install/vesc_ackermann:/home/tianbot/slash_ws/install/vesc_msgs:/home/tianbot/slash_ws/install/teleop_tools:/home/tianbot/slash_ws/install/teleop_tools_msgs:/home/tianbot/slash_ws/install/teb_local_planner:/home/tianbot/slash_ws/install/teb_msgs:/home/tianbot/slash_ws/install/slash_nav2:/home/tianbot/slash_ws/install/pointcloud_to_laserscan:/home/tianbot/slash_ws/install/pointcloud_filter:/home/tianbot/slash_ws/install/fast_lio:/home/tianbot/slash_ws/install/livox_ros_driver2:/home/tianbot/slash_ws/install/linefit_ground_segmentation_ros:/home/tianbot/slash_ws/install/linefit_ground_segmentation:/home/tianbot/slash_ws/install/icp_localization:/home/tianbot/slash_ws/install/dll:/home/tianbot/slash_ws/install/costmap_converter:/home/tianbot/slash_ws/install/costmap_converter_msgs:/home/tianbot/slash_ws/install/ackermann_mux LD_LIBRARY_PATH=/home/tianbot/slash_ws/install/grid_map_cv/lib:/home/tianbot/slash_ws/install/grid_map_msgs/lib:/home/tianbot/slash_ws/install/grid_map_core/lib:${LD_LIBRARY_PATH} PYTHONPATH=/home/tianbot/slash_ws/install/grid_map_msgs/local/lib/python3.10/dist-packages:${PYTHONPATH} /usr/bin/cmake --build /home/tianbot/slash_ws/build/grid_map_ros -- -j4 -l4
[0.100s] [  9%] Building CXX object gtest/CMakeFiles/gtest.dir/src/gtest-all.cc.o
[0.100s] Consolidate compiler generated dependencies of target grid_map_ros
[0.105s] [ 18%] Building CXX object gtest/CMakeFiles/gtest_main.dir/src/gtest_main.cc.o
[0.124s] [ 27%] Building CXX object CMakeFiles/grid_map_ros.dir/src/GridMapMsgHelpers.cpp.o
[0.125s] [ 36%] Building CXX object CMakeFiles/grid_map_ros.dir/src/GridMapRosConverter.cpp.o
[1.690s] [ 45%] Linking CXX static library libgtest_main.a
[1.748s] [ 45%] Built target gtest_main
[1.763s] [ 54%] Building CXX object CMakeFiles/grid_map_ros.dir/src/PolygonRosConverter.cpp.o
[7.105s] In file included from /opt/ros/humble/include/rclcpp/rclcpp/logging.hpp:24,
[7.105s]                  from /opt/ros/humble/include/rclcpp/rclcpp/client.hpp:40,
[7.105s]                  from /opt/ros/humble/include/rclcpp/rclcpp/callback_group.hpp:24,
[7.105s]                  from /opt/ros/humble/include/rclcpp/rclcpp/any_executable.hpp:20,
[7.106s]                  from /opt/ros/humble/include/rclcpp/rclcpp/memory_strategy.hpp:25,
[7.106s]                  from /opt/ros/humble/include/rclcpp/rclcpp/memory_strategies.hpp:18,
[7.106s]                  from /opt/ros/humble/include/rclcpp/rclcpp/executor_options.hpp:20,
[7.106s]                  from /opt/ros/humble/include/rclcpp/rclcpp/executor.hpp:37,
[7.106s]                  from /opt/ros/humble/include/rclcpp/rclcpp/executors/multi_threaded_executor.hpp:25,
[7.106s]                  from /opt/ros/humble/include/rclcpp/rclcpp/executors.hpp:21,
[7.106s]                  from /opt/ros/humble/include/rclcpp/rclcpp/rclcpp.hpp:155,
[7.106s]                  from /home/tianbot/slash_ws/src/slash_perception/grid_map/grid_map_ros/include/grid_map_ros/GridMapMsgHelpers.hpp:13,
[7.106s]                  from /home/tianbot/slash_ws/src/slash_perception/grid_map/grid_map_ros/src/GridMapRosConverter.cpp:33:
[7.106s] /home/tianbot/slash_ws/src/slash_perception/grid_map/grid_map_ros/src/GridMapRosConverter.cpp: In static member function ‘static bool grid_map::GridMapRosConverter::fromOccupancyGrid(const OccupancyGrid&, const string&, grid_map::GridMap&)’:
[7.107s] /home/tianbot/slash_ws/src/slash_perception/grid_map/grid_map_ros/src/GridMapRosConverter.cpp:278:39: error: ‘std::string rosidl_generator_traits::to_yaml(const Quaternion&)’ is deprecated: use geometry_msgs::msg::to_yaml() instead [-Werror=deprecated-declarations]
[7.107s]   278 |       rosidl_generator_traits::to_yaml(occupancyGrid.info.origin.orientation).c_str());
[7.107s]       |       ~~~~~~~~~~~~~~~~~~~~~~~~~~~~~~~~^~~~~~~~~~~~~~~~~~~~~~~~~~~~~~~~~~~~~~~
[7.107s] In file included from /opt/ros/humble/include/geometry_msgs/geometry_msgs/msg/quaternion.hpp:9,
[7.107s]                  from /home/tianbot/slash_ws/src/slash_perception/grid_map/grid_map_ros/src/GridMapRosConverter.cpp:12:
[7.107s] /opt/ros/humble/include/geometry_msgs/geometry_msgs/msg/detail/quaternion__traits.hpp:129:20: note: declared here
[7.107s]   129 | inline std::string to_yaml(const geometry_msgs::msg::Quaternion & msg)
[7.111s]       |                    ^~~~~~~
[7.163s] In file included from /opt/ros/humble/include/rclcpp/rclcpp/logging.hpp:24,
[7.163s]                  from /opt/ros/humble/include/rclcpp/rclcpp/client.hpp:40,
[7.163s]                  from /opt/ros/humble/include/rclcpp/rclcpp/callback_group.hpp:24,
[7.163s]                  from /opt/ros/humble/include/rclcpp/rclcpp/any_executable.hpp:20,
[7.163s]                  from /opt/ros/humble/include/rclcpp/rclcpp/memory_strategy.hpp:25,
[7.163s]                  from /opt/ros/humble/include/rclcpp/rclcpp/memory_strategies.hpp:18,
[7.163s]                  from /opt/ros/humble/include/rclcpp/rclcpp/executor_options.hpp:20,
[7.164s]                  from /opt/ros/humble/include/rclcpp/rclcpp/executor.hpp:37,
[7.164s]                  from /opt/ros/humble/include/rclcpp/rclcpp/executors/multi_threaded_executor.hpp:25,
[7.164s]                  from /opt/ros/humble/include/rclcpp/rclcpp/executors.hpp:21,
[7.164s]                  from /opt/ros/humble/include/rclcpp/rclcpp/rclcpp.hpp:155,
[7.164s]                  from /home/tianbot/slash_ws/src/slash_perception/grid_map/grid_map_ros/include/grid_map_ros/GridMapMsgHelpers.hpp:13,
[7.164s]                  from /home/tianbot/slash_ws/src/slash_perception/grid_map/grid_map_ros/src/GridMapRosConverter.cpp:33:
[7.164s] /home/tianbot/slash_ws/src/slash_perception/grid_map/grid_map_ros/src/GridMapRosConverter.cpp: In static member function ‘static bool grid_map::GridMapRosConverter::fromCostmap(const Costmap&, const string&, grid_map::GridMap&)’:
[7.164s] /home/tianbot/slash_ws/src/slash_perception/grid_map/grid_map_ros/src/GridMapRosConverter.cpp:377:39: error: ‘std::string rosidl_generator_traits::to_yaml(const Quaternion&)’ is deprecated: use geometry_msgs::msg::to_yaml() instead [-Werror=deprecated-declarations]
[7.164s]   377 |       rosidl_generator_traits::to_yaml(costmap.metadata.origin.orientation).c_str());
[7.165s]       |       ~~~~~~~~~~~~~~~~~~~~~~~~~~~~~~~~^~~~~~~~~~~~~~~~~~~~~~~~~~~~~~~~~~~~~
[7.165s] In file included from /opt/ros/humble/include/geometry_msgs/geometry_msgs/msg/quaternion.hpp:9,
[7.169s]                  from /home/tianbot/slash_ws/src/slash_perception/grid_map/grid_map_ros/src/GridMapRosConverter.cpp:12:
[7.169s] /opt/ros/humble/include/geometry_msgs/geometry_msgs/msg/detail/quaternion__traits.hpp:129:20: note: declared here
[7.169s]   129 | inline std::string to_yaml(const geometry_msgs::msg::Quaternion & msg)
[7.169s]       |                    ^~~~~~~
[11.239s] cc1plus: all warnings being treated as errors
[11.275s] gmake[2]: *** [CMakeFiles/grid_map_ros.dir/build.make:76：CMakeFiles/grid_map_ros.dir/src/GridMapRosConverter.cpp.o] 错误 1
[11.275s] gmake[1]: *** [CMakeFiles/Makefile2:157：CMakeFiles/grid_map_ros.dir/all] 错误 2
[11.275s] gmake[1]: *** 正在等待未完成的任务....
[11.287s] [ 63%] Linking CXX static library libgtest.a
[11.338s] [ 63%] Built target gtest
[11.340s] gmake: *** [Makefile:146：all] 错误 2
[11.342s] Invoked command in '/home/tianbot/slash_ws/build/grid_map_ros' returned '2': AMENT_PREFIX_PATH=/home/tianbot/slash_ws/install/grid_map_cv:/home/tianbot/slash_ws/install/grid_map_msgs:/home/tianbot/slash_ws/install/grid_map_core:/home/tianbot/slash_ws/install/grid_map_cmake_helpers:${AMENT_PREFIX_PATH} CMAKE_PREFIX_PATH=/home/tianbot/slash_ws/install/grid_map_cv:/home/tianbot/slash_ws/install/grid_map_msgs:/home/tianbot/slash_ws/install/grid_map_core:/home/tianbot/slash_ws/install/grid_map_cmake_helpers:/home/tianbot/tianracer_ros2_ws/install/vesc_ackermann:/home/tianbot/tianracer_ros2_ws/install/vesc_msgs:/home/tianbot/tianracer_ros2_ws/install/vector_pursuit_controller:/home/tianbot/tianracer_ros2_ws/install/tianracer_slam:/home/tianbot/tianracer_ros2_ws/install/tianracer_rviz:/home/tianbot/tianracer_ros2_ws/install/tianracer_navigation2:/home/tianbot/tianracer_ros2_ws/install/tianracer_navigation:/home/tianbot/tianracer_ros2_ws/install/tianracer_jetson:/home/tianbot/tianracer_ros2_ws/install/tianracer_description:/home/tianbot/tianracer_ros2_ws/install/tianracer_core:/home/tianbot/tianracer_ros2_ws/install/tianracer_competition:/home/tianbot/tianracer_ros2_ws/install/tianracer_bringup:/home/tianbot/tianracer_ros2_ws/install/twist_to_ackermann:/home/tianbot/tianracer_ros2_ws/install/tf2_web_republisher_py:/home/tianbot/tianracer_ros2_ws/install/joy_teleop:/home/tianbot/tianracer_ros2_ws/install/mouse_teleop:/home/tianbot/tianracer_ros2_ws/install/key_teleop:/home/tianbot/slash_ws/install/f1tenth_stack:/home/tianbot/slash_ws/install/joy_teleop:/home/tianbot/slash_ws/install/mouse_teleop:/home/tianbot/slash_ws/install/key_teleop:/opt/ros/humble:/home/tianbot/tianracer_ros2_ws/install/tianracer:/home/tianbot/tianracer_ros2_ws/install/tianbot_core:/home/tianbot/tianracer_ros2_ws/install/tf2_web_republisher:/home/tianbot/tianracer_ros2_ws/install/teleop_tools:/home/tianbot/tianracer_ros2_ws/install/teleop_tools_msgs:/home/tianbot/tianracer_ros2_ws/install/teb_local_planner:/home/tianbot/tianracer_ros2_ws/install/teb_msgs:/home/tianbot/tianracer_ros2_ws/install/slam_gmapping:/home/tianbot/tianracer_ros2_ws/install/openslam_gmapping:/home/tianbot/tianracer_ros2_ws/install/lakibeam1:/home/tianbot/tianracer_ros2_ws/install/costmap_intensity:/home/tianbot/tianracer_ros2_ws/install/costmap_converter:/home/tianbot/tianracer_ros2_ws/install/costmap_converter_msgs:/home/tianbot/tianracer_ros2_ws/install/behavior_ext_plugins:/home/tianbot/tianracer_ros2_ws/install/ackermann_mux:/home/tianbot/slash_ws/install/vesc:/home/tianbot/slash_ws/install/vesc_driver:/home/tianbot/slash_ws/install/vesc_ackermann:/home/tianbot/slash_ws/install/vesc_msgs:/home/tianbot/slash_ws/install/teleop_tools:/home/tianbot/slash_ws/install/teleop_tools_msgs:/home/tianbot/slash_ws/install/teb_local_planner:/home/tianbot/slash_ws/install/teb_msgs:/home/tianbot/slash_ws/install/slash_nav2:/home/tianbot/slash_ws/install/pointcloud_to_laserscan:/home/tianbot/slash_ws/install/pointcloud_filter:/home/tianbot/slash_ws/install/fast_lio:/home/tianbot/slash_ws/install/livox_ros_driver2:/home/tianbot/slash_ws/install/linefit_ground_segmentation_ros:/home/tianbot/slash_ws/install/linefit_ground_segmentation:/home/tianbot/slash_ws/install/icp_localization:/home/tianbot/slash_ws/install/dll:/home/tianbot/slash_ws/install/costmap_converter:/home/tianbot/slash_ws/install/costmap_converter_msgs:/home/tianbot/slash_ws/install/ackermann_mux LD_LIBRARY_PATH=/home/tianbot/slash_ws/install/grid_map_cv/lib:/home/tianbot/slash_ws/install/grid_map_msgs/lib:/home/tianbot/slash_ws/install/grid_map_core/lib:${LD_LIBRARY_PATH} PYTHONPATH=/home/tianbot/slash_ws/install/grid_map_msgs/local/lib/python3.10/dist-packages:${PYTHONPATH} /usr/bin/cmake --build /home/tianbot/slash_ws/build/grid_map_ros -- -j4 -l4
