[ 50%] [32mBuilding CXX object CMakeFiles/dll_node.dir/src/dll_node.cpp.o[0m
[100%] [32m[1mLinking CXX executable dll_node[0m
[100%] Built target dll_node
-- Install configuration: "Release"
-- Execute custom install script
-- Up-to-date symlink: /home/tianbot/slash_ws/install/dll/share/dll/launch/dll_localization.launch.py
-- Up-to-date symlink: /home/tianbot/slash_ws/install/dll/share/dll/maps/133.bt
-- Up-to-date symlink: /home/tianbot/slash_ws/install/dll/share/dll/maps/133_out.bt
-- Up-to-date symlink: /home/tianbot/slash_ws/install/dll/share/dll/maps/3F.bt
-- Up-to-date symlink: /home/tianbot/slash_ws/install/dll/share/dll/maps/RMUC.bt
-- Up-to-date symlink: /home/tianbot/slash_ws/install/dll/share/dll/maps/airsim.bt
-- Up-to-date symlink: /home/tianbot/slash_ws/install/dll/share/dll/maps/bedroom.bt
-- Up-to-date symlink: /home/tianbot/slash_ws/install/dll/share/dll/maps/catec.bt
-- Up-to-date symlink: /home/tianbot/slash_ws/install/dll/share/dll/maps/mbzirc.bt
-- Up-to-date symlink: /home/tianbot/slash_ws/install/dll/share/dll/maps/test1.bt
-- Up-to-date symlink: /home/tianbot/slash_ws/install/dll/lib/dll/dll_node
-- Up-to-date symlink: /home/tianbot/slash_ws/install/dll/share/ament_index/resource_index/package_run_dependencies/dll
-- Up-to-date symlink: /home/tianbot/slash_ws/install/dll/share/ament_index/resource_index/parent_prefix_path/dll
-- Up-to-date symlink: /home/tianbot/slash_ws/install/dll/share/dll/environment/ament_prefix_path.sh
-- Up-to-date symlink: /home/tianbot/slash_ws/install/dll/share/dll/environment/ament_prefix_path.dsv
-- Up-to-date symlink: /home/tianbot/slash_ws/install/dll/share/dll/environment/path.sh
-- Up-to-date symlink: /home/tianbot/slash_ws/install/dll/share/dll/environment/path.dsv
-- Up-to-date symlink: /home/tianbot/slash_ws/install/dll/share/dll/local_setup.bash
-- Up-to-date symlink: /home/tianbot/slash_ws/install/dll/share/dll/local_setup.sh
-- Up-to-date symlink: /home/tianbot/slash_ws/install/dll/share/dll/local_setup.zsh
-- Up-to-date symlink: /home/tianbot/slash_ws/install/dll/share/dll/local_setup.dsv
-- Symlinking: /home/tianbot/slash_ws/install/dll/share/dll/package.dsv
-- Up-to-date symlink: /home/tianbot/slash_ws/install/dll/share/ament_index/resource_index/packages/dll
-- Up-to-date symlink: /home/tianbot/slash_ws/install/dll/share/dll/cmake/dllConfig.cmake
-- Up-to-date symlink: /home/tianbot/slash_ws/install/dll/share/dll/cmake/dllConfig-version.cmake
-- Up-to-date symlink: /home/tianbot/slash_ws/install/dll/share/dll/package.xml
