-- The C compiler identification is GNU 11.4.0
-- The CXX compiler identification is GNU 11.4.0
-- Detecting C compiler ABI info
-- Detecting C compiler ABI info - done
-- Check for working C compiler: /usr/bin/cc - skipped
-- Detecting C compile features
-- Detecting C compile features - done
-- Detecting CXX compiler ABI info
-- Detecting CXX compiler ABI info - done
-- Check for working CXX compiler: /usr/bin/c++ - skipped
-- Detecting CXX compile features
-- Detecting CXX compile features - done
-- Found ament_cmake: 1.3.12 (/opt/ros/humble/share/ament_cmake/cmake)
-- Found Python3: /usr/bin/python3 (found version "3.10.12") found components: Interpreter 
-- Override CMake install command with custom implementation using symlinks instead of copying resources
-- Found grid_map_cmake_helpers: 2.1.0 (/home/tianbot/slash_ws/install/grid_map_cmake_helpers/share/grid_map_cmake_helpers/cmake)
-- Found grid_map_msgs: 2.1.0 (/home/tianbot/slash_ws/install/grid_map_msgs/share/grid_map_msgs/cmake)
-- Found rosidl_generator_c: 3.1.7 (/opt/ros/humble/share/rosidl_generator_c/cmake)
-- Found rosidl_adapter: 3.1.7 (/opt/ros/humble/share/rosidl_adapter/cmake)
-- Found rosidl_generator_cpp: 3.1.7 (/opt/ros/humble/share/rosidl_generator_cpp/cmake)
-- Using all available rosidl_typesupport_c: rosidl_typesupport_fastrtps_c;rosidl_typesupport_introspection_c
-- Using all available rosidl_typesupport_cpp: rosidl_typesupport_fastrtps_cpp;rosidl_typesupport_introspection_cpp
-- Found grid_map_ros: 2.1.0 (/home/tianbot/slash_ws/install/grid_map_ros/share/grid_map_ros/cmake)
-- Found rmw_implementation_cmake: 6.1.2 (/opt/ros/humble/share/rmw_implementation_cmake/cmake)
-- Found rmw_cyclonedds_cpp: 1.3.4 (/opt/ros/humble/share/rmw_cyclonedds_cpp/cmake)
-- Using RMW implementation 'rmw_cyclonedds_cpp' as default
-- Looking for pthread.h
-- Looking for pthread.h - found
-- Performing Test CMAKE_HAVE_LIBC_PTHREAD
-- Performing Test CMAKE_HAVE_LIBC_PTHREAD - Success
-- Found Threads: TRUE  
-- Setting build type to Release as none was specified.
-- Found ament_lint_auto: 0.12.14 (/opt/ros/humble/share/ament_lint_auto/cmake)
-- Added test 'cppcheck' to perform static code analysis on C / C++ code
-- Configured cppcheck include dirs: /home/tianbot/slash_ws/src/slash_perception/grid_map/grid_map_loader/include
-- Configured cppcheck exclude dirs and/or files: 
-- Added test 'lint_cmake' to check CMake code style
-- Added test 'uncrustify' to check C / C++ code style
-- Configured uncrustify additional arguments: 
-- Added test 'xmllint' to check XML markup files
-- Configuring done
-- Generating done
-- Build files have been written to: /home/tianbot/slash_ws/build/grid_map_loader
[ 25%] Building CXX object CMakeFiles/grid_map_loader_core.dir/src/GridMapLoader.cpp.o
[ 50%] Linking CXX shared library libgrid_map_loader_core.so
[ 50%] Built target grid_map_loader_core
[ 75%] Building CXX object CMakeFiles/grid_map_loader.dir/src/grid_map_loader_node.cpp.o
[100%] Linking CXX executable grid_map_loader
[100%] Built target grid_map_loader
-- Install configuration: "Release"
-- Execute custom install script
-- Symlinking: /home/tianbot/slash_ws/install/grid_map_loader/lib/libgrid_map_loader_core.so
-- Symlinking: /home/tianbot/slash_ws/install/grid_map_loader/lib/grid_map_loader/grid_map_loader
-- Symlinking: /home/tianbot/slash_ws/install/grid_map_loader/share/grid_map_loader/environment/library_path.sh
-- Symlinking: /home/tianbot/slash_ws/install/grid_map_loader/share/grid_map_loader/environment/library_path.dsv
-- Symlinking: /home/tianbot/slash_ws/install/grid_map_loader/share/ament_index/resource_index/package_run_dependencies/grid_map_loader
-- Symlinking: /home/tianbot/slash_ws/install/grid_map_loader/share/ament_index/resource_index/parent_prefix_path/grid_map_loader
-- Symlinking: /home/tianbot/slash_ws/install/grid_map_loader/share/grid_map_loader/environment/ament_prefix_path.sh
-- Symlinking: /home/tianbot/slash_ws/install/grid_map_loader/share/grid_map_loader/environment/ament_prefix_path.dsv
-- Symlinking: /home/tianbot/slash_ws/install/grid_map_loader/share/grid_map_loader/environment/path.sh
-- Symlinking: /home/tianbot/slash_ws/install/grid_map_loader/share/grid_map_loader/environment/path.dsv
-- Symlinking: /home/tianbot/slash_ws/install/grid_map_loader/share/grid_map_loader/local_setup.bash
-- Symlinking: /home/tianbot/slash_ws/install/grid_map_loader/share/grid_map_loader/local_setup.sh
-- Symlinking: /home/tianbot/slash_ws/install/grid_map_loader/share/grid_map_loader/local_setup.zsh
-- Symlinking: /home/tianbot/slash_ws/install/grid_map_loader/share/grid_map_loader/local_setup.dsv
-- Symlinking: /home/tianbot/slash_ws/install/grid_map_loader/share/grid_map_loader/package.dsv
-- Symlinking: /home/tianbot/slash_ws/install/grid_map_loader/share/ament_index/resource_index/packages/grid_map_loader
-- Symlinking: /home/tianbot/slash_ws/install/grid_map_loader/share/grid_map_loader/cmake/ament_cmake_export_include_directories-extras.cmake
-- Symlinking: /home/tianbot/slash_ws/install/grid_map_loader/share/grid_map_loader/cmake/ament_cmake_export_dependencies-extras.cmake
-- Symlinking: /home/tianbot/slash_ws/install/grid_map_loader/share/grid_map_loader/cmake/ament_cmake_export_libraries-extras.cmake
-- Symlinking: /home/tianbot/slash_ws/install/grid_map_loader/share/grid_map_loader/cmake/grid_map_loaderConfig.cmake
-- Symlinking: /home/tianbot/slash_ws/install/grid_map_loader/share/grid_map_loader/cmake/grid_map_loaderConfig-version.cmake
-- Symlinking: /home/tianbot/slash_ws/install/grid_map_loader/share/grid_map_loader/package.xml
