-- The C compiler identification is GNU 11.4.0
-- The CXX compiler identification is GNU 11.4.0
-- Detecting C compiler ABI info
-- Detecting C compiler ABI info - done
-- Check for working C compiler: /usr/bin/cc - skipped
-- Detecting C compile features
-- Detecting C compile features - done
-- Detecting CXX compiler ABI info
-- Detecting CXX compiler ABI info - done
-- Check for working CXX compiler: /usr/bin/c++ - skipped
-- Detecting CXX compile features
-- Detecting CXX compile features - done
-- Found ament_cmake: 1.3.12 (/opt/ros/humble/share/ament_cmake/cmake)
-- Found Python3: /usr/bin/python3 (found version "3.10.12") found components: Interpreter 
-- Override CMake install command with custom implementation using symlinks instead of copying resources
-- Found cv_bridge: 3.2.1 (/opt/ros/humble/share/cv_bridge/cmake)
-- Found rosidl_generator_c: 3.1.7 (/opt/ros/humble/share/rosidl_generator_c/cmake)
-- Found rosidl_adapter: 3.1.7 (/opt/ros/humble/share/rosidl_adapter/cmake)
-- Found rosidl_generator_cpp: 3.1.7 (/opt/ros/humble/share/rosidl_generator_cpp/cmake)
-- Using all available rosidl_typesupport_c: rosidl_typesupport_fastrtps_c;rosidl_typesupport_introspection_c
-- Using all available rosidl_typesupport_cpp: rosidl_typesupport_fastrtps_cpp;rosidl_typesupport_introspection_cpp
-- Found filters: 2.2.2 (/opt/ros/humble/share/filters/cmake)
-- Found rmw_implementation_cmake: 6.1.2 (/opt/ros/humble/share/rmw_implementation_cmake/cmake)
-- Found rmw_cyclonedds_cpp: 1.3.4 (/opt/ros/humble/share/rmw_cyclonedds_cpp/cmake)
-- Using RMW implementation 'rmw_cyclonedds_cpp' as default
-- Looking for pthread.h
-- Looking for pthread.h - found
-- Performing Test CMAKE_HAVE_LIBC_PTHREAD
-- Performing Test CMAKE_HAVE_LIBC_PTHREAD - Success
-- Found Threads: TRUE  
-- Found grid_map_cmake_helpers: 2.1.0 (/home/tianbot/slash_ws/install/grid_map_cmake_helpers/share/grid_map_cmake_helpers/cmake)
-- Found grid_map_core: 2.1.0 (/home/tianbot/slash_ws/install/grid_map_core/share/grid_map_core/cmake)
-- Found OpenCV: /usr (found version "4.5.4") found components: opencv_photo 
-- Setting build type to Release as none was specified.
-- Found ament_lint_auto: 0.12.14 (/opt/ros/humble/share/ament_lint_auto/cmake)
-- Found gtest sources under '/opt/ros/humble/src/gtest_vendor': C++ tests using 'Google Test' will be built
-- Added test 'cppcheck' to perform static code analysis on C / C++ code
-- Configured cppcheck include dirs: /home/tianbot/slash_ws/src/slash_perception/grid_map/grid_map_cv/include
-- Configured cppcheck exclude dirs and/or files: 
-- Added test 'lint_cmake' to check CMake code style
-- Added test 'uncrustify' to check C / C++ code style
-- Configured uncrustify additional arguments: 
-- Added test 'xmllint' to check XML markup files
-- Configuring done
-- Generating done
-- Build files have been written to: /home/tianbot/slash_ws/build/grid_map_cv
[  9%] [32mBuilding CXX object gtest/CMakeFiles/gtest_main.dir/src/gtest_main.cc.o[0m
[ 18%] [32mBuilding CXX object CMakeFiles/grid_map_cv.dir/src/GridMapCvProcessing.cpp.o[0m
[ 27%] [32mBuilding CXX object CMakeFiles/grid_map_cv.dir/src/InpaintFilter.cpp.o[0m
[ 36%] [32m[1mLinking CXX static library libgtest_main.a[0m
[ 36%] Built target gtest_main
[ 45%] [32m[1mLinking CXX shared library libgrid_map_cv.so[0m
[ 45%] Built target grid_map_cv
[ 54%] [32mBuilding CXX object gtest/CMakeFiles/gtest.dir/src/gtest-all.cc.o[0m
[ 63%] [32m[1mLinking CXX static library libgtest.a[0m
[ 63%] Built target gtest
[ 72%] [32mBuilding CXX object CMakeFiles/grid_map_cv-test.dir/test/test_grid_map_cv.cpp.o[0m
[ 81%] [32mBuilding CXX object CMakeFiles/grid_map_cv-test.dir/test/GridMapCvProcessingTest.cpp.o[0m
[ 90%] [32mBuilding CXX object CMakeFiles/grid_map_cv-test.dir/test/GridMapCvTest.cpp.o[0m
[100%] [32m[1mLinking CXX executable grid_map_cv-test[0m
[100%] Built target grid_map_cv-test
-- Install configuration: "Release"
-- Execute custom install script
-- Symlinking: /home/tianbot/slash_ws/install/grid_map_cv/lib/libgrid_map_cv.so
-- Symlinking: /home/tianbot/slash_ws/install/grid_map_cv/share/grid_map_cv/filter_plugins.xml
-- Symlinking: /home/tianbot/slash_ws/install/grid_map_cv/share/grid_map_cv/environment/library_path.sh
-- Symlinking: /home/tianbot/slash_ws/install/grid_map_cv/share/grid_map_cv/environment/library_path.dsv
-- Up-to-date symlink: /home/tianbot/slash_ws/install/grid_map_cv/share/grid_map_cv//filter_plugins.xml
-- Symlinking: /home/tianbot/slash_ws/install/grid_map_cv/share/ament_index/resource_index/package_run_dependencies/grid_map_cv
-- Symlinking: /home/tianbot/slash_ws/install/grid_map_cv/share/ament_index/resource_index/parent_prefix_path/grid_map_cv
-- Symlinking: /home/tianbot/slash_ws/install/grid_map_cv/share/grid_map_cv/environment/ament_prefix_path.sh
-- Symlinking: /home/tianbot/slash_ws/install/grid_map_cv/share/grid_map_cv/environment/ament_prefix_path.dsv
-- Symlinking: /home/tianbot/slash_ws/install/grid_map_cv/share/grid_map_cv/environment/path.sh
-- Symlinking: /home/tianbot/slash_ws/install/grid_map_cv/share/grid_map_cv/environment/path.dsv
-- Symlinking: /home/tianbot/slash_ws/install/grid_map_cv/share/grid_map_cv/local_setup.bash
-- Symlinking: /home/tianbot/slash_ws/install/grid_map_cv/share/grid_map_cv/local_setup.sh
-- Symlinking: /home/tianbot/slash_ws/install/grid_map_cv/share/grid_map_cv/local_setup.zsh
-- Symlinking: /home/tianbot/slash_ws/install/grid_map_cv/share/grid_map_cv/local_setup.dsv
-- Symlinking: /home/tianbot/slash_ws/install/grid_map_cv/share/grid_map_cv/package.dsv
-- Symlinking: /home/tianbot/slash_ws/install/grid_map_cv/share/ament_index/resource_index/packages/grid_map_cv
-- Symlinking: /home/tianbot/slash_ws/install/grid_map_cv/share/ament_index/resource_index/filters__pluginlib__plugin/grid_map_cv
-- Symlinking: /home/tianbot/slash_ws/install/grid_map_cv/share/grid_map_cv/cmake/ament_cmake_export_include_directories-extras.cmake
-- Symlinking: /home/tianbot/slash_ws/install/grid_map_cv/share/grid_map_cv/cmake/ament_cmake_export_libraries-extras.cmake
-- Symlinking: /home/tianbot/slash_ws/install/grid_map_cv/share/grid_map_cv/cmake/ament_cmake_export_dependencies-extras.cmake
-- Symlinking: /home/tianbot/slash_ws/install/grid_map_cv/share/grid_map_cv/cmake/grid_map_cvConfig.cmake
-- Symlinking: /home/tianbot/slash_ws/install/grid_map_cv/share/grid_map_cv/cmake/grid_map_cvConfig-version.cmake
-- Symlinking: /home/tianbot/slash_ws/install/grid_map_cv/share/grid_map_cv/package.xml
-- Installing: /home/tianbot/slash_ws/install/grid_map_cv/include/grid_map_cv
-- Installing: /home/tianbot/slash_ws/install/grid_map_cv/include/grid_map_cv/GridMapCvConverter.hpp
-- Installing: /home/tianbot/slash_ws/install/grid_map_cv/include/grid_map_cv/GridMapCvProcessing.hpp
-- Installing: /home/tianbot/slash_ws/install/grid_map_cv/include/grid_map_cv/InpaintFilter.hpp
-- Installing: /home/tianbot/slash_ws/install/grid_map_cv/include/grid_map_cv/grid_map_cv.hpp
-- Installing: /home/tianbot/slash_ws/install/grid_map_cv/include/grid_map_cv/utilities.hpp
