[0.024s] Invoking command in '/home/tianbot/slash_ws/build/teb_local_planner': AMENT_PREFIX_PATH=/home/tianbot/slash_ws/install/teb_msgs:/home/tianbot/slash_ws/install/costmap_converter:/home/tianbot/slash_ws/install/costmap_converter_msgs:${AMENT_PREFIX_PATH} CMAKE_PREFIX_PATH=/home/tianbot/slash_ws/install/teb_msgs:/home/tianbot/slash_ws/install/costmap_converter:/home/tianbot/slash_ws/install/costmap_converter_msgs:/home/tianbot/tianracer_ros2_ws/install/vesc_ackermann:/home/tianbot/tianracer_ros2_ws/install/vesc_msgs:/home/tianbot/tianracer_ros2_ws/install/vector_pursuit_controller:/home/tianbot/tianracer_ros2_ws/install/tianracer_slam:/home/tianbot/tianracer_ros2_ws/install/tianracer_rviz:/home/tianbot/tianracer_ros2_ws/install/tianracer_navigation2:/home/tianbot/tianracer_ros2_ws/install/tianracer_navigation:/home/tianbot/tianracer_ros2_ws/install/tianracer_jetson:/home/tianbot/tianracer_ros2_ws/install/tianracer_description:/home/tianbot/tianracer_ros2_ws/install/tianracer_core:/home/tianbot/tianracer_ros2_ws/install/tianracer_competition:/home/tianbot/tianracer_ros2_ws/install/tianracer_bringup:/home/tianbot/tianracer_ros2_ws/install/twist_to_ackermann:/home/tianbot/tianracer_ros2_ws/install/tf2_web_republisher_py:/home/tianbot/tianracer_ros2_ws/install/joy_teleop:/home/tianbot/tianracer_ros2_ws/install/mouse_teleop:/home/tianbot/tianracer_ros2_ws/install/key_teleop:/opt/ros/humble:/home/tianbot/tianracer_ros2_ws/install/tianracer:/home/tianbot/tianracer_ros2_ws/install/tianbot_core:/home/tianbot/tianracer_ros2_ws/install/tf2_web_republisher:/home/tianbot/tianracer_ros2_ws/install/teleop_tools:/home/tianbot/tianracer_ros2_ws/install/teleop_tools_msgs:/home/tianbot/tianracer_ros2_ws/install/teb_local_planner:/home/tianbot/tianracer_ros2_ws/install/teb_msgs:/home/tianbot/tianracer_ros2_ws/install/slam_gmapping:/home/tianbot/tianracer_ros2_ws/install/openslam_gmapping:/home/tianbot/tianracer_ros2_ws/install/lakibeam1:/home/tianbot/tianracer_ros2_ws/install/costmap_intensity:/home/tianbot/tianracer_ros2_ws/install/costmap_converter:/home/tianbot/tianracer_ros2_ws/install/costmap_converter_msgs:/home/tianbot/tianracer_ros2_ws/install/behavior_ext_plugins:/home/tianbot/tianracer_ros2_ws/install/ackermann_mux LD_LIBRARY_PATH=/home/tianbot/slash_ws/install/teb_msgs/lib:/home/tianbot/slash_ws/install/costmap_converter/lib:/home/tianbot/slash_ws/install/costmap_converter_msgs/lib:${LD_LIBRARY_PATH} PATH=/home/tianbot/slash_ws/install/costmap_converter/bin:${PATH} PYTHONPATH=/home/tianbot/slash_ws/install/teb_msgs/local/lib/python3.10/dist-packages:/home/tianbot/slash_ws/install/costmap_converter_msgs/local/lib/python3.10/dist-packages:${PYTHONPATH} /usr/bin/cmake /home/tianbot/slash_ws/src/slash_navigation/teb_local_planner/teb_local_planner -DAMENT_CMAKE_SYMLINK_INSTALL=1 -DCMAKE_INSTALL_PREFIX=/home/tianbot/slash_ws/install/teb_local_planner
[0.089s] -- The C compiler identification is GNU 11.4.0
[0.156s] -- The CXX compiler identification is GNU 11.4.0
[0.164s] -- Detecting C compiler ABI info
[0.244s] -- Detecting C compiler ABI info - done
[0.253s] -- Check for working C compiler: /usr/bin/cc - skipped
[0.253s] -- Detecting C compile features
[0.254s] -- Detecting C compile features - done
[0.261s] -- Detecting CXX compiler ABI info
[0.355s] -- Detecting CXX compiler ABI info - done
[0.364s] -- Check for working CXX compiler: /usr/bin/c++ - skipped
[0.364s] -- Detecting CXX compile features
[0.365s] -- Detecting CXX compile features - done
[0.370s] -- Found ament_cmake: 1.3.12 (/opt/ros/humble/share/ament_cmake/cmake)
[0.587s] -- Found Python3: /usr/bin/python3 (found version "3.10.12") found components: Interpreter 
[0.677s] -- Override CMake install command with custom implementation using symlinks instead of copying resources
[0.730s] -- Found costmap_converter: 0.1.2 (/home/tianbot/slash_ws/install/costmap_converter/share/costmap_converter/cmake)
[0.805s] -- Found rosidl_generator_c: 3.1.7 (/opt/ros/humble/share/rosidl_generator_c/cmake)
[0.814s] -- Found rosidl_adapter: 3.1.7 (/opt/ros/humble/share/rosidl_adapter/cmake)
[0.827s] -- Found rosidl_generator_cpp: 3.1.7 (/opt/ros/humble/share/rosidl_generator_cpp/cmake)
[0.846s] -- Using all available rosidl_typesupport_c: rosidl_typesupport_fastrtps_c;rosidl_typesupport_introspection_c
[0.865s] -- Using all available rosidl_typesupport_cpp: rosidl_typesupport_fastrtps_cpp;rosidl_typesupport_introspection_cpp
[1.077s] -- Found rmw_implementation_cmake: 6.1.2 (/opt/ros/humble/share/rmw_implementation_cmake/cmake)
[1.084s] -- Found rmw_cyclonedds_cpp: 1.3.4 (/opt/ros/humble/share/rmw_cyclonedds_cpp/cmake)
[1.120s] -- Using RMW implementation 'rmw_cyclonedds_cpp' as default
[1.137s] -- Looking for pthread.h
[1.226s] -- Looking for pthread.h - found
[1.226s] -- Performing Test CMAKE_HAVE_LIBC_PTHREAD
[1.310s] -- Performing Test CMAKE_HAVE_LIBC_PTHREAD - Success
[1.310s] -- Found Threads: TRUE  
[1.583s] -- Found Eigen3: TRUE (found version "3.4.0") 
[1.583s] -- Ensuring Eigen3 include directory is part of orocos-kdl CMake target
[1.756s] -- Found dwb_critics: 1.1.19 (/opt/ros/humble/share/dwb_critics/cmake)
[1.923s] -- Found teb_msgs: 0.0.1 (/home/tianbot/slash_ws/install/teb_msgs/share/teb_msgs/cmake)
[1.952s] -- Found tf2_eigen: 0.25.16 (/opt/ros/humble/share/tf2_eigen/cmake)
[1.956s] -- System: Linux-6.8.0-87-generic
[1.956s] -- /opt/ros/humble/share/tinyxml2_vendor/cmake/Modules;/opt/ros/humble/share/eigen3_cmake_module/cmake/Modules;/opt/ros/humble/share/fastrtps_cmake_module/cmake/Modules;/opt/ros/humble/lib/x86_64-linux-gnu/cmake/iceoryx_hoofs;/opt/ros/humble/lib/x86_64-linux-gnu/cmake/iceoryx_hoofs;/opt/ros/humble/lib/x86_64-linux-gnu/cmake/iceoryx_posh;/home/tianbot/slash_ws/src/slash_navigation/teb_local_planner/teb_local_planner/cmake_modules
[1.964s] -- Found SuiteSparse
[1.964s] -- Searching for g2o ...
[1.968s] -- Found g2o headers in: /opt/ros/humble/include/g2o
[1.971s] -- Found libg2o: /opt/ros/humble/lib/x86_64-linux-gnu/libg2o_csparse_extension.so;/opt/ros/humble/lib/x86_64-linux-gnu/libg2o_core.so;/opt/ros/humble/lib/x86_64-linux-gnu/libg2o_stuff.so;/opt/ros/humble/lib/x86_64-linux-gnu/libg2o_types_slam2d.so;/opt/ros/humble/lib/x86_64-linux-gnu/libg2o_types_slam3d.so;/opt/ros/humble/lib/x86_64-linux-gnu/libg2o_solver_cholmod.so;/opt/ros/humble/lib/x86_64-linux-gnu/libg2o_solver_pcg.so;/opt/ros/humble/lib/x86_64-linux-gnu/libg2o_solver_csparse.so;/opt/ros/humble/lib/x86_64-linux-gnu/libg2o_incremental.so
[1.987s] -- Found Boost: /usr/lib/x86_64-linux-gnu/cmake/Boost-1.74.0/BoostConfig.cmake (found version "1.74.0")  
[3.970s] -- Found ament_cmake_gtest: 1.3.12 (/opt/ros/humble/share/ament_cmake_gtest/cmake)
[4.064s] -- Configuring done
[4.157s] -- Generating done
[4.165s] -- Build files have been written to: /home/tianbot/slash_ws/build/teb_local_planner
[4.178s] Invoked command in '/home/tianbot/slash_ws/build/teb_local_planner' returned '0': AMENT_PREFIX_PATH=/home/tianbot/slash_ws/install/teb_msgs:/home/tianbot/slash_ws/install/costmap_converter:/home/tianbot/slash_ws/install/costmap_converter_msgs:${AMENT_PREFIX_PATH} CMAKE_PREFIX_PATH=/home/tianbot/slash_ws/install/teb_msgs:/home/tianbot/slash_ws/install/costmap_converter:/home/tianbot/slash_ws/install/costmap_converter_msgs:/home/tianbot/tianracer_ros2_ws/install/vesc_ackermann:/home/tianbot/tianracer_ros2_ws/install/vesc_msgs:/home/tianbot/tianracer_ros2_ws/install/vector_pursuit_controller:/home/tianbot/tianracer_ros2_ws/install/tianracer_slam:/home/tianbot/tianracer_ros2_ws/install/tianracer_rviz:/home/tianbot/tianracer_ros2_ws/install/tianracer_navigation2:/home/tianbot/tianracer_ros2_ws/install/tianracer_navigation:/home/tianbot/tianracer_ros2_ws/install/tianracer_jetson:/home/tianbot/tianracer_ros2_ws/install/tianracer_description:/home/tianbot/tianracer_ros2_ws/install/tianracer_core:/home/tianbot/tianracer_ros2_ws/install/tianracer_competition:/home/tianbot/tianracer_ros2_ws/install/tianracer_bringup:/home/tianbot/tianracer_ros2_ws/install/twist_to_ackermann:/home/tianbot/tianracer_ros2_ws/install/tf2_web_republisher_py:/home/tianbot/tianracer_ros2_ws/install/joy_teleop:/home/tianbot/tianracer_ros2_ws/install/mouse_teleop:/home/tianbot/tianracer_ros2_ws/install/key_teleop:/opt/ros/humble:/home/tianbot/tianracer_ros2_ws/install/tianracer:/home/tianbot/tianracer_ros2_ws/install/tianbot_core:/home/tianbot/tianracer_ros2_ws/install/tf2_web_republisher:/home/tianbot/tianracer_ros2_ws/install/teleop_tools:/home/tianbot/tianracer_ros2_ws/install/teleop_tools_msgs:/home/tianbot/tianracer_ros2_ws/install/teb_local_planner:/home/tianbot/tianracer_ros2_ws/install/teb_msgs:/home/tianbot/tianracer_ros2_ws/install/slam_gmapping:/home/tianbot/tianracer_ros2_ws/install/openslam_gmapping:/home/tianbot/tianracer_ros2_ws/install/lakibeam1:/home/tianbot/tianracer_ros2_ws/install/costmap_intensity:/home/tianbot/tianracer_ros2_ws/install/costmap_converter:/home/tianbot/tianracer_ros2_ws/install/costmap_converter_msgs:/home/tianbot/tianracer_ros2_ws/install/behavior_ext_plugins:/home/tianbot/tianracer_ros2_ws/install/ackermann_mux LD_LIBRARY_PATH=/home/tianbot/slash_ws/install/teb_msgs/lib:/home/tianbot/slash_ws/install/costmap_converter/lib:/home/tianbot/slash_ws/install/costmap_converter_msgs/lib:${LD_LIBRARY_PATH} PATH=/home/tianbot/slash_ws/install/costmap_converter/bin:${PATH} PYTHONPATH=/home/tianbot/slash_ws/install/teb_msgs/local/lib/python3.10/dist-packages:/home/tianbot/slash_ws/install/costmap_converter_msgs/local/lib/python3.10/dist-packages:${PYTHONPATH} /usr/bin/cmake /home/tianbot/slash_ws/src/slash_navigation/teb_local_planner/teb_local_planner -DAMENT_CMAKE_SYMLINK_INSTALL=1 -DCMAKE_INSTALL_PREFIX=/home/tianbot/slash_ws/install/teb_local_planner
[4.180s] Invoking command in '/home/tianbot/slash_ws/build/teb_local_planner': AMENT_PREFIX_PATH=/home/tianbot/slash_ws/install/teb_msgs:/home/tianbot/slash_ws/install/costmap_converter:/home/tianbot/slash_ws/install/costmap_converter_msgs:${AMENT_PREFIX_PATH} CMAKE_PREFIX_PATH=/home/tianbot/slash_ws/install/teb_msgs:/home/tianbot/slash_ws/install/costmap_converter:/home/tianbot/slash_ws/install/costmap_converter_msgs:/home/tianbot/tianracer_ros2_ws/install/vesc_ackermann:/home/tianbot/tianracer_ros2_ws/install/vesc_msgs:/home/tianbot/tianracer_ros2_ws/install/vector_pursuit_controller:/home/tianbot/tianracer_ros2_ws/install/tianracer_slam:/home/tianbot/tianracer_ros2_ws/install/tianracer_rviz:/home/tianbot/tianracer_ros2_ws/install/tianracer_navigation2:/home/tianbot/tianracer_ros2_ws/install/tianracer_navigation:/home/tianbot/tianracer_ros2_ws/install/tianracer_jetson:/home/tianbot/tianracer_ros2_ws/install/tianracer_description:/home/tianbot/tianracer_ros2_ws/install/tianracer_core:/home/tianbot/tianracer_ros2_ws/install/tianracer_competition:/home/tianbot/tianracer_ros2_ws/install/tianracer_bringup:/home/tianbot/tianracer_ros2_ws/install/twist_to_ackermann:/home/tianbot/tianracer_ros2_ws/install/tf2_web_republisher_py:/home/tianbot/tianracer_ros2_ws/install/joy_teleop:/home/tianbot/tianracer_ros2_ws/install/mouse_teleop:/home/tianbot/tianracer_ros2_ws/install/key_teleop:/opt/ros/humble:/home/tianbot/tianracer_ros2_ws/install/tianracer:/home/tianbot/tianracer_ros2_ws/install/tianbot_core:/home/tianbot/tianracer_ros2_ws/install/tf2_web_republisher:/home/tianbot/tianracer_ros2_ws/install/teleop_tools:/home/tianbot/tianracer_ros2_ws/install/teleop_tools_msgs:/home/tianbot/tianracer_ros2_ws/install/teb_local_planner:/home/tianbot/tianracer_ros2_ws/install/teb_msgs:/home/tianbot/tianracer_ros2_ws/install/slam_gmapping:/home/tianbot/tianracer_ros2_ws/install/openslam_gmapping:/home/tianbot/tianracer_ros2_ws/install/lakibeam1:/home/tianbot/tianracer_ros2_ws/install/costmap_intensity:/home/tianbot/tianracer_ros2_ws/install/costmap_converter:/home/tianbot/tianracer_ros2_ws/install/costmap_converter_msgs:/home/tianbot/tianracer_ros2_ws/install/behavior_ext_plugins:/home/tianbot/tianracer_ros2_ws/install/ackermann_mux LD_LIBRARY_PATH=/home/tianbot/slash_ws/install/teb_msgs/lib:/home/tianbot/slash_ws/install/costmap_converter/lib:/home/tianbot/slash_ws/install/costmap_converter_msgs/lib:${LD_LIBRARY_PATH} PATH=/home/tianbot/slash_ws/install/costmap_converter/bin:${PATH} PYTHONPATH=/home/tianbot/slash_ws/install/teb_msgs/local/lib/python3.10/dist-packages:/home/tianbot/slash_ws/install/costmap_converter_msgs/local/lib/python3.10/dist-packages:${PYTHONPATH} /usr/bin/cmake --build /home/tianbot/slash_ws/build/teb_local_planner -- -j4 -l4
[4.246s] [ 10%] [32mBuilding CXX object CMakeFiles/teb_local_planner.dir/src/timed_elastic_band.cpp.o[0m
[14.812s] [ 20%] [32mBuilding CXX object CMakeFiles/teb_local_planner.dir/src/visualization.cpp.o[0m
[22.833s] [ 30%] [32mBuilding CXX object CMakeFiles/teb_local_planner.dir/src/recovery_behaviors.cpp.o[0m
[23.848s] [ 40%] [32mBuilding CXX object CMakeFiles/teb_local_planner.dir/src/obstacles.cpp.o[0m
[24.877s] [ 50%] [32mBuilding CXX object CMakeFiles/teb_local_planner.dir/src/optimal_planner.cpp.o[0m
[27.842s] [ 60%] [32mBuilding CXX object CMakeFiles/teb_local_planner.dir/src/teb_config.cpp.o[0m
[28.186s] [ 70%] [32mBuilding CXX object CMakeFiles/teb_local_planner.dir/src/homotopy_class_planner.cpp.o[0m
[66.234s] [ 90%] [32mBuilding CXX object CMakeFiles/teb_local_planner.dir/src/teb_local_planner_ros.cpp.o[0m
[66.234s] [ 90%] [32mBuilding CXX object CMakeFiles/teb_local_planner.dir/src/graph_search.cpp.o[0m
[107.561s] [100%] [32m[1mLinking CXX shared library libteb_local_planner.so[0m
[108.256s] [100%] Built target teb_local_planner
[108.267s] Invoked command in '/home/tianbot/slash_ws/build/teb_local_planner' returned '0': AMENT_PREFIX_PATH=/home/tianbot/slash_ws/install/teb_msgs:/home/tianbot/slash_ws/install/costmap_converter:/home/tianbot/slash_ws/install/costmap_converter_msgs:${AMENT_PREFIX_PATH} CMAKE_PREFIX_PATH=/home/tianbot/slash_ws/install/teb_msgs:/home/tianbot/slash_ws/install/costmap_converter:/home/tianbot/slash_ws/install/costmap_converter_msgs:/home/tianbot/tianracer_ros2_ws/install/vesc_ackermann:/home/tianbot/tianracer_ros2_ws/install/vesc_msgs:/home/tianbot/tianracer_ros2_ws/install/vector_pursuit_controller:/home/tianbot/tianracer_ros2_ws/install/tianracer_slam:/home/tianbot/tianracer_ros2_ws/install/tianracer_rviz:/home/tianbot/tianracer_ros2_ws/install/tianracer_navigation2:/home/tianbot/tianracer_ros2_ws/install/tianracer_navigation:/home/tianbot/tianracer_ros2_ws/install/tianracer_jetson:/home/tianbot/tianracer_ros2_ws/install/tianracer_description:/home/tianbot/tianracer_ros2_ws/install/tianracer_core:/home/tianbot/tianracer_ros2_ws/install/tianracer_competition:/home/tianbot/tianracer_ros2_ws/install/tianracer_bringup:/home/tianbot/tianracer_ros2_ws/install/twist_to_ackermann:/home/tianbot/tianracer_ros2_ws/install/tf2_web_republisher_py:/home/tianbot/tianracer_ros2_ws/install/joy_teleop:/home/tianbot/tianracer_ros2_ws/install/mouse_teleop:/home/tianbot/tianracer_ros2_ws/install/key_teleop:/opt/ros/humble:/home/tianbot/tianracer_ros2_ws/install/tianracer:/home/tianbot/tianracer_ros2_ws/install/tianbot_core:/home/tianbot/tianracer_ros2_ws/install/tf2_web_republisher:/home/tianbot/tianracer_ros2_ws/install/teleop_tools:/home/tianbot/tianracer_ros2_ws/install/teleop_tools_msgs:/home/tianbot/tianracer_ros2_ws/install/teb_local_planner:/home/tianbot/tianracer_ros2_ws/install/teb_msgs:/home/tianbot/tianracer_ros2_ws/install/slam_gmapping:/home/tianbot/tianracer_ros2_ws/install/openslam_gmapping:/home/tianbot/tianracer_ros2_ws/install/lakibeam1:/home/tianbot/tianracer_ros2_ws/install/costmap_intensity:/home/tianbot/tianracer_ros2_ws/install/costmap_converter:/home/tianbot/tianracer_ros2_ws/install/costmap_converter_msgs:/home/tianbot/tianracer_ros2_ws/install/behavior_ext_plugins:/home/tianbot/tianracer_ros2_ws/install/ackermann_mux LD_LIBRARY_PATH=/home/tianbot/slash_ws/install/teb_msgs/lib:/home/tianbot/slash_ws/install/costmap_converter/lib:/home/tianbot/slash_ws/install/costmap_converter_msgs/lib:${LD_LIBRARY_PATH} PATH=/home/tianbot/slash_ws/install/costmap_converter/bin:${PATH} PYTHONPATH=/home/tianbot/slash_ws/install/teb_msgs/local/lib/python3.10/dist-packages:/home/tianbot/slash_ws/install/costmap_converter_msgs/local/lib/python3.10/dist-packages:${PYTHONPATH} /usr/bin/cmake --build /home/tianbot/slash_ws/build/teb_local_planner -- -j4 -l4
[108.269s] Invoking command in '/home/tianbot/slash_ws/build/teb_local_planner': AMENT_PREFIX_PATH=/home/tianbot/slash_ws/install/teb_msgs:/home/tianbot/slash_ws/install/costmap_converter:/home/tianbot/slash_ws/install/costmap_converter_msgs:${AMENT_PREFIX_PATH} CMAKE_PREFIX_PATH=/home/tianbot/slash_ws/install/teb_msgs:/home/tianbot/slash_ws/install/costmap_converter:/home/tianbot/slash_ws/install/costmap_converter_msgs:/home/tianbot/tianracer_ros2_ws/install/vesc_ackermann:/home/tianbot/tianracer_ros2_ws/install/vesc_msgs:/home/tianbot/tianracer_ros2_ws/install/vector_pursuit_controller:/home/tianbot/tianracer_ros2_ws/install/tianracer_slam:/home/tianbot/tianracer_ros2_ws/install/tianracer_rviz:/home/tianbot/tianracer_ros2_ws/install/tianracer_navigation2:/home/tianbot/tianracer_ros2_ws/install/tianracer_navigation:/home/tianbot/tianracer_ros2_ws/install/tianracer_jetson:/home/tianbot/tianracer_ros2_ws/install/tianracer_description:/home/tianbot/tianracer_ros2_ws/install/tianracer_core:/home/tianbot/tianracer_ros2_ws/install/tianracer_competition:/home/tianbot/tianracer_ros2_ws/install/tianracer_bringup:/home/tianbot/tianracer_ros2_ws/install/twist_to_ackermann:/home/tianbot/tianracer_ros2_ws/install/tf2_web_republisher_py:/home/tianbot/tianracer_ros2_ws/install/joy_teleop:/home/tianbot/tianracer_ros2_ws/install/mouse_teleop:/home/tianbot/tianracer_ros2_ws/install/key_teleop:/opt/ros/humble:/home/tianbot/tianracer_ros2_ws/install/tianracer:/home/tianbot/tianracer_ros2_ws/install/tianbot_core:/home/tianbot/tianracer_ros2_ws/install/tf2_web_republisher:/home/tianbot/tianracer_ros2_ws/install/teleop_tools:/home/tianbot/tianracer_ros2_ws/install/teleop_tools_msgs:/home/tianbot/tianracer_ros2_ws/install/teb_local_planner:/home/tianbot/tianracer_ros2_ws/install/teb_msgs:/home/tianbot/tianracer_ros2_ws/install/slam_gmapping:/home/tianbot/tianracer_ros2_ws/install/openslam_gmapping:/home/tianbot/tianracer_ros2_ws/install/lakibeam1:/home/tianbot/tianracer_ros2_ws/install/costmap_intensity:/home/tianbot/tianracer_ros2_ws/install/costmap_converter:/home/tianbot/tianracer_ros2_ws/install/costmap_converter_msgs:/home/tianbot/tianracer_ros2_ws/install/behavior_ext_plugins:/home/tianbot/tianracer_ros2_ws/install/ackermann_mux LD_LIBRARY_PATH=/home/tianbot/slash_ws/install/teb_msgs/lib:/home/tianbot/slash_ws/install/costmap_converter/lib:/home/tianbot/slash_ws/install/costmap_converter_msgs/lib:${LD_LIBRARY_PATH} PATH=/home/tianbot/slash_ws/install/costmap_converter/bin:${PATH} PYTHONPATH=/home/tianbot/slash_ws/install/teb_msgs/local/lib/python3.10/dist-packages:/home/tianbot/slash_ws/install/costmap_converter_msgs/local/lib/python3.10/dist-packages:${PYTHONPATH} /usr/bin/cmake --install /home/tianbot/slash_ws/build/teb_local_planner
[108.278s] -- Install configuration: "Release"
[108.279s] -- Execute custom install script
[108.279s] -- Symlinking: /home/tianbot/slash_ws/install/teb_local_planner/lib/libteb_local_planner.so
[108.290s] -- Symlinking: /home/tianbot/slash_ws/install/teb_local_planner/include//teb_local_planner/distance_calculations.h
[108.299s] -- Symlinking: /home/tianbot/slash_ws/install/teb_local_planner/include//teb_local_planner/equivalence_relations.h
[108.309s] -- Symlinking: /home/tianbot/slash_ws/install/teb_local_planner/include//teb_local_planner/g2o_types/base_teb_edges.h
[108.318s] -- Symlinking: /home/tianbot/slash_ws/install/teb_local_planner/include//teb_local_planner/g2o_types/edge_acceleration.h
[108.328s] -- Symlinking: /home/tianbot/slash_ws/install/teb_local_planner/include//teb_local_planner/g2o_types/edge_dynamic_obstacle.h
[108.337s] -- Symlinking: /home/tianbot/slash_ws/install/teb_local_planner/include//teb_local_planner/g2o_types/edge_kinematics.h
[108.346s] -- Symlinking: /home/tianbot/slash_ws/install/teb_local_planner/include//teb_local_planner/g2o_types/edge_obstacle.h
[108.355s] -- Symlinking: /home/tianbot/slash_ws/install/teb_local_planner/include//teb_local_planner/g2o_types/edge_prefer_rotdir.h
[108.365s] -- Symlinking: /home/tianbot/slash_ws/install/teb_local_planner/include//teb_local_planner/g2o_types/edge_shortest_path.h
[108.374s] -- Symlinking: /home/tianbot/slash_ws/install/teb_local_planner/include//teb_local_planner/g2o_types/edge_time_optimal.h
[108.385s] -- Symlinking: /home/tianbot/slash_ws/install/teb_local_planner/include//teb_local_planner/g2o_types/edge_velocity.h
[108.395s] -- Symlinking: /home/tianbot/slash_ws/install/teb_local_planner/include//teb_local_planner/g2o_types/edge_velocity_obstacle_ratio.h
[108.405s] -- Symlinking: /home/tianbot/slash_ws/install/teb_local_planner/include//teb_local_planner/g2o_types/edge_via_point.h
[108.415s] -- Symlinking: /home/tianbot/slash_ws/install/teb_local_planner/include//teb_local_planner/g2o_types/penalties.h
[108.424s] -- Symlinking: /home/tianbot/slash_ws/install/teb_local_planner/include//teb_local_planner/g2o_types/vertex_pose.h
[108.433s] -- Symlinking: /home/tianbot/slash_ws/install/teb_local_planner/include//teb_local_planner/g2o_types/vertex_timediff.h
[108.442s] -- Symlinking: /home/tianbot/slash_ws/install/teb_local_planner/include//teb_local_planner/graph_search.h
[108.452s] -- Symlinking: /home/tianbot/slash_ws/install/teb_local_planner/include//teb_local_planner/h_signature.h
[108.461s] -- Symlinking: /home/tianbot/slash_ws/install/teb_local_planner/include//teb_local_planner/homotopy_class_planner.h
[108.470s] -- Symlinking: /home/tianbot/slash_ws/install/teb_local_planner/include//teb_local_planner/homotopy_class_planner.hpp
[108.481s] -- Symlinking: /home/tianbot/slash_ws/install/teb_local_planner/include//teb_local_planner/misc.h
[108.491s] -- Symlinking: /home/tianbot/slash_ws/install/teb_local_planner/include//teb_local_planner/obstacles.h
[108.501s] -- Symlinking: /home/tianbot/slash_ws/install/teb_local_planner/include//teb_local_planner/optimal_planner.h
[108.510s] -- Symlinking: /home/tianbot/slash_ws/install/teb_local_planner/include//teb_local_planner/planner_interface.h
[108.520s] -- Symlinking: /home/tianbot/slash_ws/install/teb_local_planner/include//teb_local_planner/pose_se2.h
[108.529s] -- Symlinking: /home/tianbot/slash_ws/install/teb_local_planner/include//teb_local_planner/recovery_behaviors.h
[108.538s] -- Symlinking: /home/tianbot/slash_ws/install/teb_local_planner/include//teb_local_planner/robot_footprint_model.h
[108.547s] -- Symlinking: /home/tianbot/slash_ws/install/teb_local_planner/include//teb_local_planner/teb_config.h
[108.557s] -- Symlinking: /home/tianbot/slash_ws/install/teb_local_planner/include//teb_local_planner/teb_local_planner_ros.h
[108.566s] -- Symlinking: /home/tianbot/slash_ws/install/teb_local_planner/include//teb_local_planner/timed_elastic_band.h
[108.575s] -- Symlinking: /home/tianbot/slash_ws/install/teb_local_planner/include//teb_local_planner/timed_elastic_band.hpp
[108.585s] -- Symlinking: /home/tianbot/slash_ws/install/teb_local_planner/include//teb_local_planner/visualization.h
[108.594s] -- Symlinking: /home/tianbot/slash_ws/install/teb_local_planner/include//teb_local_planner/visualization.hpp
[108.603s] -- Symlinking: /home/tianbot/slash_ws/install/teb_local_planner/share/teb_local_planner_plugin.xml
[108.612s] -- Symlinking: /home/tianbot/slash_ws/install/teb_local_planner/lib/teb_local_planner/cmd_vel_to_ackermann_drive.py
[108.622s] -- Symlinking: /home/tianbot/slash_ws/install/teb_local_planner/share/teb_local_planner/params/teb_params.yaml
[108.632s] -- Symlinking: /home/tianbot/slash_ws/install/teb_local_planner/share/teb_local_planner/environment/library_path.sh
[108.641s] -- Symlinking: /home/tianbot/slash_ws/install/teb_local_planner/share/teb_local_planner/environment/library_path.dsv
[108.651s] -- Symlinking: /home/tianbot/slash_ws/install/teb_local_planner/share/teb_local_planner//teb_local_planner_plugin.xml
[108.660s] -- Symlinking: /home/tianbot/slash_ws/install/teb_local_planner/share/ament_index/resource_index/package_run_dependencies/teb_local_planner
[108.669s] -- Symlinking: /home/tianbot/slash_ws/install/teb_local_planner/share/ament_index/resource_index/parent_prefix_path/teb_local_planner
[108.678s] -- Symlinking: /home/tianbot/slash_ws/install/teb_local_planner/share/teb_local_planner/environment/ament_prefix_path.sh
[108.687s] -- Symlinking: /home/tianbot/slash_ws/install/teb_local_planner/share/teb_local_planner/environment/ament_prefix_path.dsv
[108.697s] -- Symlinking: /home/tianbot/slash_ws/install/teb_local_planner/share/teb_local_planner/environment/path.sh
[108.708s] -- Symlinking: /home/tianbot/slash_ws/install/teb_local_planner/share/teb_local_planner/environment/path.dsv
[108.718s] -- Symlinking: /home/tianbot/slash_ws/install/teb_local_planner/share/teb_local_planner/local_setup.bash
[108.728s] -- Symlinking: /home/tianbot/slash_ws/install/teb_local_planner/share/teb_local_planner/local_setup.sh
[108.737s] -- Symlinking: /home/tianbot/slash_ws/install/teb_local_planner/share/teb_local_planner/local_setup.zsh
[108.746s] -- Symlinking: /home/tianbot/slash_ws/install/teb_local_planner/share/teb_local_planner/local_setup.dsv
[108.756s] -- Symlinking: /home/tianbot/slash_ws/install/teb_local_planner/share/teb_local_planner/package.dsv
[108.765s] -- Symlinking: /home/tianbot/slash_ws/install/teb_local_planner/share/ament_index/resource_index/packages/teb_local_planner
[108.775s] -- Symlinking: /home/tianbot/slash_ws/install/teb_local_planner/share/ament_index/resource_index/nav2_core__pluginlib__plugin/teb_local_planner
[108.785s] -- Symlinking: /home/tianbot/slash_ws/install/teb_local_planner/share/teb_local_planner/cmake/ament_cmake_export_include_directories-extras.cmake
[108.796s] -- Symlinking: /home/tianbot/slash_ws/install/teb_local_planner/share/teb_local_planner/cmake/ament_cmake_export_libraries-extras.cmake
[108.805s] -- Symlinking: /home/tianbot/slash_ws/install/teb_local_planner/share/teb_local_planner/cmake/ament_cmake_export_dependencies-extras.cmake
[108.814s] -- Symlinking: /home/tianbot/slash_ws/install/teb_local_planner/share/teb_local_planner/cmake/teb_local_plannerConfig.cmake
[108.824s] -- Symlinking: /home/tianbot/slash_ws/install/teb_local_planner/share/teb_local_planner/cmake/teb_local_plannerConfig-version.cmake
[108.833s] -- Symlinking: /home/tianbot/slash_ws/install/teb_local_planner/share/teb_local_planner/package.xml
[108.844s] Invoked command in '/home/tianbot/slash_ws/build/teb_local_planner' returned '0': AMENT_PREFIX_PATH=/home/tianbot/slash_ws/install/teb_msgs:/home/tianbot/slash_ws/install/costmap_converter:/home/tianbot/slash_ws/install/costmap_converter_msgs:${AMENT_PREFIX_PATH} CMAKE_PREFIX_PATH=/home/tianbot/slash_ws/install/teb_msgs:/home/tianbot/slash_ws/install/costmap_converter:/home/tianbot/slash_ws/install/costmap_converter_msgs:/home/tianbot/tianracer_ros2_ws/install/vesc_ackermann:/home/tianbot/tianracer_ros2_ws/install/vesc_msgs:/home/tianbot/tianracer_ros2_ws/install/vector_pursuit_controller:/home/tianbot/tianracer_ros2_ws/install/tianracer_slam:/home/tianbot/tianracer_ros2_ws/install/tianracer_rviz:/home/tianbot/tianracer_ros2_ws/install/tianracer_navigation2:/home/tianbot/tianracer_ros2_ws/install/tianracer_navigation:/home/tianbot/tianracer_ros2_ws/install/tianracer_jetson:/home/tianbot/tianracer_ros2_ws/install/tianracer_description:/home/tianbot/tianracer_ros2_ws/install/tianracer_core:/home/tianbot/tianracer_ros2_ws/install/tianracer_competition:/home/tianbot/tianracer_ros2_ws/install/tianracer_bringup:/home/tianbot/tianracer_ros2_ws/install/twist_to_ackermann:/home/tianbot/tianracer_ros2_ws/install/tf2_web_republisher_py:/home/tianbot/tianracer_ros2_ws/install/joy_teleop:/home/tianbot/tianracer_ros2_ws/install/mouse_teleop:/home/tianbot/tianracer_ros2_ws/install/key_teleop:/opt/ros/humble:/home/tianbot/tianracer_ros2_ws/install/tianracer:/home/tianbot/tianracer_ros2_ws/install/tianbot_core:/home/tianbot/tianracer_ros2_ws/install/tf2_web_republisher:/home/tianbot/tianracer_ros2_ws/install/teleop_tools:/home/tianbot/tianracer_ros2_ws/install/teleop_tools_msgs:/home/tianbot/tianracer_ros2_ws/install/teb_local_planner:/home/tianbot/tianracer_ros2_ws/install/teb_msgs:/home/tianbot/tianracer_ros2_ws/install/slam_gmapping:/home/tianbot/tianracer_ros2_ws/install/openslam_gmapping:/home/tianbot/tianracer_ros2_ws/install/lakibeam1:/home/tianbot/tianracer_ros2_ws/install/costmap_intensity:/home/tianbot/tianracer_ros2_ws/install/costmap_converter:/home/tianbot/tianracer_ros2_ws/install/costmap_converter_msgs:/home/tianbot/tianracer_ros2_ws/install/behavior_ext_plugins:/home/tianbot/tianracer_ros2_ws/install/ackermann_mux LD_LIBRARY_PATH=/home/tianbot/slash_ws/install/teb_msgs/lib:/home/tianbot/slash_ws/install/costmap_converter/lib:/home/tianbot/slash_ws/install/costmap_converter_msgs/lib:${LD_LIBRARY_PATH} PATH=/home/tianbot/slash_ws/install/costmap_converter/bin:${PATH} PYTHONPATH=/home/tianbot/slash_ws/install/teb_msgs/local/lib/python3.10/dist-packages:/home/tianbot/slash_ws/install/costmap_converter_msgs/local/lib/python3.10/dist-packages:${PYTHONPATH} /usr/bin/cmake --install /home/tianbot/slash_ws/build/teb_local_planner
