[0.025s] Invoking command in '/home/tianbot/slash_ws/build/vesc_driver': AMENT_PREFIX_PATH=/home/tianbot/slash_ws/install/vesc_msgs:${AMENT_PREFIX_PATH} CMAKE_PREFIX_PATH=/home/tianbot/slash_ws/install/vesc_msgs:/home/tianbot/tianracer_ros2_ws/install/vesc_ackermann:/home/tianbot/tianracer_ros2_ws/install/vesc_msgs:/home/tianbot/tianracer_ros2_ws/install/vector_pursuit_controller:/home/tianbot/tianracer_ros2_ws/install/tianracer_slam:/home/tianbot/tianracer_ros2_ws/install/tianracer_rviz:/home/tianbot/tianracer_ros2_ws/install/tianracer_navigation2:/home/tianbot/tianracer_ros2_ws/install/tianracer_navigation:/home/tianbot/tianracer_ros2_ws/install/tianracer_jetson:/home/tianbot/tianracer_ros2_ws/install/tianracer_description:/home/tianbot/tianracer_ros2_ws/install/tianracer_core:/home/tianbot/tianracer_ros2_ws/install/tianracer_competition:/home/tianbot/tianracer_ros2_ws/install/tianracer_bringup:/home/tianbot/tianracer_ros2_ws/install/twist_to_ackermann:/home/tianbot/tianracer_ros2_ws/install/tf2_web_republisher_py:/home/tianbot/tianracer_ros2_ws/install/joy_teleop:/home/tianbot/tianracer_ros2_ws/install/mouse_teleop:/home/tianbot/tianracer_ros2_ws/install/key_teleop:/opt/ros/humble:/home/tianbot/tianracer_ros2_ws/install/tianracer:/home/tianbot/tianracer_ros2_ws/install/tianbot_core:/home/tianbot/tianracer_ros2_ws/install/tf2_web_republisher:/home/tianbot/tianracer_ros2_ws/install/teleop_tools:/home/tianbot/tianracer_ros2_ws/install/teleop_tools_msgs:/home/tianbot/tianracer_ros2_ws/install/teb_local_planner:/home/tianbot/tianracer_ros2_ws/install/teb_msgs:/home/tianbot/tianracer_ros2_ws/install/slam_gmapping:/home/tianbot/tianracer_ros2_ws/install/openslam_gmapping:/home/tianbot/tianracer_ros2_ws/install/lakibeam1:/home/tianbot/tianracer_ros2_ws/install/costmap_intensity:/home/tianbot/tianracer_ros2_ws/install/costmap_converter:/home/tianbot/tianracer_ros2_ws/install/costmap_converter_msgs:/home/tianbot/tianracer_ros2_ws/install/behavior_ext_plugins:/home/tianbot/tianracer_ros2_ws/install/ackermann_mux LD_LIBRARY_PATH=/home/tianbot/slash_ws/install/vesc_msgs/lib:${LD_LIBRARY_PATH} PYTHONPATH=/home/tianbot/slash_ws/install/vesc_msgs/local/lib/python3.10/dist-packages:${PYTHONPATH} /usr/bin/cmake /home/tianbot/slash_ws/src/slash_hardware/f1tenth_system/vesc/vesc_driver -DAMENT_CMAKE_SYMLINK_INSTALL=1 -DCMAKE_INSTALL_PREFIX=/home/tianbot/slash_ws/install/vesc_driver
[0.127s] -- The C compiler identification is GNU 11.4.0
[0.210s] -- The CXX compiler identification is GNU 11.4.0
[0.222s] -- Detecting C compiler ABI info
[0.346s] -- Detecting C compiler ABI info - done
[0.357s] -- Check for working C compiler: /usr/bin/cc - skipped
[0.358s] -- Detecting C compile features
[0.359s] -- Detecting C compile features - done
[0.364s] -- Detecting CXX compiler ABI info
[0.499s] -- Detecting CXX compiler ABI info - done
[0.516s] -- Check for working CXX compiler: /usr/bin/c++ - skipped
[0.516s] -- Detecting CXX compile features
[0.518s] -- Detecting CXX compile features - done
[0.525s] -- Found ament_cmake_auto: 1.3.12 (/opt/ros/humble/share/ament_cmake_auto/cmake)
[0.856s] -- Found Python3: /usr/bin/python3 (found version "3.10.12") found components: Interpreter 
[0.990s] -- Override CMake install command with custom implementation using symlinks instead of copying resources
[1.312s] -- Found rosidl_generator_c: 3.1.7 (/opt/ros/humble/share/rosidl_generator_c/cmake)
[1.325s] -- Found rosidl_adapter: 3.1.7 (/opt/ros/humble/share/rosidl_adapter/cmake)
[1.346s] -- Found rosidl_generator_cpp: 3.1.7 (/opt/ros/humble/share/rosidl_generator_cpp/cmake)
[1.373s] -- Using all available rosidl_typesupport_c: rosidl_typesupport_fastrtps_c;rosidl_typesupport_introspection_c
[1.431s] -- Using all available rosidl_typesupport_cpp: rosidl_typesupport_fastrtps_cpp;rosidl_typesupport_introspection_cpp
[1.527s] -- Found rmw_implementation_cmake: 6.1.2 (/opt/ros/humble/share/rmw_implementation_cmake/cmake)
[1.536s] -- Found rmw_cyclonedds_cpp: 1.3.4 (/opt/ros/humble/share/rmw_cyclonedds_cpp/cmake)
[1.590s] -- Using RMW implementation 'rmw_cyclonedds_cpp' as default
[1.612s] -- Looking for pthread.h
[1.759s] -- Looking for pthread.h - found
[1.761s] -- Performing Test CMAKE_HAVE_LIBC_PTHREAD
[1.880s] -- Performing Test CMAKE_HAVE_LIBC_PTHREAD - Success
[1.881s] -- Found Threads: TRUE  
[2.131s] -- Found asio_cmake_module: 1.2.0 (/opt/ros/humble/share/asio_cmake_module/cmake)
[2.133s] -- Found ASIO: /usr/include  
[2.291s] -- Found ament_lint_auto: 0.12.14 (/opt/ros/humble/share/ament_lint_auto/cmake)
[2.332s] [0mIn this package, headers install destination is set to `include` by ament_auto_package. It is recommended to install `include/vesc_driver` instead and will be the default behavior of ament_auto_package from ROS 2 Kilted Kaiju. On distributions before Kilted, ament_auto_package behaves the same way when you use USE_SCOPED_HEADER_INSTALL_DIR option.[0m
[2.344s] -- Added test 'copyright' to check source files copyright and LICENSE
[2.347s] -- Added test 'cppcheck' to perform static code analysis on C / C++ code
[2.347s] -- Configured cppcheck include dirs: /home/tianbot/slash_ws/src/slash_hardware/f1tenth_system/vesc/vesc_driver/include
[2.347s] -- Configured cppcheck exclude dirs and/or files: 
[2.350s] -- Added test 'cpplint' to check C / C++ code against the Google style
[2.350s] -- Configured cpplint exclude dirs and/or files: 
[2.354s] -- Added test 'flake8' to check Python code syntax and style conventions
[2.354s] -- Added test 'lint_cmake' to check CMake code style
[2.354s] -- Added test 'pep257' to check Python code against some of the docstring style conventions in PEP 257
[2.356s] -- Added test 'uncrustify' to check C / C++ code style
[2.357s] -- Configured uncrustify additional arguments: 
[2.358s] -- Added test 'xmllint' to check XML markup files
[2.368s] -- Configuring done
[2.440s] -- Generating done
[2.451s] -- Build files have been written to: /home/tianbot/slash_ws/build/vesc_driver
[2.465s] Invoked command in '/home/tianbot/slash_ws/build/vesc_driver' returned '0': AMENT_PREFIX_PATH=/home/tianbot/slash_ws/install/vesc_msgs:${AMENT_PREFIX_PATH} CMAKE_PREFIX_PATH=/home/tianbot/slash_ws/install/vesc_msgs:/home/tianbot/tianracer_ros2_ws/install/vesc_ackermann:/home/tianbot/tianracer_ros2_ws/install/vesc_msgs:/home/tianbot/tianracer_ros2_ws/install/vector_pursuit_controller:/home/tianbot/tianracer_ros2_ws/install/tianracer_slam:/home/tianbot/tianracer_ros2_ws/install/tianracer_rviz:/home/tianbot/tianracer_ros2_ws/install/tianracer_navigation2:/home/tianbot/tianracer_ros2_ws/install/tianracer_navigation:/home/tianbot/tianracer_ros2_ws/install/tianracer_jetson:/home/tianbot/tianracer_ros2_ws/install/tianracer_description:/home/tianbot/tianracer_ros2_ws/install/tianracer_core:/home/tianbot/tianracer_ros2_ws/install/tianracer_competition:/home/tianbot/tianracer_ros2_ws/install/tianracer_bringup:/home/tianbot/tianracer_ros2_ws/install/twist_to_ackermann:/home/tianbot/tianracer_ros2_ws/install/tf2_web_republisher_py:/home/tianbot/tianracer_ros2_ws/install/joy_teleop:/home/tianbot/tianracer_ros2_ws/install/mouse_teleop:/home/tianbot/tianracer_ros2_ws/install/key_teleop:/opt/ros/humble:/home/tianbot/tianracer_ros2_ws/install/tianracer:/home/tianbot/tianracer_ros2_ws/install/tianbot_core:/home/tianbot/tianracer_ros2_ws/install/tf2_web_republisher:/home/tianbot/tianracer_ros2_ws/install/teleop_tools:/home/tianbot/tianracer_ros2_ws/install/teleop_tools_msgs:/home/tianbot/tianracer_ros2_ws/install/teb_local_planner:/home/tianbot/tianracer_ros2_ws/install/teb_msgs:/home/tianbot/tianracer_ros2_ws/install/slam_gmapping:/home/tianbot/tianracer_ros2_ws/install/openslam_gmapping:/home/tianbot/tianracer_ros2_ws/install/lakibeam1:/home/tianbot/tianracer_ros2_ws/install/costmap_intensity:/home/tianbot/tianracer_ros2_ws/install/costmap_converter:/home/tianbot/tianracer_ros2_ws/install/costmap_converter_msgs:/home/tianbot/tianracer_ros2_ws/install/behavior_ext_plugins:/home/tianbot/tianracer_ros2_ws/install/ackermann_mux LD_LIBRARY_PATH=/home/tianbot/slash_ws/install/vesc_msgs/lib:${LD_LIBRARY_PATH} PYTHONPATH=/home/tianbot/slash_ws/install/vesc_msgs/local/lib/python3.10/dist-packages:${PYTHONPATH} /usr/bin/cmake /home/tianbot/slash_ws/src/slash_hardware/f1tenth_system/vesc/vesc_driver -DAMENT_CMAKE_SYMLINK_INSTALL=1 -DCMAKE_INSTALL_PREFIX=/home/tianbot/slash_ws/install/vesc_driver
[2.470s] Invoking command in '/home/tianbot/slash_ws/build/vesc_driver': AMENT_PREFIX_PATH=/home/tianbot/slash_ws/install/vesc_msgs:${AMENT_PREFIX_PATH} CMAKE_PREFIX_PATH=/home/tianbot/slash_ws/install/vesc_msgs:/home/tianbot/tianracer_ros2_ws/install/vesc_ackermann:/home/tianbot/tianracer_ros2_ws/install/vesc_msgs:/home/tianbot/tianracer_ros2_ws/install/vector_pursuit_controller:/home/tianbot/tianracer_ros2_ws/install/tianracer_slam:/home/tianbot/tianracer_ros2_ws/install/tianracer_rviz:/home/tianbot/tianracer_ros2_ws/install/tianracer_navigation2:/home/tianbot/tianracer_ros2_ws/install/tianracer_navigation:/home/tianbot/tianracer_ros2_ws/install/tianracer_jetson:/home/tianbot/tianracer_ros2_ws/install/tianracer_description:/home/tianbot/tianracer_ros2_ws/install/tianracer_core:/home/tianbot/tianracer_ros2_ws/install/tianracer_competition:/home/tianbot/tianracer_ros2_ws/install/tianracer_bringup:/home/tianbot/tianracer_ros2_ws/install/twist_to_ackermann:/home/tianbot/tianracer_ros2_ws/install/tf2_web_republisher_py:/home/tianbot/tianracer_ros2_ws/install/joy_teleop:/home/tianbot/tianracer_ros2_ws/install/mouse_teleop:/home/tianbot/tianracer_ros2_ws/install/key_teleop:/opt/ros/humble:/home/tianbot/tianracer_ros2_ws/install/tianracer:/home/tianbot/tianracer_ros2_ws/install/tianbot_core:/home/tianbot/tianracer_ros2_ws/install/tf2_web_republisher:/home/tianbot/tianracer_ros2_ws/install/teleop_tools:/home/tianbot/tianracer_ros2_ws/install/teleop_tools_msgs:/home/tianbot/tianracer_ros2_ws/install/teb_local_planner:/home/tianbot/tianracer_ros2_ws/install/teb_msgs:/home/tianbot/tianracer_ros2_ws/install/slam_gmapping:/home/tianbot/tianracer_ros2_ws/install/openslam_gmapping:/home/tianbot/tianracer_ros2_ws/install/lakibeam1:/home/tianbot/tianracer_ros2_ws/install/costmap_intensity:/home/tianbot/tianracer_ros2_ws/install/costmap_converter:/home/tianbot/tianracer_ros2_ws/install/costmap_converter_msgs:/home/tianbot/tianracer_ros2_ws/install/behavior_ext_plugins:/home/tianbot/tianracer_ros2_ws/install/ackermann_mux LD_LIBRARY_PATH=/home/tianbot/slash_ws/install/vesc_msgs/lib:${LD_LIBRARY_PATH} PYTHONPATH=/home/tianbot/slash_ws/install/vesc_msgs/local/lib/python3.10/dist-packages:${PYTHONPATH} /usr/bin/cmake --build /home/tianbot/slash_ws/build/vesc_driver -- -j4 -l4
[2.546s] [ 10%] [32mBuilding CXX object CMakeFiles/vesc_driver.dir/src/vesc_driver.cpp.o[0m
[17.248s] [ 20%] [32mBuilding CXX object CMakeFiles/vesc_driver.dir/src/vesc_packet.cpp.o[0m
[18.380s] [ 30%] [32mBuilding CXX object CMakeFiles/vesc_driver.dir/src/vesc_packet_factory.cpp.o[0m
[19.276s] [ 40%] [32mBuilding CXX object CMakeFiles/vesc_driver.dir/src/vesc_interface.cpp.o[0m
[21.894s] [ 50%] [32m[1mLinking CXX shared library libvesc_driver.so[0m
[22.900s] [ 50%] Built target vesc_driver
[22.929s] [ 60%] [32mBuilding CXX object CMakeFiles/vesc_driver_node.dir/rclcpp_components/node_main_vesc_driver_node.cpp.o[0m
[27.501s] [ 70%] [32m[1mLinking CXX executable vesc_driver_node[0m
[27.699s] [ 70%] Built target vesc_driver_node
[27.731s] [ 80%] [32mBuilding CXX object CMakeFiles/vesc_device_namer.dir/src/vesc_device_namer.cpp.o[0m
[28.475s] [ 90%] [32mBuilding CXX object CMakeFiles/vesc_device_namer.dir/src/vesc_device_uuid_lookup.cpp.o[0m
[29.610s] [100%] [32m[1mLinking CXX executable vesc_device_namer[0m
[30.113s] [100%] Built target vesc_device_namer
[30.132s] Invoked command in '/home/tianbot/slash_ws/build/vesc_driver' returned '0': AMENT_PREFIX_PATH=/home/tianbot/slash_ws/install/vesc_msgs:${AMENT_PREFIX_PATH} CMAKE_PREFIX_PATH=/home/tianbot/slash_ws/install/vesc_msgs:/home/tianbot/tianracer_ros2_ws/install/vesc_ackermann:/home/tianbot/tianracer_ros2_ws/install/vesc_msgs:/home/tianbot/tianracer_ros2_ws/install/vector_pursuit_controller:/home/tianbot/tianracer_ros2_ws/install/tianracer_slam:/home/tianbot/tianracer_ros2_ws/install/tianracer_rviz:/home/tianbot/tianracer_ros2_ws/install/tianracer_navigation2:/home/tianbot/tianracer_ros2_ws/install/tianracer_navigation:/home/tianbot/tianracer_ros2_ws/install/tianracer_jetson:/home/tianbot/tianracer_ros2_ws/install/tianracer_description:/home/tianbot/tianracer_ros2_ws/install/tianracer_core:/home/tianbot/tianracer_ros2_ws/install/tianracer_competition:/home/tianbot/tianracer_ros2_ws/install/tianracer_bringup:/home/tianbot/tianracer_ros2_ws/install/twist_to_ackermann:/home/tianbot/tianracer_ros2_ws/install/tf2_web_republisher_py:/home/tianbot/tianracer_ros2_ws/install/joy_teleop:/home/tianbot/tianracer_ros2_ws/install/mouse_teleop:/home/tianbot/tianracer_ros2_ws/install/key_teleop:/opt/ros/humble:/home/tianbot/tianracer_ros2_ws/install/tianracer:/home/tianbot/tianracer_ros2_ws/install/tianbot_core:/home/tianbot/tianracer_ros2_ws/install/tf2_web_republisher:/home/tianbot/tianracer_ros2_ws/install/teleop_tools:/home/tianbot/tianracer_ros2_ws/install/teleop_tools_msgs:/home/tianbot/tianracer_ros2_ws/install/teb_local_planner:/home/tianbot/tianracer_ros2_ws/install/teb_msgs:/home/tianbot/tianracer_ros2_ws/install/slam_gmapping:/home/tianbot/tianracer_ros2_ws/install/openslam_gmapping:/home/tianbot/tianracer_ros2_ws/install/lakibeam1:/home/tianbot/tianracer_ros2_ws/install/costmap_intensity:/home/tianbot/tianracer_ros2_ws/install/costmap_converter:/home/tianbot/tianracer_ros2_ws/install/costmap_converter_msgs:/home/tianbot/tianracer_ros2_ws/install/behavior_ext_plugins:/home/tianbot/tianracer_ros2_ws/install/ackermann_mux LD_LIBRARY_PATH=/home/tianbot/slash_ws/install/vesc_msgs/lib:${LD_LIBRARY_PATH} PYTHONPATH=/home/tianbot/slash_ws/install/vesc_msgs/local/lib/python3.10/dist-packages:${PYTHONPATH} /usr/bin/cmake --build /home/tianbot/slash_ws/build/vesc_driver -- -j4 -l4
[30.136s] Invoking command in '/home/tianbot/slash_ws/build/vesc_driver': AMENT_PREFIX_PATH=/home/tianbot/slash_ws/install/vesc_msgs:${AMENT_PREFIX_PATH} CMAKE_PREFIX_PATH=/home/tianbot/slash_ws/install/vesc_msgs:/home/tianbot/tianracer_ros2_ws/install/vesc_ackermann:/home/tianbot/tianracer_ros2_ws/install/vesc_msgs:/home/tianbot/tianracer_ros2_ws/install/vector_pursuit_controller:/home/tianbot/tianracer_ros2_ws/install/tianracer_slam:/home/tianbot/tianracer_ros2_ws/install/tianracer_rviz:/home/tianbot/tianracer_ros2_ws/install/tianracer_navigation2:/home/tianbot/tianracer_ros2_ws/install/tianracer_navigation:/home/tianbot/tianracer_ros2_ws/install/tianracer_jetson:/home/tianbot/tianracer_ros2_ws/install/tianracer_description:/home/tianbot/tianracer_ros2_ws/install/tianracer_core:/home/tianbot/tianracer_ros2_ws/install/tianracer_competition:/home/tianbot/tianracer_ros2_ws/install/tianracer_bringup:/home/tianbot/tianracer_ros2_ws/install/twist_to_ackermann:/home/tianbot/tianracer_ros2_ws/install/tf2_web_republisher_py:/home/tianbot/tianracer_ros2_ws/install/joy_teleop:/home/tianbot/tianracer_ros2_ws/install/mouse_teleop:/home/tianbot/tianracer_ros2_ws/install/key_teleop:/opt/ros/humble:/home/tianbot/tianracer_ros2_ws/install/tianracer:/home/tianbot/tianracer_ros2_ws/install/tianbot_core:/home/tianbot/tianracer_ros2_ws/install/tf2_web_republisher:/home/tianbot/tianracer_ros2_ws/install/teleop_tools:/home/tianbot/tianracer_ros2_ws/install/teleop_tools_msgs:/home/tianbot/tianracer_ros2_ws/install/teb_local_planner:/home/tianbot/tianracer_ros2_ws/install/teb_msgs:/home/tianbot/tianracer_ros2_ws/install/slam_gmapping:/home/tianbot/tianracer_ros2_ws/install/openslam_gmapping:/home/tianbot/tianracer_ros2_ws/install/lakibeam1:/home/tianbot/tianracer_ros2_ws/install/costmap_intensity:/home/tianbot/tianracer_ros2_ws/install/costmap_converter:/home/tianbot/tianracer_ros2_ws/install/costmap_converter_msgs:/home/tianbot/tianracer_ros2_ws/install/behavior_ext_plugins:/home/tianbot/tianracer_ros2_ws/install/ackermann_mux LD_LIBRARY_PATH=/home/tianbot/slash_ws/install/vesc_msgs/lib:${LD_LIBRARY_PATH} PYTHONPATH=/home/tianbot/slash_ws/install/vesc_msgs/local/lib/python3.10/dist-packages:${PYTHONPATH} /usr/bin/cmake --install /home/tianbot/slash_ws/build/vesc_driver
[30.147s] -- Install configuration: ""
[30.148s] -- Execute custom install script
[30.149s] -- Symlinking: /home/tianbot/slash_ws/install/vesc_driver/lib/vesc_driver/vesc_driver_node
[30.166s] -- Symlinking: /home/tianbot/slash_ws/install/vesc_driver/include/vesc_driver/crc.hpp
[30.181s] -- Symlinking: /home/tianbot/slash_ws/install/vesc_driver/include/vesc_driver/datatypes.hpp
[30.197s] -- Symlinking: /home/tianbot/slash_ws/install/vesc_driver/include/vesc_driver/vesc_device_uuid_lookup.hpp
[30.209s] -- Symlinking: /home/tianbot/slash_ws/install/vesc_driver/include/vesc_driver/vesc_driver.hpp
[30.224s] -- Symlinking: /home/tianbot/slash_ws/install/vesc_driver/include/vesc_driver/vesc_interface.hpp
[30.238s] -- Symlinking: /home/tianbot/slash_ws/install/vesc_driver/include/vesc_driver/vesc_packet.hpp
[30.253s] -- Symlinking: /home/tianbot/slash_ws/install/vesc_driver/include/vesc_driver/vesc_packet_factory.hpp
[30.268s] -- Symlinking: /home/tianbot/slash_ws/install/vesc_driver/share/vesc_driver/environment/library_path.sh
[30.281s] -- Symlinking: /home/tianbot/slash_ws/install/vesc_driver/share/vesc_driver/environment/library_path.dsv
[30.301s] -- Symlinking: /home/tianbot/slash_ws/install/vesc_driver/lib/libvesc_driver.so
[30.309s] -- Symlinking: /home/tianbot/slash_ws/install/vesc_driver/lib/vesc_driver/vesc_device_namer
[30.325s] -- Symlinking: /home/tianbot/slash_ws/install/vesc_driver/share/vesc_driver/launch/vesc_driver_node.launch.py
[30.338s] -- Symlinking: /home/tianbot/slash_ws/install/vesc_driver/share/vesc_driver/params/vesc_config.yaml
[30.357s] -- Symlinking: /home/tianbot/slash_ws/install/vesc_driver/share/ament_index/resource_index/package_run_dependencies/vesc_driver
[30.369s] -- Symlinking: /home/tianbot/slash_ws/install/vesc_driver/share/ament_index/resource_index/parent_prefix_path/vesc_driver
[30.382s] -- Symlinking: /home/tianbot/slash_ws/install/vesc_driver/share/vesc_driver/environment/ament_prefix_path.sh
[30.403s] -- Symlinking: /home/tianbot/slash_ws/install/vesc_driver/share/vesc_driver/environment/ament_prefix_path.dsv
[30.418s] -- Symlinking: /home/tianbot/slash_ws/install/vesc_driver/share/vesc_driver/environment/path.sh
[30.430s] -- Symlinking: /home/tianbot/slash_ws/install/vesc_driver/share/vesc_driver/environment/path.dsv
[30.443s] -- Symlinking: /home/tianbot/slash_ws/install/vesc_driver/share/vesc_driver/local_setup.bash
[30.458s] -- Symlinking: /home/tianbot/slash_ws/install/vesc_driver/share/vesc_driver/local_setup.sh
[30.470s] -- Symlinking: /home/tianbot/slash_ws/install/vesc_driver/share/vesc_driver/local_setup.zsh
[30.483s] -- Symlinking: /home/tianbot/slash_ws/install/vesc_driver/share/vesc_driver/local_setup.dsv
[30.496s] -- Symlinking: /home/tianbot/slash_ws/install/vesc_driver/share/vesc_driver/package.dsv
[30.509s] -- Symlinking: /home/tianbot/slash_ws/install/vesc_driver/share/ament_index/resource_index/packages/vesc_driver
[30.525s] -- Symlinking: /home/tianbot/slash_ws/install/vesc_driver/share/ament_index/resource_index/rclcpp_components/vesc_driver
[30.539s] -- Symlinking: /home/tianbot/slash_ws/install/vesc_driver/share/vesc_driver/cmake/ament_cmake_export_dependencies-extras.cmake
[30.554s] -- Symlinking: /home/tianbot/slash_ws/install/vesc_driver/share/vesc_driver/cmake/ament_cmake_export_include_directories-extras.cmake
[30.567s] -- Symlinking: /home/tianbot/slash_ws/install/vesc_driver/share/vesc_driver/cmake/ament_cmake_export_libraries-extras.cmake
[30.580s] -- Symlinking: /home/tianbot/slash_ws/install/vesc_driver/share/vesc_driver/cmake/vesc_driverConfig.cmake
[30.596s] -- Symlinking: /home/tianbot/slash_ws/install/vesc_driver/share/vesc_driver/cmake/vesc_driverConfig-version.cmake
[30.609s] -- Symlinking: /home/tianbot/slash_ws/install/vesc_driver/share/vesc_driver/package.xml
[30.631s] Invoked command in '/home/tianbot/slash_ws/build/vesc_driver' returned '0': AMENT_PREFIX_PATH=/home/tianbot/slash_ws/install/vesc_msgs:${AMENT_PREFIX_PATH} CMAKE_PREFIX_PATH=/home/tianbot/slash_ws/install/vesc_msgs:/home/tianbot/tianracer_ros2_ws/install/vesc_ackermann:/home/tianbot/tianracer_ros2_ws/install/vesc_msgs:/home/tianbot/tianracer_ros2_ws/install/vector_pursuit_controller:/home/tianbot/tianracer_ros2_ws/install/tianracer_slam:/home/tianbot/tianracer_ros2_ws/install/tianracer_rviz:/home/tianbot/tianracer_ros2_ws/install/tianracer_navigation2:/home/tianbot/tianracer_ros2_ws/install/tianracer_navigation:/home/tianbot/tianracer_ros2_ws/install/tianracer_jetson:/home/tianbot/tianracer_ros2_ws/install/tianracer_description:/home/tianbot/tianracer_ros2_ws/install/tianracer_core:/home/tianbot/tianracer_ros2_ws/install/tianracer_competition:/home/tianbot/tianracer_ros2_ws/install/tianracer_bringup:/home/tianbot/tianracer_ros2_ws/install/twist_to_ackermann:/home/tianbot/tianracer_ros2_ws/install/tf2_web_republisher_py:/home/tianbot/tianracer_ros2_ws/install/joy_teleop:/home/tianbot/tianracer_ros2_ws/install/mouse_teleop:/home/tianbot/tianracer_ros2_ws/install/key_teleop:/opt/ros/humble:/home/tianbot/tianracer_ros2_ws/install/tianracer:/home/tianbot/tianracer_ros2_ws/install/tianbot_core:/home/tianbot/tianracer_ros2_ws/install/tf2_web_republisher:/home/tianbot/tianracer_ros2_ws/install/teleop_tools:/home/tianbot/tianracer_ros2_ws/install/teleop_tools_msgs:/home/tianbot/tianracer_ros2_ws/install/teb_local_planner:/home/tianbot/tianracer_ros2_ws/install/teb_msgs:/home/tianbot/tianracer_ros2_ws/install/slam_gmapping:/home/tianbot/tianracer_ros2_ws/install/openslam_gmapping:/home/tianbot/tianracer_ros2_ws/install/lakibeam1:/home/tianbot/tianracer_ros2_ws/install/costmap_intensity:/home/tianbot/tianracer_ros2_ws/install/costmap_converter:/home/tianbot/tianracer_ros2_ws/install/costmap_converter_msgs:/home/tianbot/tianracer_ros2_ws/install/behavior_ext_plugins:/home/tianbot/tianracer_ros2_ws/install/ackermann_mux LD_LIBRARY_PATH=/home/tianbot/slash_ws/install/vesc_msgs/lib:${LD_LIBRARY_PATH} PYTHONPATH=/home/tianbot/slash_ws/install/vesc_msgs/local/lib/python3.10/dist-packages:${PYTHONPATH} /usr/bin/cmake --install /home/tianbot/slash_ws/build/vesc_driver
