[0.019s] Invoking command in '/home/tianbot/slash_ws/build/slash_nav2': CMAKE_PREFIX_PATH=/home/tianbot/tianracer_ros2_ws/install/vesc_ackermann:/home/tianbot/tianracer_ros2_ws/install/vesc_msgs:/home/tianbot/tianracer_ros2_ws/install/vector_pursuit_controller:/home/tianbot/tianracer_ros2_ws/install/tianracer_slam:/home/tianbot/tianracer_ros2_ws/install/tianracer_rviz:/home/tianbot/tianracer_ros2_ws/install/tianracer_navigation2:/home/tianbot/tianracer_ros2_ws/install/tianracer_navigation:/home/tianbot/tianracer_ros2_ws/install/tianracer_jetson:/home/tianbot/tianracer_ros2_ws/install/tianracer_description:/home/tianbot/tianracer_ros2_ws/install/tianracer_core:/home/tianbot/tianracer_ros2_ws/install/tianracer_competition:/home/tianbot/tianracer_ros2_ws/install/tianracer_bringup:/home/tianbot/tianracer_ros2_ws/install/twist_to_ackermann:/home/tianbot/tianracer_ros2_ws/install/tf2_web_republisher_py:/home/tianbot/tianracer_ros2_ws/install/joy_teleop:/home/tianbot/tianracer_ros2_ws/install/mouse_teleop:/home/tianbot/tianracer_ros2_ws/install/key_teleop:/home/tianbot/slash_ws/install/f1tenth_stack:/home/tianbot/slash_ws/install/joy_teleop:/home/tianbot/slash_ws/install/mouse_teleop:/home/tianbot/slash_ws/install/key_teleop:/opt/ros/humble:/home/tianbot/tianracer_ros2_ws/install/tianracer:/home/tianbot/tianracer_ros2_ws/install/tianbot_core:/home/tianbot/tianracer_ros2_ws/install/tf2_web_republisher:/home/tianbot/tianracer_ros2_ws/install/teleop_tools:/home/tianbot/tianracer_ros2_ws/install/teleop_tools_msgs:/home/tianbot/tianracer_ros2_ws/install/teb_local_planner:/home/tianbot/tianracer_ros2_ws/install/teb_msgs:/home/tianbot/tianracer_ros2_ws/install/slam_gmapping:/home/tianbot/tianracer_ros2_ws/install/openslam_gmapping:/home/tianbot/tianracer_ros2_ws/install/lakibeam1:/home/tianbot/tianracer_ros2_ws/install/costmap_intensity:/home/tianbot/tianracer_ros2_ws/install/costmap_converter:/home/tianbot/tianracer_ros2_ws/install/costmap_converter_msgs:/home/tianbot/tianracer_ros2_ws/install/behavior_ext_plugins:/home/tianbot/tianracer_ros2_ws/install/ackermann_mux:/home/tianbot/slash_ws/install/vesc:/home/tianbot/slash_ws/install/vesc_driver:/home/tianbot/slash_ws/install/vesc_ackermann:/home/tianbot/slash_ws/install/vesc_msgs:/home/tianbot/slash_ws/install/teleop_tools:/home/tianbot/slash_ws/install/teleop_tools_msgs:/home/tianbot/slash_ws/install/teb_local_planner:/home/tianbot/slash_ws/install/teb_msgs:/home/tianbot/slash_ws/install/slash_nav2:/home/tianbot/slash_ws/install/pointcloud_to_laserscan:/home/tianbot/slash_ws/install/pointcloud_filter:/home/tianbot/slash_ws/install/nav2_msg_costmap_plugin:/home/tianbot/slash_ws/install/fast_lio:/home/tianbot/slash_ws/install/livox_ros_driver2:/home/tianbot/slash_ws/install/linefit_ground_segmentation_ros:/home/tianbot/slash_ws/install/linefit_ground_segmentation:/home/tianbot/slash_ws/install/icp_localization:/home/tianbot/slash_ws/install/grid_map:/home/tianbot/slash_ws/install/grid_map_demos:/home/tianbot/slash_ws/install/grid_map_visualization:/home/tianbot/slash_ws/install/grid_map_sdf:/home/tianbot/slash_ws/install/grid_map_rviz_plugin:/home/tianbot/slash_ws/install/grid_map_pcl:/home/tianbot/slash_ws/install/grid_map_loader:/home/tianbot/slash_ws/install/grid_map_filters:/home/tianbot/slash_ws/install/grid_map_ros:/home/tianbot/slash_ws/install/grid_map_octomap:/home/tianbot/slash_ws/install/grid_map_msgs:/home/tianbot/slash_ws/install/grid_map_cv:/home/tianbot/slash_ws/install/grid_map_costmap_2d:/home/tianbot/slash_ws/install/grid_map_core:/home/tianbot/slash_ws/install/grid_map_cmake_helpers:/home/tianbot/slash_ws/install/dll:/home/tianbot/slash_ws/install/costmap_converter:/home/tianbot/slash_ws/install/costmap_converter_msgs:/home/tianbot/slash_ws/install/ackermann_mux /usr/bin/cmake --build /home/tianbot/slash_ws/build/slash_nav2 -- -j4 -l4
[0.113s] Invoked command in '/home/tianbot/slash_ws/build/slash_nav2' returned '0': CMAKE_PREFIX_PATH=/home/tianbot/tianracer_ros2_ws/install/vesc_ackermann:/home/tianbot/tianracer_ros2_ws/install/vesc_msgs:/home/tianbot/tianracer_ros2_ws/install/vector_pursuit_controller:/home/tianbot/tianracer_ros2_ws/install/tianracer_slam:/home/tianbot/tianracer_ros2_ws/install/tianracer_rviz:/home/tianbot/tianracer_ros2_ws/install/tianracer_navigation2:/home/tianbot/tianracer_ros2_ws/install/tianracer_navigation:/home/tianbot/tianracer_ros2_ws/install/tianracer_jetson:/home/tianbot/tianracer_ros2_ws/install/tianracer_description:/home/tianbot/tianracer_ros2_ws/install/tianracer_core:/home/tianbot/tianracer_ros2_ws/install/tianracer_competition:/home/tianbot/tianracer_ros2_ws/install/tianracer_bringup:/home/tianbot/tianracer_ros2_ws/install/twist_to_ackermann:/home/tianbot/tianracer_ros2_ws/install/tf2_web_republisher_py:/home/tianbot/tianracer_ros2_ws/install/joy_teleop:/home/tianbot/tianracer_ros2_ws/install/mouse_teleop:/home/tianbot/tianracer_ros2_ws/install/key_teleop:/home/tianbot/slash_ws/install/f1tenth_stack:/home/tianbot/slash_ws/install/joy_teleop:/home/tianbot/slash_ws/install/mouse_teleop:/home/tianbot/slash_ws/install/key_teleop:/opt/ros/humble:/home/tianbot/tianracer_ros2_ws/install/tianracer:/home/tianbot/tianracer_ros2_ws/install/tianbot_core:/home/tianbot/tianracer_ros2_ws/install/tf2_web_republisher:/home/tianbot/tianracer_ros2_ws/install/teleop_tools:/home/tianbot/tianracer_ros2_ws/install/teleop_tools_msgs:/home/tianbot/tianracer_ros2_ws/install/teb_local_planner:/home/tianbot/tianracer_ros2_ws/install/teb_msgs:/home/tianbot/tianracer_ros2_ws/install/slam_gmapping:/home/tianbot/tianracer_ros2_ws/install/openslam_gmapping:/home/tianbot/tianracer_ros2_ws/install/lakibeam1:/home/tianbot/tianracer_ros2_ws/install/costmap_intensity:/home/tianbot/tianracer_ros2_ws/install/costmap_converter:/home/tianbot/tianracer_ros2_ws/install/costmap_converter_msgs:/home/tianbot/tianracer_ros2_ws/install/behavior_ext_plugins:/home/tianbot/tianracer_ros2_ws/install/ackermann_mux:/home/tianbot/slash_ws/install/vesc:/home/tianbot/slash_ws/install/vesc_driver:/home/tianbot/slash_ws/install/vesc_ackermann:/home/tianbot/slash_ws/install/vesc_msgs:/home/tianbot/slash_ws/install/teleop_tools:/home/tianbot/slash_ws/install/teleop_tools_msgs:/home/tianbot/slash_ws/install/teb_local_planner:/home/tianbot/slash_ws/install/teb_msgs:/home/tianbot/slash_ws/install/slash_nav2:/home/tianbot/slash_ws/install/pointcloud_to_laserscan:/home/tianbot/slash_ws/install/pointcloud_filter:/home/tianbot/slash_ws/install/nav2_msg_costmap_plugin:/home/tianbot/slash_ws/install/fast_lio:/home/tianbot/slash_ws/install/livox_ros_driver2:/home/tianbot/slash_ws/install/linefit_ground_segmentation_ros:/home/tianbot/slash_ws/install/linefit_ground_segmentation:/home/tianbot/slash_ws/install/icp_localization:/home/tianbot/slash_ws/install/grid_map:/home/tianbot/slash_ws/install/grid_map_demos:/home/tianbot/slash_ws/install/grid_map_visualization:/home/tianbot/slash_ws/install/grid_map_sdf:/home/tianbot/slash_ws/install/grid_map_rviz_plugin:/home/tianbot/slash_ws/install/grid_map_pcl:/home/tianbot/slash_ws/install/grid_map_loader:/home/tianbot/slash_ws/install/grid_map_filters:/home/tianbot/slash_ws/install/grid_map_ros:/home/tianbot/slash_ws/install/grid_map_octomap:/home/tianbot/slash_ws/install/grid_map_msgs:/home/tianbot/slash_ws/install/grid_map_cv:/home/tianbot/slash_ws/install/grid_map_costmap_2d:/home/tianbot/slash_ws/install/grid_map_core:/home/tianbot/slash_ws/install/grid_map_cmake_helpers:/home/tianbot/slash_ws/install/dll:/home/tianbot/slash_ws/install/costmap_converter:/home/tianbot/slash_ws/install/costmap_converter_msgs:/home/tianbot/slash_ws/install/ackermann_mux /usr/bin/cmake --build /home/tianbot/slash_ws/build/slash_nav2 -- -j4 -l4
[0.126s] Invoking command in '/home/tianbot/slash_ws/build/slash_nav2': CMAKE_PREFIX_PATH=/home/tianbot/tianracer_ros2_ws/install/vesc_ackermann:/home/tianbot/tianracer_ros2_ws/install/vesc_msgs:/home/tianbot/tianracer_ros2_ws/install/vector_pursuit_controller:/home/tianbot/tianracer_ros2_ws/install/tianracer_slam:/home/tianbot/tianracer_ros2_ws/install/tianracer_rviz:/home/tianbot/tianracer_ros2_ws/install/tianracer_navigation2:/home/tianbot/tianracer_ros2_ws/install/tianracer_navigation:/home/tianbot/tianracer_ros2_ws/install/tianracer_jetson:/home/tianbot/tianracer_ros2_ws/install/tianracer_description:/home/tianbot/tianracer_ros2_ws/install/tianracer_core:/home/tianbot/tianracer_ros2_ws/install/tianracer_competition:/home/tianbot/tianracer_ros2_ws/install/tianracer_bringup:/home/tianbot/tianracer_ros2_ws/install/twist_to_ackermann:/home/tianbot/tianracer_ros2_ws/install/tf2_web_republisher_py:/home/tianbot/tianracer_ros2_ws/install/joy_teleop:/home/tianbot/tianracer_ros2_ws/install/mouse_teleop:/home/tianbot/tianracer_ros2_ws/install/key_teleop:/home/tianbot/slash_ws/install/f1tenth_stack:/home/tianbot/slash_ws/install/joy_teleop:/home/tianbot/slash_ws/install/mouse_teleop:/home/tianbot/slash_ws/install/key_teleop:/opt/ros/humble:/home/tianbot/tianracer_ros2_ws/install/tianracer:/home/tianbot/tianracer_ros2_ws/install/tianbot_core:/home/tianbot/tianracer_ros2_ws/install/tf2_web_republisher:/home/tianbot/tianracer_ros2_ws/install/teleop_tools:/home/tianbot/tianracer_ros2_ws/install/teleop_tools_msgs:/home/tianbot/tianracer_ros2_ws/install/teb_local_planner:/home/tianbot/tianracer_ros2_ws/install/teb_msgs:/home/tianbot/tianracer_ros2_ws/install/slam_gmapping:/home/tianbot/tianracer_ros2_ws/install/openslam_gmapping:/home/tianbot/tianracer_ros2_ws/install/lakibeam1:/home/tianbot/tianracer_ros2_ws/install/costmap_intensity:/home/tianbot/tianracer_ros2_ws/install/costmap_converter:/home/tianbot/tianracer_ros2_ws/install/costmap_converter_msgs:/home/tianbot/tianracer_ros2_ws/install/behavior_ext_plugins:/home/tianbot/tianracer_ros2_ws/install/ackermann_mux:/home/tianbot/slash_ws/install/vesc:/home/tianbot/slash_ws/install/vesc_driver:/home/tianbot/slash_ws/install/vesc_ackermann:/home/tianbot/slash_ws/install/vesc_msgs:/home/tianbot/slash_ws/install/teleop_tools:/home/tianbot/slash_ws/install/teleop_tools_msgs:/home/tianbot/slash_ws/install/teb_local_planner:/home/tianbot/slash_ws/install/teb_msgs:/home/tianbot/slash_ws/install/slash_nav2:/home/tianbot/slash_ws/install/pointcloud_to_laserscan:/home/tianbot/slash_ws/install/pointcloud_filter:/home/tianbot/slash_ws/install/nav2_msg_costmap_plugin:/home/tianbot/slash_ws/install/fast_lio:/home/tianbot/slash_ws/install/livox_ros_driver2:/home/tianbot/slash_ws/install/linefit_ground_segmentation_ros:/home/tianbot/slash_ws/install/linefit_ground_segmentation:/home/tianbot/slash_ws/install/icp_localization:/home/tianbot/slash_ws/install/grid_map:/home/tianbot/slash_ws/install/grid_map_demos:/home/tianbot/slash_ws/install/grid_map_visualization:/home/tianbot/slash_ws/install/grid_map_sdf:/home/tianbot/slash_ws/install/grid_map_rviz_plugin:/home/tianbot/slash_ws/install/grid_map_pcl:/home/tianbot/slash_ws/install/grid_map_loader:/home/tianbot/slash_ws/install/grid_map_filters:/home/tianbot/slash_ws/install/grid_map_ros:/home/tianbot/slash_ws/install/grid_map_octomap:/home/tianbot/slash_ws/install/grid_map_msgs:/home/tianbot/slash_ws/install/grid_map_cv:/home/tianbot/slash_ws/install/grid_map_costmap_2d:/home/tianbot/slash_ws/install/grid_map_core:/home/tianbot/slash_ws/install/grid_map_cmake_helpers:/home/tianbot/slash_ws/install/dll:/home/tianbot/slash_ws/install/costmap_converter:/home/tianbot/slash_ws/install/costmap_converter_msgs:/home/tianbot/slash_ws/install/ackermann_mux /usr/bin/cmake --install /home/tianbot/slash_ws/build/slash_nav2
[0.137s] -- Install configuration: "Release"
[0.138s] -- Execute custom install script
[0.138s] -- Up-to-date symlink: /home/tianbot/slash_ws/install/slash_nav2/lib/slash_nav2/publish_pcd.py
[0.138s] -- Up-to-date symlink: /home/tianbot/slash_ws/install/slash_nav2/lib/slash_nav2/pcd_to_pgm.py
[0.138s] -- Up-to-date symlink: /home/tianbot/slash_ws/install/slash_nav2/lib/slash_nav2/cmd_vel_relay.py
[0.139s] -- Up-to-date symlink: /home/tianbot/slash_ws/install/slash_nav2/lib/slash_nav2/vel_corrector.py
[0.139s] -- Symlinking: /home/tianbot/slash_ws/install/slash_nav2/share/slash_nav2/launch/__pycache__/bringup_all.launch.cpython-310.pyc
[0.151s] -- Up-to-date symlink: /home/tianbot/slash_ws/install/slash_nav2/share/slash_nav2/launch/__pycache__/bringup_real.launch.cpython-310.pyc
[0.151s] -- Up-to-date symlink: /home/tianbot/slash_ws/install/slash_nav2/share/slash_nav2/launch/__pycache__/navigation_full.launch.cpython-310.pyc
[0.151s] -- Up-to-date symlink: /home/tianbot/slash_ws/install/slash_nav2/share/slash_nav2/launch/__pycache__/tianracer_full_stack.launch.cpython-310.pyc
[0.152s] -- Up-to-date symlink: /home/tianbot/slash_ws/install/slash_nav2/share/slash_nav2/launch/bringup_all.launch.py
[0.152s] -- Up-to-date symlink: /home/tianbot/slash_ws/install/slash_nav2/share/slash_nav2/launch/bringup_all_mapping.launch.py
[0.152s] -- Symlinking: /home/tianbot/slash_ws/install/slash_nav2/share/slash_nav2/launch/bringup_gridmap_toolbox.launch.py
[0.164s] -- Up-to-date symlink: /home/tianbot/slash_ws/install/slash_nav2/share/slash_nav2/launch/bringup_launch.py
[0.164s] -- Up-to-date symlink: /home/tianbot/slash_ws/install/slash_nav2/share/slash_nav2/launch/bringup_real.launch.py
[0.164s] -- Up-to-date symlink: /home/tianbot/slash_ws/install/slash_nav2/share/slash_nav2/launch/bringup_with_dll.launch.py
[0.165s] -- Up-to-date symlink: /home/tianbot/slash_ws/install/slash_nav2/share/slash_nav2/launch/bringup_with_slam_toolbox.launch.py
[0.165s] -- Up-to-date symlink: /home/tianbot/slash_ws/install/slash_nav2/share/slash_nav2/launch/grid_map_bridge.launch.py
[0.165s] -- Up-to-date symlink: /home/tianbot/slash_ws/install/slash_nav2/share/slash_nav2/launch/localization_launch.py
[0.165s] -- Up-to-date symlink: /home/tianbot/slash_ws/install/slash_nav2/share/slash_nav2/launch/navigation_launch.py
[0.165s] -- Up-to-date symlink: /home/tianbot/slash_ws/install/slash_nav2/share/slash_nav2/config/grid_map_processing.yaml
[0.165s] -- Up-to-date symlink: /home/tianbot/slash_ws/install/slash_nav2/share/slash_nav2/config/grid_map_visualization.yaml
[0.165s] -- Up-to-date symlink: /home/tianbot/slash_ws/install/slash_nav2/share/slash_nav2/config/mapping.yaml
[0.165s] -- Up-to-date symlink: /home/tianbot/slash_ws/install/slash_nav2/share/slash_nav2/config/nav2_params (mppi_slam_toolbox).yaml
[0.166s] -- Up-to-date symlink: /home/tianbot/slash_ws/install/slash_nav2/share/slash_nav2/config/nav2_params (teb).yaml
[0.166s] -- Up-to-date symlink: /home/tianbot/slash_ws/install/slash_nav2/share/slash_nav2/config/nav2_params (teb_slam_toolbox) .yaml
[0.166s] -- Up-to-date symlink: /home/tianbot/slash_ws/install/slash_nav2/share/slash_nav2/config/nav2_params(mppi).yaml
[0.166s] -- Up-to-date symlink: /home/tianbot/slash_ws/install/slash_nav2/share/slash_nav2/config/nav2_params.yaml
[0.166s] -- Up-to-date symlink: /home/tianbot/slash_ws/install/slash_nav2/share/slash_nav2/config/nav2_params_dll_mppi.yaml
[0.166s] -- Up-to-date symlink: /home/tianbot/slash_ws/install/slash_nav2/share/slash_nav2/config/nav2_params_dll_teb.yaml
[0.166s] -- Up-to-date symlink: /home/tianbot/slash_ws/install/slash_nav2/share/slash_nav2/config/nav2_params_gridmap.yaml
[0.167s] -- Symlinking: /home/tianbot/slash_ws/install/slash_nav2/share/slash_nav2/map/BF/test1.data
[0.179s] -- Symlinking: /home/tianbot/slash_ws/install/slash_nav2/share/slash_nav2/map/BF/test1.pgm
[0.190s] -- Symlinking: /home/tianbot/slash_ws/install/slash_nav2/share/slash_nav2/map/BF/test1.posegraph
[0.202s] -- Symlinking: /home/tianbot/slash_ws/install/slash_nav2/share/slash_nav2/map/BF/test1.yaml
[0.215s] -- Up-to-date symlink: /home/tianbot/slash_ws/install/slash_nav2/share/slash_nav2/map/RMUC.data
[0.215s] -- Up-to-date symlink: /home/tianbot/slash_ws/install/slash_nav2/share/slash_nav2/map/RMUC.pgm
[0.215s] -- Up-to-date symlink: /home/tianbot/slash_ws/install/slash_nav2/share/slash_nav2/map/RMUC.posegraph
[0.215s] -- Up-to-date symlink: /home/tianbot/slash_ws/install/slash_nav2/share/slash_nav2/map/RMUC.yaml
[0.216s] -- Up-to-date symlink: /home/tianbot/slash_ws/install/slash_nav2/share/slash_nav2/map/RMUL.data
[0.216s] -- Up-to-date symlink: /home/tianbot/slash_ws/install/slash_nav2/share/slash_nav2/map/RMUL.pgm
[0.216s] -- Up-to-date symlink: /home/tianbot/slash_ws/install/slash_nav2/share/slash_nav2/map/RMUL.posegraph
[0.216s] -- Up-to-date symlink: /home/tianbot/slash_ws/install/slash_nav2/share/slash_nav2/map/RMUL.yaml
[0.216s] -- Up-to-date symlink: /home/tianbot/slash_ws/install/slash_nav2/share/slash_nav2/map/test1.data
[0.216s] -- Up-to-date symlink: /home/tianbot/slash_ws/install/slash_nav2/share/slash_nav2/map/test1.pgm
[0.216s] -- Up-to-date symlink: /home/tianbot/slash_ws/install/slash_nav2/share/slash_nav2/map/test1.posegraph
[0.217s] -- Up-to-date symlink: /home/tianbot/slash_ws/install/slash_nav2/share/slash_nav2/map/test1.yaml
[0.217s] -- Symlinking: /home/tianbot/slash_ws/install/slash_nav2/share/slash_nav2/PCD/BF/test1.pcd
[0.230s] -- Up-to-date symlink: /home/tianbot/slash_ws/install/slash_nav2/share/slash_nav2/PCD/RMUC.pcd
[0.230s] -- Up-to-date symlink: /home/tianbot/slash_ws/install/slash_nav2/share/slash_nav2/PCD/RMUL.pcd
[0.230s] -- Up-to-date symlink: /home/tianbot/slash_ws/install/slash_nav2/share/slash_nav2/PCD/test1.pcd
[0.230s] -- Up-to-date symlink: /home/tianbot/slash_ws/install/slash_nav2/share/slash_nav2/rviz/fastlio.rviz
[0.230s] -- Up-to-date symlink: /home/tianbot/slash_ws/install/slash_nav2/share/slash_nav2/rviz/nav2.rviz
[0.231s] -- Up-to-date symlink: /home/tianbot/slash_ws/install/slash_nav2/share/slash_nav2/rviz/pointlio.rviz
[0.231s] -- Up-to-date symlink: /home/tianbot/slash_ws/install/slash_nav2/share/slash_nav2/urdf/sentry_robot_real.xacro
[0.231s] -- Up-to-date symlink: /home/tianbot/slash_ws/install/slash_nav2/share/slash_nav2/urdf/sentry_robot_sim.xacro
[0.231s] -- Up-to-date symlink: /home/tianbot/slash_ws/install/slash_nav2/share/slash_nav2/scripts/__pycache__/cmd_vel_relay.cpython-310.pyc
[0.231s] -- Up-to-date symlink: /home/tianbot/slash_ws/install/slash_nav2/share/slash_nav2/scripts/__pycache__/pcd_publisher.cpython-310.pyc
[0.232s] -- Up-to-date symlink: /home/tianbot/slash_ws/install/slash_nav2/share/slash_nav2/scripts/__pycache__/pcd_to_pgm.cpython-310.pyc
[0.232s] -- Up-to-date symlink: /home/tianbot/slash_ws/install/slash_nav2/share/slash_nav2/scripts/check_tf.py
[0.232s] -- Up-to-date symlink: /home/tianbot/slash_ws/install/slash_nav2/share/slash_nav2/scripts/cmd_vel_relay.py
[0.232s] -- Up-to-date symlink: /home/tianbot/slash_ws/install/slash_nav2/share/slash_nav2/scripts/pcd_to_pgm copy.py
[0.232s] -- Up-to-date symlink: /home/tianbot/slash_ws/install/slash_nav2/share/slash_nav2/scripts/pcd_to_pgm.py
[0.232s] -- Up-to-date symlink: /home/tianbot/slash_ws/install/slash_nav2/share/slash_nav2/scripts/pcd_to_pgm_slope.py
[0.232s] -- Up-to-date symlink: /home/tianbot/slash_ws/install/slash_nav2/share/slash_nav2/scripts/publish_pcd.py
[0.232s] -- Up-to-date symlink: /home/tianbot/slash_ws/install/slash_nav2/share/slash_nav2/scripts/vel_corrector.py
[0.233s] -- Up-to-date symlink: /home/tianbot/slash_ws/install/slash_nav2/share/ament_index/resource_index/package_run_dependencies/slash_nav2
[0.233s] -- Up-to-date symlink: /home/tianbot/slash_ws/install/slash_nav2/share/ament_index/resource_index/parent_prefix_path/slash_nav2
[0.233s] -- Up-to-date symlink: /home/tianbot/slash_ws/install/slash_nav2/share/slash_nav2/environment/ament_prefix_path.sh
[0.233s] -- Up-to-date symlink: /home/tianbot/slash_ws/install/slash_nav2/share/slash_nav2/environment/ament_prefix_path.dsv
[0.233s] -- Up-to-date symlink: /home/tianbot/slash_ws/install/slash_nav2/share/slash_nav2/environment/path.sh
[0.233s] -- Up-to-date symlink: /home/tianbot/slash_ws/install/slash_nav2/share/slash_nav2/environment/path.dsv
[0.234s] -- Up-to-date symlink: /home/tianbot/slash_ws/install/slash_nav2/share/slash_nav2/local_setup.bash
[0.234s] -- Up-to-date symlink: /home/tianbot/slash_ws/install/slash_nav2/share/slash_nav2/local_setup.sh
[0.234s] -- Up-to-date symlink: /home/tianbot/slash_ws/install/slash_nav2/share/slash_nav2/local_setup.zsh
[0.234s] -- Up-to-date symlink: /home/tianbot/slash_ws/install/slash_nav2/share/slash_nav2/local_setup.dsv
[0.234s] -- Symlinking: /home/tianbot/slash_ws/install/slash_nav2/share/slash_nav2/package.dsv
[0.246s] -- Up-to-date symlink: /home/tianbot/slash_ws/install/slash_nav2/share/ament_index/resource_index/packages/slash_nav2
[0.246s] -- Up-to-date symlink: /home/tianbot/slash_ws/install/slash_nav2/share/slash_nav2/cmake/slash_nav2Config.cmake
[0.246s] -- Up-to-date symlink: /home/tianbot/slash_ws/install/slash_nav2/share/slash_nav2/cmake/slash_nav2Config-version.cmake
[0.246s] -- Up-to-date symlink: /home/tianbot/slash_ws/install/slash_nav2/share/slash_nav2/package.xml
[0.248s] Invoked command in '/home/tianbot/slash_ws/build/slash_nav2' returned '0': CMAKE_PREFIX_PATH=/home/tianbot/tianracer_ros2_ws/install/vesc_ackermann:/home/tianbot/tianracer_ros2_ws/install/vesc_msgs:/home/tianbot/tianracer_ros2_ws/install/vector_pursuit_controller:/home/tianbot/tianracer_ros2_ws/install/tianracer_slam:/home/tianbot/tianracer_ros2_ws/install/tianracer_rviz:/home/tianbot/tianracer_ros2_ws/install/tianracer_navigation2:/home/tianbot/tianracer_ros2_ws/install/tianracer_navigation:/home/tianbot/tianracer_ros2_ws/install/tianracer_jetson:/home/tianbot/tianracer_ros2_ws/install/tianracer_description:/home/tianbot/tianracer_ros2_ws/install/tianracer_core:/home/tianbot/tianracer_ros2_ws/install/tianracer_competition:/home/tianbot/tianracer_ros2_ws/install/tianracer_bringup:/home/tianbot/tianracer_ros2_ws/install/twist_to_ackermann:/home/tianbot/tianracer_ros2_ws/install/tf2_web_republisher_py:/home/tianbot/tianracer_ros2_ws/install/joy_teleop:/home/tianbot/tianracer_ros2_ws/install/mouse_teleop:/home/tianbot/tianracer_ros2_ws/install/key_teleop:/home/tianbot/slash_ws/install/f1tenth_stack:/home/tianbot/slash_ws/install/joy_teleop:/home/tianbot/slash_ws/install/mouse_teleop:/home/tianbot/slash_ws/install/key_teleop:/opt/ros/humble:/home/tianbot/tianracer_ros2_ws/install/tianracer:/home/tianbot/tianracer_ros2_ws/install/tianbot_core:/home/tianbot/tianracer_ros2_ws/install/tf2_web_republisher:/home/tianbot/tianracer_ros2_ws/install/teleop_tools:/home/tianbot/tianracer_ros2_ws/install/teleop_tools_msgs:/home/tianbot/tianracer_ros2_ws/install/teb_local_planner:/home/tianbot/tianracer_ros2_ws/install/teb_msgs:/home/tianbot/tianracer_ros2_ws/install/slam_gmapping:/home/tianbot/tianracer_ros2_ws/install/openslam_gmapping:/home/tianbot/tianracer_ros2_ws/install/lakibeam1:/home/tianbot/tianracer_ros2_ws/install/costmap_intensity:/home/tianbot/tianracer_ros2_ws/install/costmap_converter:/home/tianbot/tianracer_ros2_ws/install/costmap_converter_msgs:/home/tianbot/tianracer_ros2_ws/install/behavior_ext_plugins:/home/tianbot/tianracer_ros2_ws/install/ackermann_mux:/home/tianbot/slash_ws/install/vesc:/home/tianbot/slash_ws/install/vesc_driver:/home/tianbot/slash_ws/install/vesc_ackermann:/home/tianbot/slash_ws/install/vesc_msgs:/home/tianbot/slash_ws/install/teleop_tools:/home/tianbot/slash_ws/install/teleop_tools_msgs:/home/tianbot/slash_ws/install/teb_local_planner:/home/tianbot/slash_ws/install/teb_msgs:/home/tianbot/slash_ws/install/slash_nav2:/home/tianbot/slash_ws/install/pointcloud_to_laserscan:/home/tianbot/slash_ws/install/pointcloud_filter:/home/tianbot/slash_ws/install/nav2_msg_costmap_plugin:/home/tianbot/slash_ws/install/fast_lio:/home/tianbot/slash_ws/install/livox_ros_driver2:/home/tianbot/slash_ws/install/linefit_ground_segmentation_ros:/home/tianbot/slash_ws/install/linefit_ground_segmentation:/home/tianbot/slash_ws/install/icp_localization:/home/tianbot/slash_ws/install/grid_map:/home/tianbot/slash_ws/install/grid_map_demos:/home/tianbot/slash_ws/install/grid_map_visualization:/home/tianbot/slash_ws/install/grid_map_sdf:/home/tianbot/slash_ws/install/grid_map_rviz_plugin:/home/tianbot/slash_ws/install/grid_map_pcl:/home/tianbot/slash_ws/install/grid_map_loader:/home/tianbot/slash_ws/install/grid_map_filters:/home/tianbot/slash_ws/install/grid_map_ros:/home/tianbot/slash_ws/install/grid_map_octomap:/home/tianbot/slash_ws/install/grid_map_msgs:/home/tianbot/slash_ws/install/grid_map_cv:/home/tianbot/slash_ws/install/grid_map_costmap_2d:/home/tianbot/slash_ws/install/grid_map_core:/home/tianbot/slash_ws/install/grid_map_cmake_helpers:/home/tianbot/slash_ws/install/dll:/home/tianbot/slash_ws/install/costmap_converter:/home/tianbot/slash_ws/install/costmap_converter_msgs:/home/tianbot/slash_ws/install/ackermann_mux /usr/bin/cmake --install /home/tianbot/slash_ws/build/slash_nav2
