[0.051s] Invoking command in '/home/tianbot/slash_ws/build/grid_map_demos': AMENT_PREFIX_PATH=/home/tianbot/slash_ws/install/grid_map_visualization:/home/tianbot/slash_ws/install/grid_map_rviz_plugin:/home/tianbot/slash_ws/install/grid_map_pcl:/home/tianbot/slash_ws/install/grid_map_loader:/home/tianbot/slash_ws/install/grid_map_filters:/home/tianbot/slash_ws/install/grid_map_ros:/home/tianbot/slash_ws/install/grid_map_octomap:/home/tianbot/slash_ws/install/grid_map_cv:/home/tianbot/slash_ws/install/grid_map_msgs:/home/tianbot/slash_ws/install/grid_map_core:/home/tianbot/slash_ws/install/grid_map_cmake_helpers:${AMENT_PREFIX_PATH} CMAKE_PREFIX_PATH=/home/tianbot/slash_ws/install/grid_map_visualization:/home/tianbot/slash_ws/install/grid_map_rviz_plugin:/home/tianbot/slash_ws/install/grid_map_pcl:/home/tianbot/slash_ws/install/grid_map_loader:/home/tianbot/slash_ws/install/grid_map_filters:/home/tianbot/slash_ws/install/grid_map_ros:/home/tianbot/slash_ws/install/grid_map_octomap:/home/tianbot/slash_ws/install/grid_map_cv:/home/tianbot/slash_ws/install/grid_map_msgs:/home/tianbot/slash_ws/install/grid_map_core:/home/tianbot/slash_ws/install/grid_map_cmake_helpers:/home/tianbot/tianracer_ros2_ws/install/vesc_ackermann:/home/tianbot/tianracer_ros2_ws/install/vesc_msgs:/home/tianbot/tianracer_ros2_ws/install/vector_pursuit_controller:/home/tianbot/tianracer_ros2_ws/install/tianracer_slam:/home/tianbot/tianracer_ros2_ws/install/tianracer_rviz:/home/tianbot/tianracer_ros2_ws/install/tianracer_navigation2:/home/tianbot/tianracer_ros2_ws/install/tianracer_navigation:/home/tianbot/tianracer_ros2_ws/install/tianracer_jetson:/home/tianbot/tianracer_ros2_ws/install/tianracer_description:/home/tianbot/tianracer_ros2_ws/install/tianracer_core:/home/tianbot/tianracer_ros2_ws/install/tianracer_competition:/home/tianbot/tianracer_ros2_ws/install/tianracer_bringup:/home/tianbot/tianracer_ros2_ws/install/twist_to_ackermann:/home/tianbot/tianracer_ros2_ws/install/tf2_web_republisher_py:/home/tianbot/tianracer_ros2_ws/install/joy_teleop:/home/tianbot/tianracer_ros2_ws/install/mouse_teleop:/home/tianbot/tianracer_ros2_ws/install/key_teleop:/home/tianbot/slash_ws/install/f1tenth_stack:/home/tianbot/slash_ws/install/joy_teleop:/home/tianbot/slash_ws/install/mouse_teleop:/home/tianbot/slash_ws/install/key_teleop:/opt/ros/humble:/home/tianbot/tianracer_ros2_ws/install/tianracer:/home/tianbot/tianracer_ros2_ws/install/tianbot_core:/home/tianbot/tianracer_ros2_ws/install/tf2_web_republisher:/home/tianbot/tianracer_ros2_ws/install/teleop_tools:/home/tianbot/tianracer_ros2_ws/install/teleop_tools_msgs:/home/tianbot/tianracer_ros2_ws/install/teb_local_planner:/home/tianbot/tianracer_ros2_ws/install/teb_msgs:/home/tianbot/tianracer_ros2_ws/install/slam_gmapping:/home/tianbot/tianracer_ros2_ws/install/openslam_gmapping:/home/tianbot/tianracer_ros2_ws/install/lakibeam1:/home/tianbot/tianracer_ros2_ws/install/costmap_intensity:/home/tianbot/tianracer_ros2_ws/install/costmap_converter:/home/tianbot/tianracer_ros2_ws/install/costmap_converter_msgs:/home/tianbot/tianracer_ros2_ws/install/behavior_ext_plugins:/home/tianbot/tianracer_ros2_ws/install/ackermann_mux:/home/tianbot/slash_ws/install/vesc:/home/tianbot/slash_ws/install/vesc_driver:/home/tianbot/slash_ws/install/vesc_ackermann:/home/tianbot/slash_ws/install/vesc_msgs:/home/tianbot/slash_ws/install/teleop_tools:/home/tianbot/slash_ws/install/teleop_tools_msgs:/home/tianbot/slash_ws/install/teb_local_planner:/home/tianbot/slash_ws/install/teb_msgs:/home/tianbot/slash_ws/install/slash_nav2:/home/tianbot/slash_ws/install/pointcloud_to_laserscan:/home/tianbot/slash_ws/install/pointcloud_filter:/home/tianbot/slash_ws/install/fast_lio:/home/tianbot/slash_ws/install/livox_ros_driver2:/home/tianbot/slash_ws/install/linefit_ground_segmentation_ros:/home/tianbot/slash_ws/install/linefit_ground_segmentation:/home/tianbot/slash_ws/install/icp_localization:/home/tianbot/slash_ws/install/dll:/home/tianbot/slash_ws/install/costmap_converter:/home/tianbot/slash_ws/install/costmap_converter_msgs:/home/tianbot/slash_ws/install/ackermann_mux LD_LIBRARY_PATH=/home/tianbot/slash_ws/install/grid_map_visualization/lib:/home/tianbot/slash_ws/install/grid_map_rviz_plugin/lib:/home/tianbot/slash_ws/install/grid_map_pcl/lib:/home/tianbot/slash_ws/install/grid_map_loader/lib:/home/tianbot/slash_ws/install/grid_map_filters/lib:/home/tianbot/slash_ws/install/grid_map_ros/lib:/home/tianbot/slash_ws/install/grid_map_octomap/lib:/home/tianbot/slash_ws/install/grid_map_cv/lib:/home/tianbot/slash_ws/install/grid_map_msgs/lib:/home/tianbot/slash_ws/install/grid_map_core/lib:${LD_LIBRARY_PATH} PYTHONPATH=/home/tianbot/slash_ws/install/grid_map_msgs/local/lib/python3.10/dist-packages:${PYTHONPATH} /usr/bin/cmake --build /home/tianbot/slash_ws/build/grid_map_demos -- -j4 -l4
[0.145s] [  5%] Built target simple_demo
[0.149s] [ 11%] Built target tutorial_demo
[0.151s] [ 19%] Built target image_to_gridmap_demo
[0.153s] [ 27%] Built target iterators_demo
[0.182s] [35m[1mConsolidate compiler generated dependencies of target pointcloud2_to_gridmap_demo[0m
[0.183s] [35m[1mConsolidate compiler generated dependencies of target octomap_to_gridmap_demo[0m
[0.187s] [35m[1mConsolidate compiler generated dependencies of target pcd_to_gridmap_demo[0m
[0.223s] [ 33%] Built target move_demo
[0.247s] [ 41%] Built target octomap_to_gridmap_demo
[0.249s] [35m[1mConsolidate compiler generated dependencies of target iterator_benchmark[0m
[0.258s] [ 44%] [32mBuilding CXX object CMakeFiles/pointcloud2_to_gridmap_demo.dir/src/pointcloud2_to_gridmap_demo_node.cpp.o[0m
[0.281s] [ 47%] [32mBuilding CXX object CMakeFiles/pcd_to_gridmap_demo.dir/src/pcd_to_gridmap_demo_node.cpp.o[0m
[0.288s] [ 52%] Built target iterator_benchmark
[0.293s] [ 55%] [32mBuilding CXX object CMakeFiles/opencv_demo.dir/src/opencv_demo_node.cpp.o[0m
[0.320s] [ 58%] [32mBuilding CXX object CMakeFiles/pointcloud2_to_gridmap_demo.dir/src/PointCloud2ToGridmapDemo.cpp.o[0m
[67.696s] [ 61%] [32m[1mLinking CXX executable opencv_demo[0m
[69.292s] [ 61%] Built target opencv_demo
[92.668s] [ 63%] [32mBuilding CXX object CMakeFiles/pcd_to_gridmap_demo.dir/src/PCDToGridmapDemo.cpp.o[0m
[167.766s] [ 66%] [32m[1mLinking CXX executable pointcloud2_to_gridmap_demo[0m
[169.238s] [ 66%] Built target pointcloud2_to_gridmap_demo
[185.292s] [ 69%] [32mBuilding CXX object CMakeFiles/normal_filter_comparison_demo.dir/src/normal_filter_comparison_node.cpp.o[0m
[187.320s] [ 72%] [32mBuilding CXX object CMakeFiles/filters_demo_lib.dir/src/FiltersDemo.cpp.o[0m
[189.368s] [ 75%] [32mBuilding CXX object CMakeFiles/resolution_change_demo.dir/src/resolution_change_demo_node.cpp.o[0m
[191.139s] [ 77%] [32m[1mLinking CXX executable pcd_to_gridmap_demo[0m
[193.025s] [ 77%] Built target pcd_to_gridmap_demo
[240.970s] [ 80%] [32m[1mLinking CXX executable resolution_change_demo[0m
[241.988s] [ 80%] Built target resolution_change_demo
[272.617s] [ 83%] [32m[1mLinking CXX executable normal_filter_comparison_demo[0m
[273.552s] [ 83%] Built target normal_filter_comparison_demo
[304.406s] [ 86%] [32m[1mLinking CXX shared library libfilters_demo_lib.so[0m
[305.028s] [ 86%] Built target filters_demo_lib
[305.063s] [ 88%] [32mBuilding CXX object CMakeFiles/interpolation_demo.dir/src/interpolation_demo_node.cpp.o[0m
[305.063s] [ 91%] [32mBuilding CXX object CMakeFiles/filters_demo.dir/src/filters_demo_node.cpp.o[0m
[305.064s] [ 94%] [32mBuilding CXX object CMakeFiles/interpolation_demo.dir/src/InterpolationDemo.cpp.o[0m
[348.504s] [ 97%] [32m[1mLinking CXX executable filters_demo[0m
[349.338s] [ 97%] Built target filters_demo
[355.109s] [100%] [32m[1mLinking CXX executable interpolation_demo[0m
[355.900s] [100%] Built target interpolation_demo
[355.915s] Invoked command in '/home/tianbot/slash_ws/build/grid_map_demos' returned '0': AMENT_PREFIX_PATH=/home/tianbot/slash_ws/install/grid_map_visualization:/home/tianbot/slash_ws/install/grid_map_rviz_plugin:/home/tianbot/slash_ws/install/grid_map_pcl:/home/tianbot/slash_ws/install/grid_map_loader:/home/tianbot/slash_ws/install/grid_map_filters:/home/tianbot/slash_ws/install/grid_map_ros:/home/tianbot/slash_ws/install/grid_map_octomap:/home/tianbot/slash_ws/install/grid_map_cv:/home/tianbot/slash_ws/install/grid_map_msgs:/home/tianbot/slash_ws/install/grid_map_core:/home/tianbot/slash_ws/install/grid_map_cmake_helpers:${AMENT_PREFIX_PATH} CMAKE_PREFIX_PATH=/home/tianbot/slash_ws/install/grid_map_visualization:/home/tianbot/slash_ws/install/grid_map_rviz_plugin:/home/tianbot/slash_ws/install/grid_map_pcl:/home/tianbot/slash_ws/install/grid_map_loader:/home/tianbot/slash_ws/install/grid_map_filters:/home/tianbot/slash_ws/install/grid_map_ros:/home/tianbot/slash_ws/install/grid_map_octomap:/home/tianbot/slash_ws/install/grid_map_cv:/home/tianbot/slash_ws/install/grid_map_msgs:/home/tianbot/slash_ws/install/grid_map_core:/home/tianbot/slash_ws/install/grid_map_cmake_helpers:/home/tianbot/tianracer_ros2_ws/install/vesc_ackermann:/home/tianbot/tianracer_ros2_ws/install/vesc_msgs:/home/tianbot/tianracer_ros2_ws/install/vector_pursuit_controller:/home/tianbot/tianracer_ros2_ws/install/tianracer_slam:/home/tianbot/tianracer_ros2_ws/install/tianracer_rviz:/home/tianbot/tianracer_ros2_ws/install/tianracer_navigation2:/home/tianbot/tianracer_ros2_ws/install/tianracer_navigation:/home/tianbot/tianracer_ros2_ws/install/tianracer_jetson:/home/tianbot/tianracer_ros2_ws/install/tianracer_description:/home/tianbot/tianracer_ros2_ws/install/tianracer_core:/home/tianbot/tianracer_ros2_ws/install/tianracer_competition:/home/tianbot/tianracer_ros2_ws/install/tianracer_bringup:/home/tianbot/tianracer_ros2_ws/install/twist_to_ackermann:/home/tianbot/tianracer_ros2_ws/install/tf2_web_republisher_py:/home/tianbot/tianracer_ros2_ws/install/joy_teleop:/home/tianbot/tianracer_ros2_ws/install/mouse_teleop:/home/tianbot/tianracer_ros2_ws/install/key_teleop:/home/tianbot/slash_ws/install/f1tenth_stack:/home/tianbot/slash_ws/install/joy_teleop:/home/tianbot/slash_ws/install/mouse_teleop:/home/tianbot/slash_ws/install/key_teleop:/opt/ros/humble:/home/tianbot/tianracer_ros2_ws/install/tianracer:/home/tianbot/tianracer_ros2_ws/install/tianbot_core:/home/tianbot/tianracer_ros2_ws/install/tf2_web_republisher:/home/tianbot/tianracer_ros2_ws/install/teleop_tools:/home/tianbot/tianracer_ros2_ws/install/teleop_tools_msgs:/home/tianbot/tianracer_ros2_ws/install/teb_local_planner:/home/tianbot/tianracer_ros2_ws/install/teb_msgs:/home/tianbot/tianracer_ros2_ws/install/slam_gmapping:/home/tianbot/tianracer_ros2_ws/install/openslam_gmapping:/home/tianbot/tianracer_ros2_ws/install/lakibeam1:/home/tianbot/tianracer_ros2_ws/install/costmap_intensity:/home/tianbot/tianracer_ros2_ws/install/costmap_converter:/home/tianbot/tianracer_ros2_ws/install/costmap_converter_msgs:/home/tianbot/tianracer_ros2_ws/install/behavior_ext_plugins:/home/tianbot/tianracer_ros2_ws/install/ackermann_mux:/home/tianbot/slash_ws/install/vesc:/home/tianbot/slash_ws/install/vesc_driver:/home/tianbot/slash_ws/install/vesc_ackermann:/home/tianbot/slash_ws/install/vesc_msgs:/home/tianbot/slash_ws/install/teleop_tools:/home/tianbot/slash_ws/install/teleop_tools_msgs:/home/tianbot/slash_ws/install/teb_local_planner:/home/tianbot/slash_ws/install/teb_msgs:/home/tianbot/slash_ws/install/slash_nav2:/home/tianbot/slash_ws/install/pointcloud_to_laserscan:/home/tianbot/slash_ws/install/pointcloud_filter:/home/tianbot/slash_ws/install/fast_lio:/home/tianbot/slash_ws/install/livox_ros_driver2:/home/tianbot/slash_ws/install/linefit_ground_segmentation_ros:/home/tianbot/slash_ws/install/linefit_ground_segmentation:/home/tianbot/slash_ws/install/icp_localization:/home/tianbot/slash_ws/install/dll:/home/tianbot/slash_ws/install/costmap_converter:/home/tianbot/slash_ws/install/costmap_converter_msgs:/home/tianbot/slash_ws/install/ackermann_mux LD_LIBRARY_PATH=/home/tianbot/slash_ws/install/grid_map_visualization/lib:/home/tianbot/slash_ws/install/grid_map_rviz_plugin/lib:/home/tianbot/slash_ws/install/grid_map_pcl/lib:/home/tianbot/slash_ws/install/grid_map_loader/lib:/home/tianbot/slash_ws/install/grid_map_filters/lib:/home/tianbot/slash_ws/install/grid_map_ros/lib:/home/tianbot/slash_ws/install/grid_map_octomap/lib:/home/tianbot/slash_ws/install/grid_map_cv/lib:/home/tianbot/slash_ws/install/grid_map_msgs/lib:/home/tianbot/slash_ws/install/grid_map_core/lib:${LD_LIBRARY_PATH} PYTHONPATH=/home/tianbot/slash_ws/install/grid_map_msgs/local/lib/python3.10/dist-packages:${PYTHONPATH} /usr/bin/cmake --build /home/tianbot/slash_ws/build/grid_map_demos -- -j4 -l4
[355.917s] Invoking command in '/home/tianbot/slash_ws/build/grid_map_demos': AMENT_PREFIX_PATH=/home/tianbot/slash_ws/install/grid_map_visualization:/home/tianbot/slash_ws/install/grid_map_rviz_plugin:/home/tianbot/slash_ws/install/grid_map_pcl:/home/tianbot/slash_ws/install/grid_map_loader:/home/tianbot/slash_ws/install/grid_map_filters:/home/tianbot/slash_ws/install/grid_map_ros:/home/tianbot/slash_ws/install/grid_map_octomap:/home/tianbot/slash_ws/install/grid_map_cv:/home/tianbot/slash_ws/install/grid_map_msgs:/home/tianbot/slash_ws/install/grid_map_core:/home/tianbot/slash_ws/install/grid_map_cmake_helpers:${AMENT_PREFIX_PATH} CMAKE_PREFIX_PATH=/home/tianbot/slash_ws/install/grid_map_visualization:/home/tianbot/slash_ws/install/grid_map_rviz_plugin:/home/tianbot/slash_ws/install/grid_map_pcl:/home/tianbot/slash_ws/install/grid_map_loader:/home/tianbot/slash_ws/install/grid_map_filters:/home/tianbot/slash_ws/install/grid_map_ros:/home/tianbot/slash_ws/install/grid_map_octomap:/home/tianbot/slash_ws/install/grid_map_cv:/home/tianbot/slash_ws/install/grid_map_msgs:/home/tianbot/slash_ws/install/grid_map_core:/home/tianbot/slash_ws/install/grid_map_cmake_helpers:/home/tianbot/tianracer_ros2_ws/install/vesc_ackermann:/home/tianbot/tianracer_ros2_ws/install/vesc_msgs:/home/tianbot/tianracer_ros2_ws/install/vector_pursuit_controller:/home/tianbot/tianracer_ros2_ws/install/tianracer_slam:/home/tianbot/tianracer_ros2_ws/install/tianracer_rviz:/home/tianbot/tianracer_ros2_ws/install/tianracer_navigation2:/home/tianbot/tianracer_ros2_ws/install/tianracer_navigation:/home/tianbot/tianracer_ros2_ws/install/tianracer_jetson:/home/tianbot/tianracer_ros2_ws/install/tianracer_description:/home/tianbot/tianracer_ros2_ws/install/tianracer_core:/home/tianbot/tianracer_ros2_ws/install/tianracer_competition:/home/tianbot/tianracer_ros2_ws/install/tianracer_bringup:/home/tianbot/tianracer_ros2_ws/install/twist_to_ackermann:/home/tianbot/tianracer_ros2_ws/install/tf2_web_republisher_py:/home/tianbot/tianracer_ros2_ws/install/joy_teleop:/home/tianbot/tianracer_ros2_ws/install/mouse_teleop:/home/tianbot/tianracer_ros2_ws/install/key_teleop:/home/tianbot/slash_ws/install/f1tenth_stack:/home/tianbot/slash_ws/install/joy_teleop:/home/tianbot/slash_ws/install/mouse_teleop:/home/tianbot/slash_ws/install/key_teleop:/opt/ros/humble:/home/tianbot/tianracer_ros2_ws/install/tianracer:/home/tianbot/tianracer_ros2_ws/install/tianbot_core:/home/tianbot/tianracer_ros2_ws/install/tf2_web_republisher:/home/tianbot/tianracer_ros2_ws/install/teleop_tools:/home/tianbot/tianracer_ros2_ws/install/teleop_tools_msgs:/home/tianbot/tianracer_ros2_ws/install/teb_local_planner:/home/tianbot/tianracer_ros2_ws/install/teb_msgs:/home/tianbot/tianracer_ros2_ws/install/slam_gmapping:/home/tianbot/tianracer_ros2_ws/install/openslam_gmapping:/home/tianbot/tianracer_ros2_ws/install/lakibeam1:/home/tianbot/tianracer_ros2_ws/install/costmap_intensity:/home/tianbot/tianracer_ros2_ws/install/costmap_converter:/home/tianbot/tianracer_ros2_ws/install/costmap_converter_msgs:/home/tianbot/tianracer_ros2_ws/install/behavior_ext_plugins:/home/tianbot/tianracer_ros2_ws/install/ackermann_mux:/home/tianbot/slash_ws/install/vesc:/home/tianbot/slash_ws/install/vesc_driver:/home/tianbot/slash_ws/install/vesc_ackermann:/home/tianbot/slash_ws/install/vesc_msgs:/home/tianbot/slash_ws/install/teleop_tools:/home/tianbot/slash_ws/install/teleop_tools_msgs:/home/tianbot/slash_ws/install/teb_local_planner:/home/tianbot/slash_ws/install/teb_msgs:/home/tianbot/slash_ws/install/slash_nav2:/home/tianbot/slash_ws/install/pointcloud_to_laserscan:/home/tianbot/slash_ws/install/pointcloud_filter:/home/tianbot/slash_ws/install/fast_lio:/home/tianbot/slash_ws/install/livox_ros_driver2:/home/tianbot/slash_ws/install/linefit_ground_segmentation_ros:/home/tianbot/slash_ws/install/linefit_ground_segmentation:/home/tianbot/slash_ws/install/icp_localization:/home/tianbot/slash_ws/install/dll:/home/tianbot/slash_ws/install/costmap_converter:/home/tianbot/slash_ws/install/costmap_converter_msgs:/home/tianbot/slash_ws/install/ackermann_mux LD_LIBRARY_PATH=/home/tianbot/slash_ws/install/grid_map_visualization/lib:/home/tianbot/slash_ws/install/grid_map_rviz_plugin/lib:/home/tianbot/slash_ws/install/grid_map_pcl/lib:/home/tianbot/slash_ws/install/grid_map_loader/lib:/home/tianbot/slash_ws/install/grid_map_filters/lib:/home/tianbot/slash_ws/install/grid_map_ros/lib:/home/tianbot/slash_ws/install/grid_map_octomap/lib:/home/tianbot/slash_ws/install/grid_map_cv/lib:/home/tianbot/slash_ws/install/grid_map_msgs/lib:/home/tianbot/slash_ws/install/grid_map_core/lib:${LD_LIBRARY_PATH} PYTHONPATH=/home/tianbot/slash_ws/install/grid_map_msgs/local/lib/python3.10/dist-packages:${PYTHONPATH} /usr/bin/cmake --install /home/tianbot/slash_ws/build/grid_map_demos
[355.928s] -- Install configuration: "Release"
[355.929s] -- Execute custom install script
[355.930s] -- Symlinking: /home/tianbot/slash_ws/install/grid_map_demos/lib/grid_map_demos/filters_demo
[355.942s] -- Symlinking: /home/tianbot/slash_ws/install/grid_map_demos/lib/libfilters_demo_lib.so
[355.954s] -- Symlinking: /home/tianbot/slash_ws/install/grid_map_demos/lib/grid_map_demos/image_to_gridmap_demo
[355.967s] -- Symlinking: /home/tianbot/slash_ws/install/grid_map_demos/lib/grid_map_demos/pointcloud2_to_gridmap_demo
[355.980s] -- Symlinking: /home/tianbot/slash_ws/install/grid_map_demos/lib/grid_map_demos/pcd_to_gridmap_demo
[355.992s] -- Symlinking: /home/tianbot/slash_ws/install/grid_map_demos/lib/grid_map_demos/interpolation_demo
[356.004s] -- Symlinking: /home/tianbot/slash_ws/install/grid_map_demos/lib/grid_map_demos/iterator_benchmark
[356.016s] -- Symlinking: /home/tianbot/slash_ws/install/grid_map_demos/lib/grid_map_demos/iterators_demo
[356.028s] -- Symlinking: /home/tianbot/slash_ws/install/grid_map_demos/lib/grid_map_demos/move_demo
[356.040s] -- Symlinking: /home/tianbot/slash_ws/install/grid_map_demos/lib/grid_map_demos/normal_filter_comparison_demo
[356.052s] -- Symlinking: /home/tianbot/slash_ws/install/grid_map_demos/lib/grid_map_demos/octomap_to_gridmap_demo
[356.065s] -- Symlinking: /home/tianbot/slash_ws/install/grid_map_demos/lib/grid_map_demos/opencv_demo
[356.077s] -- Symlinking: /home/tianbot/slash_ws/install/grid_map_demos/lib/grid_map_demos/resolution_change_demo
[356.089s] -- Symlinking: /home/tianbot/slash_ws/install/grid_map_demos/lib/grid_map_demos/simple_demo
[356.101s] -- Symlinking: /home/tianbot/slash_ws/install/grid_map_demos/lib/grid_map_demos/tutorial_demo
[356.114s] -- Symlinking: /home/tianbot/slash_ws/install/grid_map_demos/share/grid_map_demos/config/filters_demo.yaml
[356.126s] -- Symlinking: /home/tianbot/slash_ws/install/grid_map_demos/share/grid_map_demos/config/filters_demo_filter_chain.yaml
[356.139s] -- Symlinking: /home/tianbot/slash_ws/install/grid_map_demos/share/grid_map_demos/config/grid_map_loader_demo.yaml
[356.150s] -- Symlinking: /home/tianbot/slash_ws/install/grid_map_demos/share/grid_map_demos/config/image_to_gridmap_demo.yaml
[356.162s] -- Symlinking: /home/tianbot/slash_ws/install/grid_map_demos/share/grid_map_demos/config/interpolation_demo.yaml
[356.175s] -- Symlinking: /home/tianbot/slash_ws/install/grid_map_demos/share/grid_map_demos/config/iterators_demo.yaml
[356.187s] -- Symlinking: /home/tianbot/slash_ws/install/grid_map_demos/share/grid_map_demos/config/move_demo.yaml
[356.199s] -- Symlinking: /home/tianbot/slash_ws/install/grid_map_demos/share/grid_map_demos/config/normal_filter_comparison.yaml
[356.211s] -- Symlinking: /home/tianbot/slash_ws/install/grid_map_demos/share/grid_map_demos/config/normal_filter_comparison_visualization.yaml
[356.223s] -- Symlinking: /home/tianbot/slash_ws/install/grid_map_demos/share/grid_map_demos/config/octomap_to_gridmap_demo.yaml
[356.236s] -- Symlinking: /home/tianbot/slash_ws/install/grid_map_demos/share/grid_map_demos/config/opencv_demo.yaml
[356.247s] -- Symlinking: /home/tianbot/slash_ws/install/grid_map_demos/share/grid_map_demos/config/pcd_grid_rviz.yaml
[356.260s] -- Symlinking: /home/tianbot/slash_ws/install/grid_map_demos/share/grid_map_demos/config/pcd_to_gridmap_demo.yaml
[356.272s] -- Symlinking: /home/tianbot/slash_ws/install/grid_map_demos/share/grid_map_demos/config/pcl_grid_config.yaml
[356.284s] -- Symlinking: /home/tianbot/slash_ws/install/grid_map_demos/share/grid_map_demos/config/pointcloud2_to_gridmap_demo.yaml
[356.297s] -- Symlinking: /home/tianbot/slash_ws/install/grid_map_demos/share/grid_map_demos/config/realtime_pcl_grid_config.yaml
[356.309s] -- Symlinking: /home/tianbot/slash_ws/install/grid_map_demos/share/grid_map_demos/config/resolution_change_demo.yaml
[356.321s] -- Symlinking: /home/tianbot/slash_ws/install/grid_map_demos/share/grid_map_demos/config/simple_demo.yaml
[356.333s] -- Symlinking: /home/tianbot/slash_ws/install/grid_map_demos/share/grid_map_demos/config/tutorial_demo.yaml
[356.345s] -- Symlinking: /home/tianbot/slash_ws/install/grid_map_demos/share/grid_map_demos/data/eth_logo.png
[356.358s] -- Symlinking: /home/tianbot/slash_ws/install/grid_map_demos/share/grid_map_demos/data/freiburg1_360.bt
[356.370s] -- Symlinking: /home/tianbot/slash_ws/install/grid_map_demos/share/grid_map_demos/data/grid_map_bag/grid_map_bag.db3
[356.382s] -- Symlinking: /home/tianbot/slash_ws/install/grid_map_demos/share/grid_map_demos/data/grid_map_bag/metadata.yaml
[356.393s] -- Symlinking: /home/tianbot/slash_ws/install/grid_map_demos/share/grid_map_demos/data/linearGradient_horizontal.png
[356.406s] -- Symlinking: /home/tianbot/slash_ws/install/grid_map_demos/share/grid_map_demos/data/linearGradient_oblique_and_flat.png
[356.417s] -- Symlinking: /home/tianbot/slash_ws/install/grid_map_demos/share/grid_map_demos/data/linearGradient_oblique_only.png
[356.429s] -- Symlinking: /home/tianbot/slash_ws/install/grid_map_demos/share/grid_map_demos/data/linearGradient_vertical.png
[356.442s] -- Symlinking: /home/tianbot/slash_ws/install/grid_map_demos/share/grid_map_demos/data/radialGradient_circle.png
[356.453s] -- Symlinking: /home/tianbot/slash_ws/install/grid_map_demos/share/grid_map_demos/data/radialGradient_ellipse.png
[356.466s] -- Symlinking: /home/tianbot/slash_ws/install/grid_map_demos/share/grid_map_demos/data/radialGradient_horizontal.png
[356.478s] -- Symlinking: /home/tianbot/slash_ws/install/grid_map_demos/share/grid_map_demos/data/terrain.png
[356.490s] -- Symlinking: /home/tianbot/slash_ws/install/grid_map_demos/share/grid_map_demos/doc/filters_demo.gif
[356.502s] -- Symlinking: /home/tianbot/slash_ws/install/grid_map_demos/share/grid_map_demos/doc/filters_demo_preview.gif
[356.514s] -- Symlinking: /home/tianbot/slash_ws/install/grid_map_demos/share/grid_map_demos/doc/image_to_grid_map_demo_result.png
[356.526s] -- Symlinking: /home/tianbot/slash_ws/install/grid_map_demos/share/grid_map_demos/doc/opencv_demo_result.gif
[356.538s] -- Symlinking: /home/tianbot/slash_ws/install/grid_map_demos/share/grid_map_demos/launch/filters_demo_launch.py
[356.550s] -- Symlinking: /home/tianbot/slash_ws/install/grid_map_demos/share/grid_map_demos/launch/grid_map_loader_demo_launch.py
[356.562s] -- Symlinking: /home/tianbot/slash_ws/install/grid_map_demos/share/grid_map_demos/launch/image_to_gridmap_demo_launch.py
[356.574s] -- Symlinking: /home/tianbot/slash_ws/install/grid_map_demos/share/grid_map_demos/launch/interpolation_demo_launch.py
[356.586s] -- Symlinking: /home/tianbot/slash_ws/install/grid_map_demos/share/grid_map_demos/launch/iterators_demo_launch.py
[356.599s] -- Symlinking: /home/tianbot/slash_ws/install/grid_map_demos/share/grid_map_demos/launch/move_demo_launch.py
[356.611s] -- Symlinking: /home/tianbot/slash_ws/install/grid_map_demos/share/grid_map_demos/launch/normal_filter_comparison_launch.py
[356.623s] -- Symlinking: /home/tianbot/slash_ws/install/grid_map_demos/share/grid_map_demos/launch/octomap_to_gridmap_demo_launch.py
[356.636s] -- Symlinking: /home/tianbot/slash_ws/install/grid_map_demos/share/grid_map_demos/launch/opencv_demo_launch.py
[356.648s] -- Symlinking: /home/tianbot/slash_ws/install/grid_map_demos/share/grid_map_demos/launch/pcd_to_gridmap_demo_launch.py
[356.661s] -- Symlinking: /home/tianbot/slash_ws/install/grid_map_demos/share/grid_map_demos/launch/pointcloud2_to_gridmap_demo_launch.py
[356.673s] -- Symlinking: /home/tianbot/slash_ws/install/grid_map_demos/share/grid_map_demos/launch/resolution_change_demo_launch.py
[356.685s] -- Symlinking: /home/tianbot/slash_ws/install/grid_map_demos/share/grid_map_demos/launch/simple_demo_launch.py
[356.697s] -- Symlinking: /home/tianbot/slash_ws/install/grid_map_demos/share/grid_map_demos/launch/tutorial_demo_launch.py
[356.710s] -- Symlinking: /home/tianbot/slash_ws/install/grid_map_demos/share/grid_map_demos/rviz/filters_demo.rviz
[356.721s] -- Symlinking: /home/tianbot/slash_ws/install/grid_map_demos/share/grid_map_demos/rviz/grid_map_demo.rviz
[356.734s] -- Symlinking: /home/tianbot/slash_ws/install/grid_map_demos/share/grid_map_demos/rviz/grid_map_iterators_demo.rviz
[356.746s] -- Symlinking: /home/tianbot/slash_ws/install/grid_map_demos/share/grid_map_demos/rviz/interpolation_demo.rviz
[356.758s] -- Symlinking: /home/tianbot/slash_ws/install/grid_map_demos/share/grid_map_demos/rviz/normal_filter_comparison_demo.rviz
[356.770s] -- Symlinking: /home/tianbot/slash_ws/install/grid_map_demos/share/grid_map_demos/rviz/octomap_to_gridmap_demo.rviz
[356.782s] -- Symlinking: /home/tianbot/slash_ws/install/grid_map_demos/lib/grid_map_demos/image_publisher.py
[356.794s] -- Symlinking: /home/tianbot/slash_ws/install/grid_map_demos/share/ament_index/resource_index/package_run_dependencies/grid_map_demos
[356.807s] -- Symlinking: /home/tianbot/slash_ws/install/grid_map_demos/share/ament_index/resource_index/parent_prefix_path/grid_map_demos
[356.819s] -- Symlinking: /home/tianbot/slash_ws/install/grid_map_demos/share/grid_map_demos/environment/ament_prefix_path.sh
[356.831s] -- Symlinking: /home/tianbot/slash_ws/install/grid_map_demos/share/grid_map_demos/environment/ament_prefix_path.dsv
[356.843s] -- Symlinking: /home/tianbot/slash_ws/install/grid_map_demos/share/grid_map_demos/environment/path.sh
[356.856s] -- Symlinking: /home/tianbot/slash_ws/install/grid_map_demos/share/grid_map_demos/environment/path.dsv
[356.868s] -- Symlinking: /home/tianbot/slash_ws/install/grid_map_demos/share/grid_map_demos/local_setup.bash
[356.880s] -- Symlinking: /home/tianbot/slash_ws/install/grid_map_demos/share/grid_map_demos/local_setup.sh
[356.892s] -- Symlinking: /home/tianbot/slash_ws/install/grid_map_demos/share/grid_map_demos/local_setup.zsh
[356.904s] -- Symlinking: /home/tianbot/slash_ws/install/grid_map_demos/share/grid_map_demos/local_setup.dsv
[356.916s] -- Symlinking: /home/tianbot/slash_ws/install/grid_map_demos/share/grid_map_demos/package.dsv
[356.928s] -- Symlinking: /home/tianbot/slash_ws/install/grid_map_demos/share/ament_index/resource_index/packages/grid_map_demos
[356.941s] -- Symlinking: /home/tianbot/slash_ws/install/grid_map_demos/share/grid_map_demos/cmake/ament_cmake_export_include_directories-extras.cmake
[356.953s] -- Symlinking: /home/tianbot/slash_ws/install/grid_map_demos/share/grid_map_demos/cmake/grid_map_demosConfig.cmake
[356.966s] -- Symlinking: /home/tianbot/slash_ws/install/grid_map_demos/share/grid_map_demos/cmake/grid_map_demosConfig-version.cmake
[356.978s] -- Symlinking: /home/tianbot/slash_ws/install/grid_map_demos/share/grid_map_demos/package.xml
[356.992s] Invoked command in '/home/tianbot/slash_ws/build/grid_map_demos' returned '0': AMENT_PREFIX_PATH=/home/tianbot/slash_ws/install/grid_map_visualization:/home/tianbot/slash_ws/install/grid_map_rviz_plugin:/home/tianbot/slash_ws/install/grid_map_pcl:/home/tianbot/slash_ws/install/grid_map_loader:/home/tianbot/slash_ws/install/grid_map_filters:/home/tianbot/slash_ws/install/grid_map_ros:/home/tianbot/slash_ws/install/grid_map_octomap:/home/tianbot/slash_ws/install/grid_map_cv:/home/tianbot/slash_ws/install/grid_map_msgs:/home/tianbot/slash_ws/install/grid_map_core:/home/tianbot/slash_ws/install/grid_map_cmake_helpers:${AMENT_PREFIX_PATH} CMAKE_PREFIX_PATH=/home/tianbot/slash_ws/install/grid_map_visualization:/home/tianbot/slash_ws/install/grid_map_rviz_plugin:/home/tianbot/slash_ws/install/grid_map_pcl:/home/tianbot/slash_ws/install/grid_map_loader:/home/tianbot/slash_ws/install/grid_map_filters:/home/tianbot/slash_ws/install/grid_map_ros:/home/tianbot/slash_ws/install/grid_map_octomap:/home/tianbot/slash_ws/install/grid_map_cv:/home/tianbot/slash_ws/install/grid_map_msgs:/home/tianbot/slash_ws/install/grid_map_core:/home/tianbot/slash_ws/install/grid_map_cmake_helpers:/home/tianbot/tianracer_ros2_ws/install/vesc_ackermann:/home/tianbot/tianracer_ros2_ws/install/vesc_msgs:/home/tianbot/tianracer_ros2_ws/install/vector_pursuit_controller:/home/tianbot/tianracer_ros2_ws/install/tianracer_slam:/home/tianbot/tianracer_ros2_ws/install/tianracer_rviz:/home/tianbot/tianracer_ros2_ws/install/tianracer_navigation2:/home/tianbot/tianracer_ros2_ws/install/tianracer_navigation:/home/tianbot/tianracer_ros2_ws/install/tianracer_jetson:/home/tianbot/tianracer_ros2_ws/install/tianracer_description:/home/tianbot/tianracer_ros2_ws/install/tianracer_core:/home/tianbot/tianracer_ros2_ws/install/tianracer_competition:/home/tianbot/tianracer_ros2_ws/install/tianracer_bringup:/home/tianbot/tianracer_ros2_ws/install/twist_to_ackermann:/home/tianbot/tianracer_ros2_ws/install/tf2_web_republisher_py:/home/tianbot/tianracer_ros2_ws/install/joy_teleop:/home/tianbot/tianracer_ros2_ws/install/mouse_teleop:/home/tianbot/tianracer_ros2_ws/install/key_teleop:/home/tianbot/slash_ws/install/f1tenth_stack:/home/tianbot/slash_ws/install/joy_teleop:/home/tianbot/slash_ws/install/mouse_teleop:/home/tianbot/slash_ws/install/key_teleop:/opt/ros/humble:/home/tianbot/tianracer_ros2_ws/install/tianracer:/home/tianbot/tianracer_ros2_ws/install/tianbot_core:/home/tianbot/tianracer_ros2_ws/install/tf2_web_republisher:/home/tianbot/tianracer_ros2_ws/install/teleop_tools:/home/tianbot/tianracer_ros2_ws/install/teleop_tools_msgs:/home/tianbot/tianracer_ros2_ws/install/teb_local_planner:/home/tianbot/tianracer_ros2_ws/install/teb_msgs:/home/tianbot/tianracer_ros2_ws/install/slam_gmapping:/home/tianbot/tianracer_ros2_ws/install/openslam_gmapping:/home/tianbot/tianracer_ros2_ws/install/lakibeam1:/home/tianbot/tianracer_ros2_ws/install/costmap_intensity:/home/tianbot/tianracer_ros2_ws/install/costmap_converter:/home/tianbot/tianracer_ros2_ws/install/costmap_converter_msgs:/home/tianbot/tianracer_ros2_ws/install/behavior_ext_plugins:/home/tianbot/tianracer_ros2_ws/install/ackermann_mux:/home/tianbot/slash_ws/install/vesc:/home/tianbot/slash_ws/install/vesc_driver:/home/tianbot/slash_ws/install/vesc_ackermann:/home/tianbot/slash_ws/install/vesc_msgs:/home/tianbot/slash_ws/install/teleop_tools:/home/tianbot/slash_ws/install/teleop_tools_msgs:/home/tianbot/slash_ws/install/teb_local_planner:/home/tianbot/slash_ws/install/teb_msgs:/home/tianbot/slash_ws/install/slash_nav2:/home/tianbot/slash_ws/install/pointcloud_to_laserscan:/home/tianbot/slash_ws/install/pointcloud_filter:/home/tianbot/slash_ws/install/fast_lio:/home/tianbot/slash_ws/install/livox_ros_driver2:/home/tianbot/slash_ws/install/linefit_ground_segmentation_ros:/home/tianbot/slash_ws/install/linefit_ground_segmentation:/home/tianbot/slash_ws/install/icp_localization:/home/tianbot/slash_ws/install/dll:/home/tianbot/slash_ws/install/costmap_converter:/home/tianbot/slash_ws/install/costmap_converter_msgs:/home/tianbot/slash_ws/install/ackermann_mux LD_LIBRARY_PATH=/home/tianbot/slash_ws/install/grid_map_visualization/lib:/home/tianbot/slash_ws/install/grid_map_rviz_plugin/lib:/home/tianbot/slash_ws/install/grid_map_pcl/lib:/home/tianbot/slash_ws/install/grid_map_loader/lib:/home/tianbot/slash_ws/install/grid_map_filters/lib:/home/tianbot/slash_ws/install/grid_map_ros/lib:/home/tianbot/slash_ws/install/grid_map_octomap/lib:/home/tianbot/slash_ws/install/grid_map_cv/lib:/home/tianbot/slash_ws/install/grid_map_msgs/lib:/home/tianbot/slash_ws/install/grid_map_core/lib:${LD_LIBRARY_PATH} PYTHONPATH=/home/tianbot/slash_ws/install/grid_map_msgs/local/lib/python3.10/dist-packages:${PYTHONPATH} /usr/bin/cmake --install /home/tianbot/slash_ws/build/grid_map_demos
