-- The C compiler identification is GNU 11.4.0
-- The CXX compiler identification is GNU 11.4.0
-- Detecting C compiler ABI info
-- Detecting C compiler ABI info - done
-- Check for working C compiler: /usr/bin/cc - skipped
-- Detecting C compile features
-- Detecting C compile features - done
-- Detecting CXX compiler ABI info
-- Detecting CXX compiler ABI info - done
-- Check for working CXX compiler: /usr/bin/c++ - skipped
-- Detecting CXX compile features
-- Detecting CXX compile features - done
-- Found ament_cmake: 1.3.12 (/opt/ros/humble/share/ament_cmake/cmake)
-- Found Python3: /usr/bin/python3 (found version "3.10.12") found components: Interpreter 
-- Override CMake install command with custom implementation using symlinks instead of copying resources
-- Found cv_bridge: 3.2.1 (/opt/ros/humble/share/cv_bridge/cmake)
-- Found rosidl_generator_c: 3.1.7 (/opt/ros/humble/share/rosidl_generator_c/cmake)
-- Found rosidl_adapter: 3.1.7 (/opt/ros/humble/share/rosidl_adapter/cmake)
-- Found rosidl_generator_cpp: 3.1.7 (/opt/ros/humble/share/rosidl_generator_cpp/cmake)
-- Using all available rosidl_typesupport_c: rosidl_typesupport_fastrtps_c;rosidl_typesupport_introspection_c
-- Using all available rosidl_typesupport_cpp: rosidl_typesupport_fastrtps_cpp;rosidl_typesupport_introspection_cpp
-- Found filters: 2.2.2 (/opt/ros/humble/share/filters/cmake)
-- Found rmw_implementation_cmake: 6.1.2 (/opt/ros/humble/share/rmw_implementation_cmake/cmake)
-- Found rmw_cyclonedds_cpp: 1.3.4 (/opt/ros/humble/share/rmw_cyclonedds_cpp/cmake)
-- Using RMW implementation 'rmw_cyclonedds_cpp' as default
-- Looking for pthread.h
-- Looking for pthread.h - found
-- Performing Test CMAKE_HAVE_LIBC_PTHREAD
-- Performing Test CMAKE_HAVE_LIBC_PTHREAD - Success
-- Found Threads: TRUE  
-- Found grid_map_cmake_helpers: 2.1.0 (/home/tianbot/slash_ws/install/grid_map_cmake_helpers/share/grid_map_cmake_helpers/cmake)
-- Found grid_map_core: 2.1.0 (/home/tianbot/slash_ws/install/grid_map_core/share/grid_map_core/cmake)
-- Found grid_map_cv: 2.1.0 (/home/tianbot/slash_ws/install/grid_map_cv/share/grid_map_cv/cmake)
-- Found grid_map_msgs: 2.1.0 (/home/tianbot/slash_ws/install/grid_map_msgs/share/grid_map_msgs/cmake)
-- Found grid_map_octomap: 2.1.0 (/home/tianbot/slash_ws/install/grid_map_octomap/share/grid_map_octomap/cmake)
-- Found grid_map_pcl: 2.1.0 (/home/tianbot/slash_ws/install/grid_map_pcl/share/grid_map_pcl/cmake)
-- Found grid_map_ros: 2.1.0 (/home/tianbot/slash_ws/install/grid_map_ros/share/grid_map_ros/cmake)
-- Found grid_map_filters: 2.1.0 (/home/tianbot/slash_ws/install/grid_map_filters/share/grid_map_filters/cmake)
-- Found octomap_msgs: 2.0.1 (/opt/ros/humble/share/octomap_msgs/cmake)
-- Found tf2_ros: 0.25.16 (/opt/ros/humble/share/tf2_ros/cmake)
-- Found tf2_geometry_msgs: 0.25.16 (/opt/ros/humble/share/tf2_geometry_msgs/cmake)
-- Found eigen3_cmake_module: 0.1.1 (/opt/ros/humble/share/eigen3_cmake_module/cmake)
-- Found Eigen3: TRUE (found version "3.4.0") 
-- Ensuring Eigen3 include directory is part of orocos-kdl CMake target
-- Found pcl_ros: 2.4.5 (/opt/ros/humble/share/pcl_ros/cmake)
-- Checking for module 'eigen3'
--   Found eigen3, version 3.4.0
-- Found Eigen: /usr/include/eigen3 (Required is at least version "3.1") 
-- Eigen found (include: /usr/include/eigen3, version: 3.4.0)
-- Checking for module 'flann'
--   Found flann, version 1.9.1
-- Found FLANN: /usr/lib/x86_64-linux-gnu/libflann_cpp.so  
-- FLANN found (include: /usr/include, lib: /usr/lib/x86_64-linux-gnu/libflann_cpp.so)
-- Checking for module 'libusb-1.0'
--   Found libusb-1.0, version 1.0.25
-- Found libusb: /usr/lib/x86_64-linux-gnu/libusb-1.0.so  
-- OpenNI found (version: 1.5.4.0, include: /usr/include/ni, lib: /usr/lib/libOpenNI.so;libusb::libusb)
-- OpenNI2 found (version: 2.2.0.33, include: /usr/include/openni2, lib: /usr/lib/x86_64-linux-gnu/libOpenNI2.so;libusb::libusb)
-- Eigen found (include: /usr/include/eigen3, version: 3.4.0)
-- OpenNI found (version: 1.5.4.0, include: /usr/include/ni, lib: /usr/lib/libOpenNI.so;libusb::libusb)
-- OpenNI2 found (version: 2.2.0.33, include: /usr/include/openni2, lib: /usr/lib/x86_64-linux-gnu/libOpenNI2.so;libusb::libusb)
-- Found Qhull version 8.0.2
-- OpenNI found (version: 1.5.4.0, include: /usr/include/ni, lib: /usr/lib/libOpenNI.so;libusb::libusb)
-- Found PCL_COMMON: /usr/lib/x86_64-linux-gnu/libpcl_common.so  
-- Found PCL_KDTREE: /usr/lib/x86_64-linux-gnu/libpcl_kdtree.so  
-- Found PCL_OCTREE: /usr/lib/x86_64-linux-gnu/libpcl_octree.so  
-- Found PCL_SEARCH: /usr/lib/x86_64-linux-gnu/libpcl_search.so  
-- Found PCL_SAMPLE_CONSENSUS: /usr/lib/x86_64-linux-gnu/libpcl_sample_consensus.so  
-- Found PCL_FILTERS: /usr/lib/x86_64-linux-gnu/libpcl_filters.so  
-- Found PCL_2D: /usr/include/pcl-1.12  
-- Found PCL_GEOMETRY: /usr/include/pcl-1.12  
-- Found PCL_IO: /usr/lib/x86_64-linux-gnu/libpcl_io.so  
-- Found PCL_FEATURES: /usr/lib/x86_64-linux-gnu/libpcl_features.so  
-- Found PCL_ML: /usr/lib/x86_64-linux-gnu/libpcl_ml.so  
-- Found PCL_SEGMENTATION: /usr/lib/x86_64-linux-gnu/libpcl_segmentation.so  
-- Found PCL_VISUALIZATION: /usr/lib/x86_64-linux-gnu/libpcl_visualization.so  
-- Found PCL_SURFACE: /usr/lib/x86_64-linux-gnu/libpcl_surface.so  
-- Found PCL_REGISTRATION: /usr/lib/x86_64-linux-gnu/libpcl_registration.so  
-- Found PCL_KEYPOINTS: /usr/lib/x86_64-linux-gnu/libpcl_keypoints.so  
-- Found PCL_TRACKING: /usr/lib/x86_64-linux-gnu/libpcl_tracking.so  
-- Found PCL_RECOGNITION: /usr/lib/x86_64-linux-gnu/libpcl_recognition.so  
-- Found PCL_STEREO: /usr/lib/x86_64-linux-gnu/libpcl_stereo.so  
-- Found PCL_APPS: /usr/lib/x86_64-linux-gnu/libpcl_apps.so  
-- Found PCL_IN_HAND_SCANNER: /usr/include/pcl-1.12  
-- Found PCL_MODELER: /usr/include/pcl-1.12  
-- Found PCL_POINT_CLOUD_EDITOR: /usr/include/pcl-1.12  
-- Found PCL_OUTOFCORE: /usr/lib/x86_64-linux-gnu/libpcl_outofcore.so  
-- Found PCL_PEOPLE: /usr/lib/x86_64-linux-gnu/libpcl_people.so  
-- Found OpenCV: /usr (found version "4.5.4") found components: opencv_highgui 
-- Setting build type to Release as none was specified.
-- Found ament_lint_auto: 0.12.14 (/opt/ros/humble/share/ament_lint_auto/cmake)
-- Added test 'cppcheck' to perform static code analysis on C / C++ code
-- Configured cppcheck include dirs: /home/tianbot/slash_ws/src/slash_perception/grid_map/grid_map_demos/include
-- Configured cppcheck exclude dirs and/or files: 
-- Added test 'flake8' to check Python code syntax and style conventions
-- Added test 'lint_cmake' to check CMake code style
-- Added test 'pep257' to check Python code against some of the docstring style conventions in PEP 257
-- Added test 'uncrustify' to check C / C++ code style
-- Configured uncrustify additional arguments: 
-- Added test 'xmllint' to check XML markup files
-- Configuring done
-- Generating done
-- Build files have been written to: /home/tianbot/slash_ws/build/grid_map_demos
[  2%] [32mBuilding CXX object CMakeFiles/simple_demo.dir/src/simple_demo_node.cpp.o[0m
[  5%] [32m[1mLinking CXX executable simple_demo[0m
[  5%] Built target simple_demo
[  8%] [32mBuilding CXX object CMakeFiles/image_to_gridmap_demo.dir/src/image_to_gridmap_demo_node.cpp.o[0m
[ 11%] [32mBuilding CXX object CMakeFiles/octomap_to_gridmap_demo.dir/src/octomap_to_gridmap_demo_node.cpp.o[0m
[ 13%] [32mBuilding CXX object CMakeFiles/iterators_demo.dir/src/iterators_demo_node.cpp.o[0m
[ 16%] [32mBuilding CXX object CMakeFiles/tutorial_demo.dir/src/tutorial_demo_node.cpp.o[0m
[ 19%] [32mBuilding CXX object CMakeFiles/image_to_gridmap_demo.dir/src/ImageToGridmapDemo.cpp.o[0m
[ 22%] [32mBuilding CXX object CMakeFiles/octomap_to_gridmap_demo.dir/src/OctomapToGridmapDemo.cpp.o[0m
[ 25%] [32mBuilding CXX object CMakeFiles/iterators_demo.dir/src/IteratorsDemo.cpp.o[0m
[ 27%] [32m[1mLinking CXX executable tutorial_demo[0m
[ 27%] Built target tutorial_demo
[ 30%] [32m[1mLinking CXX executable iterators_demo[0m
[ 30%] Built target iterators_demo
[ 33%] [32m[1mLinking CXX executable octomap_to_gridmap_demo[0m
[ 33%] Built target octomap_to_gridmap_demo
[ 36%] [32m[1mLinking CXX executable image_to_gridmap_demo[0m
[ 36%] Built target image_to_gridmap_demo
[ 38%] [32mBuilding CXX object CMakeFiles/move_demo.dir/src/move_demo_node.cpp.o[0m
[ 41%] [32mBuilding CXX object CMakeFiles/iterator_benchmark.dir/src/iterator_benchmark.cpp.o[0m
[ 44%] [32mBuilding CXX object CMakeFiles/pcd_to_gridmap_demo.dir/src/pcd_to_gridmap_demo_node.cpp.o[0m
[ 47%] [32mBuilding CXX object CMakeFiles/pointcloud2_to_gridmap_demo.dir/src/pointcloud2_to_gridmap_demo_node.cpp.o[0m
[ 50%] [32m[1mLinking CXX executable iterator_benchmark[0m
[ 50%] Built target iterator_benchmark
[ 52%] [32m[1mLinking CXX executable move_demo[0m
[ 52%] Built target move_demo
