[0.055s] Invoking command in '/home/tianbot/slash_ws/build/grid_map_demos': AMENT_PREFIX_PATH=/home/tianbot/slash_ws/install/grid_map_visualization:/home/tianbot/slash_ws/install/grid_map_rviz_plugin:/home/tianbot/slash_ws/install/grid_map_pcl:/home/tianbot/slash_ws/install/grid_map_loader:/home/tianbot/slash_ws/install/grid_map_filters:/home/tianbot/slash_ws/install/grid_map_ros:/home/tianbot/slash_ws/install/grid_map_octomap:/home/tianbot/slash_ws/install/grid_map_cv:/home/tianbot/slash_ws/install/grid_map_msgs:/home/tianbot/slash_ws/install/grid_map_core:/home/tianbot/slash_ws/install/grid_map_cmake_helpers:${AMENT_PREFIX_PATH} CMAKE_PREFIX_PATH=/home/tianbot/slash_ws/install/grid_map_visualization:/home/tianbot/slash_ws/install/grid_map_rviz_plugin:/home/tianbot/slash_ws/install/grid_map_pcl:/home/tianbot/slash_ws/install/grid_map_loader:/home/tianbot/slash_ws/install/grid_map_filters:/home/tianbot/slash_ws/install/grid_map_ros:/home/tianbot/slash_ws/install/grid_map_octomap:/home/tianbot/slash_ws/install/grid_map_cv:/home/tianbot/slash_ws/install/grid_map_msgs:/home/tianbot/slash_ws/install/grid_map_core:/home/tianbot/slash_ws/install/grid_map_cmake_helpers:/home/tianbot/tianracer_ros2_ws/install/vesc_ackermann:/home/tianbot/tianracer_ros2_ws/install/vesc_msgs:/home/tianbot/tianracer_ros2_ws/install/vector_pursuit_controller:/home/tianbot/tianracer_ros2_ws/install/tianracer_slam:/home/tianbot/tianracer_ros2_ws/install/tianracer_rviz:/home/tianbot/tianracer_ros2_ws/install/tianracer_navigation2:/home/tianbot/tianracer_ros2_ws/install/tianracer_navigation:/home/tianbot/tianracer_ros2_ws/install/tianracer_jetson:/home/tianbot/tianracer_ros2_ws/install/tianracer_description:/home/tianbot/tianracer_ros2_ws/install/tianracer_core:/home/tianbot/tianracer_ros2_ws/install/tianracer_competition:/home/tianbot/tianracer_ros2_ws/install/tianracer_bringup:/home/tianbot/tianracer_ros2_ws/install/twist_to_ackermann:/home/tianbot/tianracer_ros2_ws/install/tf2_web_republisher_py:/home/tianbot/tianracer_ros2_ws/install/joy_teleop:/home/tianbot/tianracer_ros2_ws/install/mouse_teleop:/home/tianbot/tianracer_ros2_ws/install/key_teleop:/home/tianbot/slash_ws/install/f1tenth_stack:/home/tianbot/slash_ws/install/joy_teleop:/home/tianbot/slash_ws/install/mouse_teleop:/home/tianbot/slash_ws/install/key_teleop:/opt/ros/humble:/home/tianbot/tianracer_ros2_ws/install/tianracer:/home/tianbot/tianracer_ros2_ws/install/tianbot_core:/home/tianbot/tianracer_ros2_ws/install/tf2_web_republisher:/home/tianbot/tianracer_ros2_ws/install/teleop_tools:/home/tianbot/tianracer_ros2_ws/install/teleop_tools_msgs:/home/tianbot/tianracer_ros2_ws/install/teb_local_planner:/home/tianbot/tianracer_ros2_ws/install/teb_msgs:/home/tianbot/tianracer_ros2_ws/install/slam_gmapping:/home/tianbot/tianracer_ros2_ws/install/openslam_gmapping:/home/tianbot/tianracer_ros2_ws/install/lakibeam1:/home/tianbot/tianracer_ros2_ws/install/costmap_intensity:/home/tianbot/tianracer_ros2_ws/install/costmap_converter:/home/tianbot/tianracer_ros2_ws/install/costmap_converter_msgs:/home/tianbot/tianracer_ros2_ws/install/behavior_ext_plugins:/home/tianbot/tianracer_ros2_ws/install/ackermann_mux:/home/tianbot/slash_ws/install/vesc:/home/tianbot/slash_ws/install/vesc_driver:/home/tianbot/slash_ws/install/vesc_ackermann:/home/tianbot/slash_ws/install/vesc_msgs:/home/tianbot/slash_ws/install/teleop_tools:/home/tianbot/slash_ws/install/teleop_tools_msgs:/home/tianbot/slash_ws/install/teb_local_planner:/home/tianbot/slash_ws/install/teb_msgs:/home/tianbot/slash_ws/install/slash_nav2:/home/tianbot/slash_ws/install/pointcloud_to_laserscan:/home/tianbot/slash_ws/install/pointcloud_filter:/home/tianbot/slash_ws/install/fast_lio:/home/tianbot/slash_ws/install/livox_ros_driver2:/home/tianbot/slash_ws/install/linefit_ground_segmentation_ros:/home/tianbot/slash_ws/install/linefit_ground_segmentation:/home/tianbot/slash_ws/install/icp_localization:/home/tianbot/slash_ws/install/dll:/home/tianbot/slash_ws/install/costmap_converter:/home/tianbot/slash_ws/install/costmap_converter_msgs:/home/tianbot/slash_ws/install/ackermann_mux LD_LIBRARY_PATH=/home/tianbot/slash_ws/install/grid_map_visualization/lib:/home/tianbot/slash_ws/install/grid_map_rviz_plugin/lib:/home/tianbot/slash_ws/install/grid_map_pcl/lib:/home/tianbot/slash_ws/install/grid_map_loader/lib:/home/tianbot/slash_ws/install/grid_map_filters/lib:/home/tianbot/slash_ws/install/grid_map_ros/lib:/home/tianbot/slash_ws/install/grid_map_octomap/lib:/home/tianbot/slash_ws/install/grid_map_cv/lib:/home/tianbot/slash_ws/install/grid_map_msgs/lib:/home/tianbot/slash_ws/install/grid_map_core/lib:${LD_LIBRARY_PATH} PYTHONPATH=/home/tianbot/slash_ws/install/grid_map_msgs/local/lib/python3.10/dist-packages:${PYTHONPATH} /usr/bin/cmake /home/tianbot/slash_ws/src/slash_perception/grid_map/grid_map_demos -DAMENT_CMAKE_SYMLINK_INSTALL=1 -DCMAKE_INSTALL_PREFIX=/home/tianbot/slash_ws/install/grid_map_demos
[0.127s] -- The C compiler identification is GNU 11.4.0
[0.194s] -- The CXX compiler identification is GNU 11.4.0
[0.203s] -- Detecting C compiler ABI info
[0.293s] -- Detecting C compiler ABI info - done
[0.302s] -- Check for working C compiler: /usr/bin/cc - skipped
[0.303s] -- Detecting C compile features
[0.303s] -- Detecting C compile features - done
[0.308s] -- Detecting CXX compiler ABI info
[0.411s] -- Detecting CXX compiler ABI info - done
[0.420s] -- Check for working CXX compiler: /usr/bin/c++ - skipped
[0.421s] -- Detecting CXX compile features
[0.421s] -- Detecting CXX compile features - done
[0.428s] -- Found ament_cmake: 1.3.12 (/opt/ros/humble/share/ament_cmake/cmake)
[0.685s] -- Found Python3: /usr/bin/python3 (found version "3.10.12") found components: Interpreter 
[0.785s] -- Override CMake install command with custom implementation using symlinks instead of copying resources
[0.860s] -- Found cv_bridge: 3.2.1 (/opt/ros/humble/share/cv_bridge/cmake)
[0.952s] -- Found rosidl_generator_c: 3.1.7 (/opt/ros/humble/share/rosidl_generator_c/cmake)
[0.964s] -- Found rosidl_adapter: 3.1.7 (/opt/ros/humble/share/rosidl_adapter/cmake)
[0.980s] -- Found rosidl_generator_cpp: 3.1.7 (/opt/ros/humble/share/rosidl_generator_cpp/cmake)
[1.003s] -- Using all available rosidl_typesupport_c: rosidl_typesupport_fastrtps_c;rosidl_typesupport_introspection_c
[1.034s] -- Using all available rosidl_typesupport_cpp: rosidl_typesupport_fastrtps_cpp;rosidl_typesupport_introspection_cpp
[1.126s] -- Found filters: 2.2.2 (/opt/ros/humble/share/filters/cmake)
[1.281s] -- Found rmw_implementation_cmake: 6.1.2 (/opt/ros/humble/share/rmw_implementation_cmake/cmake)
[1.290s] -- Found rmw_cyclonedds_cpp: 1.3.4 (/opt/ros/humble/share/rmw_cyclonedds_cpp/cmake)
[1.336s] -- Using RMW implementation 'rmw_cyclonedds_cpp' as default
[1.363s] -- Looking for pthread.h
[1.454s] -- Looking for pthread.h - found
[1.454s] -- Performing Test CMAKE_HAVE_LIBC_PTHREAD
[1.557s] -- Performing Test CMAKE_HAVE_LIBC_PTHREAD - Success
[1.559s] -- Found Threads: TRUE  
[1.619s] -- Found grid_map_cmake_helpers: 2.1.0 (/home/tianbot/slash_ws/install/grid_map_cmake_helpers/share/grid_map_cmake_helpers/cmake)
[1.621s] -- Found grid_map_core: 2.1.0 (/home/tianbot/slash_ws/install/grid_map_core/share/grid_map_core/cmake)
[1.623s] -- Found grid_map_cv: 2.1.0 (/home/tianbot/slash_ws/install/grid_map_cv/share/grid_map_cv/cmake)
[1.630s] -- Found grid_map_msgs: 2.1.0 (/home/tianbot/slash_ws/install/grid_map_msgs/share/grid_map_msgs/cmake)
[1.650s] -- Found grid_map_octomap: 2.1.0 (/home/tianbot/slash_ws/install/grid_map_octomap/share/grid_map_octomap/cmake)
[1.659s] -- Found grid_map_pcl: 2.1.0 (/home/tianbot/slash_ws/install/grid_map_pcl/share/grid_map_pcl/cmake)
[1.662s] -- Found grid_map_ros: 2.1.0 (/home/tianbot/slash_ws/install/grid_map_ros/share/grid_map_ros/cmake)
[1.831s] -- Found grid_map_filters: 2.1.0 (/home/tianbot/slash_ws/install/grid_map_filters/share/grid_map_filters/cmake)
[1.857s] -- Found octomap_msgs: 2.0.1 (/opt/ros/humble/share/octomap_msgs/cmake)
[1.885s] -- Found tf2_ros: 0.25.16 (/opt/ros/humble/share/tf2_ros/cmake)
[1.980s] -- Found tf2_geometry_msgs: 0.25.16 (/opt/ros/humble/share/tf2_geometry_msgs/cmake)
[2.015s] -- Found eigen3_cmake_module: 0.1.1 (/opt/ros/humble/share/eigen3_cmake_module/cmake)
[2.017s] -- Found Eigen3: TRUE (found version "3.4.0") 
[2.017s] -- Ensuring Eigen3 include directory is part of orocos-kdl CMake target
[2.023s] -- Found pcl_ros: 2.4.5 (/opt/ros/humble/share/pcl_ros/cmake)
[2.094s] -- Checking for module 'eigen3'
[2.116s] --   Found eigen3, version 3.4.0
[2.167s] -- Found Eigen: /usr/include/eigen3 (Required is at least version "3.1") 
[2.167s] -- Eigen found (include: /usr/include/eigen3, version: 3.4.0)
[2.248s] -- Checking for module 'flann'
[2.271s] --   Found flann, version 1.9.1
[2.332s] -- Found FLANN: /usr/lib/x86_64-linux-gnu/libflann_cpp.so  
[2.332s] -- FLANN found (include: /usr/include, lib: /usr/lib/x86_64-linux-gnu/libflann_cpp.so)
[3.616s] -- Checking for module 'libusb-1.0'
[3.640s] --   Found libusb-1.0, version 1.0.25
[3.695s] -- Found libusb: /usr/lib/x86_64-linux-gnu/libusb-1.0.so  
[3.696s] -- OpenNI found (version: 1.5.4.0, include: /usr/include/ni, lib: /usr/lib/libOpenNI.so;libusb::libusb)
[3.788s] -- OpenNI2 found (version: 2.2.0.33, include: /usr/include/openni2, lib: /usr/lib/x86_64-linux-gnu/libOpenNI2.so;libusb::libusb)
[3.996s] -- Eigen found (include: /usr/include/eigen3, version: 3.4.0)
[4.004s] -- OpenNI found (version: 1.5.4.0, include: /usr/include/ni, lib: /usr/lib/libOpenNI.so;libusb::libusb)
[4.012s] -- OpenNI2 found (version: 2.2.0.33, include: /usr/include/openni2, lib: /usr/lib/x86_64-linux-gnu/libOpenNI2.so;libusb::libusb)
[4.222s] -- Found Qhull version 8.0.2
[4.429s] -- OpenNI found (version: 1.5.4.0, include: /usr/include/ni, lib: /usr/lib/libOpenNI.so;libusb::libusb)
[4.629s] -- Found PCL_COMMON: /usr/lib/x86_64-linux-gnu/libpcl_common.so  
[4.630s] -- Found PCL_KDTREE: /usr/lib/x86_64-linux-gnu/libpcl_kdtree.so  
[4.631s] -- Found PCL_OCTREE: /usr/lib/x86_64-linux-gnu/libpcl_octree.so  
[4.632s] -- Found PCL_SEARCH: /usr/lib/x86_64-linux-gnu/libpcl_search.so  
[4.633s] -- Found PCL_SAMPLE_CONSENSUS: /usr/lib/x86_64-linux-gnu/libpcl_sample_consensus.so  
[4.634s] -- Found PCL_FILTERS: /usr/lib/x86_64-linux-gnu/libpcl_filters.so  
[4.634s] -- Found PCL_2D: /usr/include/pcl-1.12  
[4.635s] -- Found PCL_GEOMETRY: /usr/include/pcl-1.12  
[4.636s] -- Found PCL_IO: /usr/lib/x86_64-linux-gnu/libpcl_io.so  
[4.637s] -- Found PCL_FEATURES: /usr/lib/x86_64-linux-gnu/libpcl_features.so  
[4.638s] -- Found PCL_ML: /usr/lib/x86_64-linux-gnu/libpcl_ml.so  
[4.639s] -- Found PCL_SEGMENTATION: /usr/lib/x86_64-linux-gnu/libpcl_segmentation.so  
[4.640s] -- Found PCL_VISUALIZATION: /usr/lib/x86_64-linux-gnu/libpcl_visualization.so  
[4.643s] -- Found PCL_SURFACE: /usr/lib/x86_64-linux-gnu/libpcl_surface.so  
[4.643s] -- Found PCL_REGISTRATION: /usr/lib/x86_64-linux-gnu/libpcl_registration.so  
[4.644s] -- Found PCL_KEYPOINTS: /usr/lib/x86_64-linux-gnu/libpcl_keypoints.so  
[4.645s] -- Found PCL_TRACKING: /usr/lib/x86_64-linux-gnu/libpcl_tracking.so  
[4.646s] -- Found PCL_RECOGNITION: /usr/lib/x86_64-linux-gnu/libpcl_recognition.so  
[4.648s] -- Found PCL_STEREO: /usr/lib/x86_64-linux-gnu/libpcl_stereo.so  
[4.649s] -- Found PCL_APPS: /usr/lib/x86_64-linux-gnu/libpcl_apps.so  
[4.650s] -- Found PCL_IN_HAND_SCANNER: /usr/include/pcl-1.12  
[4.650s] -- Found PCL_MODELER: /usr/include/pcl-1.12  
[4.652s] -- Found PCL_POINT_CLOUD_EDITOR: /usr/include/pcl-1.12  
[4.652s] -- Found PCL_OUTOFCORE: /usr/lib/x86_64-linux-gnu/libpcl_outofcore.so  
[4.653s] -- Found PCL_PEOPLE: /usr/lib/x86_64-linux-gnu/libpcl_people.so  
[4.665s] [33mCMake Warning (dev) at CMakeLists.txt:28 (find_package):
[4.665s]   Policy CMP0074 is not set: find_package uses <PackageName>_ROOT variables.
[4.665s]   Run "cmake --help-policy CMP0074" for policy details.  Use the cmake_policy
[4.665s]   command to set the policy and suppress this warning.
[4.666s] 
[4.666s]   CMake variable PCL_ROOT is set to:
[4.666s] 
[4.666s]     /usr
[4.666s] 
[4.666s]   For compatibility, CMake is ignoring the variable.
[4.666s] This warning is for project developers.  Use -Wno-dev to suppress it.
[4.666s] [0m
[4.677s] -- Found OpenCV: /usr (found version "4.5.4") found components: opencv_highgui 
[4.677s] -- Setting build type to Release as none was specified.
[5.951s] -- Found ament_lint_auto: 0.12.14 (/opt/ros/humble/share/ament_lint_auto/cmake)
[6.111s] -- Added test 'cppcheck' to perform static code analysis on C / C++ code
[6.116s] -- Configured cppcheck include dirs: /home/tianbot/slash_ws/src/slash_perception/grid_map/grid_map_demos/include
[6.116s] -- Configured cppcheck exclude dirs and/or files: 
[6.118s] -- Added test 'flake8' to check Python code syntax and style conventions
[6.120s] -- Added test 'lint_cmake' to check CMake code style
[6.121s] -- Added test 'pep257' to check Python code against some of the docstring style conventions in PEP 257
[6.126s] -- Added test 'uncrustify' to check C / C++ code style
[6.126s] -- Configured uncrustify additional arguments: 
[6.128s] -- Added test 'xmllint' to check XML markup files
[6.132s] -- Configuring done
[6.813s] -- Generating done
[6.914s] -- Build files have been written to: /home/tianbot/slash_ws/build/grid_map_demos
[6.942s] Invoked command in '/home/tianbot/slash_ws/build/grid_map_demos' returned '0': AMENT_PREFIX_PATH=/home/tianbot/slash_ws/install/grid_map_visualization:/home/tianbot/slash_ws/install/grid_map_rviz_plugin:/home/tianbot/slash_ws/install/grid_map_pcl:/home/tianbot/slash_ws/install/grid_map_loader:/home/tianbot/slash_ws/install/grid_map_filters:/home/tianbot/slash_ws/install/grid_map_ros:/home/tianbot/slash_ws/install/grid_map_octomap:/home/tianbot/slash_ws/install/grid_map_cv:/home/tianbot/slash_ws/install/grid_map_msgs:/home/tianbot/slash_ws/install/grid_map_core:/home/tianbot/slash_ws/install/grid_map_cmake_helpers:${AMENT_PREFIX_PATH} CMAKE_PREFIX_PATH=/home/tianbot/slash_ws/install/grid_map_visualization:/home/tianbot/slash_ws/install/grid_map_rviz_plugin:/home/tianbot/slash_ws/install/grid_map_pcl:/home/tianbot/slash_ws/install/grid_map_loader:/home/tianbot/slash_ws/install/grid_map_filters:/home/tianbot/slash_ws/install/grid_map_ros:/home/tianbot/slash_ws/install/grid_map_octomap:/home/tianbot/slash_ws/install/grid_map_cv:/home/tianbot/slash_ws/install/grid_map_msgs:/home/tianbot/slash_ws/install/grid_map_core:/home/tianbot/slash_ws/install/grid_map_cmake_helpers:/home/tianbot/tianracer_ros2_ws/install/vesc_ackermann:/home/tianbot/tianracer_ros2_ws/install/vesc_msgs:/home/tianbot/tianracer_ros2_ws/install/vector_pursuit_controller:/home/tianbot/tianracer_ros2_ws/install/tianracer_slam:/home/tianbot/tianracer_ros2_ws/install/tianracer_rviz:/home/tianbot/tianracer_ros2_ws/install/tianracer_navigation2:/home/tianbot/tianracer_ros2_ws/install/tianracer_navigation:/home/tianbot/tianracer_ros2_ws/install/tianracer_jetson:/home/tianbot/tianracer_ros2_ws/install/tianracer_description:/home/tianbot/tianracer_ros2_ws/install/tianracer_core:/home/tianbot/tianracer_ros2_ws/install/tianracer_competition:/home/tianbot/tianracer_ros2_ws/install/tianracer_bringup:/home/tianbot/tianracer_ros2_ws/install/twist_to_ackermann:/home/tianbot/tianracer_ros2_ws/install/tf2_web_republisher_py:/home/tianbot/tianracer_ros2_ws/install/joy_teleop:/home/tianbot/tianracer_ros2_ws/install/mouse_teleop:/home/tianbot/tianracer_ros2_ws/install/key_teleop:/home/tianbot/slash_ws/install/f1tenth_stack:/home/tianbot/slash_ws/install/joy_teleop:/home/tianbot/slash_ws/install/mouse_teleop:/home/tianbot/slash_ws/install/key_teleop:/opt/ros/humble:/home/tianbot/tianracer_ros2_ws/install/tianracer:/home/tianbot/tianracer_ros2_ws/install/tianbot_core:/home/tianbot/tianracer_ros2_ws/install/tf2_web_republisher:/home/tianbot/tianracer_ros2_ws/install/teleop_tools:/home/tianbot/tianracer_ros2_ws/install/teleop_tools_msgs:/home/tianbot/tianracer_ros2_ws/install/teb_local_planner:/home/tianbot/tianracer_ros2_ws/install/teb_msgs:/home/tianbot/tianracer_ros2_ws/install/slam_gmapping:/home/tianbot/tianracer_ros2_ws/install/openslam_gmapping:/home/tianbot/tianracer_ros2_ws/install/lakibeam1:/home/tianbot/tianracer_ros2_ws/install/costmap_intensity:/home/tianbot/tianracer_ros2_ws/install/costmap_converter:/home/tianbot/tianracer_ros2_ws/install/costmap_converter_msgs:/home/tianbot/tianracer_ros2_ws/install/behavior_ext_plugins:/home/tianbot/tianracer_ros2_ws/install/ackermann_mux:/home/tianbot/slash_ws/install/vesc:/home/tianbot/slash_ws/install/vesc_driver:/home/tianbot/slash_ws/install/vesc_ackermann:/home/tianbot/slash_ws/install/vesc_msgs:/home/tianbot/slash_ws/install/teleop_tools:/home/tianbot/slash_ws/install/teleop_tools_msgs:/home/tianbot/slash_ws/install/teb_local_planner:/home/tianbot/slash_ws/install/teb_msgs:/home/tianbot/slash_ws/install/slash_nav2:/home/tianbot/slash_ws/install/pointcloud_to_laserscan:/home/tianbot/slash_ws/install/pointcloud_filter:/home/tianbot/slash_ws/install/fast_lio:/home/tianbot/slash_ws/install/livox_ros_driver2:/home/tianbot/slash_ws/install/linefit_ground_segmentation_ros:/home/tianbot/slash_ws/install/linefit_ground_segmentation:/home/tianbot/slash_ws/install/icp_localization:/home/tianbot/slash_ws/install/dll:/home/tianbot/slash_ws/install/costmap_converter:/home/tianbot/slash_ws/install/costmap_converter_msgs:/home/tianbot/slash_ws/install/ackermann_mux LD_LIBRARY_PATH=/home/tianbot/slash_ws/install/grid_map_visualization/lib:/home/tianbot/slash_ws/install/grid_map_rviz_plugin/lib:/home/tianbot/slash_ws/install/grid_map_pcl/lib:/home/tianbot/slash_ws/install/grid_map_loader/lib:/home/tianbot/slash_ws/install/grid_map_filters/lib:/home/tianbot/slash_ws/install/grid_map_ros/lib:/home/tianbot/slash_ws/install/grid_map_octomap/lib:/home/tianbot/slash_ws/install/grid_map_cv/lib:/home/tianbot/slash_ws/install/grid_map_msgs/lib:/home/tianbot/slash_ws/install/grid_map_core/lib:${LD_LIBRARY_PATH} PYTHONPATH=/home/tianbot/slash_ws/install/grid_map_msgs/local/lib/python3.10/dist-packages:${PYTHONPATH} /usr/bin/cmake /home/tianbot/slash_ws/src/slash_perception/grid_map/grid_map_demos -DAMENT_CMAKE_SYMLINK_INSTALL=1 -DCMAKE_INSTALL_PREFIX=/home/tianbot/slash_ws/install/grid_map_demos
[6.945s] Invoking command in '/home/tianbot/slash_ws/build/grid_map_demos': AMENT_PREFIX_PATH=/home/tianbot/slash_ws/install/grid_map_visualization:/home/tianbot/slash_ws/install/grid_map_rviz_plugin:/home/tianbot/slash_ws/install/grid_map_pcl:/home/tianbot/slash_ws/install/grid_map_loader:/home/tianbot/slash_ws/install/grid_map_filters:/home/tianbot/slash_ws/install/grid_map_ros:/home/tianbot/slash_ws/install/grid_map_octomap:/home/tianbot/slash_ws/install/grid_map_cv:/home/tianbot/slash_ws/install/grid_map_msgs:/home/tianbot/slash_ws/install/grid_map_core:/home/tianbot/slash_ws/install/grid_map_cmake_helpers:${AMENT_PREFIX_PATH} CMAKE_PREFIX_PATH=/home/tianbot/slash_ws/install/grid_map_visualization:/home/tianbot/slash_ws/install/grid_map_rviz_plugin:/home/tianbot/slash_ws/install/grid_map_pcl:/home/tianbot/slash_ws/install/grid_map_loader:/home/tianbot/slash_ws/install/grid_map_filters:/home/tianbot/slash_ws/install/grid_map_ros:/home/tianbot/slash_ws/install/grid_map_octomap:/home/tianbot/slash_ws/install/grid_map_cv:/home/tianbot/slash_ws/install/grid_map_msgs:/home/tianbot/slash_ws/install/grid_map_core:/home/tianbot/slash_ws/install/grid_map_cmake_helpers:/home/tianbot/tianracer_ros2_ws/install/vesc_ackermann:/home/tianbot/tianracer_ros2_ws/install/vesc_msgs:/home/tianbot/tianracer_ros2_ws/install/vector_pursuit_controller:/home/tianbot/tianracer_ros2_ws/install/tianracer_slam:/home/tianbot/tianracer_ros2_ws/install/tianracer_rviz:/home/tianbot/tianracer_ros2_ws/install/tianracer_navigation2:/home/tianbot/tianracer_ros2_ws/install/tianracer_navigation:/home/tianbot/tianracer_ros2_ws/install/tianracer_jetson:/home/tianbot/tianracer_ros2_ws/install/tianracer_description:/home/tianbot/tianracer_ros2_ws/install/tianracer_core:/home/tianbot/tianracer_ros2_ws/install/tianracer_competition:/home/tianbot/tianracer_ros2_ws/install/tianracer_bringup:/home/tianbot/tianracer_ros2_ws/install/twist_to_ackermann:/home/tianbot/tianracer_ros2_ws/install/tf2_web_republisher_py:/home/tianbot/tianracer_ros2_ws/install/joy_teleop:/home/tianbot/tianracer_ros2_ws/install/mouse_teleop:/home/tianbot/tianracer_ros2_ws/install/key_teleop:/home/tianbot/slash_ws/install/f1tenth_stack:/home/tianbot/slash_ws/install/joy_teleop:/home/tianbot/slash_ws/install/mouse_teleop:/home/tianbot/slash_ws/install/key_teleop:/opt/ros/humble:/home/tianbot/tianracer_ros2_ws/install/tianracer:/home/tianbot/tianracer_ros2_ws/install/tianbot_core:/home/tianbot/tianracer_ros2_ws/install/tf2_web_republisher:/home/tianbot/tianracer_ros2_ws/install/teleop_tools:/home/tianbot/tianracer_ros2_ws/install/teleop_tools_msgs:/home/tianbot/tianracer_ros2_ws/install/teb_local_planner:/home/tianbot/tianracer_ros2_ws/install/teb_msgs:/home/tianbot/tianracer_ros2_ws/install/slam_gmapping:/home/tianbot/tianracer_ros2_ws/install/openslam_gmapping:/home/tianbot/tianracer_ros2_ws/install/lakibeam1:/home/tianbot/tianracer_ros2_ws/install/costmap_intensity:/home/tianbot/tianracer_ros2_ws/install/costmap_converter:/home/tianbot/tianracer_ros2_ws/install/costmap_converter_msgs:/home/tianbot/tianracer_ros2_ws/install/behavior_ext_plugins:/home/tianbot/tianracer_ros2_ws/install/ackermann_mux:/home/tianbot/slash_ws/install/vesc:/home/tianbot/slash_ws/install/vesc_driver:/home/tianbot/slash_ws/install/vesc_ackermann:/home/tianbot/slash_ws/install/vesc_msgs:/home/tianbot/slash_ws/install/teleop_tools:/home/tianbot/slash_ws/install/teleop_tools_msgs:/home/tianbot/slash_ws/install/teb_local_planner:/home/tianbot/slash_ws/install/teb_msgs:/home/tianbot/slash_ws/install/slash_nav2:/home/tianbot/slash_ws/install/pointcloud_to_laserscan:/home/tianbot/slash_ws/install/pointcloud_filter:/home/tianbot/slash_ws/install/fast_lio:/home/tianbot/slash_ws/install/livox_ros_driver2:/home/tianbot/slash_ws/install/linefit_ground_segmentation_ros:/home/tianbot/slash_ws/install/linefit_ground_segmentation:/home/tianbot/slash_ws/install/icp_localization:/home/tianbot/slash_ws/install/dll:/home/tianbot/slash_ws/install/costmap_converter:/home/tianbot/slash_ws/install/costmap_converter_msgs:/home/tianbot/slash_ws/install/ackermann_mux LD_LIBRARY_PATH=/home/tianbot/slash_ws/install/grid_map_visualization/lib:/home/tianbot/slash_ws/install/grid_map_rviz_plugin/lib:/home/tianbot/slash_ws/install/grid_map_pcl/lib:/home/tianbot/slash_ws/install/grid_map_loader/lib:/home/tianbot/slash_ws/install/grid_map_filters/lib:/home/tianbot/slash_ws/install/grid_map_ros/lib:/home/tianbot/slash_ws/install/grid_map_octomap/lib:/home/tianbot/slash_ws/install/grid_map_cv/lib:/home/tianbot/slash_ws/install/grid_map_msgs/lib:/home/tianbot/slash_ws/install/grid_map_core/lib:${LD_LIBRARY_PATH} PYTHONPATH=/home/tianbot/slash_ws/install/grid_map_msgs/local/lib/python3.10/dist-packages:${PYTHONPATH} /usr/bin/cmake --build /home/tianbot/slash_ws/build/grid_map_demos -- -j4 -l4
[7.026s] [  2%] [32mBuilding CXX object CMakeFiles/simple_demo.dir/src/simple_demo_node.cpp.o[0m
[46.139s] [  5%] [32m[1mLinking CXX executable simple_demo[0m
[46.939s] [  5%] Built target simple_demo
[46.972s] [  8%] [32mBuilding CXX object CMakeFiles/image_to_gridmap_demo.dir/src/image_to_gridmap_demo_node.cpp.o[0m
[49.998s] [ 11%] [32mBuilding CXX object CMakeFiles/octomap_to_gridmap_demo.dir/src/octomap_to_gridmap_demo_node.cpp.o[0m
[51.026s] [ 13%] [32mBuilding CXX object CMakeFiles/iterators_demo.dir/src/iterators_demo_node.cpp.o[0m
[52.047s] [ 16%] [32mBuilding CXX object CMakeFiles/tutorial_demo.dir/src/tutorial_demo_node.cpp.o[0m
[87.255s] [ 19%] [32mBuilding CXX object CMakeFiles/image_to_gridmap_demo.dir/src/ImageToGridmapDemo.cpp.o[0m
[93.306s] [ 22%] [32mBuilding CXX object CMakeFiles/octomap_to_gridmap_demo.dir/src/OctomapToGridmapDemo.cpp.o[0m
[94.165s] [ 25%] [32mBuilding CXX object CMakeFiles/iterators_demo.dir/src/IteratorsDemo.cpp.o[0m
[120.496s] [ 27%] [32m[1mLinking CXX executable tutorial_demo[0m
[121.713s] [ 27%] Built target tutorial_demo
[158.002s] [ 30%] [32m[1mLinking CXX executable iterators_demo[0m
[159.094s] [ 30%] Built target iterators_demo
[165.221s] [ 33%] [32m[1mLinking CXX executable octomap_to_gridmap_demo[0m
[166.215s] [ 33%] Built target octomap_to_gridmap_demo
[180.848s] [ 36%] [32m[1mLinking CXX executable image_to_gridmap_demo[0m
[181.697s] [ 36%] Built target image_to_gridmap_demo
[181.729s] [ 38%] [32mBuilding CXX object CMakeFiles/move_demo.dir/src/move_demo_node.cpp.o[0m
[199.767s] [ 41%] [32mBuilding CXX object CMakeFiles/iterator_benchmark.dir/src/iterator_benchmark.cpp.o[0m
[201.796s] [ 44%] [32mBuilding CXX object CMakeFiles/pcd_to_gridmap_demo.dir/src/pcd_to_gridmap_demo_node.cpp.o[0m
[203.824s] [ 47%] [32mBuilding CXX object CMakeFiles/pointcloud2_to_gridmap_demo.dir/src/pointcloud2_to_gridmap_demo_node.cpp.o[0m
[204.800s] In file included from [01m[K/home/tianbot/slash_ws/src/slash_perception/grid_map/grid_map_demos/src/pcd_to_gridmap_demo_node.cpp:11[m[K:
[204.800s] [01m[K/home/tianbot/slash_ws/src/slash_perception/grid_map/grid_map_demos/include/grid_map_demos/PCDToGridmapDemo.hpp:31:10:[m[K [01;31m[Kfatal error: [m[Ktf2_eigen/tf2_eigen.h: 没有那个文件或目录
[204.800s]    31 | #include [01;31m[K<tf2_eigen/tf2_eigen.h>[m[K
[204.800s]       |          [01;31m[K^~~~~~~~~~~~~~~~~~~~~~~[m[K
[204.800s] compilation terminated.
[204.817s] gmake[2]: *** [CMakeFiles/pcd_to_gridmap_demo.dir/build.make:76：CMakeFiles/pcd_to_gridmap_demo.dir/src/pcd_to_gridmap_demo_node.cpp.o] 错误 1
[204.817s] gmake[1]: *** [CMakeFiles/Makefile2:321：CMakeFiles/pcd_to_gridmap_demo.dir/all] 错误 2
[204.817s] gmake[1]: *** 正在等待未完成的任务....
[206.756s] In file included from [01m[K/home/tianbot/slash_ws/src/slash_perception/grid_map/grid_map_demos/src/pointcloud2_to_gridmap_demo_node.cpp:11[m[K:
[206.756s] [01m[K/home/tianbot/slash_ws/src/slash_perception/grid_map/grid_map_demos/include/grid_map_demos/PointCloud2ToGridmapDemo.hpp:31:10:[m[K [01;31m[Kfatal error: [m[Ktf2_eigen/tf2_eigen.h: 没有那个文件或目录
[206.757s]    31 | #include [01;31m[K<tf2_eigen/tf2_eigen.h>[m[K
[206.757s]       |          [01;31m[K^~~~~~~~~~~~~~~~~~~~~~~[m[K
[206.757s] compilation terminated.
[206.773s] gmake[2]: *** [CMakeFiles/pointcloud2_to_gridmap_demo.dir/build.make:76：CMakeFiles/pointcloud2_to_gridmap_demo.dir/src/pointcloud2_to_gridmap_demo_node.cpp.o] 错误 1
[206.773s] gmake[1]: *** [CMakeFiles/Makefile2:295：CMakeFiles/pointcloud2_to_gridmap_demo.dir/all] 错误 2
[208.702s] [ 50%] [32m[1mLinking CXX executable iterator_benchmark[0m
[208.824s] [ 50%] Built target iterator_benchmark
[222.895s] [ 52%] [32m[1mLinking CXX executable move_demo[0m
[223.697s] [ 52%] Built target move_demo
[223.698s] gmake: *** [Makefile:146：all] 错误 2
[223.700s] Invoked command in '/home/tianbot/slash_ws/build/grid_map_demos' returned '2': AMENT_PREFIX_PATH=/home/tianbot/slash_ws/install/grid_map_visualization:/home/tianbot/slash_ws/install/grid_map_rviz_plugin:/home/tianbot/slash_ws/install/grid_map_pcl:/home/tianbot/slash_ws/install/grid_map_loader:/home/tianbot/slash_ws/install/grid_map_filters:/home/tianbot/slash_ws/install/grid_map_ros:/home/tianbot/slash_ws/install/grid_map_octomap:/home/tianbot/slash_ws/install/grid_map_cv:/home/tianbot/slash_ws/install/grid_map_msgs:/home/tianbot/slash_ws/install/grid_map_core:/home/tianbot/slash_ws/install/grid_map_cmake_helpers:${AMENT_PREFIX_PATH} CMAKE_PREFIX_PATH=/home/tianbot/slash_ws/install/grid_map_visualization:/home/tianbot/slash_ws/install/grid_map_rviz_plugin:/home/tianbot/slash_ws/install/grid_map_pcl:/home/tianbot/slash_ws/install/grid_map_loader:/home/tianbot/slash_ws/install/grid_map_filters:/home/tianbot/slash_ws/install/grid_map_ros:/home/tianbot/slash_ws/install/grid_map_octomap:/home/tianbot/slash_ws/install/grid_map_cv:/home/tianbot/slash_ws/install/grid_map_msgs:/home/tianbot/slash_ws/install/grid_map_core:/home/tianbot/slash_ws/install/grid_map_cmake_helpers:/home/tianbot/tianracer_ros2_ws/install/vesc_ackermann:/home/tianbot/tianracer_ros2_ws/install/vesc_msgs:/home/tianbot/tianracer_ros2_ws/install/vector_pursuit_controller:/home/tianbot/tianracer_ros2_ws/install/tianracer_slam:/home/tianbot/tianracer_ros2_ws/install/tianracer_rviz:/home/tianbot/tianracer_ros2_ws/install/tianracer_navigation2:/home/tianbot/tianracer_ros2_ws/install/tianracer_navigation:/home/tianbot/tianracer_ros2_ws/install/tianracer_jetson:/home/tianbot/tianracer_ros2_ws/install/tianracer_description:/home/tianbot/tianracer_ros2_ws/install/tianracer_core:/home/tianbot/tianracer_ros2_ws/install/tianracer_competition:/home/tianbot/tianracer_ros2_ws/install/tianracer_bringup:/home/tianbot/tianracer_ros2_ws/install/twist_to_ackermann:/home/tianbot/tianracer_ros2_ws/install/tf2_web_republisher_py:/home/tianbot/tianracer_ros2_ws/install/joy_teleop:/home/tianbot/tianracer_ros2_ws/install/mouse_teleop:/home/tianbot/tianracer_ros2_ws/install/key_teleop:/home/tianbot/slash_ws/install/f1tenth_stack:/home/tianbot/slash_ws/install/joy_teleop:/home/tianbot/slash_ws/install/mouse_teleop:/home/tianbot/slash_ws/install/key_teleop:/opt/ros/humble:/home/tianbot/tianracer_ros2_ws/install/tianracer:/home/tianbot/tianracer_ros2_ws/install/tianbot_core:/home/tianbot/tianracer_ros2_ws/install/tf2_web_republisher:/home/tianbot/tianracer_ros2_ws/install/teleop_tools:/home/tianbot/tianracer_ros2_ws/install/teleop_tools_msgs:/home/tianbot/tianracer_ros2_ws/install/teb_local_planner:/home/tianbot/tianracer_ros2_ws/install/teb_msgs:/home/tianbot/tianracer_ros2_ws/install/slam_gmapping:/home/tianbot/tianracer_ros2_ws/install/openslam_gmapping:/home/tianbot/tianracer_ros2_ws/install/lakibeam1:/home/tianbot/tianracer_ros2_ws/install/costmap_intensity:/home/tianbot/tianracer_ros2_ws/install/costmap_converter:/home/tianbot/tianracer_ros2_ws/install/costmap_converter_msgs:/home/tianbot/tianracer_ros2_ws/install/behavior_ext_plugins:/home/tianbot/tianracer_ros2_ws/install/ackermann_mux:/home/tianbot/slash_ws/install/vesc:/home/tianbot/slash_ws/install/vesc_driver:/home/tianbot/slash_ws/install/vesc_ackermann:/home/tianbot/slash_ws/install/vesc_msgs:/home/tianbot/slash_ws/install/teleop_tools:/home/tianbot/slash_ws/install/teleop_tools_msgs:/home/tianbot/slash_ws/install/teb_local_planner:/home/tianbot/slash_ws/install/teb_msgs:/home/tianbot/slash_ws/install/slash_nav2:/home/tianbot/slash_ws/install/pointcloud_to_laserscan:/home/tianbot/slash_ws/install/pointcloud_filter:/home/tianbot/slash_ws/install/fast_lio:/home/tianbot/slash_ws/install/livox_ros_driver2:/home/tianbot/slash_ws/install/linefit_ground_segmentation_ros:/home/tianbot/slash_ws/install/linefit_ground_segmentation:/home/tianbot/slash_ws/install/icp_localization:/home/tianbot/slash_ws/install/dll:/home/tianbot/slash_ws/install/costmap_converter:/home/tianbot/slash_ws/install/costmap_converter_msgs:/home/tianbot/slash_ws/install/ackermann_mux LD_LIBRARY_PATH=/home/tianbot/slash_ws/install/grid_map_visualization/lib:/home/tianbot/slash_ws/install/grid_map_rviz_plugin/lib:/home/tianbot/slash_ws/install/grid_map_pcl/lib:/home/tianbot/slash_ws/install/grid_map_loader/lib:/home/tianbot/slash_ws/install/grid_map_filters/lib:/home/tianbot/slash_ws/install/grid_map_ros/lib:/home/tianbot/slash_ws/install/grid_map_octomap/lib:/home/tianbot/slash_ws/install/grid_map_cv/lib:/home/tianbot/slash_ws/install/grid_map_msgs/lib:/home/tianbot/slash_ws/install/grid_map_core/lib:${LD_LIBRARY_PATH} PYTHONPATH=/home/tianbot/slash_ws/install/grid_map_msgs/local/lib/python3.10/dist-packages:${PYTHONPATH} /usr/bin/cmake --build /home/tianbot/slash_ws/build/grid_map_demos -- -j4 -l4
