[0.022s] Invoking command in '/home/tianbot/slash_ws/build/grid_map_core': AMENT_PREFIX_PATH=/home/tianbot/slash_ws/install/grid_map_cmake_helpers:${AMENT_PREFIX_PATH} CMAKE_PREFIX_PATH=/home/tianbot/slash_ws/install/grid_map_cmake_helpers:/home/tianbot/tianracer_ros2_ws/install/vesc_ackermann:/home/tianbot/tianracer_ros2_ws/install/vesc_msgs:/home/tianbot/tianracer_ros2_ws/install/vector_pursuit_controller:/home/tianbot/tianracer_ros2_ws/install/tianracer_slam:/home/tianbot/tianracer_ros2_ws/install/tianracer_rviz:/home/tianbot/tianracer_ros2_ws/install/tianracer_navigation2:/home/tianbot/tianracer_ros2_ws/install/tianracer_navigation:/home/tianbot/tianracer_ros2_ws/install/tianracer_jetson:/home/tianbot/tianracer_ros2_ws/install/tianracer_description:/home/tianbot/tianracer_ros2_ws/install/tianracer_core:/home/tianbot/tianracer_ros2_ws/install/tianracer_competition:/home/tianbot/tianracer_ros2_ws/install/tianracer_bringup:/home/tianbot/tianracer_ros2_ws/install/twist_to_ackermann:/home/tianbot/tianracer_ros2_ws/install/tf2_web_republisher_py:/home/tianbot/tianracer_ros2_ws/install/joy_teleop:/home/tianbot/tianracer_ros2_ws/install/mouse_teleop:/home/tianbot/tianracer_ros2_ws/install/key_teleop:/home/tianbot/slash_ws/install/f1tenth_stack:/home/tianbot/slash_ws/install/joy_teleop:/home/tianbot/slash_ws/install/mouse_teleop:/home/tianbot/slash_ws/install/key_teleop:/opt/ros/humble:/home/tianbot/tianracer_ros2_ws/install/tianracer:/home/tianbot/tianracer_ros2_ws/install/tianbot_core:/home/tianbot/tianracer_ros2_ws/install/tf2_web_republisher:/home/tianbot/tianracer_ros2_ws/install/teleop_tools:/home/tianbot/tianracer_ros2_ws/install/teleop_tools_msgs:/home/tianbot/tianracer_ros2_ws/install/teb_local_planner:/home/tianbot/tianracer_ros2_ws/install/teb_msgs:/home/tianbot/tianracer_ros2_ws/install/slam_gmapping:/home/tianbot/tianracer_ros2_ws/install/openslam_gmapping:/home/tianbot/tianracer_ros2_ws/install/lakibeam1:/home/tianbot/tianracer_ros2_ws/install/costmap_intensity:/home/tianbot/tianracer_ros2_ws/install/costmap_converter:/home/tianbot/tianracer_ros2_ws/install/costmap_converter_msgs:/home/tianbot/tianracer_ros2_ws/install/behavior_ext_plugins:/home/tianbot/tianracer_ros2_ws/install/ackermann_mux:/home/tianbot/slash_ws/install/vesc:/home/tianbot/slash_ws/install/vesc_driver:/home/tianbot/slash_ws/install/vesc_ackermann:/home/tianbot/slash_ws/install/vesc_msgs:/home/tianbot/slash_ws/install/teleop_tools:/home/tianbot/slash_ws/install/teleop_tools_msgs:/home/tianbot/slash_ws/install/teb_local_planner:/home/tianbot/slash_ws/install/teb_msgs:/home/tianbot/slash_ws/install/slash_nav2:/home/tianbot/slash_ws/install/pointcloud_to_laserscan:/home/tianbot/slash_ws/install/pointcloud_filter:/home/tianbot/slash_ws/install/fast_lio:/home/tianbot/slash_ws/install/livox_ros_driver2:/home/tianbot/slash_ws/install/linefit_ground_segmentation_ros:/home/tianbot/slash_ws/install/linefit_ground_segmentation:/home/tianbot/slash_ws/install/icp_localization:/home/tianbot/slash_ws/install/dll:/home/tianbot/slash_ws/install/costmap_converter:/home/tianbot/slash_ws/install/costmap_converter_msgs:/home/tianbot/slash_ws/install/ackermann_mux /usr/bin/cmake /home/tianbot/slash_ws/src/slash_perception/grid_map/grid_map_core -DAMENT_CMAKE_SYMLINK_INSTALL=1 -DCMAKE_INSTALL_PREFIX=/home/tianbot/slash_ws/install/grid_map_core
[0.224s] -- The C compiler identification is GNU 11.4.0
[0.372s] -- The CXX compiler identification is GNU 11.4.0
[0.385s] -- Detecting C compiler ABI info
[0.475s] -- Detecting C compiler ABI info - done
[0.485s] -- Check for working C compiler: /usr/bin/cc - skipped
[0.486s] -- Detecting C compile features
[0.487s] -- Detecting C compile features - done
[0.491s] -- Detecting CXX compiler ABI info
[0.597s] -- Detecting CXX compiler ABI info - done
[0.608s] -- Check for working CXX compiler: /usr/bin/c++ - skipped
[0.609s] -- Detecting CXX compile features
[0.609s] -- Detecting CXX compile features - done
[0.615s] -- Found ament_cmake: 1.3.12 (/opt/ros/humble/share/ament_cmake/cmake)
[0.864s] -- Found Python3: /usr/bin/python3 (found version "3.10.12") found components: Interpreter 
[0.973s] -- Override CMake install command with custom implementation using symlinks instead of copying resources
[1.045s] -- Found grid_map_cmake_helpers: 2.1.0 (/home/tianbot/slash_ws/install/grid_map_cmake_helpers/share/grid_map_cmake_helpers/cmake)
[1.068s] -- Setting build type to Release as none was specified.
[1.073s] -- Found ament_lint_auto: 0.12.14 (/opt/ros/humble/share/ament_lint_auto/cmake)
[1.227s] -- Found gtest sources under '/opt/ros/humble/src/gtest_vendor': C++ tests using 'Google Test' will be built
[1.232s] -- Looking for pthread.h
[1.334s] -- Looking for pthread.h - found
[1.334s] -- Performing Test CMAKE_HAVE_LIBC_PTHREAD
[1.428s] -- Performing Test CMAKE_HAVE_LIBC_PTHREAD - Success
[1.429s] -- Found Threads: TRUE  
[1.441s] -- Added test 'cppcheck' to perform static code analysis on C / C++ code
[1.441s] -- Configured cppcheck include dirs: /home/tianbot/slash_ws/src/slash_perception/grid_map/grid_map_core/include
[1.441s] -- Configured cppcheck exclude dirs and/or files: 
[1.443s] -- Added test 'lint_cmake' to check CMake code style
[1.448s] -- Added test 'uncrustify' to check C / C++ code style
[1.448s] -- Configured uncrustify additional arguments: 
[1.450s] -- Added test 'xmllint' to check XML markup files
[1.459s] -- Configuring done
[1.473s] -- Generating done
[1.478s] -- Build files have been written to: /home/tianbot/slash_ws/build/grid_map_core
[1.485s] Invoked command in '/home/tianbot/slash_ws/build/grid_map_core' returned '0': AMENT_PREFIX_PATH=/home/tianbot/slash_ws/install/grid_map_cmake_helpers:${AMENT_PREFIX_PATH} CMAKE_PREFIX_PATH=/home/tianbot/slash_ws/install/grid_map_cmake_helpers:/home/tianbot/tianracer_ros2_ws/install/vesc_ackermann:/home/tianbot/tianracer_ros2_ws/install/vesc_msgs:/home/tianbot/tianracer_ros2_ws/install/vector_pursuit_controller:/home/tianbot/tianracer_ros2_ws/install/tianracer_slam:/home/tianbot/tianracer_ros2_ws/install/tianracer_rviz:/home/tianbot/tianracer_ros2_ws/install/tianracer_navigation2:/home/tianbot/tianracer_ros2_ws/install/tianracer_navigation:/home/tianbot/tianracer_ros2_ws/install/tianracer_jetson:/home/tianbot/tianracer_ros2_ws/install/tianracer_description:/home/tianbot/tianracer_ros2_ws/install/tianracer_core:/home/tianbot/tianracer_ros2_ws/install/tianracer_competition:/home/tianbot/tianracer_ros2_ws/install/tianracer_bringup:/home/tianbot/tianracer_ros2_ws/install/twist_to_ackermann:/home/tianbot/tianracer_ros2_ws/install/tf2_web_republisher_py:/home/tianbot/tianracer_ros2_ws/install/joy_teleop:/home/tianbot/tianracer_ros2_ws/install/mouse_teleop:/home/tianbot/tianracer_ros2_ws/install/key_teleop:/home/tianbot/slash_ws/install/f1tenth_stack:/home/tianbot/slash_ws/install/joy_teleop:/home/tianbot/slash_ws/install/mouse_teleop:/home/tianbot/slash_ws/install/key_teleop:/opt/ros/humble:/home/tianbot/tianracer_ros2_ws/install/tianracer:/home/tianbot/tianracer_ros2_ws/install/tianbot_core:/home/tianbot/tianracer_ros2_ws/install/tf2_web_republisher:/home/tianbot/tianracer_ros2_ws/install/teleop_tools:/home/tianbot/tianracer_ros2_ws/install/teleop_tools_msgs:/home/tianbot/tianracer_ros2_ws/install/teb_local_planner:/home/tianbot/tianracer_ros2_ws/install/teb_msgs:/home/tianbot/tianracer_ros2_ws/install/slam_gmapping:/home/tianbot/tianracer_ros2_ws/install/openslam_gmapping:/home/tianbot/tianracer_ros2_ws/install/lakibeam1:/home/tianbot/tianracer_ros2_ws/install/costmap_intensity:/home/tianbot/tianracer_ros2_ws/install/costmap_converter:/home/tianbot/tianracer_ros2_ws/install/costmap_converter_msgs:/home/tianbot/tianracer_ros2_ws/install/behavior_ext_plugins:/home/tianbot/tianracer_ros2_ws/install/ackermann_mux:/home/tianbot/slash_ws/install/vesc:/home/tianbot/slash_ws/install/vesc_driver:/home/tianbot/slash_ws/install/vesc_ackermann:/home/tianbot/slash_ws/install/vesc_msgs:/home/tianbot/slash_ws/install/teleop_tools:/home/tianbot/slash_ws/install/teleop_tools_msgs:/home/tianbot/slash_ws/install/teb_local_planner:/home/tianbot/slash_ws/install/teb_msgs:/home/tianbot/slash_ws/install/slash_nav2:/home/tianbot/slash_ws/install/pointcloud_to_laserscan:/home/tianbot/slash_ws/install/pointcloud_filter:/home/tianbot/slash_ws/install/fast_lio:/home/tianbot/slash_ws/install/livox_ros_driver2:/home/tianbot/slash_ws/install/linefit_ground_segmentation_ros:/home/tianbot/slash_ws/install/linefit_ground_segmentation:/home/tianbot/slash_ws/install/icp_localization:/home/tianbot/slash_ws/install/dll:/home/tianbot/slash_ws/install/costmap_converter:/home/tianbot/slash_ws/install/costmap_converter_msgs:/home/tianbot/slash_ws/install/ackermann_mux /usr/bin/cmake /home/tianbot/slash_ws/src/slash_perception/grid_map/grid_map_core -DAMENT_CMAKE_SYMLINK_INSTALL=1 -DCMAKE_INSTALL_PREFIX=/home/tianbot/slash_ws/install/grid_map_core
[1.487s] Invoking command in '/home/tianbot/slash_ws/build/grid_map_core': AMENT_PREFIX_PATH=/home/tianbot/slash_ws/install/grid_map_cmake_helpers:${AMENT_PREFIX_PATH} CMAKE_PREFIX_PATH=/home/tianbot/slash_ws/install/grid_map_cmake_helpers:/home/tianbot/tianracer_ros2_ws/install/vesc_ackermann:/home/tianbot/tianracer_ros2_ws/install/vesc_msgs:/home/tianbot/tianracer_ros2_ws/install/vector_pursuit_controller:/home/tianbot/tianracer_ros2_ws/install/tianracer_slam:/home/tianbot/tianracer_ros2_ws/install/tianracer_rviz:/home/tianbot/tianracer_ros2_ws/install/tianracer_navigation2:/home/tianbot/tianracer_ros2_ws/install/tianracer_navigation:/home/tianbot/tianracer_ros2_ws/install/tianracer_jetson:/home/tianbot/tianracer_ros2_ws/install/tianracer_description:/home/tianbot/tianracer_ros2_ws/install/tianracer_core:/home/tianbot/tianracer_ros2_ws/install/tianracer_competition:/home/tianbot/tianracer_ros2_ws/install/tianracer_bringup:/home/tianbot/tianracer_ros2_ws/install/twist_to_ackermann:/home/tianbot/tianracer_ros2_ws/install/tf2_web_republisher_py:/home/tianbot/tianracer_ros2_ws/install/joy_teleop:/home/tianbot/tianracer_ros2_ws/install/mouse_teleop:/home/tianbot/tianracer_ros2_ws/install/key_teleop:/home/tianbot/slash_ws/install/f1tenth_stack:/home/tianbot/slash_ws/install/joy_teleop:/home/tianbot/slash_ws/install/mouse_teleop:/home/tianbot/slash_ws/install/key_teleop:/opt/ros/humble:/home/tianbot/tianracer_ros2_ws/install/tianracer:/home/tianbot/tianracer_ros2_ws/install/tianbot_core:/home/tianbot/tianracer_ros2_ws/install/tf2_web_republisher:/home/tianbot/tianracer_ros2_ws/install/teleop_tools:/home/tianbot/tianracer_ros2_ws/install/teleop_tools_msgs:/home/tianbot/tianracer_ros2_ws/install/teb_local_planner:/home/tianbot/tianracer_ros2_ws/install/teb_msgs:/home/tianbot/tianracer_ros2_ws/install/slam_gmapping:/home/tianbot/tianracer_ros2_ws/install/openslam_gmapping:/home/tianbot/tianracer_ros2_ws/install/lakibeam1:/home/tianbot/tianracer_ros2_ws/install/costmap_intensity:/home/tianbot/tianracer_ros2_ws/install/costmap_converter:/home/tianbot/tianracer_ros2_ws/install/costmap_converter_msgs:/home/tianbot/tianracer_ros2_ws/install/behavior_ext_plugins:/home/tianbot/tianracer_ros2_ws/install/ackermann_mux:/home/tianbot/slash_ws/install/vesc:/home/tianbot/slash_ws/install/vesc_driver:/home/tianbot/slash_ws/install/vesc_ackermann:/home/tianbot/slash_ws/install/vesc_msgs:/home/tianbot/slash_ws/install/teleop_tools:/home/tianbot/slash_ws/install/teleop_tools_msgs:/home/tianbot/slash_ws/install/teb_local_planner:/home/tianbot/slash_ws/install/teb_msgs:/home/tianbot/slash_ws/install/slash_nav2:/home/tianbot/slash_ws/install/pointcloud_to_laserscan:/home/tianbot/slash_ws/install/pointcloud_filter:/home/tianbot/slash_ws/install/fast_lio:/home/tianbot/slash_ws/install/livox_ros_driver2:/home/tianbot/slash_ws/install/linefit_ground_segmentation_ros:/home/tianbot/slash_ws/install/linefit_ground_segmentation:/home/tianbot/slash_ws/install/icp_localization:/home/tianbot/slash_ws/install/dll:/home/tianbot/slash_ws/install/costmap_converter:/home/tianbot/slash_ws/install/costmap_converter_msgs:/home/tianbot/slash_ws/install/ackermann_mux /usr/bin/cmake --build /home/tianbot/slash_ws/build/grid_map_core -- -j4 -l4
[1.562s] [  2%] [32mBuilding CXX object gtest/CMakeFiles/gtest.dir/src/gtest-all.cc.o[0m
[1.562s] [  5%] [32mBuilding CXX object gtest/CMakeFiles/gtest_main.dir/src/gtest_main.cc.o[0m
[1.575s] [  8%] [32mBuilding CXX object CMakeFiles/grid_map_core.dir/src/GridMapMath.cpp.o[0m
[1.575s] [ 11%] [32mBuilding CXX object CMakeFiles/grid_map_core.dir/src/GridMap.cpp.o[0m
[3.510s] [ 14%] [32m[1mLinking CXX static library libgtest_main.a[0m
[3.625s] [ 14%] Built target gtest_main
[3.655s] [ 17%] [32mBuilding CXX object CMakeFiles/grid_map_core.dir/src/SubmapGeometry.cpp.o[0m
[6.807s] [ 20%] [32mBuilding CXX object CMakeFiles/grid_map_core.dir/src/BufferRegion.cpp.o[0m
[8.321s] [ 22%] [32mBuilding CXX object CMakeFiles/grid_map_core.dir/src/Polygon.cpp.o[0m
[10.295s] [ 25%] [32mBuilding CXX object CMakeFiles/grid_map_core.dir/src/CubicInterpolation.cpp.o[0m
[11.493s] [ 28%] [32mBuilding CXX object CMakeFiles/grid_map_core.dir/src/iterators/GridMapIterator.cpp.o[0m
[16.295s] [ 31%] [32mBuilding CXX object CMakeFiles/grid_map_core.dir/src/iterators/SubmapIterator.cpp.o[0m
[16.713s] [ 34%] [32mBuilding CXX object CMakeFiles/grid_map_core.dir/src/iterators/CircleIterator.cpp.o[0m
[20.799s] [ 37%] [32mBuilding CXX object CMakeFiles/grid_map_core.dir/src/iterators/EllipseIterator.cpp.o[0m
[21.653s] [ 40%] [32mBuilding CXX object CMakeFiles/grid_map_core.dir/src/iterators/SpiralIterator.cpp.o[0m
[25.117s] [ 42%] [32mBuilding CXX object CMakeFiles/grid_map_core.dir/src/iterators/PolygonIterator.cpp.o[0m
[25.211s] [ 45%] [32m[1mLinking CXX static library libgtest.a[0m
[25.338s] [ 45%] Built target gtest
[25.370s] [ 48%] [32mBuilding CXX object CMakeFiles/grid_map_core.dir/src/iterators/LineIterator.cpp.o[0m
[29.257s] [ 51%] [32mBuilding CXX object CMakeFiles/grid_map_core.dir/src/iterators/SlidingWindowIterator.cpp.o[0m
[31.159s] [ 54%] [32m[1mLinking CXX static library libgrid_map_core.a[0m
[31.210s] [ 54%] Built target grid_map_core
[31.239s] [ 60%] [32mBuilding CXX object CMakeFiles/grid_map_core-test.dir/test/test_helpers.cpp.o[0m
[31.240s] [ 60%] [32mBuilding CXX object CMakeFiles/grid_map_core-test.dir/test/test_grid_map_core.cpp.o[0m
[32.264s] [ 62%] [32mBuilding CXX object CMakeFiles/grid_map_core-test.dir/test/CubicInterpolationTest.cpp.o[0m
[32.573s] [ 65%] [32mBuilding CXX object CMakeFiles/grid_map_core-test.dir/test/CubicConvolutionInterpolationTest.cpp.o[0m
[33.608s] [ 68%] [32mBuilding CXX object CMakeFiles/grid_map_core-test.dir/test/GridMapMathTest.cpp.o[0m
[35.244s] [ 71%] [32mBuilding CXX object CMakeFiles/grid_map_core-test.dir/test/GridMapTest.cpp.o[0m
[36.100s] [ 74%] [32mBuilding CXX object CMakeFiles/grid_map_core-test.dir/test/GridMapIteratorTest.cpp.o[0m
[36.946s] [ 77%] [32mBuilding CXX object CMakeFiles/grid_map_core-test.dir/test/LineIteratorTest.cpp.o[0m
[40.050s] [ 80%] [32mBuilding CXX object CMakeFiles/grid_map_core-test.dir/test/EllipseIteratorTest.cpp.o[0m
[44.195s] [ 82%] [32mBuilding CXX object CMakeFiles/grid_map_core-test.dir/test/PolygonTest.cpp.o[0m
[46.209s] [ 85%] [32mBuilding CXX object CMakeFiles/grid_map_core-test.dir/test/EigenPluginsTest.cpp.o[0m
[47.227s] [ 88%] [32mBuilding CXX object CMakeFiles/grid_map_core-test.dir/test/PolygonIteratorTest.cpp.o[0m
[48.241s] [ 91%] [32mBuilding CXX object CMakeFiles/grid_map_core-test.dir/test/SubmapIteratorTest.cpp.o[0m
[48.458s] [ 94%] [32mBuilding CXX object CMakeFiles/grid_map_core-test.dir/test/SpiralIteratorTest.cpp.o[0m
[52.618s] [ 97%] [32mBuilding CXX object CMakeFiles/grid_map_core-test.dir/test/SlidingWindowIteratorTest.cpp.o[0m
[55.681s] [100%] [32m[1mLinking CXX executable grid_map_core-test[0m
[55.848s] [100%] Built target grid_map_core-test
[55.862s] Invoked command in '/home/tianbot/slash_ws/build/grid_map_core' returned '0': AMENT_PREFIX_PATH=/home/tianbot/slash_ws/install/grid_map_cmake_helpers:${AMENT_PREFIX_PATH} CMAKE_PREFIX_PATH=/home/tianbot/slash_ws/install/grid_map_cmake_helpers:/home/tianbot/tianracer_ros2_ws/install/vesc_ackermann:/home/tianbot/tianracer_ros2_ws/install/vesc_msgs:/home/tianbot/tianracer_ros2_ws/install/vector_pursuit_controller:/home/tianbot/tianracer_ros2_ws/install/tianracer_slam:/home/tianbot/tianracer_ros2_ws/install/tianracer_rviz:/home/tianbot/tianracer_ros2_ws/install/tianracer_navigation2:/home/tianbot/tianracer_ros2_ws/install/tianracer_navigation:/home/tianbot/tianracer_ros2_ws/install/tianracer_jetson:/home/tianbot/tianracer_ros2_ws/install/tianracer_description:/home/tianbot/tianracer_ros2_ws/install/tianracer_core:/home/tianbot/tianracer_ros2_ws/install/tianracer_competition:/home/tianbot/tianracer_ros2_ws/install/tianracer_bringup:/home/tianbot/tianracer_ros2_ws/install/twist_to_ackermann:/home/tianbot/tianracer_ros2_ws/install/tf2_web_republisher_py:/home/tianbot/tianracer_ros2_ws/install/joy_teleop:/home/tianbot/tianracer_ros2_ws/install/mouse_teleop:/home/tianbot/tianracer_ros2_ws/install/key_teleop:/home/tianbot/slash_ws/install/f1tenth_stack:/home/tianbot/slash_ws/install/joy_teleop:/home/tianbot/slash_ws/install/mouse_teleop:/home/tianbot/slash_ws/install/key_teleop:/opt/ros/humble:/home/tianbot/tianracer_ros2_ws/install/tianracer:/home/tianbot/tianracer_ros2_ws/install/tianbot_core:/home/tianbot/tianracer_ros2_ws/install/tf2_web_republisher:/home/tianbot/tianracer_ros2_ws/install/teleop_tools:/home/tianbot/tianracer_ros2_ws/install/teleop_tools_msgs:/home/tianbot/tianracer_ros2_ws/install/teb_local_planner:/home/tianbot/tianracer_ros2_ws/install/teb_msgs:/home/tianbot/tianracer_ros2_ws/install/slam_gmapping:/home/tianbot/tianracer_ros2_ws/install/openslam_gmapping:/home/tianbot/tianracer_ros2_ws/install/lakibeam1:/home/tianbot/tianracer_ros2_ws/install/costmap_intensity:/home/tianbot/tianracer_ros2_ws/install/costmap_converter:/home/tianbot/tianracer_ros2_ws/install/costmap_converter_msgs:/home/tianbot/tianracer_ros2_ws/install/behavior_ext_plugins:/home/tianbot/tianracer_ros2_ws/install/ackermann_mux:/home/tianbot/slash_ws/install/vesc:/home/tianbot/slash_ws/install/vesc_driver:/home/tianbot/slash_ws/install/vesc_ackermann:/home/tianbot/slash_ws/install/vesc_msgs:/home/tianbot/slash_ws/install/teleop_tools:/home/tianbot/slash_ws/install/teleop_tools_msgs:/home/tianbot/slash_ws/install/teb_local_planner:/home/tianbot/slash_ws/install/teb_msgs:/home/tianbot/slash_ws/install/slash_nav2:/home/tianbot/slash_ws/install/pointcloud_to_laserscan:/home/tianbot/slash_ws/install/pointcloud_filter:/home/tianbot/slash_ws/install/fast_lio:/home/tianbot/slash_ws/install/livox_ros_driver2:/home/tianbot/slash_ws/install/linefit_ground_segmentation_ros:/home/tianbot/slash_ws/install/linefit_ground_segmentation:/home/tianbot/slash_ws/install/icp_localization:/home/tianbot/slash_ws/install/dll:/home/tianbot/slash_ws/install/costmap_converter:/home/tianbot/slash_ws/install/costmap_converter_msgs:/home/tianbot/slash_ws/install/ackermann_mux /usr/bin/cmake --build /home/tianbot/slash_ws/build/grid_map_core -- -j4 -l4
[55.863s] Invoking command in '/home/tianbot/slash_ws/build/grid_map_core': AMENT_PREFIX_PATH=/home/tianbot/slash_ws/install/grid_map_cmake_helpers:${AMENT_PREFIX_PATH} CMAKE_PREFIX_PATH=/home/tianbot/slash_ws/install/grid_map_cmake_helpers:/home/tianbot/tianracer_ros2_ws/install/vesc_ackermann:/home/tianbot/tianracer_ros2_ws/install/vesc_msgs:/home/tianbot/tianracer_ros2_ws/install/vector_pursuit_controller:/home/tianbot/tianracer_ros2_ws/install/tianracer_slam:/home/tianbot/tianracer_ros2_ws/install/tianracer_rviz:/home/tianbot/tianracer_ros2_ws/install/tianracer_navigation2:/home/tianbot/tianracer_ros2_ws/install/tianracer_navigation:/home/tianbot/tianracer_ros2_ws/install/tianracer_jetson:/home/tianbot/tianracer_ros2_ws/install/tianracer_description:/home/tianbot/tianracer_ros2_ws/install/tianracer_core:/home/tianbot/tianracer_ros2_ws/install/tianracer_competition:/home/tianbot/tianracer_ros2_ws/install/tianracer_bringup:/home/tianbot/tianracer_ros2_ws/install/twist_to_ackermann:/home/tianbot/tianracer_ros2_ws/install/tf2_web_republisher_py:/home/tianbot/tianracer_ros2_ws/install/joy_teleop:/home/tianbot/tianracer_ros2_ws/install/mouse_teleop:/home/tianbot/tianracer_ros2_ws/install/key_teleop:/home/tianbot/slash_ws/install/f1tenth_stack:/home/tianbot/slash_ws/install/joy_teleop:/home/tianbot/slash_ws/install/mouse_teleop:/home/tianbot/slash_ws/install/key_teleop:/opt/ros/humble:/home/tianbot/tianracer_ros2_ws/install/tianracer:/home/tianbot/tianracer_ros2_ws/install/tianbot_core:/home/tianbot/tianracer_ros2_ws/install/tf2_web_republisher:/home/tianbot/tianracer_ros2_ws/install/teleop_tools:/home/tianbot/tianracer_ros2_ws/install/teleop_tools_msgs:/home/tianbot/tianracer_ros2_ws/install/teb_local_planner:/home/tianbot/tianracer_ros2_ws/install/teb_msgs:/home/tianbot/tianracer_ros2_ws/install/slam_gmapping:/home/tianbot/tianracer_ros2_ws/install/openslam_gmapping:/home/tianbot/tianracer_ros2_ws/install/lakibeam1:/home/tianbot/tianracer_ros2_ws/install/costmap_intensity:/home/tianbot/tianracer_ros2_ws/install/costmap_converter:/home/tianbot/tianracer_ros2_ws/install/costmap_converter_msgs:/home/tianbot/tianracer_ros2_ws/install/behavior_ext_plugins:/home/tianbot/tianracer_ros2_ws/install/ackermann_mux:/home/tianbot/slash_ws/install/vesc:/home/tianbot/slash_ws/install/vesc_driver:/home/tianbot/slash_ws/install/vesc_ackermann:/home/tianbot/slash_ws/install/vesc_msgs:/home/tianbot/slash_ws/install/teleop_tools:/home/tianbot/slash_ws/install/teleop_tools_msgs:/home/tianbot/slash_ws/install/teb_local_planner:/home/tianbot/slash_ws/install/teb_msgs:/home/tianbot/slash_ws/install/slash_nav2:/home/tianbot/slash_ws/install/pointcloud_to_laserscan:/home/tianbot/slash_ws/install/pointcloud_filter:/home/tianbot/slash_ws/install/fast_lio:/home/tianbot/slash_ws/install/livox_ros_driver2:/home/tianbot/slash_ws/install/linefit_ground_segmentation_ros:/home/tianbot/slash_ws/install/linefit_ground_segmentation:/home/tianbot/slash_ws/install/icp_localization:/home/tianbot/slash_ws/install/dll:/home/tianbot/slash_ws/install/costmap_converter:/home/tianbot/slash_ws/install/costmap_converter_msgs:/home/tianbot/slash_ws/install/ackermann_mux /usr/bin/cmake --install /home/tianbot/slash_ws/build/grid_map_core
[55.873s] -- Install configuration: "Release"
[55.874s] -- Execute custom install script
[55.875s] -- Symlinking: /home/tianbot/slash_ws/install/grid_map_core/lib/libgrid_map_core.a
[55.887s] -- Symlinking: /home/tianbot/slash_ws/install/grid_map_core/share/grid_map_core/doc/grid_map_conventions.pdf
[55.899s] -- Symlinking: /home/tianbot/slash_ws/install/grid_map_core/share/grid_map_core/doc/grid_map_conventions.png
[55.910s] -- Symlinking: /home/tianbot/slash_ws/install/grid_map_core/share/grid_map_core/doc/grid_map_layers.pdf
[55.922s] -- Symlinking: /home/tianbot/slash_ws/install/grid_map_core/share/grid_map_core/doc/grid_map_layers.png
[55.933s] -- Symlinking: /home/tianbot/slash_ws/install/grid_map_core/share/grid_map_core/doc/interpolationGaussWorld.gif
[55.943s] -- Symlinking: /home/tianbot/slash_ws/install/grid_map_core/share/grid_map_core/doc/interpolationSineWorld.gif
[55.955s] -- Symlinking: /home/tianbot/slash_ws/install/grid_map_core/share/grid_map_core/doc/iterators/circle_iterator.gif
[55.967s] -- Symlinking: /home/tianbot/slash_ws/install/grid_map_core/share/grid_map_core/doc/iterators/circle_iterator_preview.gif
[55.978s] -- Symlinking: /home/tianbot/slash_ws/install/grid_map_core/share/grid_map_core/doc/iterators/ellipse_iterator.gif
[55.989s] -- Symlinking: /home/tianbot/slash_ws/install/grid_map_core/share/grid_map_core/doc/iterators/ellipse_iterator_preview.gif
[56.000s] -- Symlinking: /home/tianbot/slash_ws/install/grid_map_core/share/grid_map_core/doc/iterators/grid_map_iterator.gif
[56.011s] -- Symlinking: /home/tianbot/slash_ws/install/grid_map_core/share/grid_map_core/doc/iterators/grid_map_iterator_preview.gif
[56.022s] -- Symlinking: /home/tianbot/slash_ws/install/grid_map_core/share/grid_map_core/doc/iterators/line_iterator.gif
[56.033s] -- Symlinking: /home/tianbot/slash_ws/install/grid_map_core/share/grid_map_core/doc/iterators/line_iterator_preview.gif
[56.045s] -- Symlinking: /home/tianbot/slash_ws/install/grid_map_core/share/grid_map_core/doc/iterators/polygon_iterator.gif
[56.056s] -- Symlinking: /home/tianbot/slash_ws/install/grid_map_core/share/grid_map_core/doc/iterators/polygon_iterator_preview.gif
[56.067s] -- Symlinking: /home/tianbot/slash_ws/install/grid_map_core/share/grid_map_core/doc/iterators/spiral_iterator.gif
[56.078s] -- Symlinking: /home/tianbot/slash_ws/install/grid_map_core/share/grid_map_core/doc/iterators/spiral_iterator_preview.gif
[56.089s] -- Symlinking: /home/tianbot/slash_ws/install/grid_map_core/share/grid_map_core/doc/iterators/submap_iterator.gif
[56.100s] -- Symlinking: /home/tianbot/slash_ws/install/grid_map_core/share/grid_map_core/doc/iterators/submap_iterator_preview.gif
[56.112s] -- Symlinking: /home/tianbot/slash_ws/install/grid_map_core/share/grid_map_core/doc/move_method.gif
[56.123s] -- Symlinking: /home/tianbot/slash_ws/install/grid_map_core/share/grid_map_core/doc/setposition_method.gif
[56.134s] -- Symlinking: /home/tianbot/slash_ws/install/grid_map_core/share/grid_map_core/environment/library_path.sh
[56.145s] -- Symlinking: /home/tianbot/slash_ws/install/grid_map_core/share/grid_map_core/environment/library_path.dsv
[56.156s] -- Symlinking: /home/tianbot/slash_ws/install/grid_map_core/share/ament_index/resource_index/package_run_dependencies/grid_map_core
[56.167s] -- Symlinking: /home/tianbot/slash_ws/install/grid_map_core/share/ament_index/resource_index/parent_prefix_path/grid_map_core
[56.178s] -- Symlinking: /home/tianbot/slash_ws/install/grid_map_core/share/grid_map_core/environment/ament_prefix_path.sh
[56.189s] -- Symlinking: /home/tianbot/slash_ws/install/grid_map_core/share/grid_map_core/environment/ament_prefix_path.dsv
[56.201s] -- Symlinking: /home/tianbot/slash_ws/install/grid_map_core/share/grid_map_core/environment/path.sh
[56.212s] -- Symlinking: /home/tianbot/slash_ws/install/grid_map_core/share/grid_map_core/environment/path.dsv
[56.223s] -- Symlinking: /home/tianbot/slash_ws/install/grid_map_core/share/grid_map_core/local_setup.bash
[56.234s] -- Symlinking: /home/tianbot/slash_ws/install/grid_map_core/share/grid_map_core/local_setup.sh
[56.246s] -- Symlinking: /home/tianbot/slash_ws/install/grid_map_core/share/grid_map_core/local_setup.zsh
[56.257s] -- Symlinking: /home/tianbot/slash_ws/install/grid_map_core/share/grid_map_core/local_setup.dsv
[56.268s] -- Symlinking: /home/tianbot/slash_ws/install/grid_map_core/share/grid_map_core/package.dsv
[56.280s] -- Symlinking: /home/tianbot/slash_ws/install/grid_map_core/share/ament_index/resource_index/packages/grid_map_core
[56.291s] -- Symlinking: /home/tianbot/slash_ws/install/grid_map_core/share/grid_map_core/cmake/grid_map_core-extras.cmake
[56.303s] -- Symlinking: /home/tianbot/slash_ws/install/grid_map_core/share/grid_map_core/cmake/ament_cmake_export_include_directories-extras.cmake
[56.314s] -- Symlinking: /home/tianbot/slash_ws/install/grid_map_core/share/grid_map_core/cmake/ament_cmake_export_libraries-extras.cmake
[56.325s] -- Symlinking: /home/tianbot/slash_ws/install/grid_map_core/share/grid_map_core/cmake/grid_map_coreConfig.cmake
[56.336s] -- Symlinking: /home/tianbot/slash_ws/install/grid_map_core/share/grid_map_core/cmake/grid_map_coreConfig-version.cmake
[56.349s] -- Symlinking: /home/tianbot/slash_ws/install/grid_map_core/share/grid_map_core/package.xml
[56.359s] -- Installing: /home/tianbot/slash_ws/install/grid_map_core/include/grid_map_core
[56.360s] -- Installing: /home/tianbot/slash_ws/install/grid_map_core/include/grid_map_core/BufferRegion.hpp
[56.360s] -- Installing: /home/tianbot/slash_ws/install/grid_map_core/include/grid_map_core/CubicInterpolation.hpp
[56.360s] -- Installing: /home/tianbot/slash_ws/install/grid_map_core/include/grid_map_core/GridMap.hpp
[56.361s] -- Installing: /home/tianbot/slash_ws/install/grid_map_core/include/grid_map_core/GridMapMath.hpp
[56.361s] -- Installing: /home/tianbot/slash_ws/install/grid_map_core/include/grid_map_core/Polygon.hpp
[56.361s] -- Installing: /home/tianbot/slash_ws/install/grid_map_core/include/grid_map_core/SubmapGeometry.hpp
[56.361s] -- Installing: /home/tianbot/slash_ws/install/grid_map_core/include/grid_map_core/TypeDefs.hpp
[56.361s] -- Installing: /home/tianbot/slash_ws/install/grid_map_core/include/grid_map_core/eigen_plugins
[56.361s] -- Installing: /home/tianbot/slash_ws/install/grid_map_core/include/grid_map_core/eigen_plugins/DenseBasePlugin.hpp
[56.361s] -- Installing: /home/tianbot/slash_ws/install/grid_map_core/include/grid_map_core/eigen_plugins/Functors.hpp
[56.361s] -- Installing: /home/tianbot/slash_ws/install/grid_map_core/include/grid_map_core/eigen_plugins/FunctorsPlugin.hpp
[56.362s] -- Installing: /home/tianbot/slash_ws/install/grid_map_core/include/grid_map_core/grid_map_core.hpp
[56.362s] -- Installing: /home/tianbot/slash_ws/install/grid_map_core/include/grid_map_core/gtest_eigen.hpp
[56.362s] -- Installing: /home/tianbot/slash_ws/install/grid_map_core/include/grid_map_core/iterators
[56.362s] -- Installing: /home/tianbot/slash_ws/install/grid_map_core/include/grid_map_core/iterators/CircleIterator.hpp
[56.362s] -- Installing: /home/tianbot/slash_ws/install/grid_map_core/include/grid_map_core/iterators/EllipseIterator.hpp
[56.362s] -- Installing: /home/tianbot/slash_ws/install/grid_map_core/include/grid_map_core/iterators/GridMapIterator.hpp
[56.362s] -- Installing: /home/tianbot/slash_ws/install/grid_map_core/include/grid_map_core/iterators/LineIterator.hpp
[56.362s] -- Installing: /home/tianbot/slash_ws/install/grid_map_core/include/grid_map_core/iterators/PolygonIterator.hpp
[56.362s] -- Installing: /home/tianbot/slash_ws/install/grid_map_core/include/grid_map_core/iterators/SlidingWindowIterator.hpp
[56.362s] -- Installing: /home/tianbot/slash_ws/install/grid_map_core/include/grid_map_core/iterators/SpiralIterator.hpp
[56.362s] -- Installing: /home/tianbot/slash_ws/install/grid_map_core/include/grid_map_core/iterators/SubmapIterator.hpp
[56.362s] -- Installing: /home/tianbot/slash_ws/install/grid_map_core/include/grid_map_core/iterators/iterators.hpp
[56.364s] Invoked command in '/home/tianbot/slash_ws/build/grid_map_core' returned '0': AMENT_PREFIX_PATH=/home/tianbot/slash_ws/install/grid_map_cmake_helpers:${AMENT_PREFIX_PATH} CMAKE_PREFIX_PATH=/home/tianbot/slash_ws/install/grid_map_cmake_helpers:/home/tianbot/tianracer_ros2_ws/install/vesc_ackermann:/home/tianbot/tianracer_ros2_ws/install/vesc_msgs:/home/tianbot/tianracer_ros2_ws/install/vector_pursuit_controller:/home/tianbot/tianracer_ros2_ws/install/tianracer_slam:/home/tianbot/tianracer_ros2_ws/install/tianracer_rviz:/home/tianbot/tianracer_ros2_ws/install/tianracer_navigation2:/home/tianbot/tianracer_ros2_ws/install/tianracer_navigation:/home/tianbot/tianracer_ros2_ws/install/tianracer_jetson:/home/tianbot/tianracer_ros2_ws/install/tianracer_description:/home/tianbot/tianracer_ros2_ws/install/tianracer_core:/home/tianbot/tianracer_ros2_ws/install/tianracer_competition:/home/tianbot/tianracer_ros2_ws/install/tianracer_bringup:/home/tianbot/tianracer_ros2_ws/install/twist_to_ackermann:/home/tianbot/tianracer_ros2_ws/install/tf2_web_republisher_py:/home/tianbot/tianracer_ros2_ws/install/joy_teleop:/home/tianbot/tianracer_ros2_ws/install/mouse_teleop:/home/tianbot/tianracer_ros2_ws/install/key_teleop:/home/tianbot/slash_ws/install/f1tenth_stack:/home/tianbot/slash_ws/install/joy_teleop:/home/tianbot/slash_ws/install/mouse_teleop:/home/tianbot/slash_ws/install/key_teleop:/opt/ros/humble:/home/tianbot/tianracer_ros2_ws/install/tianracer:/home/tianbot/tianracer_ros2_ws/install/tianbot_core:/home/tianbot/tianracer_ros2_ws/install/tf2_web_republisher:/home/tianbot/tianracer_ros2_ws/install/teleop_tools:/home/tianbot/tianracer_ros2_ws/install/teleop_tools_msgs:/home/tianbot/tianracer_ros2_ws/install/teb_local_planner:/home/tianbot/tianracer_ros2_ws/install/teb_msgs:/home/tianbot/tianracer_ros2_ws/install/slam_gmapping:/home/tianbot/tianracer_ros2_ws/install/openslam_gmapping:/home/tianbot/tianracer_ros2_ws/install/lakibeam1:/home/tianbot/tianracer_ros2_ws/install/costmap_intensity:/home/tianbot/tianracer_ros2_ws/install/costmap_converter:/home/tianbot/tianracer_ros2_ws/install/costmap_converter_msgs:/home/tianbot/tianracer_ros2_ws/install/behavior_ext_plugins:/home/tianbot/tianracer_ros2_ws/install/ackermann_mux:/home/tianbot/slash_ws/install/vesc:/home/tianbot/slash_ws/install/vesc_driver:/home/tianbot/slash_ws/install/vesc_ackermann:/home/tianbot/slash_ws/install/vesc_msgs:/home/tianbot/slash_ws/install/teleop_tools:/home/tianbot/slash_ws/install/teleop_tools_msgs:/home/tianbot/slash_ws/install/teb_local_planner:/home/tianbot/slash_ws/install/teb_msgs:/home/tianbot/slash_ws/install/slash_nav2:/home/tianbot/slash_ws/install/pointcloud_to_laserscan:/home/tianbot/slash_ws/install/pointcloud_filter:/home/tianbot/slash_ws/install/fast_lio:/home/tianbot/slash_ws/install/livox_ros_driver2:/home/tianbot/slash_ws/install/linefit_ground_segmentation_ros:/home/tianbot/slash_ws/install/linefit_ground_segmentation:/home/tianbot/slash_ws/install/icp_localization:/home/tianbot/slash_ws/install/dll:/home/tianbot/slash_ws/install/costmap_converter:/home/tianbot/slash_ws/install/costmap_converter_msgs:/home/tianbot/slash_ws/install/ackermann_mux /usr/bin/cmake --install /home/tianbot/slash_ws/build/grid_map_core
