running develop
running egg_info
creating key_teleop.egg-info
writing key_teleop.egg-info/PKG-INFO
writing dependency_links to key_teleop.egg-info/dependency_links.txt
writing entry points to key_teleop.egg-info/entry_points.txt
writing requirements to key_teleop.egg-info/requires.txt
writing top-level names to key_teleop.egg-info/top_level.txt
writing manifest file 'key_teleop.egg-info/SOURCES.txt'
reading manifest file 'key_teleop.egg-info/SOURCES.txt'
writing manifest file 'key_teleop.egg-info/SOURCES.txt'
running build_ext
Creating /home/tianbot/slash_ws/install/key_teleop/lib/python3.10/site-packages/key-teleop.egg-link (link to .)
Installing key_teleop script to /home/tianbot/slash_ws/install/key_teleop/lib/key_teleop

Installed /home/tianbot/slash_ws/build/key_teleop
running symlink_data
symbolically linking /home/tianbot/slash_ws/build/key_teleop/package.xml -> /home/tianbot/slash_ws/install/key_teleop/share/key_teleop
creating /home/tianbot/slash_ws/install/key_teleop/share/key_teleop/config
symbolically linking /home/tianbot/slash_ws/build/key_teleop/config/key_teleop.yaml -> /home/tianbot/slash_ws/install/key_teleop/share/key_teleop/config
creating /home/tianbot/slash_ws/install/key_teleop/share/ament_index
creating /home/tianbot/slash_ws/install/key_teleop/share/ament_index/resource_index
creating /home/tianbot/slash_ws/install/key_teleop/share/ament_index/resource_index/packages
symbolically linking /home/tianbot/slash_ws/build/key_teleop/resource/key_teleop -> /home/tianbot/slash_ws/install/key_teleop/share/ament_index/resource_index/packages
