[0.017s] Invoking command in '/home/tianbot/slash_ws/build/grid_map_msgs': AMENT_PREFIX_PATH=/home/tianbot/slash_ws/install/grid_map_cmake_helpers:${AMENT_PREFIX_PATH} CMAKE_PREFIX_PATH=/home/tianbot/slash_ws/install/grid_map_cmake_helpers:/home/tianbot/tianracer_ros2_ws/install/vesc_ackermann:/home/tianbot/tianracer_ros2_ws/install/vesc_msgs:/home/tianbot/tianracer_ros2_ws/install/vector_pursuit_controller:/home/tianbot/tianracer_ros2_ws/install/tianracer_slam:/home/tianbot/tianracer_ros2_ws/install/tianracer_rviz:/home/tianbot/tianracer_ros2_ws/install/tianracer_navigation2:/home/tianbot/tianracer_ros2_ws/install/tianracer_navigation:/home/tianbot/tianracer_ros2_ws/install/tianracer_jetson:/home/tianbot/tianracer_ros2_ws/install/tianracer_description:/home/tianbot/tianracer_ros2_ws/install/tianracer_core:/home/tianbot/tianracer_ros2_ws/install/tianracer_competition:/home/tianbot/tianracer_ros2_ws/install/tianracer_bringup:/home/tianbot/tianracer_ros2_ws/install/twist_to_ackermann:/home/tianbot/tianracer_ros2_ws/install/tf2_web_republisher_py:/home/tianbot/tianracer_ros2_ws/install/joy_teleop:/home/tianbot/tianracer_ros2_ws/install/mouse_teleop:/home/tianbot/tianracer_ros2_ws/install/key_teleop:/home/tianbot/slash_ws/install/f1tenth_stack:/home/tianbot/slash_ws/install/joy_teleop:/home/tianbot/slash_ws/install/mouse_teleop:/home/tianbot/slash_ws/install/key_teleop:/opt/ros/humble:/home/tianbot/tianracer_ros2_ws/install/tianracer:/home/tianbot/tianracer_ros2_ws/install/tianbot_core:/home/tianbot/tianracer_ros2_ws/install/tf2_web_republisher:/home/tianbot/tianracer_ros2_ws/install/teleop_tools:/home/tianbot/tianracer_ros2_ws/install/teleop_tools_msgs:/home/tianbot/tianracer_ros2_ws/install/teb_local_planner:/home/tianbot/tianracer_ros2_ws/install/teb_msgs:/home/tianbot/tianracer_ros2_ws/install/slam_gmapping:/home/tianbot/tianracer_ros2_ws/install/openslam_gmapping:/home/tianbot/tianracer_ros2_ws/install/lakibeam1:/home/tianbot/tianracer_ros2_ws/install/costmap_intensity:/home/tianbot/tianracer_ros2_ws/install/costmap_converter:/home/tianbot/tianracer_ros2_ws/install/costmap_converter_msgs:/home/tianbot/tianracer_ros2_ws/install/behavior_ext_plugins:/home/tianbot/tianracer_ros2_ws/install/ackermann_mux:/home/tianbot/slash_ws/install/vesc:/home/tianbot/slash_ws/install/vesc_driver:/home/tianbot/slash_ws/install/vesc_ackermann:/home/tianbot/slash_ws/install/vesc_msgs:/home/tianbot/slash_ws/install/teleop_tools:/home/tianbot/slash_ws/install/teleop_tools_msgs:/home/tianbot/slash_ws/install/teb_local_planner:/home/tianbot/slash_ws/install/teb_msgs:/home/tianbot/slash_ws/install/slash_nav2:/home/tianbot/slash_ws/install/pointcloud_to_laserscan:/home/tianbot/slash_ws/install/pointcloud_filter:/home/tianbot/slash_ws/install/fast_lio:/home/tianbot/slash_ws/install/livox_ros_driver2:/home/tianbot/slash_ws/install/linefit_ground_segmentation_ros:/home/tianbot/slash_ws/install/linefit_ground_segmentation:/home/tianbot/slash_ws/install/icp_localization:/home/tianbot/slash_ws/install/dll:/home/tianbot/slash_ws/install/costmap_converter:/home/tianbot/slash_ws/install/costmap_converter_msgs:/home/tianbot/slash_ws/install/ackermann_mux /usr/bin/cmake --build /home/tianbot/slash_ws/build/grid_map_msgs -- -j4 -l4
[0.112s] [ 11%] Built target grid_map_msgs__rosidl_generator_c
[0.112s] [ 12%] Built target grid_map_msgs__cpp
[0.123s] [ 12%] Built target ament_cmake_python_symlink_grid_map_msgs
[0.150s] [ 23%] Built target grid_map_msgs__rosidl_typesupport_c
[0.152s] [ 35%] Built target grid_map_msgs__rosidl_typesupport_fastrtps_c
[0.158s] [ 46%] Built target grid_map_msgs__rosidl_typesupport_introspection_c
[0.167s] [ 57%] Built target grid_map_msgs__rosidl_typesupport_introspection_cpp
[0.190s] [ 69%] Built target grid_map_msgs__rosidl_typesupport_cpp
[0.202s] [ 80%] Built target grid_map_msgs__rosidl_typesupport_fastrtps_cpp
[0.232s] [ 80%] Built target grid_map_msgs
[0.290s] [ 81%] Built target grid_map_msgs__py
[0.309s] [ 91%] Built target grid_map_msgs__rosidl_generator_py
[0.363s] [ 94%] Built target grid_map_msgs__rosidl_typesupport_introspection_c__pyext
[0.365s] [ 97%] Built target grid_map_msgs__rosidl_typesupport_c__pyext
[0.369s] [100%] Built target grid_map_msgs__rosidl_typesupport_fastrtps_c__pyext
[0.650s] running egg_info
[0.651s] writing grid_map_msgs.egg-info/PKG-INFO
[0.651s] writing dependency_links to grid_map_msgs.egg-info/dependency_links.txt
[0.652s] writing top-level names to grid_map_msgs.egg-info/top_level.txt
[0.655s] reading manifest file 'grid_map_msgs.egg-info/SOURCES.txt'
[0.656s] writing manifest file 'grid_map_msgs.egg-info/SOURCES.txt'
[0.695s] [100%] Built target ament_cmake_python_build_grid_map_msgs_egg
[0.711s] Invoked command in '/home/tianbot/slash_ws/build/grid_map_msgs' returned '0': AMENT_PREFIX_PATH=/home/tianbot/slash_ws/install/grid_map_cmake_helpers:${AMENT_PREFIX_PATH} CMAKE_PREFIX_PATH=/home/tianbot/slash_ws/install/grid_map_cmake_helpers:/home/tianbot/tianracer_ros2_ws/install/vesc_ackermann:/home/tianbot/tianracer_ros2_ws/install/vesc_msgs:/home/tianbot/tianracer_ros2_ws/install/vector_pursuit_controller:/home/tianbot/tianracer_ros2_ws/install/tianracer_slam:/home/tianbot/tianracer_ros2_ws/install/tianracer_rviz:/home/tianbot/tianracer_ros2_ws/install/tianracer_navigation2:/home/tianbot/tianracer_ros2_ws/install/tianracer_navigation:/home/tianbot/tianracer_ros2_ws/install/tianracer_jetson:/home/tianbot/tianracer_ros2_ws/install/tianracer_description:/home/tianbot/tianracer_ros2_ws/install/tianracer_core:/home/tianbot/tianracer_ros2_ws/install/tianracer_competition:/home/tianbot/tianracer_ros2_ws/install/tianracer_bringup:/home/tianbot/tianracer_ros2_ws/install/twist_to_ackermann:/home/tianbot/tianracer_ros2_ws/install/tf2_web_republisher_py:/home/tianbot/tianracer_ros2_ws/install/joy_teleop:/home/tianbot/tianracer_ros2_ws/install/mouse_teleop:/home/tianbot/tianracer_ros2_ws/install/key_teleop:/home/tianbot/slash_ws/install/f1tenth_stack:/home/tianbot/slash_ws/install/joy_teleop:/home/tianbot/slash_ws/install/mouse_teleop:/home/tianbot/slash_ws/install/key_teleop:/opt/ros/humble:/home/tianbot/tianracer_ros2_ws/install/tianracer:/home/tianbot/tianracer_ros2_ws/install/tianbot_core:/home/tianbot/tianracer_ros2_ws/install/tf2_web_republisher:/home/tianbot/tianracer_ros2_ws/install/teleop_tools:/home/tianbot/tianracer_ros2_ws/install/teleop_tools_msgs:/home/tianbot/tianracer_ros2_ws/install/teb_local_planner:/home/tianbot/tianracer_ros2_ws/install/teb_msgs:/home/tianbot/tianracer_ros2_ws/install/slam_gmapping:/home/tianbot/tianracer_ros2_ws/install/openslam_gmapping:/home/tianbot/tianracer_ros2_ws/install/lakibeam1:/home/tianbot/tianracer_ros2_ws/install/costmap_intensity:/home/tianbot/tianracer_ros2_ws/install/costmap_converter:/home/tianbot/tianracer_ros2_ws/install/costmap_converter_msgs:/home/tianbot/tianracer_ros2_ws/install/behavior_ext_plugins:/home/tianbot/tianracer_ros2_ws/install/ackermann_mux:/home/tianbot/slash_ws/install/vesc:/home/tianbot/slash_ws/install/vesc_driver:/home/tianbot/slash_ws/install/vesc_ackermann:/home/tianbot/slash_ws/install/vesc_msgs:/home/tianbot/slash_ws/install/teleop_tools:/home/tianbot/slash_ws/install/teleop_tools_msgs:/home/tianbot/slash_ws/install/teb_local_planner:/home/tianbot/slash_ws/install/teb_msgs:/home/tianbot/slash_ws/install/slash_nav2:/home/tianbot/slash_ws/install/pointcloud_to_laserscan:/home/tianbot/slash_ws/install/pointcloud_filter:/home/tianbot/slash_ws/install/fast_lio:/home/tianbot/slash_ws/install/livox_ros_driver2:/home/tianbot/slash_ws/install/linefit_ground_segmentation_ros:/home/tianbot/slash_ws/install/linefit_ground_segmentation:/home/tianbot/slash_ws/install/icp_localization:/home/tianbot/slash_ws/install/dll:/home/tianbot/slash_ws/install/costmap_converter:/home/tianbot/slash_ws/install/costmap_converter_msgs:/home/tianbot/slash_ws/install/ackermann_mux /usr/bin/cmake --build /home/tianbot/slash_ws/build/grid_map_msgs -- -j4 -l4
[0.714s] Invoking command in '/home/tianbot/slash_ws/build/grid_map_msgs': AMENT_PREFIX_PATH=/home/tianbot/slash_ws/install/grid_map_cmake_helpers:${AMENT_PREFIX_PATH} CMAKE_PREFIX_PATH=/home/tianbot/slash_ws/install/grid_map_cmake_helpers:/home/tianbot/tianracer_ros2_ws/install/vesc_ackermann:/home/tianbot/tianracer_ros2_ws/install/vesc_msgs:/home/tianbot/tianracer_ros2_ws/install/vector_pursuit_controller:/home/tianbot/tianracer_ros2_ws/install/tianracer_slam:/home/tianbot/tianracer_ros2_ws/install/tianracer_rviz:/home/tianbot/tianracer_ros2_ws/install/tianracer_navigation2:/home/tianbot/tianracer_ros2_ws/install/tianracer_navigation:/home/tianbot/tianracer_ros2_ws/install/tianracer_jetson:/home/tianbot/tianracer_ros2_ws/install/tianracer_description:/home/tianbot/tianracer_ros2_ws/install/tianracer_core:/home/tianbot/tianracer_ros2_ws/install/tianracer_competition:/home/tianbot/tianracer_ros2_ws/install/tianracer_bringup:/home/tianbot/tianracer_ros2_ws/install/twist_to_ackermann:/home/tianbot/tianracer_ros2_ws/install/tf2_web_republisher_py:/home/tianbot/tianracer_ros2_ws/install/joy_teleop:/home/tianbot/tianracer_ros2_ws/install/mouse_teleop:/home/tianbot/tianracer_ros2_ws/install/key_teleop:/home/tianbot/slash_ws/install/f1tenth_stack:/home/tianbot/slash_ws/install/joy_teleop:/home/tianbot/slash_ws/install/mouse_teleop:/home/tianbot/slash_ws/install/key_teleop:/opt/ros/humble:/home/tianbot/tianracer_ros2_ws/install/tianracer:/home/tianbot/tianracer_ros2_ws/install/tianbot_core:/home/tianbot/tianracer_ros2_ws/install/tf2_web_republisher:/home/tianbot/tianracer_ros2_ws/install/teleop_tools:/home/tianbot/tianracer_ros2_ws/install/teleop_tools_msgs:/home/tianbot/tianracer_ros2_ws/install/teb_local_planner:/home/tianbot/tianracer_ros2_ws/install/teb_msgs:/home/tianbot/tianracer_ros2_ws/install/slam_gmapping:/home/tianbot/tianracer_ros2_ws/install/openslam_gmapping:/home/tianbot/tianracer_ros2_ws/install/lakibeam1:/home/tianbot/tianracer_ros2_ws/install/costmap_intensity:/home/tianbot/tianracer_ros2_ws/install/costmap_converter:/home/tianbot/tianracer_ros2_ws/install/costmap_converter_msgs:/home/tianbot/tianracer_ros2_ws/install/behavior_ext_plugins:/home/tianbot/tianracer_ros2_ws/install/ackermann_mux:/home/tianbot/slash_ws/install/vesc:/home/tianbot/slash_ws/install/vesc_driver:/home/tianbot/slash_ws/install/vesc_ackermann:/home/tianbot/slash_ws/install/vesc_msgs:/home/tianbot/slash_ws/install/teleop_tools:/home/tianbot/slash_ws/install/teleop_tools_msgs:/home/tianbot/slash_ws/install/teb_local_planner:/home/tianbot/slash_ws/install/teb_msgs:/home/tianbot/slash_ws/install/slash_nav2:/home/tianbot/slash_ws/install/pointcloud_to_laserscan:/home/tianbot/slash_ws/install/pointcloud_filter:/home/tianbot/slash_ws/install/fast_lio:/home/tianbot/slash_ws/install/livox_ros_driver2:/home/tianbot/slash_ws/install/linefit_ground_segmentation_ros:/home/tianbot/slash_ws/install/linefit_ground_segmentation:/home/tianbot/slash_ws/install/icp_localization:/home/tianbot/slash_ws/install/dll:/home/tianbot/slash_ws/install/costmap_converter:/home/tianbot/slash_ws/install/costmap_converter_msgs:/home/tianbot/slash_ws/install/ackermann_mux /usr/bin/cmake --install /home/tianbot/slash_ws/build/grid_map_msgs
[0.728s] -- Install configuration: "Release"
[0.730s] -- Execute custom install script
[0.730s] -- Up-to-date symlink: /home/tianbot/slash_ws/install/grid_map_msgs/share/ament_index/resource_index/rosidl_interfaces/grid_map_msgs
[0.730s] -- Up-to-date symlink: /home/tianbot/slash_ws/install/grid_map_msgs/include/grid_map_msgs/grid_map_msgs/msg/detail/grid_map__functions.h
[0.730s] -- Up-to-date symlink: /home/tianbot/slash_ws/install/grid_map_msgs/include/grid_map_msgs/grid_map_msgs/msg/detail/grid_map__struct.h
[0.730s] -- Up-to-date symlink: /home/tianbot/slash_ws/install/grid_map_msgs/include/grid_map_msgs/grid_map_msgs/msg/detail/grid_map__type_support.h
[0.730s] -- Up-to-date symlink: /home/tianbot/slash_ws/install/grid_map_msgs/include/grid_map_msgs/grid_map_msgs/msg/detail/grid_map_info__functions.h
[0.731s] -- Up-to-date symlink: /home/tianbot/slash_ws/install/grid_map_msgs/include/grid_map_msgs/grid_map_msgs/msg/detail/grid_map_info__struct.h
[0.731s] -- Up-to-date symlink: /home/tianbot/slash_ws/install/grid_map_msgs/include/grid_map_msgs/grid_map_msgs/msg/detail/grid_map_info__type_support.h
[0.731s] -- Up-to-date symlink: /home/tianbot/slash_ws/install/grid_map_msgs/include/grid_map_msgs/grid_map_msgs/msg/grid_map.h
[0.731s] -- Up-to-date symlink: /home/tianbot/slash_ws/install/grid_map_msgs/include/grid_map_msgs/grid_map_msgs/msg/grid_map_info.h
[0.732s] -- Up-to-date symlink: /home/tianbot/slash_ws/install/grid_map_msgs/include/grid_map_msgs/grid_map_msgs/msg/rosidl_generator_c__visibility_control.h
[0.732s] -- Up-to-date symlink: /home/tianbot/slash_ws/install/grid_map_msgs/include/grid_map_msgs/grid_map_msgs/srv/detail/get_grid_map__functions.h
[0.732s] -- Up-to-date symlink: /home/tianbot/slash_ws/install/grid_map_msgs/include/grid_map_msgs/grid_map_msgs/srv/detail/get_grid_map__struct.h
[0.733s] -- Up-to-date symlink: /home/tianbot/slash_ws/install/grid_map_msgs/include/grid_map_msgs/grid_map_msgs/srv/detail/get_grid_map__type_support.h
[0.733s] -- Up-to-date symlink: /home/tianbot/slash_ws/install/grid_map_msgs/include/grid_map_msgs/grid_map_msgs/srv/detail/get_grid_map_info__functions.h
[0.734s] -- Up-to-date symlink: /home/tianbot/slash_ws/install/grid_map_msgs/include/grid_map_msgs/grid_map_msgs/srv/detail/get_grid_map_info__struct.h
[0.735s] -- Up-to-date symlink: /home/tianbot/slash_ws/install/grid_map_msgs/include/grid_map_msgs/grid_map_msgs/srv/detail/get_grid_map_info__type_support.h
[0.735s] -- Up-to-date symlink: /home/tianbot/slash_ws/install/grid_map_msgs/include/grid_map_msgs/grid_map_msgs/srv/detail/process_file__functions.h
[0.735s] -- Up-to-date symlink: /home/tianbot/slash_ws/install/grid_map_msgs/include/grid_map_msgs/grid_map_msgs/srv/detail/process_file__struct.h
[0.735s] -- Up-to-date symlink: /home/tianbot/slash_ws/install/grid_map_msgs/include/grid_map_msgs/grid_map_msgs/srv/detail/process_file__type_support.h
[0.735s] -- Up-to-date symlink: /home/tianbot/slash_ws/install/grid_map_msgs/include/grid_map_msgs/grid_map_msgs/srv/detail/set_grid_map__functions.h
[0.735s] -- Up-to-date symlink: /home/tianbot/slash_ws/install/grid_map_msgs/include/grid_map_msgs/grid_map_msgs/srv/detail/set_grid_map__struct.h
[0.736s] -- Up-to-date symlink: /home/tianbot/slash_ws/install/grid_map_msgs/include/grid_map_msgs/grid_map_msgs/srv/detail/set_grid_map__type_support.h
[0.736s] -- Up-to-date symlink: /home/tianbot/slash_ws/install/grid_map_msgs/include/grid_map_msgs/grid_map_msgs/srv/get_grid_map.h
[0.738s] -- Up-to-date symlink: /home/tianbot/slash_ws/install/grid_map_msgs/include/grid_map_msgs/grid_map_msgs/srv/get_grid_map_info.h
[0.738s] -- Up-to-date symlink: /home/tianbot/slash_ws/install/grid_map_msgs/include/grid_map_msgs/grid_map_msgs/srv/process_file.h
[0.738s] -- Up-to-date symlink: /home/tianbot/slash_ws/install/grid_map_msgs/include/grid_map_msgs/grid_map_msgs/srv/set_grid_map.h
[0.738s] -- Up-to-date symlink: /home/tianbot/slash_ws/install/grid_map_msgs/share/grid_map_msgs/environment/library_path.sh
[0.738s] -- Up-to-date symlink: /home/tianbot/slash_ws/install/grid_map_msgs/share/grid_map_msgs/environment/library_path.dsv
[0.738s] -- Up-to-date symlink: /home/tianbot/slash_ws/install/grid_map_msgs/include/grid_map_msgs/grid_map_msgs/msg/detail/grid_map__rosidl_typesupport_fastrtps_c.h
[0.738s] -- Up-to-date symlink: /home/tianbot/slash_ws/install/grid_map_msgs/include/grid_map_msgs/grid_map_msgs/msg/detail/grid_map_info__rosidl_typesupport_fastrtps_c.h
[0.739s] -- Up-to-date symlink: /home/tianbot/slash_ws/install/grid_map_msgs/include/grid_map_msgs/grid_map_msgs/msg/rosidl_typesupport_fastrtps_c__visibility_control.h
[0.740s] -- Up-to-date symlink: /home/tianbot/slash_ws/install/grid_map_msgs/include/grid_map_msgs/grid_map_msgs/srv/detail/get_grid_map__rosidl_typesupport_fastrtps_c.h
[0.740s] -- Up-to-date symlink: /home/tianbot/slash_ws/install/grid_map_msgs/include/grid_map_msgs/grid_map_msgs/srv/detail/get_grid_map_info__rosidl_typesupport_fastrtps_c.h
[0.740s] -- Up-to-date symlink: /home/tianbot/slash_ws/install/grid_map_msgs/include/grid_map_msgs/grid_map_msgs/srv/detail/process_file__rosidl_typesupport_fastrtps_c.h
[0.740s] -- Up-to-date symlink: /home/tianbot/slash_ws/install/grid_map_msgs/include/grid_map_msgs/grid_map_msgs/srv/detail/set_grid_map__rosidl_typesupport_fastrtps_c.h
[0.740s] -- Up-to-date symlink: /home/tianbot/slash_ws/install/grid_map_msgs/include/grid_map_msgs/grid_map_msgs/msg/detail/grid_map__builder.hpp
[0.741s] -- Up-to-date symlink: /home/tianbot/slash_ws/install/grid_map_msgs/include/grid_map_msgs/grid_map_msgs/msg/detail/grid_map__struct.hpp
[0.741s] -- Up-to-date symlink: /home/tianbot/slash_ws/install/grid_map_msgs/include/grid_map_msgs/grid_map_msgs/msg/detail/grid_map__traits.hpp
[0.742s] -- Up-to-date symlink: /home/tianbot/slash_ws/install/grid_map_msgs/include/grid_map_msgs/grid_map_msgs/msg/detail/grid_map__type_support.hpp
[0.742s] -- Up-to-date symlink: /home/tianbot/slash_ws/install/grid_map_msgs/include/grid_map_msgs/grid_map_msgs/msg/detail/grid_map_info__builder.hpp
[0.742s] -- Up-to-date symlink: /home/tianbot/slash_ws/install/grid_map_msgs/include/grid_map_msgs/grid_map_msgs/msg/detail/grid_map_info__struct.hpp
[0.743s] -- Up-to-date symlink: /home/tianbot/slash_ws/install/grid_map_msgs/include/grid_map_msgs/grid_map_msgs/msg/detail/grid_map_info__traits.hpp
[0.743s] -- Up-to-date symlink: /home/tianbot/slash_ws/install/grid_map_msgs/include/grid_map_msgs/grid_map_msgs/msg/detail/grid_map_info__type_support.hpp
[0.744s] -- Up-to-date symlink: /home/tianbot/slash_ws/install/grid_map_msgs/include/grid_map_msgs/grid_map_msgs/msg/grid_map.hpp
[0.744s] -- Up-to-date symlink: /home/tianbot/slash_ws/install/grid_map_msgs/include/grid_map_msgs/grid_map_msgs/msg/grid_map_info.hpp
[0.745s] -- Up-to-date symlink: /home/tianbot/slash_ws/install/grid_map_msgs/include/grid_map_msgs/grid_map_msgs/msg/rosidl_generator_cpp__visibility_control.hpp
[0.745s] -- Up-to-date symlink: /home/tianbot/slash_ws/install/grid_map_msgs/include/grid_map_msgs/grid_map_msgs/srv/detail/get_grid_map__builder.hpp
[0.745s] -- Up-to-date symlink: /home/tianbot/slash_ws/install/grid_map_msgs/include/grid_map_msgs/grid_map_msgs/srv/detail/get_grid_map__struct.hpp
[0.745s] -- Up-to-date symlink: /home/tianbot/slash_ws/install/grid_map_msgs/include/grid_map_msgs/grid_map_msgs/srv/detail/get_grid_map__traits.hpp
[0.746s] -- Up-to-date symlink: /home/tianbot/slash_ws/install/grid_map_msgs/include/grid_map_msgs/grid_map_msgs/srv/detail/get_grid_map__type_support.hpp
[0.746s] -- Up-to-date symlink: /home/tianbot/slash_ws/install/grid_map_msgs/include/grid_map_msgs/grid_map_msgs/srv/detail/get_grid_map_info__builder.hpp
[0.746s] -- Up-to-date symlink: /home/tianbot/slash_ws/install/grid_map_msgs/include/grid_map_msgs/grid_map_msgs/srv/detail/get_grid_map_info__struct.hpp
[0.746s] -- Up-to-date symlink: /home/tianbot/slash_ws/install/grid_map_msgs/include/grid_map_msgs/grid_map_msgs/srv/detail/get_grid_map_info__traits.hpp
[0.747s] -- Up-to-date symlink: /home/tianbot/slash_ws/install/grid_map_msgs/include/grid_map_msgs/grid_map_msgs/srv/detail/get_grid_map_info__type_support.hpp
[0.747s] -- Up-to-date symlink: /home/tianbot/slash_ws/install/grid_map_msgs/include/grid_map_msgs/grid_map_msgs/srv/detail/process_file__builder.hpp
[0.748s] -- Up-to-date symlink: /home/tianbot/slash_ws/install/grid_map_msgs/include/grid_map_msgs/grid_map_msgs/srv/detail/process_file__struct.hpp
[0.748s] -- Up-to-date symlink: /home/tianbot/slash_ws/install/grid_map_msgs/include/grid_map_msgs/grid_map_msgs/srv/detail/process_file__traits.hpp
[0.749s] -- Up-to-date symlink: /home/tianbot/slash_ws/install/grid_map_msgs/include/grid_map_msgs/grid_map_msgs/srv/detail/process_file__type_support.hpp
[0.749s] -- Up-to-date symlink: /home/tianbot/slash_ws/install/grid_map_msgs/include/grid_map_msgs/grid_map_msgs/srv/detail/set_grid_map__builder.hpp
[0.749s] -- Up-to-date symlink: /home/tianbot/slash_ws/install/grid_map_msgs/include/grid_map_msgs/grid_map_msgs/srv/detail/set_grid_map__struct.hpp
[0.749s] -- Up-to-date symlink: /home/tianbot/slash_ws/install/grid_map_msgs/include/grid_map_msgs/grid_map_msgs/srv/detail/set_grid_map__traits.hpp
[0.749s] -- Up-to-date symlink: /home/tianbot/slash_ws/install/grid_map_msgs/include/grid_map_msgs/grid_map_msgs/srv/detail/set_grid_map__type_support.hpp
[0.750s] -- Up-to-date symlink: /home/tianbot/slash_ws/install/grid_map_msgs/include/grid_map_msgs/grid_map_msgs/srv/get_grid_map.hpp
[0.750s] -- Up-to-date symlink: /home/tianbot/slash_ws/install/grid_map_msgs/include/grid_map_msgs/grid_map_msgs/srv/get_grid_map_info.hpp
[0.751s] -- Up-to-date symlink: /home/tianbot/slash_ws/install/grid_map_msgs/include/grid_map_msgs/grid_map_msgs/srv/process_file.hpp
[0.752s] -- Up-to-date symlink: /home/tianbot/slash_ws/install/grid_map_msgs/include/grid_map_msgs/grid_map_msgs/srv/set_grid_map.hpp
[0.752s] -- Up-to-date symlink: /home/tianbot/slash_ws/install/grid_map_msgs/include/grid_map_msgs/grid_map_msgs/msg/detail/grid_map__rosidl_typesupport_fastrtps_cpp.hpp
[0.753s] -- Up-to-date symlink: /home/tianbot/slash_ws/install/grid_map_msgs/include/grid_map_msgs/grid_map_msgs/msg/detail/grid_map_info__rosidl_typesupport_fastrtps_cpp.hpp
[0.753s] -- Up-to-date symlink: /home/tianbot/slash_ws/install/grid_map_msgs/include/grid_map_msgs/grid_map_msgs/msg/rosidl_typesupport_fastrtps_cpp__visibility_control.h
[0.753s] -- Up-to-date symlink: /home/tianbot/slash_ws/install/grid_map_msgs/include/grid_map_msgs/grid_map_msgs/srv/detail/get_grid_map__rosidl_typesupport_fastrtps_cpp.hpp
[0.753s] -- Up-to-date symlink: /home/tianbot/slash_ws/install/grid_map_msgs/include/grid_map_msgs/grid_map_msgs/srv/detail/get_grid_map_info__rosidl_typesupport_fastrtps_cpp.hpp
[0.753s] -- Up-to-date symlink: /home/tianbot/slash_ws/install/grid_map_msgs/include/grid_map_msgs/grid_map_msgs/srv/detail/process_file__rosidl_typesupport_fastrtps_cpp.hpp
[0.753s] -- Up-to-date symlink: /home/tianbot/slash_ws/install/grid_map_msgs/include/grid_map_msgs/grid_map_msgs/srv/detail/set_grid_map__rosidl_typesupport_fastrtps_cpp.hpp
[0.754s] -- Up-to-date symlink: /home/tianbot/slash_ws/install/grid_map_msgs/include/grid_map_msgs/grid_map_msgs/msg/detail/grid_map__rosidl_typesupport_introspection_c.h
[0.754s] -- Up-to-date symlink: /home/tianbot/slash_ws/install/grid_map_msgs/include/grid_map_msgs/grid_map_msgs/msg/detail/grid_map_info__rosidl_typesupport_introspection_c.h
[0.754s] -- Up-to-date symlink: /home/tianbot/slash_ws/install/grid_map_msgs/include/grid_map_msgs/grid_map_msgs/msg/rosidl_typesupport_introspection_c__visibility_control.h
[0.754s] -- Up-to-date symlink: /home/tianbot/slash_ws/install/grid_map_msgs/include/grid_map_msgs/grid_map_msgs/srv/detail/get_grid_map__rosidl_typesupport_introspection_c.h
[0.755s] -- Up-to-date symlink: /home/tianbot/slash_ws/install/grid_map_msgs/include/grid_map_msgs/grid_map_msgs/srv/detail/get_grid_map_info__rosidl_typesupport_introspection_c.h
[0.755s] -- Up-to-date symlink: /home/tianbot/slash_ws/install/grid_map_msgs/include/grid_map_msgs/grid_map_msgs/srv/detail/process_file__rosidl_typesupport_introspection_c.h
[0.756s] -- Up-to-date symlink: /home/tianbot/slash_ws/install/grid_map_msgs/include/grid_map_msgs/grid_map_msgs/srv/detail/set_grid_map__rosidl_typesupport_introspection_c.h
[0.757s] -- Up-to-date symlink: /home/tianbot/slash_ws/install/grid_map_msgs/include/grid_map_msgs/grid_map_msgs/msg/detail/grid_map__rosidl_typesupport_introspection_cpp.hpp
[0.757s] -- Up-to-date symlink: /home/tianbot/slash_ws/install/grid_map_msgs/include/grid_map_msgs/grid_map_msgs/msg/detail/grid_map_info__rosidl_typesupport_introspection_cpp.hpp
[0.757s] -- Up-to-date symlink: /home/tianbot/slash_ws/install/grid_map_msgs/include/grid_map_msgs/grid_map_msgs/srv/detail/get_grid_map__rosidl_typesupport_introspection_cpp.hpp
[0.757s] -- Up-to-date symlink: /home/tianbot/slash_ws/install/grid_map_msgs/include/grid_map_msgs/grid_map_msgs/srv/detail/get_grid_map_info__rosidl_typesupport_introspection_cpp.hpp
[0.758s] -- Up-to-date symlink: /home/tianbot/slash_ws/install/grid_map_msgs/include/grid_map_msgs/grid_map_msgs/srv/detail/process_file__rosidl_typesupport_introspection_cpp.hpp
[0.758s] -- Up-to-date symlink: /home/tianbot/slash_ws/install/grid_map_msgs/include/grid_map_msgs/grid_map_msgs/srv/detail/set_grid_map__rosidl_typesupport_introspection_cpp.hpp
[0.759s] -- Up-to-date symlink: /home/tianbot/slash_ws/install/grid_map_msgs/share/grid_map_msgs/environment/pythonpath.sh
[0.759s] -- Up-to-date symlink: /home/tianbot/slash_ws/install/grid_map_msgs/share/grid_map_msgs/environment/pythonpath.dsv
[0.760s] -- Up-to-date symlink: /home/tianbot/slash_ws/install/grid_map_msgs/local/lib/python3.10/dist-packages/grid_map_msgs-2.1.0-py3.10.egg-info/PKG-INFO
[0.762s] -- Up-to-date symlink: /home/tianbot/slash_ws/install/grid_map_msgs/local/lib/python3.10/dist-packages/grid_map_msgs-2.1.0-py3.10.egg-info/SOURCES.txt
[0.762s] -- Up-to-date symlink: /home/tianbot/slash_ws/install/grid_map_msgs/local/lib/python3.10/dist-packages/grid_map_msgs-2.1.0-py3.10.egg-info/dependency_links.txt
[0.764s] -- Up-to-date symlink: /home/tianbot/slash_ws/install/grid_map_msgs/local/lib/python3.10/dist-packages/grid_map_msgs-2.1.0-py3.10.egg-info/top_level.txt
[0.764s] -- Up-to-date symlink: /home/tianbot/slash_ws/install/grid_map_msgs/local/lib/python3.10/dist-packages/grid_map_msgs/__init__.py
[0.766s] -- Up-to-date symlink: /home/tianbot/slash_ws/install/grid_map_msgs/local/lib/python3.10/dist-packages/grid_map_msgs/_grid_map_msgs_s.ep.rosidl_typesupport_c.c
[0.766s] -- Up-to-date symlink: /home/tianbot/slash_ws/install/grid_map_msgs/local/lib/python3.10/dist-packages/grid_map_msgs/_grid_map_msgs_s.ep.rosidl_typesupport_fastrtps_c.c
[0.767s] -- Up-to-date symlink: /home/tianbot/slash_ws/install/grid_map_msgs/local/lib/python3.10/dist-packages/grid_map_msgs/_grid_map_msgs_s.ep.rosidl_typesupport_introspection_c.c
[0.767s] -- Up-to-date symlink: /home/tianbot/slash_ws/install/grid_map_msgs/local/lib/python3.10/dist-packages/grid_map_msgs/grid_map_msgs_s__rosidl_typesupport_c.cpython-310-x86_64-linux-gnu.so
[0.767s] -- Up-to-date symlink: /home/tianbot/slash_ws/install/grid_map_msgs/local/lib/python3.10/dist-packages/grid_map_msgs/grid_map_msgs_s__rosidl_typesupport_fastrtps_c.cpython-310-x86_64-linux-gnu.so
[0.767s] -- Up-to-date symlink: /home/tianbot/slash_ws/install/grid_map_msgs/local/lib/python3.10/dist-packages/grid_map_msgs/grid_map_msgs_s__rosidl_typesupport_introspection_c.cpython-310-x86_64-linux-gnu.so
[0.767s] -- Up-to-date symlink: /home/tianbot/slash_ws/install/grid_map_msgs/local/lib/python3.10/dist-packages/grid_map_msgs/libgrid_map_msgs__rosidl_generator_py.so
[0.767s] -- Up-to-date symlink: /home/tianbot/slash_ws/install/grid_map_msgs/local/lib/python3.10/dist-packages/grid_map_msgs/msg/__init__.py
[0.767s] -- Up-to-date symlink: /home/tianbot/slash_ws/install/grid_map_msgs/local/lib/python3.10/dist-packages/grid_map_msgs/msg/_grid_map.py
[0.767s] -- Up-to-date symlink: /home/tianbot/slash_ws/install/grid_map_msgs/local/lib/python3.10/dist-packages/grid_map_msgs/msg/_grid_map_info.py
[0.767s] -- Up-to-date symlink: /home/tianbot/slash_ws/install/grid_map_msgs/local/lib/python3.10/dist-packages/grid_map_msgs/msg/_grid_map_info_s.c
[0.767s] -- Up-to-date symlink: /home/tianbot/slash_ws/install/grid_map_msgs/local/lib/python3.10/dist-packages/grid_map_msgs/msg/_grid_map_s.c
[0.767s] -- Up-to-date symlink: /home/tianbot/slash_ws/install/grid_map_msgs/local/lib/python3.10/dist-packages/grid_map_msgs/srv/__init__.py
[0.767s] -- Up-to-date symlink: /home/tianbot/slash_ws/install/grid_map_msgs/local/lib/python3.10/dist-packages/grid_map_msgs/srv/_get_grid_map.py
[0.768s] -- Up-to-date symlink: /home/tianbot/slash_ws/install/grid_map_msgs/local/lib/python3.10/dist-packages/grid_map_msgs/srv/_get_grid_map_info.py
[0.768s] -- Up-to-date symlink: /home/tianbot/slash_ws/install/grid_map_msgs/local/lib/python3.10/dist-packages/grid_map_msgs/srv/_get_grid_map_info_s.c
[0.768s] -- Up-to-date symlink: /home/tianbot/slash_ws/install/grid_map_msgs/local/lib/python3.10/dist-packages/grid_map_msgs/srv/_get_grid_map_s.c
[0.768s] -- Up-to-date symlink: /home/tianbot/slash_ws/install/grid_map_msgs/local/lib/python3.10/dist-packages/grid_map_msgs/srv/_process_file.py
[0.768s] -- Up-to-date symlink: /home/tianbot/slash_ws/install/grid_map_msgs/local/lib/python3.10/dist-packages/grid_map_msgs/srv/_process_file_s.c
[0.768s] -- Up-to-date symlink: /home/tianbot/slash_ws/install/grid_map_msgs/local/lib/python3.10/dist-packages/grid_map_msgs/srv/_set_grid_map.py
[0.768s] -- Up-to-date symlink: /home/tianbot/slash_ws/install/grid_map_msgs/local/lib/python3.10/dist-packages/grid_map_msgs/srv/_set_grid_map_s.c
[0.768s] -- Up-to-date symlink: /home/tianbot/slash_ws/install/grid_map_msgs/local/lib/python3.10/dist-packages/grid_map_msgs/grid_map_msgs_s__rosidl_typesupport_fastrtps_c.cpython-310-x86_64-linux-gnu.so
[0.768s] -- Up-to-date symlink: /home/tianbot/slash_ws/install/grid_map_msgs/local/lib/python3.10/dist-packages/grid_map_msgs/grid_map_msgs_s__rosidl_typesupport_introspection_c.cpython-310-x86_64-linux-gnu.so
[0.768s] -- Up-to-date symlink: /home/tianbot/slash_ws/install/grid_map_msgs/local/lib/python3.10/dist-packages/grid_map_msgs/grid_map_msgs_s__rosidl_typesupport_c.cpython-310-x86_64-linux-gnu.so
[0.768s] -- Up-to-date symlink: /home/tianbot/slash_ws/install/grid_map_msgs/share/grid_map_msgs/msg/GridMapInfo.idl
[0.768s] -- Up-to-date symlink: /home/tianbot/slash_ws/install/grid_map_msgs/share/grid_map_msgs/msg/GridMap.idl
[0.769s] -- Up-to-date symlink: /home/tianbot/slash_ws/install/grid_map_msgs/share/grid_map_msgs/srv/SetGridMap.idl
[0.769s] -- Up-to-date symlink: /home/tianbot/slash_ws/install/grid_map_msgs/share/grid_map_msgs/srv/GetGridMap.idl
[0.769s] -- Up-to-date symlink: /home/tianbot/slash_ws/install/grid_map_msgs/share/grid_map_msgs/srv/GetGridMapInfo.idl
[0.769s] -- Up-to-date symlink: /home/tianbot/slash_ws/install/grid_map_msgs/share/grid_map_msgs/srv/ProcessFile.idl
[0.769s] -- Up-to-date symlink: /home/tianbot/slash_ws/install/grid_map_msgs/share/grid_map_msgs/msg/GridMapInfo.msg
[0.769s] -- Up-to-date symlink: /home/tianbot/slash_ws/install/grid_map_msgs/share/grid_map_msgs/msg/GridMap.msg
[0.770s] -- Up-to-date symlink: /home/tianbot/slash_ws/install/grid_map_msgs/share/grid_map_msgs/srv/SetGridMap.srv
[0.770s] -- Up-to-date symlink: /home/tianbot/slash_ws/install/grid_map_msgs/share/grid_map_msgs/srv/SetGridMap_Request.msg
[0.770s] -- Up-to-date symlink: /home/tianbot/slash_ws/install/grid_map_msgs/share/grid_map_msgs/srv/SetGridMap_Response.msg
[0.770s] -- Up-to-date symlink: /home/tianbot/slash_ws/install/grid_map_msgs/share/grid_map_msgs/srv/GetGridMap.srv
[0.770s] -- Up-to-date symlink: /home/tianbot/slash_ws/install/grid_map_msgs/share/grid_map_msgs/srv/GetGridMap_Request.msg
[0.770s] -- Up-to-date symlink: /home/tianbot/slash_ws/install/grid_map_msgs/share/grid_map_msgs/srv/GetGridMap_Response.msg
[0.770s] -- Up-to-date symlink: /home/tianbot/slash_ws/install/grid_map_msgs/share/grid_map_msgs/srv/GetGridMapInfo.srv
[0.771s] -- Up-to-date symlink: /home/tianbot/slash_ws/install/grid_map_msgs/share/grid_map_msgs/srv/GetGridMapInfo_Request.msg
[0.771s] -- Up-to-date symlink: /home/tianbot/slash_ws/install/grid_map_msgs/share/grid_map_msgs/srv/GetGridMapInfo_Response.msg
[0.771s] -- Up-to-date symlink: /home/tianbot/slash_ws/install/grid_map_msgs/share/grid_map_msgs/srv/ProcessFile.srv
[0.771s] -- Up-to-date symlink: /home/tianbot/slash_ws/install/grid_map_msgs/share/grid_map_msgs/srv/ProcessFile_Request.msg
[0.771s] -- Up-to-date symlink: /home/tianbot/slash_ws/install/grid_map_msgs/share/grid_map_msgs/srv/ProcessFile_Response.msg
[0.771s] -- Up-to-date symlink: /home/tianbot/slash_ws/install/grid_map_msgs/share/ament_index/resource_index/package_run_dependencies/grid_map_msgs
[0.771s] -- Up-to-date symlink: /home/tianbot/slash_ws/install/grid_map_msgs/share/ament_index/resource_index/parent_prefix_path/grid_map_msgs
[0.771s] -- Up-to-date symlink: /home/tianbot/slash_ws/install/grid_map_msgs/share/grid_map_msgs/environment/ament_prefix_path.sh
[0.771s] -- Up-to-date symlink: /home/tianbot/slash_ws/install/grid_map_msgs/share/grid_map_msgs/environment/ament_prefix_path.dsv
[0.772s] -- Up-to-date symlink: /home/tianbot/slash_ws/install/grid_map_msgs/share/grid_map_msgs/environment/path.sh
[0.772s] -- Up-to-date symlink: /home/tianbot/slash_ws/install/grid_map_msgs/share/grid_map_msgs/environment/path.dsv
[0.772s] -- Up-to-date symlink: /home/tianbot/slash_ws/install/grid_map_msgs/share/grid_map_msgs/local_setup.bash
[0.772s] -- Up-to-date symlink: /home/tianbot/slash_ws/install/grid_map_msgs/share/grid_map_msgs/local_setup.sh
[0.772s] -- Up-to-date symlink: /home/tianbot/slash_ws/install/grid_map_msgs/share/grid_map_msgs/local_setup.zsh
[0.772s] -- Up-to-date symlink: /home/tianbot/slash_ws/install/grid_map_msgs/share/grid_map_msgs/local_setup.dsv
[0.772s] -- Symlinking: /home/tianbot/slash_ws/install/grid_map_msgs/share/grid_map_msgs/package.dsv
[0.783s] -- Up-to-date symlink: /home/tianbot/slash_ws/install/grid_map_msgs/share/ament_index/resource_index/packages/grid_map_msgs
[0.783s] -- Up-to-date symlink: /home/tianbot/slash_ws/install/grid_map_msgs/share/grid_map_msgs/cmake/rosidl_cmake-extras.cmake
[0.783s] -- Up-to-date symlink: /home/tianbot/slash_ws/install/grid_map_msgs/share/grid_map_msgs/cmake/ament_cmake_export_dependencies-extras.cmake
[0.784s] -- Up-to-date symlink: /home/tianbot/slash_ws/install/grid_map_msgs/share/grid_map_msgs/cmake/ament_cmake_export_include_directories-extras.cmake
[0.784s] -- Up-to-date symlink: /home/tianbot/slash_ws/install/grid_map_msgs/share/grid_map_msgs/cmake/ament_cmake_export_libraries-extras.cmake
[0.784s] -- Up-to-date symlink: /home/tianbot/slash_ws/install/grid_map_msgs/share/grid_map_msgs/cmake/ament_cmake_export_targets-extras.cmake
[0.784s] -- Up-to-date symlink: /home/tianbot/slash_ws/install/grid_map_msgs/share/grid_map_msgs/cmake/rosidl_cmake_export_typesupport_targets-extras.cmake
[0.784s] -- Up-to-date symlink: /home/tianbot/slash_ws/install/grid_map_msgs/share/grid_map_msgs/cmake/rosidl_cmake_export_typesupport_libraries-extras.cmake
[0.784s] -- Up-to-date symlink: /home/tianbot/slash_ws/install/grid_map_msgs/share/grid_map_msgs/cmake/grid_map_msgsConfig.cmake
[0.784s] -- Up-to-date symlink: /home/tianbot/slash_ws/install/grid_map_msgs/share/grid_map_msgs/cmake/grid_map_msgsConfig-version.cmake
[0.785s] -- Up-to-date symlink: /home/tianbot/slash_ws/install/grid_map_msgs/share/grid_map_msgs/package.xml
[0.785s] -- Up-to-date: /home/tianbot/slash_ws/install/grid_map_msgs/lib/libgrid_map_msgs__rosidl_generator_c.so
[0.785s] -- Up-to-date: /home/tianbot/slash_ws/install/grid_map_msgs/lib/libgrid_map_msgs__rosidl_typesupport_fastrtps_c.so
[0.785s] -- Up-to-date: /home/tianbot/slash_ws/install/grid_map_msgs/lib/libgrid_map_msgs__rosidl_typesupport_fastrtps_cpp.so
[0.786s] -- Up-to-date: /home/tianbot/slash_ws/install/grid_map_msgs/lib/libgrid_map_msgs__rosidl_typesupport_introspection_c.so
[0.786s] -- Up-to-date: /home/tianbot/slash_ws/install/grid_map_msgs/lib/libgrid_map_msgs__rosidl_typesupport_c.so
[0.787s] -- Up-to-date: /home/tianbot/slash_ws/install/grid_map_msgs/lib/libgrid_map_msgs__rosidl_typesupport_introspection_cpp.so
[0.787s] -- Up-to-date: /home/tianbot/slash_ws/install/grid_map_msgs/lib/libgrid_map_msgs__rosidl_typesupport_cpp.so
[0.839s] Listing '/home/tianbot/slash_ws/install/grid_map_msgs/local/lib/python3.10/dist-packages/grid_map_msgs'...
[0.839s] Listing '/home/tianbot/slash_ws/install/grid_map_msgs/local/lib/python3.10/dist-packages/grid_map_msgs/msg'...
[0.839s] Listing '/home/tianbot/slash_ws/install/grid_map_msgs/local/lib/python3.10/dist-packages/grid_map_msgs/srv'...
[0.844s] -- Up-to-date: /home/tianbot/slash_ws/install/grid_map_msgs/lib/libgrid_map_msgs__rosidl_generator_py.so
[0.845s] -- Up-to-date: /home/tianbot/slash_ws/install/grid_map_msgs/share/grid_map_msgs/cmake/export_grid_map_msgs__rosidl_generator_cExport.cmake
[0.845s] -- Up-to-date: /home/tianbot/slash_ws/install/grid_map_msgs/share/grid_map_msgs/cmake/export_grid_map_msgs__rosidl_generator_cExport-release.cmake
[0.845s] -- Up-to-date: /home/tianbot/slash_ws/install/grid_map_msgs/share/grid_map_msgs/cmake/export_grid_map_msgs__rosidl_typesupport_fastrtps_cExport.cmake
[0.845s] -- Up-to-date: /home/tianbot/slash_ws/install/grid_map_msgs/share/grid_map_msgs/cmake/export_grid_map_msgs__rosidl_typesupport_fastrtps_cExport-release.cmake
[0.845s] -- Up-to-date: /home/tianbot/slash_ws/install/grid_map_msgs/share/grid_map_msgs/cmake/export_grid_map_msgs__rosidl_generator_cppExport.cmake
[0.845s] -- Up-to-date: /home/tianbot/slash_ws/install/grid_map_msgs/share/grid_map_msgs/cmake/export_grid_map_msgs__rosidl_typesupport_fastrtps_cppExport.cmake
[0.846s] -- Up-to-date: /home/tianbot/slash_ws/install/grid_map_msgs/share/grid_map_msgs/cmake/export_grid_map_msgs__rosidl_typesupport_fastrtps_cppExport-release.cmake
[0.846s] -- Up-to-date: /home/tianbot/slash_ws/install/grid_map_msgs/share/grid_map_msgs/cmake/grid_map_msgs__rosidl_typesupport_introspection_cExport.cmake
[0.846s] -- Up-to-date: /home/tianbot/slash_ws/install/grid_map_msgs/share/grid_map_msgs/cmake/grid_map_msgs__rosidl_typesupport_introspection_cExport-release.cmake
[0.846s] -- Up-to-date: /home/tianbot/slash_ws/install/grid_map_msgs/share/grid_map_msgs/cmake/grid_map_msgs__rosidl_typesupport_cExport.cmake
[0.846s] -- Up-to-date: /home/tianbot/slash_ws/install/grid_map_msgs/share/grid_map_msgs/cmake/grid_map_msgs__rosidl_typesupport_cExport-release.cmake
[0.846s] -- Up-to-date: /home/tianbot/slash_ws/install/grid_map_msgs/share/grid_map_msgs/cmake/grid_map_msgs__rosidl_typesupport_introspection_cppExport.cmake
[0.846s] -- Up-to-date: /home/tianbot/slash_ws/install/grid_map_msgs/share/grid_map_msgs/cmake/grid_map_msgs__rosidl_typesupport_introspection_cppExport-release.cmake
[0.846s] -- Up-to-date: /home/tianbot/slash_ws/install/grid_map_msgs/share/grid_map_msgs/cmake/grid_map_msgs__rosidl_typesupport_cppExport.cmake
[0.846s] -- Up-to-date: /home/tianbot/slash_ws/install/grid_map_msgs/share/grid_map_msgs/cmake/grid_map_msgs__rosidl_typesupport_cppExport-release.cmake
[0.846s] -- Up-to-date: /home/tianbot/slash_ws/install/grid_map_msgs/share/grid_map_msgs/cmake/export_grid_map_msgs__rosidl_generator_pyExport.cmake
[0.846s] -- Up-to-date: /home/tianbot/slash_ws/install/grid_map_msgs/share/grid_map_msgs/cmake/export_grid_map_msgs__rosidl_generator_pyExport-release.cmake
[0.847s] Invoked command in '/home/tianbot/slash_ws/build/grid_map_msgs' returned '0': AMENT_PREFIX_PATH=/home/tianbot/slash_ws/install/grid_map_cmake_helpers:${AMENT_PREFIX_PATH} CMAKE_PREFIX_PATH=/home/tianbot/slash_ws/install/grid_map_cmake_helpers:/home/tianbot/tianracer_ros2_ws/install/vesc_ackermann:/home/tianbot/tianracer_ros2_ws/install/vesc_msgs:/home/tianbot/tianracer_ros2_ws/install/vector_pursuit_controller:/home/tianbot/tianracer_ros2_ws/install/tianracer_slam:/home/tianbot/tianracer_ros2_ws/install/tianracer_rviz:/home/tianbot/tianracer_ros2_ws/install/tianracer_navigation2:/home/tianbot/tianracer_ros2_ws/install/tianracer_navigation:/home/tianbot/tianracer_ros2_ws/install/tianracer_jetson:/home/tianbot/tianracer_ros2_ws/install/tianracer_description:/home/tianbot/tianracer_ros2_ws/install/tianracer_core:/home/tianbot/tianracer_ros2_ws/install/tianracer_competition:/home/tianbot/tianracer_ros2_ws/install/tianracer_bringup:/home/tianbot/tianracer_ros2_ws/install/twist_to_ackermann:/home/tianbot/tianracer_ros2_ws/install/tf2_web_republisher_py:/home/tianbot/tianracer_ros2_ws/install/joy_teleop:/home/tianbot/tianracer_ros2_ws/install/mouse_teleop:/home/tianbot/tianracer_ros2_ws/install/key_teleop:/home/tianbot/slash_ws/install/f1tenth_stack:/home/tianbot/slash_ws/install/joy_teleop:/home/tianbot/slash_ws/install/mouse_teleop:/home/tianbot/slash_ws/install/key_teleop:/opt/ros/humble:/home/tianbot/tianracer_ros2_ws/install/tianracer:/home/tianbot/tianracer_ros2_ws/install/tianbot_core:/home/tianbot/tianracer_ros2_ws/install/tf2_web_republisher:/home/tianbot/tianracer_ros2_ws/install/teleop_tools:/home/tianbot/tianracer_ros2_ws/install/teleop_tools_msgs:/home/tianbot/tianracer_ros2_ws/install/teb_local_planner:/home/tianbot/tianracer_ros2_ws/install/teb_msgs:/home/tianbot/tianracer_ros2_ws/install/slam_gmapping:/home/tianbot/tianracer_ros2_ws/install/openslam_gmapping:/home/tianbot/tianracer_ros2_ws/install/lakibeam1:/home/tianbot/tianracer_ros2_ws/install/costmap_intensity:/home/tianbot/tianracer_ros2_ws/install/costmap_converter:/home/tianbot/tianracer_ros2_ws/install/costmap_converter_msgs:/home/tianbot/tianracer_ros2_ws/install/behavior_ext_plugins:/home/tianbot/tianracer_ros2_ws/install/ackermann_mux:/home/tianbot/slash_ws/install/vesc:/home/tianbot/slash_ws/install/vesc_driver:/home/tianbot/slash_ws/install/vesc_ackermann:/home/tianbot/slash_ws/install/vesc_msgs:/home/tianbot/slash_ws/install/teleop_tools:/home/tianbot/slash_ws/install/teleop_tools_msgs:/home/tianbot/slash_ws/install/teb_local_planner:/home/tianbot/slash_ws/install/teb_msgs:/home/tianbot/slash_ws/install/slash_nav2:/home/tianbot/slash_ws/install/pointcloud_to_laserscan:/home/tianbot/slash_ws/install/pointcloud_filter:/home/tianbot/slash_ws/install/fast_lio:/home/tianbot/slash_ws/install/livox_ros_driver2:/home/tianbot/slash_ws/install/linefit_ground_segmentation_ros:/home/tianbot/slash_ws/install/linefit_ground_segmentation:/home/tianbot/slash_ws/install/icp_localization:/home/tianbot/slash_ws/install/dll:/home/tianbot/slash_ws/install/costmap_converter:/home/tianbot/slash_ws/install/costmap_converter_msgs:/home/tianbot/slash_ws/install/ackermann_mux /usr/bin/cmake --install /home/tianbot/slash_ws/build/grid_map_msgs
