[0.000000] (-) TimerEvent: {}
[0.000401] (-) JobUnselected: {'identifier': 'ackermann_mux'}
[0.000489] (-) JobUnselected: {'identifier': 'costmap_converter'}
[0.000560] (-) JobUnselected: {'identifier': 'costmap_converter_msgs'}
[0.000638] (-) JobUnselected: {'identifier': 'dll'}
[0.000676] (-) JobUnselected: {'identifier': 'f1tenth_stack'}
[0.000700] (-) JobUnselected: {'identifier': 'fast_lio'}
[0.000721] (-) JobUnselected: {'identifier': 'grid_map'}
[0.000747] (-) JobUnselected: {'identifier': 'grid_map_cmake_helpers'}
[0.000769] (-) JobUnselected: {'identifier': 'grid_map_core'}
[0.000790] (-) JobUnselected: {'identifier': 'grid_map_costmap_2d'}
[0.000811] (-) JobUnselected: {'identifier': 'grid_map_cv'}
[0.000831] (-) JobUnselected: {'identifier': 'grid_map_demos'}
[0.000852] (-) JobUnselected: {'identifier': 'grid_map_filters'}
[0.000873] (-) JobUnselected: {'identifier': 'grid_map_loader'}
[0.000893] (-) JobUnselected: {'identifier': 'grid_map_msgs'}
[0.000914] (-) JobUnselected: {'identifier': 'grid_map_octomap'}
[0.000935] (-) JobUnselected: {'identifier': 'grid_map_pcl'}
[0.000955] (-) JobUnselected: {'identifier': 'grid_map_ros'}
[0.000976] (-) JobUnselected: {'identifier': 'grid_map_rviz_plugin'}
[0.000998] (-) JobUnselected: {'identifier': 'grid_map_sdf'}
[0.001018] (-) JobUnselected: {'identifier': 'grid_map_visualization'}
[0.001039] (-) JobUnselected: {'identifier': 'icp_localization'}
[0.001059] (-) JobUnselected: {'identifier': 'joy_teleop'}
[0.001079] (-) JobUnselected: {'identifier': 'key_teleop'}
[0.001099] (-) JobUnselected: {'identifier': 'linefit_ground_segmentation'}
[0.001120] (-) JobUnselected: {'identifier': 'linefit_ground_segmentation_ros'}
[0.001140] (-) JobUnselected: {'identifier': 'livox_ros_driver2'}
[0.001160] (-) JobUnselected: {'identifier': 'mouse_teleop'}
[0.001180] (-) JobUnselected: {'identifier': 'nav2_msg_costmap_plugin'}
[0.001201] (-) JobUnselected: {'identifier': 'pointcloud_filter'}
[0.001221] (-) JobUnselected: {'identifier': 'pointcloud_to_laserscan'}
[0.001241] (-) JobUnselected: {'identifier': 'slash_nav2'}
[0.001261] (-) JobUnselected: {'identifier': 'teb_local_planner'}
[0.001282] (-) JobUnselected: {'identifier': 'teb_msgs'}
[0.001302] (-) JobUnselected: {'identifier': 'teleop_tools'}
[0.001322] (-) JobUnselected: {'identifier': 'teleop_tools_msgs'}
[0.001342] (-) JobUnselected: {'identifier': 'vesc'}
[0.001363] (-) JobUnselected: {'identifier': 'vesc_ackermann'}
[0.001383] (-) JobUnselected: {'identifier': 'vesc_driver'}
[0.001403] (-) JobUnselected: {'identifier': 'vesc_msgs'}
[0.001424] (-) EventReactorShutdown: {}
