[0.021s] Invoking command in '/home/tianbot/slash_ws/build/fast_lio': CMAKE_PREFIX_PATH=/home/tianbot/slash_ws/install/livox_ros_driver2:/home/tianbot/tianracer_ros2_ws/install/vesc_ackermann:/home/tianbot/tianracer_ros2_ws/install/vesc_msgs:/home/tianbot/tianracer_ros2_ws/install/vector_pursuit_controller:/home/tianbot/tianracer_ros2_ws/install/tianracer_slam:/home/tianbot/tianracer_ros2_ws/install/tianracer_rviz:/home/tianbot/tianracer_ros2_ws/install/tianracer_navigation2:/home/tianbot/tianracer_ros2_ws/install/tianracer_navigation:/home/tianbot/tianracer_ros2_ws/install/tianracer_jetson:/home/tianbot/tianracer_ros2_ws/install/tianracer_description:/home/tianbot/tianracer_ros2_ws/install/tianracer_core:/home/tianbot/tianracer_ros2_ws/install/tianracer_competition:/home/tianbot/tianracer_ros2_ws/install/tianracer_bringup:/home/tianbot/tianracer_ros2_ws/install/twist_to_ackermann:/home/tianbot/tianracer_ros2_ws/install/tf2_web_republisher_py:/home/tianbot/tianracer_ros2_ws/install/joy_teleop:/home/tianbot/tianracer_ros2_ws/install/mouse_teleop:/home/tianbot/tianracer_ros2_ws/install/key_teleop:/home/tianbot/slash_ws/install/f1tenth_stack:/home/tianbot/slash_ws/install/joy_teleop:/home/tianbot/slash_ws/install/mouse_teleop:/home/tianbot/slash_ws/install/key_teleop:/opt/ros/humble:/home/tianbot/tianracer_ros2_ws/install/tianracer:/home/tianbot/tianracer_ros2_ws/install/tianbot_core:/home/tianbot/tianracer_ros2_ws/install/tf2_web_republisher:/home/tianbot/tianracer_ros2_ws/install/teleop_tools:/home/tianbot/tianracer_ros2_ws/install/teleop_tools_msgs:/home/tianbot/tianracer_ros2_ws/install/teb_local_planner:/home/tianbot/tianracer_ros2_ws/install/teb_msgs:/home/tianbot/tianracer_ros2_ws/install/slam_gmapping:/home/tianbot/tianracer_ros2_ws/install/openslam_gmapping:/home/tianbot/tianracer_ros2_ws/install/lakibeam1:/home/tianbot/tianracer_ros2_ws/install/costmap_intensity:/home/tianbot/tianracer_ros2_ws/install/costmap_converter:/home/tianbot/tianracer_ros2_ws/install/costmap_converter_msgs:/home/tianbot/tianracer_ros2_ws/install/behavior_ext_plugins:/home/tianbot/tianracer_ros2_ws/install/ackermann_mux:/home/tianbot/slash_ws/install/vesc:/home/tianbot/slash_ws/install/vesc_driver:/home/tianbot/slash_ws/install/vesc_ackermann:/home/tianbot/slash_ws/install/vesc_msgs:/home/tianbot/slash_ws/install/teleop_tools:/home/tianbot/slash_ws/install/teleop_tools_msgs:/home/tianbot/slash_ws/install/teb_local_planner:/home/tianbot/slash_ws/install/teb_msgs:/home/tianbot/slash_ws/install/slash_nav2:/home/tianbot/slash_ws/install/pointcloud_to_laserscan:/home/tianbot/slash_ws/install/pointcloud_filter:/home/tianbot/slash_ws/install/fast_lio:/home/tianbot/slash_ws/install/linefit_ground_segmentation_ros:/home/tianbot/slash_ws/install/linefit_ground_segmentation:/home/tianbot/slash_ws/install/dll:/home/tianbot/slash_ws/install/costmap_converter:/home/tianbot/slash_ws/install/costmap_converter_msgs:/home/tianbot/slash_ws/install/ackermann_mux LD_LIBRARY_PATH=/home/tianbot/slash_ws/install/livox_ros_driver2/lib:/home/tianbot/tianracer_ros2_ws/install/vesc_ackermann/lib:/home/tianbot/tianracer_ros2_ws/install/vesc_msgs/lib:/home/tianbot/tianracer_ros2_ws/install/vector_pursuit_controller/lib:/home/tianbot/tianracer_ros2_ws/install/tianbot_core/lib:/home/tianbot/tianracer_ros2_ws/install/tf2_web_republisher/lib:/home/tianbot/tianracer_ros2_ws/install/teleop_tools_msgs/lib:/home/tianbot/tianracer_ros2_ws/install/teb_local_planner/lib:/home/tianbot/tianracer_ros2_ws/install/teb_msgs/lib:/home/tianbot/tianracer_ros2_ws/install/openslam_gmapping/lib:/home/tianbot/tianracer_ros2_ws/install/costmap_intensity/lib:/home/tianbot/tianracer_ros2_ws/install/costmap_converter/lib:/home/tianbot/tianracer_ros2_ws/install/costmap_converter_msgs/lib:/home/tianbot/tianracer_ros2_ws/install/behavior_ext_plugins/lib:/home/tianbot/slash_ws/install/vesc_driver/lib:/home/tianbot/slash_ws/install/vesc_ackermann/lib:/home/tianbot/slash_ws/install/vesc_msgs/lib:/home/tianbot/slash_ws/install/teleop_tools_msgs/lib:/home/tianbot/slash_ws/install/teb_local_planner/lib:/home/tianbot/slash_ws/install/teb_msgs/lib:/home/tianbot/slash_ws/install/pointcloud_to_laserscan/lib:/home/tianbot/slash_ws/install/fast_lio/lib:/home/tianbot/slash_ws/install/linefit_ground_segmentation/lib:/home/tianbot/slash_ws/install/costmap_converter/lib:/home/tianbot/slash_ws/install/costmap_converter_msgs/lib:/opt/ros/humble/opt/zenoh_cpp_vendor/lib:/usr/lib/x86_64-linux-gnu/gazebo-11/plugins:/opt/ros/humble/opt/rviz_ogre_vendor/lib:/opt/ros/humble/lib/x86_64-linux-gnu:/opt/ros/humble/opt/openvdb_vendor/lib:/opt/ros/humble/lib /usr/bin/cmake /home/tianbot/slash_ws/src/slash_localization/FAST_LIO -DAMENT_CMAKE_SYMLINK_INSTALL=1 -DCMAKE_INSTALL_PREFIX=/home/tianbot/slash_ws/install/fast_lio
[0.051s] -- Found PythonLibs: /usr/lib/x86_64-linux-gnu/libpython3.10.so (found version "3.10.12") 
[0.052s] -- Found ament_cmake: 1.3.12 (/opt/ros/humble/share/ament_cmake/cmake)
[0.221s] -- Override CMake install command with custom implementation using symlinks instead of copying resources
[0.233s] -- Found rclcpp: 16.0.15 (/opt/ros/humble/share/rclcpp/cmake)
[0.273s] -- Found rosidl_generator_c: 3.1.7 (/opt/ros/humble/share/rosidl_generator_c/cmake)
[0.276s] -- Found rosidl_adapter: 3.1.7 (/opt/ros/humble/share/rosidl_adapter/cmake)
[0.284s] -- Found rosidl_generator_cpp: 3.1.7 (/opt/ros/humble/share/rosidl_generator_cpp/cmake)
[0.299s] -- Using all available rosidl_typesupport_c: rosidl_typesupport_fastrtps_c;rosidl_typesupport_introspection_c
[0.317s] -- Using all available rosidl_typesupport_cpp: rosidl_typesupport_fastrtps_cpp;rosidl_typesupport_introspection_cpp
[0.361s] -- Found rmw_implementation_cmake: 6.1.2 (/opt/ros/humble/share/rmw_implementation_cmake/cmake)
[0.366s] -- Found rmw_cyclonedds_cpp: 1.3.4 (/opt/ros/humble/share/rmw_cyclonedds_cpp/cmake)
[0.398s] -- Using RMW implementation 'rmw_cyclonedds_cpp' as default
[0.469s] -- Found rclcpp_components: 16.0.15 (/opt/ros/humble/share/rclcpp_components/cmake)
[0.494s] -- Found geometry_msgs: 4.9.0 (/opt/ros/humble/share/geometry_msgs/cmake)
[0.511s] -- Found nav_msgs: 4.9.0 (/opt/ros/humble/share/nav_msgs/cmake)
[0.533s] -- Found sensor_msgs: 4.9.0 (/opt/ros/humble/share/sensor_msgs/cmake)
[0.556s] -- Found std_srvs: 4.9.0 (/opt/ros/humble/share/std_srvs/cmake)
[0.569s] -- Found visualization_msgs: 4.9.0 (/opt/ros/humble/share/visualization_msgs/cmake)
[0.593s] -- Found pcl_ros: 2.4.5 (/opt/ros/humble/share/pcl_ros/cmake)
[0.641s] -- Eigen found (include: /usr/include/eigen3, version: 3.4.0)
[0.683s] -- FLANN found (include: /usr/include, lib: /usr/lib/x86_64-linux-gnu/libflann_cpp.so)
[1.153s] -- OpenNI found (version: 1.5.4.0, include: /usr/include/ni, lib: /usr/lib/libOpenNI.so;libusb::libusb)
[1.160s] -- OpenNI2 found (version: 2.2.0.33, include: /usr/include/openni2, lib: /usr/lib/x86_64-linux-gnu/libOpenNI2.so;libusb::libusb)
[1.331s] -- Eigen found (include: /usr/include/eigen3, version: 3.4.0)
[1.337s] -- OpenNI found (version: 1.5.4.0, include: /usr/include/ni, lib: /usr/lib/libOpenNI.so;libusb::libusb)
[1.344s] -- OpenNI2 found (version: 2.2.0.33, include: /usr/include/openni2, lib: /usr/lib/x86_64-linux-gnu/libOpenNI2.so;libusb::libusb)
[1.512s] -- Found Qhull version 8.0.2
[1.676s] -- OpenNI found (version: 1.5.4.0, include: /usr/include/ni, lib: /usr/lib/libOpenNI.so;libusb::libusb)
[1.862s] -- Found eigen3_cmake_module: 0.1.1 (/opt/ros/humble/share/eigen3_cmake_module/cmake)
[1.864s] -- Ensuring Eigen3 include directory is part of orocos-kdl CMake target
[1.941s] -- Found livox_ros_driver2: 1.0.0 (/home/tianbot/slash_ws/install/livox_ros_driver2/share/livox_ros_driver2/cmake)
[1.961s] -- Found rosidl_default_generators: 1.2.0 (/opt/ros/humble/share/rosidl_default_generators/cmake)
[2.308s] -- Found ament_cmake_ros: 0.10.0 (/opt/ros/humble/share/ament_cmake_ros/cmake)
[2.715s] -- Using all available rosidl_typesupport_c: rosidl_typesupport_fastrtps_c;rosidl_typesupport_introspection_c
[2.871s] -- Using all available rosidl_typesupport_cpp: rosidl_typesupport_fastrtps_cpp;rosidl_typesupport_introspection_cpp
[2.902s] -- Found python_cmake_module: 0.10.0 (/opt/ros/humble/share/python_cmake_module/cmake)
[2.933s] -- Found PythonLibs: /usr/lib/x86_64-linux-gnu/libpython3.10.so (found suitable version "3.10.12", minimum required is "3.5") 
[2.934s] -- Using PYTHON_EXECUTABLE: /usr/bin/python3
[2.934s] -- Using PYTHON_INCLUDE_DIRS: /usr/include/python3.10
[2.934s] -- Using PYTHON_LIBRARIES: /usr/lib/x86_64-linux-gnu/libpython3.10.so
[3.037s] -- Configuring done
[3.130s] -- Generating done
[3.152s] -- Build files have been written to: /home/tianbot/slash_ws/build/fast_lio
[3.169s] Invoked command in '/home/tianbot/slash_ws/build/fast_lio' returned '0': CMAKE_PREFIX_PATH=/home/tianbot/slash_ws/install/livox_ros_driver2:/home/tianbot/tianracer_ros2_ws/install/vesc_ackermann:/home/tianbot/tianracer_ros2_ws/install/vesc_msgs:/home/tianbot/tianracer_ros2_ws/install/vector_pursuit_controller:/home/tianbot/tianracer_ros2_ws/install/tianracer_slam:/home/tianbot/tianracer_ros2_ws/install/tianracer_rviz:/home/tianbot/tianracer_ros2_ws/install/tianracer_navigation2:/home/tianbot/tianracer_ros2_ws/install/tianracer_navigation:/home/tianbot/tianracer_ros2_ws/install/tianracer_jetson:/home/tianbot/tianracer_ros2_ws/install/tianracer_description:/home/tianbot/tianracer_ros2_ws/install/tianracer_core:/home/tianbot/tianracer_ros2_ws/install/tianracer_competition:/home/tianbot/tianracer_ros2_ws/install/tianracer_bringup:/home/tianbot/tianracer_ros2_ws/install/twist_to_ackermann:/home/tianbot/tianracer_ros2_ws/install/tf2_web_republisher_py:/home/tianbot/tianracer_ros2_ws/install/joy_teleop:/home/tianbot/tianracer_ros2_ws/install/mouse_teleop:/home/tianbot/tianracer_ros2_ws/install/key_teleop:/home/tianbot/slash_ws/install/f1tenth_stack:/home/tianbot/slash_ws/install/joy_teleop:/home/tianbot/slash_ws/install/mouse_teleop:/home/tianbot/slash_ws/install/key_teleop:/opt/ros/humble:/home/tianbot/tianracer_ros2_ws/install/tianracer:/home/tianbot/tianracer_ros2_ws/install/tianbot_core:/home/tianbot/tianracer_ros2_ws/install/tf2_web_republisher:/home/tianbot/tianracer_ros2_ws/install/teleop_tools:/home/tianbot/tianracer_ros2_ws/install/teleop_tools_msgs:/home/tianbot/tianracer_ros2_ws/install/teb_local_planner:/home/tianbot/tianracer_ros2_ws/install/teb_msgs:/home/tianbot/tianracer_ros2_ws/install/slam_gmapping:/home/tianbot/tianracer_ros2_ws/install/openslam_gmapping:/home/tianbot/tianracer_ros2_ws/install/lakibeam1:/home/tianbot/tianracer_ros2_ws/install/costmap_intensity:/home/tianbot/tianracer_ros2_ws/install/costmap_converter:/home/tianbot/tianracer_ros2_ws/install/costmap_converter_msgs:/home/tianbot/tianracer_ros2_ws/install/behavior_ext_plugins:/home/tianbot/tianracer_ros2_ws/install/ackermann_mux:/home/tianbot/slash_ws/install/vesc:/home/tianbot/slash_ws/install/vesc_driver:/home/tianbot/slash_ws/install/vesc_ackermann:/home/tianbot/slash_ws/install/vesc_msgs:/home/tianbot/slash_ws/install/teleop_tools:/home/tianbot/slash_ws/install/teleop_tools_msgs:/home/tianbot/slash_ws/install/teb_local_planner:/home/tianbot/slash_ws/install/teb_msgs:/home/tianbot/slash_ws/install/slash_nav2:/home/tianbot/slash_ws/install/pointcloud_to_laserscan:/home/tianbot/slash_ws/install/pointcloud_filter:/home/tianbot/slash_ws/install/fast_lio:/home/tianbot/slash_ws/install/linefit_ground_segmentation_ros:/home/tianbot/slash_ws/install/linefit_ground_segmentation:/home/tianbot/slash_ws/install/dll:/home/tianbot/slash_ws/install/costmap_converter:/home/tianbot/slash_ws/install/costmap_converter_msgs:/home/tianbot/slash_ws/install/ackermann_mux LD_LIBRARY_PATH=/home/tianbot/slash_ws/install/livox_ros_driver2/lib:/home/tianbot/tianracer_ros2_ws/install/vesc_ackermann/lib:/home/tianbot/tianracer_ros2_ws/install/vesc_msgs/lib:/home/tianbot/tianracer_ros2_ws/install/vector_pursuit_controller/lib:/home/tianbot/tianracer_ros2_ws/install/tianbot_core/lib:/home/tianbot/tianracer_ros2_ws/install/tf2_web_republisher/lib:/home/tianbot/tianracer_ros2_ws/install/teleop_tools_msgs/lib:/home/tianbot/tianracer_ros2_ws/install/teb_local_planner/lib:/home/tianbot/tianracer_ros2_ws/install/teb_msgs/lib:/home/tianbot/tianracer_ros2_ws/install/openslam_gmapping/lib:/home/tianbot/tianracer_ros2_ws/install/costmap_intensity/lib:/home/tianbot/tianracer_ros2_ws/install/costmap_converter/lib:/home/tianbot/tianracer_ros2_ws/install/costmap_converter_msgs/lib:/home/tianbot/tianracer_ros2_ws/install/behavior_ext_plugins/lib:/home/tianbot/slash_ws/install/vesc_driver/lib:/home/tianbot/slash_ws/install/vesc_ackermann/lib:/home/tianbot/slash_ws/install/vesc_msgs/lib:/home/tianbot/slash_ws/install/teleop_tools_msgs/lib:/home/tianbot/slash_ws/install/teb_local_planner/lib:/home/tianbot/slash_ws/install/teb_msgs/lib:/home/tianbot/slash_ws/install/pointcloud_to_laserscan/lib:/home/tianbot/slash_ws/install/fast_lio/lib:/home/tianbot/slash_ws/install/linefit_ground_segmentation/lib:/home/tianbot/slash_ws/install/costmap_converter/lib:/home/tianbot/slash_ws/install/costmap_converter_msgs/lib:/opt/ros/humble/opt/zenoh_cpp_vendor/lib:/usr/lib/x86_64-linux-gnu/gazebo-11/plugins:/opt/ros/humble/opt/rviz_ogre_vendor/lib:/opt/ros/humble/lib/x86_64-linux-gnu:/opt/ros/humble/opt/openvdb_vendor/lib:/opt/ros/humble/lib /usr/bin/cmake /home/tianbot/slash_ws/src/slash_localization/FAST_LIO -DAMENT_CMAKE_SYMLINK_INSTALL=1 -DCMAKE_INSTALL_PREFIX=/home/tianbot/slash_ws/install/fast_lio
[3.171s] Invoking command in '/home/tianbot/slash_ws/build/fast_lio': CMAKE_PREFIX_PATH=/home/tianbot/slash_ws/install/livox_ros_driver2:/home/tianbot/tianracer_ros2_ws/install/vesc_ackermann:/home/tianbot/tianracer_ros2_ws/install/vesc_msgs:/home/tianbot/tianracer_ros2_ws/install/vector_pursuit_controller:/home/tianbot/tianracer_ros2_ws/install/tianracer_slam:/home/tianbot/tianracer_ros2_ws/install/tianracer_rviz:/home/tianbot/tianracer_ros2_ws/install/tianracer_navigation2:/home/tianbot/tianracer_ros2_ws/install/tianracer_navigation:/home/tianbot/tianracer_ros2_ws/install/tianracer_jetson:/home/tianbot/tianracer_ros2_ws/install/tianracer_description:/home/tianbot/tianracer_ros2_ws/install/tianracer_core:/home/tianbot/tianracer_ros2_ws/install/tianracer_competition:/home/tianbot/tianracer_ros2_ws/install/tianracer_bringup:/home/tianbot/tianracer_ros2_ws/install/twist_to_ackermann:/home/tianbot/tianracer_ros2_ws/install/tf2_web_republisher_py:/home/tianbot/tianracer_ros2_ws/install/joy_teleop:/home/tianbot/tianracer_ros2_ws/install/mouse_teleop:/home/tianbot/tianracer_ros2_ws/install/key_teleop:/home/tianbot/slash_ws/install/f1tenth_stack:/home/tianbot/slash_ws/install/joy_teleop:/home/tianbot/slash_ws/install/mouse_teleop:/home/tianbot/slash_ws/install/key_teleop:/opt/ros/humble:/home/tianbot/tianracer_ros2_ws/install/tianracer:/home/tianbot/tianracer_ros2_ws/install/tianbot_core:/home/tianbot/tianracer_ros2_ws/install/tf2_web_republisher:/home/tianbot/tianracer_ros2_ws/install/teleop_tools:/home/tianbot/tianracer_ros2_ws/install/teleop_tools_msgs:/home/tianbot/tianracer_ros2_ws/install/teb_local_planner:/home/tianbot/tianracer_ros2_ws/install/teb_msgs:/home/tianbot/tianracer_ros2_ws/install/slam_gmapping:/home/tianbot/tianracer_ros2_ws/install/openslam_gmapping:/home/tianbot/tianracer_ros2_ws/install/lakibeam1:/home/tianbot/tianracer_ros2_ws/install/costmap_intensity:/home/tianbot/tianracer_ros2_ws/install/costmap_converter:/home/tianbot/tianracer_ros2_ws/install/costmap_converter_msgs:/home/tianbot/tianracer_ros2_ws/install/behavior_ext_plugins:/home/tianbot/tianracer_ros2_ws/install/ackermann_mux:/home/tianbot/slash_ws/install/vesc:/home/tianbot/slash_ws/install/vesc_driver:/home/tianbot/slash_ws/install/vesc_ackermann:/home/tianbot/slash_ws/install/vesc_msgs:/home/tianbot/slash_ws/install/teleop_tools:/home/tianbot/slash_ws/install/teleop_tools_msgs:/home/tianbot/slash_ws/install/teb_local_planner:/home/tianbot/slash_ws/install/teb_msgs:/home/tianbot/slash_ws/install/slash_nav2:/home/tianbot/slash_ws/install/pointcloud_to_laserscan:/home/tianbot/slash_ws/install/pointcloud_filter:/home/tianbot/slash_ws/install/fast_lio:/home/tianbot/slash_ws/install/linefit_ground_segmentation_ros:/home/tianbot/slash_ws/install/linefit_ground_segmentation:/home/tianbot/slash_ws/install/dll:/home/tianbot/slash_ws/install/costmap_converter:/home/tianbot/slash_ws/install/costmap_converter_msgs:/home/tianbot/slash_ws/install/ackermann_mux LD_LIBRARY_PATH=/home/tianbot/slash_ws/install/livox_ros_driver2/lib:/home/tianbot/tianracer_ros2_ws/install/vesc_ackermann/lib:/home/tianbot/tianracer_ros2_ws/install/vesc_msgs/lib:/home/tianbot/tianracer_ros2_ws/install/vector_pursuit_controller/lib:/home/tianbot/tianracer_ros2_ws/install/tianbot_core/lib:/home/tianbot/tianracer_ros2_ws/install/tf2_web_republisher/lib:/home/tianbot/tianracer_ros2_ws/install/teleop_tools_msgs/lib:/home/tianbot/tianracer_ros2_ws/install/teb_local_planner/lib:/home/tianbot/tianracer_ros2_ws/install/teb_msgs/lib:/home/tianbot/tianracer_ros2_ws/install/openslam_gmapping/lib:/home/tianbot/tianracer_ros2_ws/install/costmap_intensity/lib:/home/tianbot/tianracer_ros2_ws/install/costmap_converter/lib:/home/tianbot/tianracer_ros2_ws/install/costmap_converter_msgs/lib:/home/tianbot/tianracer_ros2_ws/install/behavior_ext_plugins/lib:/home/tianbot/slash_ws/install/vesc_driver/lib:/home/tianbot/slash_ws/install/vesc_ackermann/lib:/home/tianbot/slash_ws/install/vesc_msgs/lib:/home/tianbot/slash_ws/install/teleop_tools_msgs/lib:/home/tianbot/slash_ws/install/teb_local_planner/lib:/home/tianbot/slash_ws/install/teb_msgs/lib:/home/tianbot/slash_ws/install/pointcloud_to_laserscan/lib:/home/tianbot/slash_ws/install/fast_lio/lib:/home/tianbot/slash_ws/install/linefit_ground_segmentation/lib:/home/tianbot/slash_ws/install/costmap_converter/lib:/home/tianbot/slash_ws/install/costmap_converter_msgs/lib:/opt/ros/humble/opt/zenoh_cpp_vendor/lib:/usr/lib/x86_64-linux-gnu/gazebo-11/plugins:/opt/ros/humble/opt/rviz_ogre_vendor/lib:/opt/ros/humble/lib/x86_64-linux-gnu:/opt/ros/humble/opt/openvdb_vendor/lib:/opt/ros/humble/lib /usr/bin/cmake --build /home/tianbot/slash_ws/build/fast_lio -- -j4 -l4
[3.225s] Consolidate compiler generated dependencies of target fast_lio__rosidl_generator_c
[3.238s] [  2%] Built target fast_lio__cpp
[3.243s] [ 11%] Built target fast_lio__rosidl_generator_c
[3.251s] [ 11%] Built target ament_cmake_python_symlink_fast_lio
[3.257s] Consolidate compiler generated dependencies of target fast_lio__rosidl_typesupport_fastrtps_cpp
[3.260s] Consolidate compiler generated dependencies of target fast_lio__rosidl_typesupport_cpp
[3.263s] Consolidate compiler generated dependencies of target fast_lio__rosidl_typesupport_introspection_cpp
[3.266s] Consolidate compiler generated dependencies of target fast_lio__rosidl_typesupport_fastrtps_c
[3.282s] [ 20%] Built target fast_lio__rosidl_typesupport_fastrtps_c
[3.291s] [ 28%] Built target fast_lio__rosidl_typesupport_cpp
[3.291s] [ 37%] Built target fast_lio__rosidl_typesupport_fastrtps_cpp
[3.292s] [ 45%] Built target fast_lio__rosidl_typesupport_introspection_cpp
[3.303s] Consolidate compiler generated dependencies of target fast_lio__rosidl_typesupport_introspection_c
[3.309s] Consolidate compiler generated dependencies of target fast_lio__rosidl_typesupport_c
[3.319s] [ 54%] Built target fast_lio__rosidl_typesupport_introspection_c
[3.327s] [ 62%] Built target fast_lio__rosidl_typesupport_c
[3.352s] Consolidate compiler generated dependencies of target fastlio_mapping
[3.353s] [ 62%] Built target fast_lio
[3.382s] [ 65%] Built target fast_lio__py
[3.400s] Consolidate compiler generated dependencies of target fast_lio__rosidl_generator_py
[3.415s] [ 71%] Built target fast_lio__rosidl_generator_py
[3.435s] Consolidate compiler generated dependencies of target fast_lio__rosidl_typesupport_introspection_c__pyext
[3.435s] Consolidate compiler generated dependencies of target fast_lio__rosidl_typesupport_fastrtps_c__pyext
[3.452s] [ 82%] Built target fastlio_mapping
[3.457s] [ 88%] Built target fast_lio__rosidl_typesupport_introspection_c__pyext
[3.460s] [ 94%] Built target fast_lio__rosidl_typesupport_fastrtps_c__pyext
[3.472s] Consolidate compiler generated dependencies of target fast_lio__rosidl_typesupport_c__pyext
[3.486s] [100%] Built target fast_lio__rosidl_typesupport_c__pyext
[3.672s] running egg_info
[3.672s] writing fast_lio.egg-info/PKG-INFO
[3.673s] writing dependency_links to fast_lio.egg-info/dependency_links.txt
[3.673s] writing top-level names to fast_lio.egg-info/top_level.txt
[3.676s] reading manifest file 'fast_lio.egg-info/SOURCES.txt'
[3.677s] writing manifest file 'fast_lio.egg-info/SOURCES.txt'
[3.707s] [100%] Built target ament_cmake_python_build_fast_lio_egg
[3.719s] Invoked command in '/home/tianbot/slash_ws/build/fast_lio' returned '0': CMAKE_PREFIX_PATH=/home/tianbot/slash_ws/install/livox_ros_driver2:/home/tianbot/tianracer_ros2_ws/install/vesc_ackermann:/home/tianbot/tianracer_ros2_ws/install/vesc_msgs:/home/tianbot/tianracer_ros2_ws/install/vector_pursuit_controller:/home/tianbot/tianracer_ros2_ws/install/tianracer_slam:/home/tianbot/tianracer_ros2_ws/install/tianracer_rviz:/home/tianbot/tianracer_ros2_ws/install/tianracer_navigation2:/home/tianbot/tianracer_ros2_ws/install/tianracer_navigation:/home/tianbot/tianracer_ros2_ws/install/tianracer_jetson:/home/tianbot/tianracer_ros2_ws/install/tianracer_description:/home/tianbot/tianracer_ros2_ws/install/tianracer_core:/home/tianbot/tianracer_ros2_ws/install/tianracer_competition:/home/tianbot/tianracer_ros2_ws/install/tianracer_bringup:/home/tianbot/tianracer_ros2_ws/install/twist_to_ackermann:/home/tianbot/tianracer_ros2_ws/install/tf2_web_republisher_py:/home/tianbot/tianracer_ros2_ws/install/joy_teleop:/home/tianbot/tianracer_ros2_ws/install/mouse_teleop:/home/tianbot/tianracer_ros2_ws/install/key_teleop:/home/tianbot/slash_ws/install/f1tenth_stack:/home/tianbot/slash_ws/install/joy_teleop:/home/tianbot/slash_ws/install/mouse_teleop:/home/tianbot/slash_ws/install/key_teleop:/opt/ros/humble:/home/tianbot/tianracer_ros2_ws/install/tianracer:/home/tianbot/tianracer_ros2_ws/install/tianbot_core:/home/tianbot/tianracer_ros2_ws/install/tf2_web_republisher:/home/tianbot/tianracer_ros2_ws/install/teleop_tools:/home/tianbot/tianracer_ros2_ws/install/teleop_tools_msgs:/home/tianbot/tianracer_ros2_ws/install/teb_local_planner:/home/tianbot/tianracer_ros2_ws/install/teb_msgs:/home/tianbot/tianracer_ros2_ws/install/slam_gmapping:/home/tianbot/tianracer_ros2_ws/install/openslam_gmapping:/home/tianbot/tianracer_ros2_ws/install/lakibeam1:/home/tianbot/tianracer_ros2_ws/install/costmap_intensity:/home/tianbot/tianracer_ros2_ws/install/costmap_converter:/home/tianbot/tianracer_ros2_ws/install/costmap_converter_msgs:/home/tianbot/tianracer_ros2_ws/install/behavior_ext_plugins:/home/tianbot/tianracer_ros2_ws/install/ackermann_mux:/home/tianbot/slash_ws/install/vesc:/home/tianbot/slash_ws/install/vesc_driver:/home/tianbot/slash_ws/install/vesc_ackermann:/home/tianbot/slash_ws/install/vesc_msgs:/home/tianbot/slash_ws/install/teleop_tools:/home/tianbot/slash_ws/install/teleop_tools_msgs:/home/tianbot/slash_ws/install/teb_local_planner:/home/tianbot/slash_ws/install/teb_msgs:/home/tianbot/slash_ws/install/slash_nav2:/home/tianbot/slash_ws/install/pointcloud_to_laserscan:/home/tianbot/slash_ws/install/pointcloud_filter:/home/tianbot/slash_ws/install/fast_lio:/home/tianbot/slash_ws/install/linefit_ground_segmentation_ros:/home/tianbot/slash_ws/install/linefit_ground_segmentation:/home/tianbot/slash_ws/install/dll:/home/tianbot/slash_ws/install/costmap_converter:/home/tianbot/slash_ws/install/costmap_converter_msgs:/home/tianbot/slash_ws/install/ackermann_mux LD_LIBRARY_PATH=/home/tianbot/slash_ws/install/livox_ros_driver2/lib:/home/tianbot/tianracer_ros2_ws/install/vesc_ackermann/lib:/home/tianbot/tianracer_ros2_ws/install/vesc_msgs/lib:/home/tianbot/tianracer_ros2_ws/install/vector_pursuit_controller/lib:/home/tianbot/tianracer_ros2_ws/install/tianbot_core/lib:/home/tianbot/tianracer_ros2_ws/install/tf2_web_republisher/lib:/home/tianbot/tianracer_ros2_ws/install/teleop_tools_msgs/lib:/home/tianbot/tianracer_ros2_ws/install/teb_local_planner/lib:/home/tianbot/tianracer_ros2_ws/install/teb_msgs/lib:/home/tianbot/tianracer_ros2_ws/install/openslam_gmapping/lib:/home/tianbot/tianracer_ros2_ws/install/costmap_intensity/lib:/home/tianbot/tianracer_ros2_ws/install/costmap_converter/lib:/home/tianbot/tianracer_ros2_ws/install/costmap_converter_msgs/lib:/home/tianbot/tianracer_ros2_ws/install/behavior_ext_plugins/lib:/home/tianbot/slash_ws/install/vesc_driver/lib:/home/tianbot/slash_ws/install/vesc_ackermann/lib:/home/tianbot/slash_ws/install/vesc_msgs/lib:/home/tianbot/slash_ws/install/teleop_tools_msgs/lib:/home/tianbot/slash_ws/install/teb_local_planner/lib:/home/tianbot/slash_ws/install/teb_msgs/lib:/home/tianbot/slash_ws/install/pointcloud_to_laserscan/lib:/home/tianbot/slash_ws/install/fast_lio/lib:/home/tianbot/slash_ws/install/linefit_ground_segmentation/lib:/home/tianbot/slash_ws/install/costmap_converter/lib:/home/tianbot/slash_ws/install/costmap_converter_msgs/lib:/opt/ros/humble/opt/zenoh_cpp_vendor/lib:/usr/lib/x86_64-linux-gnu/gazebo-11/plugins:/opt/ros/humble/opt/rviz_ogre_vendor/lib:/opt/ros/humble/lib/x86_64-linux-gnu:/opt/ros/humble/opt/openvdb_vendor/lib:/opt/ros/humble/lib /usr/bin/cmake --build /home/tianbot/slash_ws/build/fast_lio -- -j4 -l4
[3.732s] Invoking command in '/home/tianbot/slash_ws/build/fast_lio': CMAKE_PREFIX_PATH=/home/tianbot/slash_ws/install/livox_ros_driver2:/home/tianbot/tianracer_ros2_ws/install/vesc_ackermann:/home/tianbot/tianracer_ros2_ws/install/vesc_msgs:/home/tianbot/tianracer_ros2_ws/install/vector_pursuit_controller:/home/tianbot/tianracer_ros2_ws/install/tianracer_slam:/home/tianbot/tianracer_ros2_ws/install/tianracer_rviz:/home/tianbot/tianracer_ros2_ws/install/tianracer_navigation2:/home/tianbot/tianracer_ros2_ws/install/tianracer_navigation:/home/tianbot/tianracer_ros2_ws/install/tianracer_jetson:/home/tianbot/tianracer_ros2_ws/install/tianracer_description:/home/tianbot/tianracer_ros2_ws/install/tianracer_core:/home/tianbot/tianracer_ros2_ws/install/tianracer_competition:/home/tianbot/tianracer_ros2_ws/install/tianracer_bringup:/home/tianbot/tianracer_ros2_ws/install/twist_to_ackermann:/home/tianbot/tianracer_ros2_ws/install/tf2_web_republisher_py:/home/tianbot/tianracer_ros2_ws/install/joy_teleop:/home/tianbot/tianracer_ros2_ws/install/mouse_teleop:/home/tianbot/tianracer_ros2_ws/install/key_teleop:/home/tianbot/slash_ws/install/f1tenth_stack:/home/tianbot/slash_ws/install/joy_teleop:/home/tianbot/slash_ws/install/mouse_teleop:/home/tianbot/slash_ws/install/key_teleop:/opt/ros/humble:/home/tianbot/tianracer_ros2_ws/install/tianracer:/home/tianbot/tianracer_ros2_ws/install/tianbot_core:/home/tianbot/tianracer_ros2_ws/install/tf2_web_republisher:/home/tianbot/tianracer_ros2_ws/install/teleop_tools:/home/tianbot/tianracer_ros2_ws/install/teleop_tools_msgs:/home/tianbot/tianracer_ros2_ws/install/teb_local_planner:/home/tianbot/tianracer_ros2_ws/install/teb_msgs:/home/tianbot/tianracer_ros2_ws/install/slam_gmapping:/home/tianbot/tianracer_ros2_ws/install/openslam_gmapping:/home/tianbot/tianracer_ros2_ws/install/lakibeam1:/home/tianbot/tianracer_ros2_ws/install/costmap_intensity:/home/tianbot/tianracer_ros2_ws/install/costmap_converter:/home/tianbot/tianracer_ros2_ws/install/costmap_converter_msgs:/home/tianbot/tianracer_ros2_ws/install/behavior_ext_plugins:/home/tianbot/tianracer_ros2_ws/install/ackermann_mux:/home/tianbot/slash_ws/install/vesc:/home/tianbot/slash_ws/install/vesc_driver:/home/tianbot/slash_ws/install/vesc_ackermann:/home/tianbot/slash_ws/install/vesc_msgs:/home/tianbot/slash_ws/install/teleop_tools:/home/tianbot/slash_ws/install/teleop_tools_msgs:/home/tianbot/slash_ws/install/teb_local_planner:/home/tianbot/slash_ws/install/teb_msgs:/home/tianbot/slash_ws/install/slash_nav2:/home/tianbot/slash_ws/install/pointcloud_to_laserscan:/home/tianbot/slash_ws/install/pointcloud_filter:/home/tianbot/slash_ws/install/fast_lio:/home/tianbot/slash_ws/install/linefit_ground_segmentation_ros:/home/tianbot/slash_ws/install/linefit_ground_segmentation:/home/tianbot/slash_ws/install/dll:/home/tianbot/slash_ws/install/costmap_converter:/home/tianbot/slash_ws/install/costmap_converter_msgs:/home/tianbot/slash_ws/install/ackermann_mux LD_LIBRARY_PATH=/home/tianbot/slash_ws/install/livox_ros_driver2/lib:/home/tianbot/tianracer_ros2_ws/install/vesc_ackermann/lib:/home/tianbot/tianracer_ros2_ws/install/vesc_msgs/lib:/home/tianbot/tianracer_ros2_ws/install/vector_pursuit_controller/lib:/home/tianbot/tianracer_ros2_ws/install/tianbot_core/lib:/home/tianbot/tianracer_ros2_ws/install/tf2_web_republisher/lib:/home/tianbot/tianracer_ros2_ws/install/teleop_tools_msgs/lib:/home/tianbot/tianracer_ros2_ws/install/teb_local_planner/lib:/home/tianbot/tianracer_ros2_ws/install/teb_msgs/lib:/home/tianbot/tianracer_ros2_ws/install/openslam_gmapping/lib:/home/tianbot/tianracer_ros2_ws/install/costmap_intensity/lib:/home/tianbot/tianracer_ros2_ws/install/costmap_converter/lib:/home/tianbot/tianracer_ros2_ws/install/costmap_converter_msgs/lib:/home/tianbot/tianracer_ros2_ws/install/behavior_ext_plugins/lib:/home/tianbot/slash_ws/install/vesc_driver/lib:/home/tianbot/slash_ws/install/vesc_ackermann/lib:/home/tianbot/slash_ws/install/vesc_msgs/lib:/home/tianbot/slash_ws/install/teleop_tools_msgs/lib:/home/tianbot/slash_ws/install/teb_local_planner/lib:/home/tianbot/slash_ws/install/teb_msgs/lib:/home/tianbot/slash_ws/install/pointcloud_to_laserscan/lib:/home/tianbot/slash_ws/install/fast_lio/lib:/home/tianbot/slash_ws/install/linefit_ground_segmentation/lib:/home/tianbot/slash_ws/install/costmap_converter/lib:/home/tianbot/slash_ws/install/costmap_converter_msgs/lib:/opt/ros/humble/opt/zenoh_cpp_vendor/lib:/usr/lib/x86_64-linux-gnu/gazebo-11/plugins:/opt/ros/humble/opt/rviz_ogre_vendor/lib:/opt/ros/humble/lib/x86_64-linux-gnu:/opt/ros/humble/opt/openvdb_vendor/lib:/opt/ros/humble/lib /usr/bin/cmake --install /home/tianbot/slash_ws/build/fast_lio
[3.741s] -- Install configuration: "Release"
[3.743s] -- Execute custom install script
[3.743s] -- Up-to-date symlink: /home/tianbot/slash_ws/install/fast_lio/share/ament_index/resource_index/rosidl_interfaces/fast_lio
[3.743s] -- Up-to-date symlink: /home/tianbot/slash_ws/install/fast_lio/include/fast_lio/fast_lio/msg/detail/pose6_d__functions.h
[3.743s] -- Up-to-date symlink: /home/tianbot/slash_ws/install/fast_lio/include/fast_lio/fast_lio/msg/detail/pose6_d__struct.h
[3.744s] -- Up-to-date symlink: /home/tianbot/slash_ws/install/fast_lio/include/fast_lio/fast_lio/msg/detail/pose6_d__type_support.h
[3.744s] -- Up-to-date symlink: /home/tianbot/slash_ws/install/fast_lio/include/fast_lio/fast_lio/msg/pose6_d.h
[3.744s] -- Up-to-date symlink: /home/tianbot/slash_ws/install/fast_lio/include/fast_lio/fast_lio/msg/rosidl_generator_c__visibility_control.h
[3.744s] -- Up-to-date symlink: /home/tianbot/slash_ws/install/fast_lio/share/fast_lio/environment/library_path.sh
[3.744s] -- Up-to-date symlink: /home/tianbot/slash_ws/install/fast_lio/share/fast_lio/environment/library_path.dsv
[3.744s] -- Up-to-date symlink: /home/tianbot/slash_ws/install/fast_lio/include/fast_lio/fast_lio/msg/detail/pose6_d__rosidl_typesupport_fastrtps_c.h
[3.745s] -- Up-to-date symlink: /home/tianbot/slash_ws/install/fast_lio/include/fast_lio/fast_lio/msg/rosidl_typesupport_fastrtps_c__visibility_control.h
[3.745s] -- Up-to-date symlink: /home/tianbot/slash_ws/install/fast_lio/include/fast_lio/fast_lio/msg/detail/pose6_d__builder.hpp
[3.745s] -- Up-to-date symlink: /home/tianbot/slash_ws/install/fast_lio/include/fast_lio/fast_lio/msg/detail/pose6_d__struct.hpp
[3.745s] -- Up-to-date symlink: /home/tianbot/slash_ws/install/fast_lio/include/fast_lio/fast_lio/msg/detail/pose6_d__traits.hpp
[3.745s] -- Up-to-date symlink: /home/tianbot/slash_ws/install/fast_lio/include/fast_lio/fast_lio/msg/detail/pose6_d__type_support.hpp
[3.745s] -- Up-to-date symlink: /home/tianbot/slash_ws/install/fast_lio/include/fast_lio/fast_lio/msg/pose6_d.hpp
[3.746s] -- Up-to-date symlink: /home/tianbot/slash_ws/install/fast_lio/include/fast_lio/fast_lio/msg/rosidl_generator_cpp__visibility_control.hpp
[3.746s] -- Up-to-date symlink: /home/tianbot/slash_ws/install/fast_lio/include/fast_lio/fast_lio/msg/detail/pose6_d__rosidl_typesupport_fastrtps_cpp.hpp
[3.746s] -- Up-to-date symlink: /home/tianbot/slash_ws/install/fast_lio/include/fast_lio/fast_lio/msg/rosidl_typesupport_fastrtps_cpp__visibility_control.h
[3.746s] -- Up-to-date symlink: /home/tianbot/slash_ws/install/fast_lio/include/fast_lio/fast_lio/msg/detail/pose6_d__rosidl_typesupport_introspection_c.h
[3.747s] -- Up-to-date symlink: /home/tianbot/slash_ws/install/fast_lio/include/fast_lio/fast_lio/msg/rosidl_typesupport_introspection_c__visibility_control.h
[3.747s] -- Up-to-date symlink: /home/tianbot/slash_ws/install/fast_lio/include/fast_lio/fast_lio/msg/detail/pose6_d__rosidl_typesupport_introspection_cpp.hpp
[3.747s] -- Up-to-date symlink: /home/tianbot/slash_ws/install/fast_lio/share/fast_lio/environment/pythonpath.sh
[3.747s] -- Up-to-date symlink: /home/tianbot/slash_ws/install/fast_lio/share/fast_lio/environment/pythonpath.dsv
[3.747s] -- Up-to-date symlink: /home/tianbot/slash_ws/install/fast_lio/local/lib/python3.10/dist-packages/fast_lio-0.0.0-py3.10.egg-info/PKG-INFO
[3.748s] -- Up-to-date symlink: /home/tianbot/slash_ws/install/fast_lio/local/lib/python3.10/dist-packages/fast_lio-0.0.0-py3.10.egg-info/SOURCES.txt
[3.748s] -- Up-to-date symlink: /home/tianbot/slash_ws/install/fast_lio/local/lib/python3.10/dist-packages/fast_lio-0.0.0-py3.10.egg-info/dependency_links.txt
[3.748s] -- Up-to-date symlink: /home/tianbot/slash_ws/install/fast_lio/local/lib/python3.10/dist-packages/fast_lio-0.0.0-py3.10.egg-info/top_level.txt
[3.748s] -- Up-to-date symlink: /home/tianbot/slash_ws/install/fast_lio/local/lib/python3.10/dist-packages/fast_lio/__init__.py
[3.748s] -- Up-to-date symlink: /home/tianbot/slash_ws/install/fast_lio/local/lib/python3.10/dist-packages/fast_lio/_fast_lio_s.ep.rosidl_typesupport_c.c
[3.749s] -- Up-to-date symlink: /home/tianbot/slash_ws/install/fast_lio/local/lib/python3.10/dist-packages/fast_lio/_fast_lio_s.ep.rosidl_typesupport_fastrtps_c.c
[3.749s] -- Up-to-date symlink: /home/tianbot/slash_ws/install/fast_lio/local/lib/python3.10/dist-packages/fast_lio/_fast_lio_s.ep.rosidl_typesupport_introspection_c.c
[3.749s] -- Up-to-date symlink: /home/tianbot/slash_ws/install/fast_lio/local/lib/python3.10/dist-packages/fast_lio/fast_lio_s__rosidl_typesupport_c.cpython-310-x86_64-linux-gnu.so
[3.749s] -- Up-to-date symlink: /home/tianbot/slash_ws/install/fast_lio/local/lib/python3.10/dist-packages/fast_lio/fast_lio_s__rosidl_typesupport_fastrtps_c.cpython-310-x86_64-linux-gnu.so
[3.749s] -- Up-to-date symlink: /home/tianbot/slash_ws/install/fast_lio/local/lib/python3.10/dist-packages/fast_lio/fast_lio_s__rosidl_typesupport_introspection_c.cpython-310-x86_64-linux-gnu.so
[3.749s] -- Up-to-date symlink: /home/tianbot/slash_ws/install/fast_lio/local/lib/python3.10/dist-packages/fast_lio/libfast_lio__rosidl_generator_py.so
[3.749s] -- Up-to-date symlink: /home/tianbot/slash_ws/install/fast_lio/local/lib/python3.10/dist-packages/fast_lio/msg/__init__.py
[3.749s] -- Up-to-date symlink: /home/tianbot/slash_ws/install/fast_lio/local/lib/python3.10/dist-packages/fast_lio/msg/_pose6_d.py
[3.750s] -- Up-to-date symlink: /home/tianbot/slash_ws/install/fast_lio/local/lib/python3.10/dist-packages/fast_lio/msg/_pose6_d_s.c
[3.750s] -- Up-to-date symlink: /home/tianbot/slash_ws/install/fast_lio/local/lib/python3.10/dist-packages/fast_lio/fast_lio_s__rosidl_typesupport_fastrtps_c.cpython-310-x86_64-linux-gnu.so
[3.750s] -- Up-to-date symlink: /home/tianbot/slash_ws/install/fast_lio/local/lib/python3.10/dist-packages/fast_lio/fast_lio_s__rosidl_typesupport_introspection_c.cpython-310-x86_64-linux-gnu.so
[3.750s] -- Up-to-date symlink: /home/tianbot/slash_ws/install/fast_lio/local/lib/python3.10/dist-packages/fast_lio/fast_lio_s__rosidl_typesupport_c.cpython-310-x86_64-linux-gnu.so
[3.750s] -- Up-to-date symlink: /home/tianbot/slash_ws/install/fast_lio/share/fast_lio/msg/Pose6D.idl
[3.751s] -- Up-to-date symlink: /home/tianbot/slash_ws/install/fast_lio/share/fast_lio/msg/Pose6D.msg
[3.751s] -- Up-to-date symlink: /home/tianbot/slash_ws/install/fast_lio/lib/fast_lio/fastlio_mapping
[3.751s] -- Up-to-date symlink: /home/tianbot/slash_ws/install/fast_lio/share/fast_lio/config/avia.yaml
[3.751s] -- Up-to-date symlink: /home/tianbot/slash_ws/install/fast_lio/share/fast_lio/config/horizon.yaml
[3.751s] -- Up-to-date symlink: /home/tianbot/slash_ws/install/fast_lio/share/fast_lio/config/mid360.yaml
[3.752s] -- Up-to-date symlink: /home/tianbot/slash_ws/install/fast_lio/share/fast_lio/config/ouster64.yaml
[3.752s] -- Up-to-date symlink: /home/tianbot/slash_ws/install/fast_lio/share/fast_lio/config/velodyne.yaml
[3.752s] -- Up-to-date symlink: /home/tianbot/slash_ws/install/fast_lio/share/fast_lio/launch/gdb_debug_example.launch
[3.752s] -- Up-to-date symlink: /home/tianbot/slash_ws/install/fast_lio/share/fast_lio/launch/mapping.launch.py
[3.752s] -- Up-to-date symlink: /home/tianbot/slash_ws/install/fast_lio/share/fast_lio/rviz/fastlio.rviz
[3.752s] -- Up-to-date symlink: /home/tianbot/slash_ws/install/fast_lio/share/ament_index/resource_index/package_run_dependencies/fast_lio
[3.752s] -- Up-to-date symlink: /home/tianbot/slash_ws/install/fast_lio/share/ament_index/resource_index/parent_prefix_path/fast_lio
[3.753s] -- Up-to-date symlink: /home/tianbot/slash_ws/install/fast_lio/share/fast_lio/environment/ament_prefix_path.sh
[3.753s] -- Up-to-date symlink: /home/tianbot/slash_ws/install/fast_lio/share/fast_lio/environment/ament_prefix_path.dsv
[3.753s] -- Up-to-date symlink: /home/tianbot/slash_ws/install/fast_lio/share/fast_lio/environment/path.sh
[3.753s] -- Up-to-date symlink: /home/tianbot/slash_ws/install/fast_lio/share/fast_lio/environment/path.dsv
[3.753s] -- Up-to-date symlink: /home/tianbot/slash_ws/install/fast_lio/share/fast_lio/local_setup.bash
[3.753s] -- Up-to-date symlink: /home/tianbot/slash_ws/install/fast_lio/share/fast_lio/local_setup.sh
[3.753s] -- Up-to-date symlink: /home/tianbot/slash_ws/install/fast_lio/share/fast_lio/local_setup.zsh
[3.754s] -- Up-to-date symlink: /home/tianbot/slash_ws/install/fast_lio/share/fast_lio/local_setup.dsv
[3.754s] -- Symlinking: /home/tianbot/slash_ws/install/fast_lio/share/fast_lio/package.dsv
[3.765s] -- Up-to-date symlink: /home/tianbot/slash_ws/install/fast_lio/share/ament_index/resource_index/packages/fast_lio
[3.765s] -- Up-to-date symlink: /home/tianbot/slash_ws/install/fast_lio/share/fast_lio/cmake/rosidl_cmake-extras.cmake
[3.765s] -- Up-to-date symlink: /home/tianbot/slash_ws/install/fast_lio/share/fast_lio/cmake/ament_cmake_export_include_directories-extras.cmake
[3.765s] -- Up-to-date symlink: /home/tianbot/slash_ws/install/fast_lio/share/fast_lio/cmake/ament_cmake_export_libraries-extras.cmake
[3.765s] -- Up-to-date symlink: /home/tianbot/slash_ws/install/fast_lio/share/fast_lio/cmake/ament_cmake_export_targets-extras.cmake
[3.766s] -- Up-to-date symlink: /home/tianbot/slash_ws/install/fast_lio/share/fast_lio/cmake/rosidl_cmake_export_typesupport_targets-extras.cmake
[3.766s] -- Up-to-date symlink: /home/tianbot/slash_ws/install/fast_lio/share/fast_lio/cmake/ament_cmake_export_dependencies-extras.cmake
[3.766s] -- Up-to-date symlink: /home/tianbot/slash_ws/install/fast_lio/share/fast_lio/cmake/rosidl_cmake_export_typesupport_libraries-extras.cmake
[3.766s] -- Up-to-date symlink: /home/tianbot/slash_ws/install/fast_lio/share/fast_lio/cmake/fast_lioConfig.cmake
[3.766s] -- Up-to-date symlink: /home/tianbot/slash_ws/install/fast_lio/share/fast_lio/cmake/fast_lioConfig-version.cmake
[3.766s] -- Up-to-date symlink: /home/tianbot/slash_ws/install/fast_lio/share/fast_lio/package.xml
[3.766s] -- Up-to-date: /home/tianbot/slash_ws/install/fast_lio/lib/libfast_lio__rosidl_generator_c.so
[3.767s] -- Up-to-date: /home/tianbot/slash_ws/install/fast_lio/lib/libfast_lio__rosidl_typesupport_fastrtps_c.so
[3.767s] -- Up-to-date: /home/tianbot/slash_ws/install/fast_lio/lib/libfast_lio__rosidl_typesupport_fastrtps_cpp.so
[3.767s] -- Up-to-date: /home/tianbot/slash_ws/install/fast_lio/lib/libfast_lio__rosidl_typesupport_introspection_c.so
[3.767s] -- Up-to-date: /home/tianbot/slash_ws/install/fast_lio/lib/libfast_lio__rosidl_typesupport_c.so
[3.768s] -- Up-to-date: /home/tianbot/slash_ws/install/fast_lio/lib/libfast_lio__rosidl_typesupport_introspection_cpp.so
[3.768s] -- Up-to-date: /home/tianbot/slash_ws/install/fast_lio/lib/libfast_lio__rosidl_typesupport_cpp.so
[3.817s] Listing '/home/tianbot/slash_ws/install/fast_lio/local/lib/python3.10/dist-packages/fast_lio'...
[3.818s] Compiling '/home/tianbot/slash_ws/install/fast_lio/local/lib/python3.10/dist-packages/fast_lio/__init__.py'...
[3.818s] Listing '/home/tianbot/slash_ws/install/fast_lio/local/lib/python3.10/dist-packages/fast_lio/msg'...
[3.823s] -- Up-to-date: /home/tianbot/slash_ws/install/fast_lio/lib/libfast_lio__rosidl_generator_py.so
[3.823s] -- Up-to-date: /home/tianbot/slash_ws/install/fast_lio/share/fast_lio/cmake/export_fast_lio__rosidl_generator_cExport.cmake
[3.824s] -- Up-to-date: /home/tianbot/slash_ws/install/fast_lio/share/fast_lio/cmake/export_fast_lio__rosidl_generator_cExport-release.cmake
[3.824s] -- Up-to-date: /home/tianbot/slash_ws/install/fast_lio/share/fast_lio/cmake/export_fast_lio__rosidl_typesupport_fastrtps_cExport.cmake
[3.824s] -- Up-to-date: /home/tianbot/slash_ws/install/fast_lio/share/fast_lio/cmake/export_fast_lio__rosidl_typesupport_fastrtps_cExport-release.cmake
[3.824s] -- Up-to-date: /home/tianbot/slash_ws/install/fast_lio/share/fast_lio/cmake/export_fast_lio__rosidl_generator_cppExport.cmake
[3.824s] -- Up-to-date: /home/tianbot/slash_ws/install/fast_lio/share/fast_lio/cmake/export_fast_lio__rosidl_typesupport_fastrtps_cppExport.cmake
[3.824s] -- Up-to-date: /home/tianbot/slash_ws/install/fast_lio/share/fast_lio/cmake/export_fast_lio__rosidl_typesupport_fastrtps_cppExport-release.cmake
[3.824s] -- Up-to-date: /home/tianbot/slash_ws/install/fast_lio/share/fast_lio/cmake/fast_lio__rosidl_typesupport_introspection_cExport.cmake
[3.824s] -- Up-to-date: /home/tianbot/slash_ws/install/fast_lio/share/fast_lio/cmake/fast_lio__rosidl_typesupport_introspection_cExport-release.cmake
[3.824s] -- Up-to-date: /home/tianbot/slash_ws/install/fast_lio/share/fast_lio/cmake/fast_lio__rosidl_typesupport_cExport.cmake
[3.824s] -- Up-to-date: /home/tianbot/slash_ws/install/fast_lio/share/fast_lio/cmake/fast_lio__rosidl_typesupport_cExport-release.cmake
[3.824s] -- Up-to-date: /home/tianbot/slash_ws/install/fast_lio/share/fast_lio/cmake/fast_lio__rosidl_typesupport_introspection_cppExport.cmake
[3.825s] -- Up-to-date: /home/tianbot/slash_ws/install/fast_lio/share/fast_lio/cmake/fast_lio__rosidl_typesupport_introspection_cppExport-release.cmake
[3.825s] -- Up-to-date: /home/tianbot/slash_ws/install/fast_lio/share/fast_lio/cmake/fast_lio__rosidl_typesupport_cppExport.cmake
[3.825s] -- Up-to-date: /home/tianbot/slash_ws/install/fast_lio/share/fast_lio/cmake/fast_lio__rosidl_typesupport_cppExport-release.cmake
[3.825s] -- Up-to-date: /home/tianbot/slash_ws/install/fast_lio/share/fast_lio/cmake/export_fast_lio__rosidl_generator_pyExport.cmake
[3.825s] -- Up-to-date: /home/tianbot/slash_ws/install/fast_lio/share/fast_lio/cmake/export_fast_lio__rosidl_generator_pyExport-release.cmake
[3.826s] Invoked command in '/home/tianbot/slash_ws/build/fast_lio' returned '0': CMAKE_PREFIX_PATH=/home/tianbot/slash_ws/install/livox_ros_driver2:/home/tianbot/tianracer_ros2_ws/install/vesc_ackermann:/home/tianbot/tianracer_ros2_ws/install/vesc_msgs:/home/tianbot/tianracer_ros2_ws/install/vector_pursuit_controller:/home/tianbot/tianracer_ros2_ws/install/tianracer_slam:/home/tianbot/tianracer_ros2_ws/install/tianracer_rviz:/home/tianbot/tianracer_ros2_ws/install/tianracer_navigation2:/home/tianbot/tianracer_ros2_ws/install/tianracer_navigation:/home/tianbot/tianracer_ros2_ws/install/tianracer_jetson:/home/tianbot/tianracer_ros2_ws/install/tianracer_description:/home/tianbot/tianracer_ros2_ws/install/tianracer_core:/home/tianbot/tianracer_ros2_ws/install/tianracer_competition:/home/tianbot/tianracer_ros2_ws/install/tianracer_bringup:/home/tianbot/tianracer_ros2_ws/install/twist_to_ackermann:/home/tianbot/tianracer_ros2_ws/install/tf2_web_republisher_py:/home/tianbot/tianracer_ros2_ws/install/joy_teleop:/home/tianbot/tianracer_ros2_ws/install/mouse_teleop:/home/tianbot/tianracer_ros2_ws/install/key_teleop:/home/tianbot/slash_ws/install/f1tenth_stack:/home/tianbot/slash_ws/install/joy_teleop:/home/tianbot/slash_ws/install/mouse_teleop:/home/tianbot/slash_ws/install/key_teleop:/opt/ros/humble:/home/tianbot/tianracer_ros2_ws/install/tianracer:/home/tianbot/tianracer_ros2_ws/install/tianbot_core:/home/tianbot/tianracer_ros2_ws/install/tf2_web_republisher:/home/tianbot/tianracer_ros2_ws/install/teleop_tools:/home/tianbot/tianracer_ros2_ws/install/teleop_tools_msgs:/home/tianbot/tianracer_ros2_ws/install/teb_local_planner:/home/tianbot/tianracer_ros2_ws/install/teb_msgs:/home/tianbot/tianracer_ros2_ws/install/slam_gmapping:/home/tianbot/tianracer_ros2_ws/install/openslam_gmapping:/home/tianbot/tianracer_ros2_ws/install/lakibeam1:/home/tianbot/tianracer_ros2_ws/install/costmap_intensity:/home/tianbot/tianracer_ros2_ws/install/costmap_converter:/home/tianbot/tianracer_ros2_ws/install/costmap_converter_msgs:/home/tianbot/tianracer_ros2_ws/install/behavior_ext_plugins:/home/tianbot/tianracer_ros2_ws/install/ackermann_mux:/home/tianbot/slash_ws/install/vesc:/home/tianbot/slash_ws/install/vesc_driver:/home/tianbot/slash_ws/install/vesc_ackermann:/home/tianbot/slash_ws/install/vesc_msgs:/home/tianbot/slash_ws/install/teleop_tools:/home/tianbot/slash_ws/install/teleop_tools_msgs:/home/tianbot/slash_ws/install/teb_local_planner:/home/tianbot/slash_ws/install/teb_msgs:/home/tianbot/slash_ws/install/slash_nav2:/home/tianbot/slash_ws/install/pointcloud_to_laserscan:/home/tianbot/slash_ws/install/pointcloud_filter:/home/tianbot/slash_ws/install/fast_lio:/home/tianbot/slash_ws/install/linefit_ground_segmentation_ros:/home/tianbot/slash_ws/install/linefit_ground_segmentation:/home/tianbot/slash_ws/install/dll:/home/tianbot/slash_ws/install/costmap_converter:/home/tianbot/slash_ws/install/costmap_converter_msgs:/home/tianbot/slash_ws/install/ackermann_mux LD_LIBRARY_PATH=/home/tianbot/slash_ws/install/livox_ros_driver2/lib:/home/tianbot/tianracer_ros2_ws/install/vesc_ackermann/lib:/home/tianbot/tianracer_ros2_ws/install/vesc_msgs/lib:/home/tianbot/tianracer_ros2_ws/install/vector_pursuit_controller/lib:/home/tianbot/tianracer_ros2_ws/install/tianbot_core/lib:/home/tianbot/tianracer_ros2_ws/install/tf2_web_republisher/lib:/home/tianbot/tianracer_ros2_ws/install/teleop_tools_msgs/lib:/home/tianbot/tianracer_ros2_ws/install/teb_local_planner/lib:/home/tianbot/tianracer_ros2_ws/install/teb_msgs/lib:/home/tianbot/tianracer_ros2_ws/install/openslam_gmapping/lib:/home/tianbot/tianracer_ros2_ws/install/costmap_intensity/lib:/home/tianbot/tianracer_ros2_ws/install/costmap_converter/lib:/home/tianbot/tianracer_ros2_ws/install/costmap_converter_msgs/lib:/home/tianbot/tianracer_ros2_ws/install/behavior_ext_plugins/lib:/home/tianbot/slash_ws/install/vesc_driver/lib:/home/tianbot/slash_ws/install/vesc_ackermann/lib:/home/tianbot/slash_ws/install/vesc_msgs/lib:/home/tianbot/slash_ws/install/teleop_tools_msgs/lib:/home/tianbot/slash_ws/install/teb_local_planner/lib:/home/tianbot/slash_ws/install/teb_msgs/lib:/home/tianbot/slash_ws/install/pointcloud_to_laserscan/lib:/home/tianbot/slash_ws/install/fast_lio/lib:/home/tianbot/slash_ws/install/linefit_ground_segmentation/lib:/home/tianbot/slash_ws/install/costmap_converter/lib:/home/tianbot/slash_ws/install/costmap_converter_msgs/lib:/opt/ros/humble/opt/zenoh_cpp_vendor/lib:/usr/lib/x86_64-linux-gnu/gazebo-11/plugins:/opt/ros/humble/opt/rviz_ogre_vendor/lib:/opt/ros/humble/lib/x86_64-linux-gnu:/opt/ros/humble/opt/openvdb_vendor/lib:/opt/ros/humble/lib /usr/bin/cmake --install /home/tianbot/slash_ws/build/fast_lio
