[0.022s] Invoking command in '/home/tianbot/slash_ws/build/fast_lio': CMAKE_PREFIX_PATH=/home/tianbot/slash_ws/install/livox_ros_driver2:/home/tianbot/tianracer_ros2_ws/install/vesc_ackermann:/home/tianbot/tianracer_ros2_ws/install/vesc_msgs:/home/tianbot/tianracer_ros2_ws/install/vector_pursuit_controller:/home/tianbot/tianracer_ros2_ws/install/tianracer_slam:/home/tianbot/tianracer_ros2_ws/install/tianracer_rviz:/home/tianbot/tianracer_ros2_ws/install/tianracer_navigation2:/home/tianbot/tianracer_ros2_ws/install/tianracer_navigation:/home/tianbot/tianracer_ros2_ws/install/tianracer_jetson:/home/tianbot/tianracer_ros2_ws/install/tianracer_description:/home/tianbot/tianracer_ros2_ws/install/tianracer_core:/home/tianbot/tianracer_ros2_ws/install/tianracer_competition:/home/tianbot/tianracer_ros2_ws/install/tianracer_bringup:/home/tianbot/tianracer_ros2_ws/install/twist_to_ackermann:/home/tianbot/tianracer_ros2_ws/install/tf2_web_republisher_py:/home/tianbot/tianracer_ros2_ws/install/joy_teleop:/home/tianbot/tianracer_ros2_ws/install/mouse_teleop:/home/tianbot/tianracer_ros2_ws/install/key_teleop:/home/tianbot/slash_ws/install/f1tenth_stack:/home/tianbot/slash_ws/install/joy_teleop:/home/tianbot/slash_ws/install/mouse_teleop:/home/tianbot/slash_ws/install/key_teleop:/opt/ros/humble:/home/tianbot/tianracer_ros2_ws/install/tianracer:/home/tianbot/tianracer_ros2_ws/install/tianbot_core:/home/tianbot/tianracer_ros2_ws/install/tf2_web_republisher:/home/tianbot/tianracer_ros2_ws/install/teleop_tools:/home/tianbot/tianracer_ros2_ws/install/teleop_tools_msgs:/home/tianbot/tianracer_ros2_ws/install/teb_local_planner:/home/tianbot/tianracer_ros2_ws/install/teb_msgs:/home/tianbot/tianracer_ros2_ws/install/slam_gmapping:/home/tianbot/tianracer_ros2_ws/install/openslam_gmapping:/home/tianbot/tianracer_ros2_ws/install/lakibeam1:/home/tianbot/tianracer_ros2_ws/install/costmap_intensity:/home/tianbot/tianracer_ros2_ws/install/costmap_converter:/home/tianbot/tianracer_ros2_ws/install/costmap_converter_msgs:/home/tianbot/tianracer_ros2_ws/install/behavior_ext_plugins:/home/tianbot/tianracer_ros2_ws/install/ackermann_mux:/home/tianbot/slash_ws/install/vesc:/home/tianbot/slash_ws/install/vesc_driver:/home/tianbot/slash_ws/install/vesc_ackermann:/home/tianbot/slash_ws/install/vesc_msgs:/home/tianbot/slash_ws/install/teleop_tools:/home/tianbot/slash_ws/install/teleop_tools_msgs:/home/tianbot/slash_ws/install/teb_local_planner:/home/tianbot/slash_ws/install/teb_msgs:/home/tianbot/slash_ws/install/slash_nav2:/home/tianbot/slash_ws/install/pointcloud_to_laserscan:/home/tianbot/slash_ws/install/pointcloud_filter:/home/tianbot/slash_ws/install/fast_lio:/home/tianbot/slash_ws/install/linefit_ground_segmentation_ros:/home/tianbot/slash_ws/install/linefit_ground_segmentation:/home/tianbot/slash_ws/install/dll:/home/tianbot/slash_ws/install/costmap_converter:/home/tianbot/slash_ws/install/costmap_converter_msgs:/home/tianbot/slash_ws/install/ackermann_mux LD_LIBRARY_PATH=/home/tianbot/slash_ws/install/livox_ros_driver2/lib:/home/tianbot/tianracer_ros2_ws/install/vesc_ackermann/lib:/home/tianbot/tianracer_ros2_ws/install/vesc_msgs/lib:/home/tianbot/tianracer_ros2_ws/install/vector_pursuit_controller/lib:/home/tianbot/tianracer_ros2_ws/install/tianbot_core/lib:/home/tianbot/tianracer_ros2_ws/install/tf2_web_republisher/lib:/home/tianbot/tianracer_ros2_ws/install/teleop_tools_msgs/lib:/home/tianbot/tianracer_ros2_ws/install/teb_local_planner/lib:/home/tianbot/tianracer_ros2_ws/install/teb_msgs/lib:/home/tianbot/tianracer_ros2_ws/install/openslam_gmapping/lib:/home/tianbot/tianracer_ros2_ws/install/costmap_intensity/lib:/home/tianbot/tianracer_ros2_ws/install/costmap_converter/lib:/home/tianbot/tianracer_ros2_ws/install/costmap_converter_msgs/lib:/home/tianbot/tianracer_ros2_ws/install/behavior_ext_plugins/lib:/home/tianbot/slash_ws/install/vesc_driver/lib:/home/tianbot/slash_ws/install/vesc_ackermann/lib:/home/tianbot/slash_ws/install/vesc_msgs/lib:/home/tianbot/slash_ws/install/teleop_tools_msgs/lib:/home/tianbot/slash_ws/install/teb_local_planner/lib:/home/tianbot/slash_ws/install/teb_msgs/lib:/home/tianbot/slash_ws/install/pointcloud_to_laserscan/lib:/home/tianbot/slash_ws/install/fast_lio/lib:/home/tianbot/slash_ws/install/linefit_ground_segmentation/lib:/home/tianbot/slash_ws/install/costmap_converter/lib:/home/tianbot/slash_ws/install/costmap_converter_msgs/lib:/opt/ros/humble/opt/zenoh_cpp_vendor/lib:/usr/lib/x86_64-linux-gnu/gazebo-11/plugins:/opt/ros/humble/opt/rviz_ogre_vendor/lib:/opt/ros/humble/lib/x86_64-linux-gnu:/opt/ros/humble/opt/openvdb_vendor/lib:/opt/ros/humble/lib /usr/bin/cmake --build /home/tianbot/slash_ws/build/fast_lio -- -j4 -l4
[0.088s] [  5%] Built target fast_lio__cpp
[0.088s] [ 11%] Built target fast_lio__rosidl_generator_c
[0.099s] [ 11%] Built target ament_cmake_python_symlink_fast_lio
[0.118s] [ 28%] Built target fast_lio__rosidl_typesupport_fastrtps_c
[0.118s] [ 28%] Built target fast_lio__rosidl_typesupport_cpp
[0.120s] [ 37%] Built target fast_lio__rosidl_typesupport_fastrtps_cpp
[0.129s] [ 45%] Built target fast_lio__rosidl_typesupport_introspection_c
[0.149s] [ 54%] Built target fast_lio__rosidl_typesupport_c
[0.150s] [ 62%] Built target fast_lio__rosidl_typesupport_introspection_cpp
[0.179s] [ 62%] Built target fast_lio
[0.195s] [ 65%] Building CXX object CMakeFiles/fastlio_mapping.dir/src/laserMapping.cpp.o
[0.216s] [ 68%] Built target fast_lio__py
[0.252s] [ 74%] Built target fast_lio__rosidl_generator_py
[0.285s] [ 85%] Built target fast_lio__rosidl_typesupport_introspection_c__pyext
[0.285s] [ 85%] Built target fast_lio__rosidl_typesupport_fastrtps_c__pyext
[0.314s] [ 91%] Built target fast_lio__rosidl_typesupport_c__pyext
[0.506s] running egg_info
[0.508s] writing fast_lio.egg-info/PKG-INFO
[0.508s] writing dependency_links to fast_lio.egg-info/dependency_links.txt
[0.508s] writing top-level names to fast_lio.egg-info/top_level.txt
[0.510s] reading manifest file 'fast_lio.egg-info/SOURCES.txt'
[0.511s] writing manifest file 'fast_lio.egg-info/SOURCES.txt'
[0.545s] [ 91%] Built target ament_cmake_python_build_fast_lio_egg
[74.473s] [ 94%] Linking CXX executable fastlio_mapping
[75.915s] [100%] Built target fastlio_mapping
[75.928s] Invoked command in '/home/tianbot/slash_ws/build/fast_lio' returned '0': CMAKE_PREFIX_PATH=/home/tianbot/slash_ws/install/livox_ros_driver2:/home/tianbot/tianracer_ros2_ws/install/vesc_ackermann:/home/tianbot/tianracer_ros2_ws/install/vesc_msgs:/home/tianbot/tianracer_ros2_ws/install/vector_pursuit_controller:/home/tianbot/tianracer_ros2_ws/install/tianracer_slam:/home/tianbot/tianracer_ros2_ws/install/tianracer_rviz:/home/tianbot/tianracer_ros2_ws/install/tianracer_navigation2:/home/tianbot/tianracer_ros2_ws/install/tianracer_navigation:/home/tianbot/tianracer_ros2_ws/install/tianracer_jetson:/home/tianbot/tianracer_ros2_ws/install/tianracer_description:/home/tianbot/tianracer_ros2_ws/install/tianracer_core:/home/tianbot/tianracer_ros2_ws/install/tianracer_competition:/home/tianbot/tianracer_ros2_ws/install/tianracer_bringup:/home/tianbot/tianracer_ros2_ws/install/twist_to_ackermann:/home/tianbot/tianracer_ros2_ws/install/tf2_web_republisher_py:/home/tianbot/tianracer_ros2_ws/install/joy_teleop:/home/tianbot/tianracer_ros2_ws/install/mouse_teleop:/home/tianbot/tianracer_ros2_ws/install/key_teleop:/home/tianbot/slash_ws/install/f1tenth_stack:/home/tianbot/slash_ws/install/joy_teleop:/home/tianbot/slash_ws/install/mouse_teleop:/home/tianbot/slash_ws/install/key_teleop:/opt/ros/humble:/home/tianbot/tianracer_ros2_ws/install/tianracer:/home/tianbot/tianracer_ros2_ws/install/tianbot_core:/home/tianbot/tianracer_ros2_ws/install/tf2_web_republisher:/home/tianbot/tianracer_ros2_ws/install/teleop_tools:/home/tianbot/tianracer_ros2_ws/install/teleop_tools_msgs:/home/tianbot/tianracer_ros2_ws/install/teb_local_planner:/home/tianbot/tianracer_ros2_ws/install/teb_msgs:/home/tianbot/tianracer_ros2_ws/install/slam_gmapping:/home/tianbot/tianracer_ros2_ws/install/openslam_gmapping:/home/tianbot/tianracer_ros2_ws/install/lakibeam1:/home/tianbot/tianracer_ros2_ws/install/costmap_intensity:/home/tianbot/tianracer_ros2_ws/install/costmap_converter:/home/tianbot/tianracer_ros2_ws/install/costmap_converter_msgs:/home/tianbot/tianracer_ros2_ws/install/behavior_ext_plugins:/home/tianbot/tianracer_ros2_ws/install/ackermann_mux:/home/tianbot/slash_ws/install/vesc:/home/tianbot/slash_ws/install/vesc_driver:/home/tianbot/slash_ws/install/vesc_ackermann:/home/tianbot/slash_ws/install/vesc_msgs:/home/tianbot/slash_ws/install/teleop_tools:/home/tianbot/slash_ws/install/teleop_tools_msgs:/home/tianbot/slash_ws/install/teb_local_planner:/home/tianbot/slash_ws/install/teb_msgs:/home/tianbot/slash_ws/install/slash_nav2:/home/tianbot/slash_ws/install/pointcloud_to_laserscan:/home/tianbot/slash_ws/install/pointcloud_filter:/home/tianbot/slash_ws/install/fast_lio:/home/tianbot/slash_ws/install/linefit_ground_segmentation_ros:/home/tianbot/slash_ws/install/linefit_ground_segmentation:/home/tianbot/slash_ws/install/dll:/home/tianbot/slash_ws/install/costmap_converter:/home/tianbot/slash_ws/install/costmap_converter_msgs:/home/tianbot/slash_ws/install/ackermann_mux LD_LIBRARY_PATH=/home/tianbot/slash_ws/install/livox_ros_driver2/lib:/home/tianbot/tianracer_ros2_ws/install/vesc_ackermann/lib:/home/tianbot/tianracer_ros2_ws/install/vesc_msgs/lib:/home/tianbot/tianracer_ros2_ws/install/vector_pursuit_controller/lib:/home/tianbot/tianracer_ros2_ws/install/tianbot_core/lib:/home/tianbot/tianracer_ros2_ws/install/tf2_web_republisher/lib:/home/tianbot/tianracer_ros2_ws/install/teleop_tools_msgs/lib:/home/tianbot/tianracer_ros2_ws/install/teb_local_planner/lib:/home/tianbot/tianracer_ros2_ws/install/teb_msgs/lib:/home/tianbot/tianracer_ros2_ws/install/openslam_gmapping/lib:/home/tianbot/tianracer_ros2_ws/install/costmap_intensity/lib:/home/tianbot/tianracer_ros2_ws/install/costmap_converter/lib:/home/tianbot/tianracer_ros2_ws/install/costmap_converter_msgs/lib:/home/tianbot/tianracer_ros2_ws/install/behavior_ext_plugins/lib:/home/tianbot/slash_ws/install/vesc_driver/lib:/home/tianbot/slash_ws/install/vesc_ackermann/lib:/home/tianbot/slash_ws/install/vesc_msgs/lib:/home/tianbot/slash_ws/install/teleop_tools_msgs/lib:/home/tianbot/slash_ws/install/teb_local_planner/lib:/home/tianbot/slash_ws/install/teb_msgs/lib:/home/tianbot/slash_ws/install/pointcloud_to_laserscan/lib:/home/tianbot/slash_ws/install/fast_lio/lib:/home/tianbot/slash_ws/install/linefit_ground_segmentation/lib:/home/tianbot/slash_ws/install/costmap_converter/lib:/home/tianbot/slash_ws/install/costmap_converter_msgs/lib:/opt/ros/humble/opt/zenoh_cpp_vendor/lib:/usr/lib/x86_64-linux-gnu/gazebo-11/plugins:/opt/ros/humble/opt/rviz_ogre_vendor/lib:/opt/ros/humble/lib/x86_64-linux-gnu:/opt/ros/humble/opt/openvdb_vendor/lib:/opt/ros/humble/lib /usr/bin/cmake --build /home/tianbot/slash_ws/build/fast_lio -- -j4 -l4
[75.939s] Invoking command in '/home/tianbot/slash_ws/build/fast_lio': CMAKE_PREFIX_PATH=/home/tianbot/slash_ws/install/livox_ros_driver2:/home/tianbot/tianracer_ros2_ws/install/vesc_ackermann:/home/tianbot/tianracer_ros2_ws/install/vesc_msgs:/home/tianbot/tianracer_ros2_ws/install/vector_pursuit_controller:/home/tianbot/tianracer_ros2_ws/install/tianracer_slam:/home/tianbot/tianracer_ros2_ws/install/tianracer_rviz:/home/tianbot/tianracer_ros2_ws/install/tianracer_navigation2:/home/tianbot/tianracer_ros2_ws/install/tianracer_navigation:/home/tianbot/tianracer_ros2_ws/install/tianracer_jetson:/home/tianbot/tianracer_ros2_ws/install/tianracer_description:/home/tianbot/tianracer_ros2_ws/install/tianracer_core:/home/tianbot/tianracer_ros2_ws/install/tianracer_competition:/home/tianbot/tianracer_ros2_ws/install/tianracer_bringup:/home/tianbot/tianracer_ros2_ws/install/twist_to_ackermann:/home/tianbot/tianracer_ros2_ws/install/tf2_web_republisher_py:/home/tianbot/tianracer_ros2_ws/install/joy_teleop:/home/tianbot/tianracer_ros2_ws/install/mouse_teleop:/home/tianbot/tianracer_ros2_ws/install/key_teleop:/home/tianbot/slash_ws/install/f1tenth_stack:/home/tianbot/slash_ws/install/joy_teleop:/home/tianbot/slash_ws/install/mouse_teleop:/home/tianbot/slash_ws/install/key_teleop:/opt/ros/humble:/home/tianbot/tianracer_ros2_ws/install/tianracer:/home/tianbot/tianracer_ros2_ws/install/tianbot_core:/home/tianbot/tianracer_ros2_ws/install/tf2_web_republisher:/home/tianbot/tianracer_ros2_ws/install/teleop_tools:/home/tianbot/tianracer_ros2_ws/install/teleop_tools_msgs:/home/tianbot/tianracer_ros2_ws/install/teb_local_planner:/home/tianbot/tianracer_ros2_ws/install/teb_msgs:/home/tianbot/tianracer_ros2_ws/install/slam_gmapping:/home/tianbot/tianracer_ros2_ws/install/openslam_gmapping:/home/tianbot/tianracer_ros2_ws/install/lakibeam1:/home/tianbot/tianracer_ros2_ws/install/costmap_intensity:/home/tianbot/tianracer_ros2_ws/install/costmap_converter:/home/tianbot/tianracer_ros2_ws/install/costmap_converter_msgs:/home/tianbot/tianracer_ros2_ws/install/behavior_ext_plugins:/home/tianbot/tianracer_ros2_ws/install/ackermann_mux:/home/tianbot/slash_ws/install/vesc:/home/tianbot/slash_ws/install/vesc_driver:/home/tianbot/slash_ws/install/vesc_ackermann:/home/tianbot/slash_ws/install/vesc_msgs:/home/tianbot/slash_ws/install/teleop_tools:/home/tianbot/slash_ws/install/teleop_tools_msgs:/home/tianbot/slash_ws/install/teb_local_planner:/home/tianbot/slash_ws/install/teb_msgs:/home/tianbot/slash_ws/install/slash_nav2:/home/tianbot/slash_ws/install/pointcloud_to_laserscan:/home/tianbot/slash_ws/install/pointcloud_filter:/home/tianbot/slash_ws/install/fast_lio:/home/tianbot/slash_ws/install/linefit_ground_segmentation_ros:/home/tianbot/slash_ws/install/linefit_ground_segmentation:/home/tianbot/slash_ws/install/dll:/home/tianbot/slash_ws/install/costmap_converter:/home/tianbot/slash_ws/install/costmap_converter_msgs:/home/tianbot/slash_ws/install/ackermann_mux LD_LIBRARY_PATH=/home/tianbot/slash_ws/install/livox_ros_driver2/lib:/home/tianbot/tianracer_ros2_ws/install/vesc_ackermann/lib:/home/tianbot/tianracer_ros2_ws/install/vesc_msgs/lib:/home/tianbot/tianracer_ros2_ws/install/vector_pursuit_controller/lib:/home/tianbot/tianracer_ros2_ws/install/tianbot_core/lib:/home/tianbot/tianracer_ros2_ws/install/tf2_web_republisher/lib:/home/tianbot/tianracer_ros2_ws/install/teleop_tools_msgs/lib:/home/tianbot/tianracer_ros2_ws/install/teb_local_planner/lib:/home/tianbot/tianracer_ros2_ws/install/teb_msgs/lib:/home/tianbot/tianracer_ros2_ws/install/openslam_gmapping/lib:/home/tianbot/tianracer_ros2_ws/install/costmap_intensity/lib:/home/tianbot/tianracer_ros2_ws/install/costmap_converter/lib:/home/tianbot/tianracer_ros2_ws/install/costmap_converter_msgs/lib:/home/tianbot/tianracer_ros2_ws/install/behavior_ext_plugins/lib:/home/tianbot/slash_ws/install/vesc_driver/lib:/home/tianbot/slash_ws/install/vesc_ackermann/lib:/home/tianbot/slash_ws/install/vesc_msgs/lib:/home/tianbot/slash_ws/install/teleop_tools_msgs/lib:/home/tianbot/slash_ws/install/teb_local_planner/lib:/home/tianbot/slash_ws/install/teb_msgs/lib:/home/tianbot/slash_ws/install/pointcloud_to_laserscan/lib:/home/tianbot/slash_ws/install/fast_lio/lib:/home/tianbot/slash_ws/install/linefit_ground_segmentation/lib:/home/tianbot/slash_ws/install/costmap_converter/lib:/home/tianbot/slash_ws/install/costmap_converter_msgs/lib:/opt/ros/humble/opt/zenoh_cpp_vendor/lib:/usr/lib/x86_64-linux-gnu/gazebo-11/plugins:/opt/ros/humble/opt/rviz_ogre_vendor/lib:/opt/ros/humble/lib/x86_64-linux-gnu:/opt/ros/humble/opt/openvdb_vendor/lib:/opt/ros/humble/lib /usr/bin/cmake --install /home/tianbot/slash_ws/build/fast_lio
[75.950s] -- Install configuration: "Release"
[75.950s] -- Execute custom install script
[75.950s] -- Up-to-date symlink: /home/tianbot/slash_ws/install/fast_lio/share/ament_index/resource_index/rosidl_interfaces/fast_lio
[75.951s] -- Up-to-date symlink: /home/tianbot/slash_ws/install/fast_lio/include/fast_lio/fast_lio/msg/detail/pose6_d__functions.h
[75.951s] -- Up-to-date symlink: /home/tianbot/slash_ws/install/fast_lio/include/fast_lio/fast_lio/msg/detail/pose6_d__struct.h
[75.951s] -- Up-to-date symlink: /home/tianbot/slash_ws/install/fast_lio/include/fast_lio/fast_lio/msg/detail/pose6_d__type_support.h
[75.951s] -- Up-to-date symlink: /home/tianbot/slash_ws/install/fast_lio/include/fast_lio/fast_lio/msg/pose6_d.h
[75.951s] -- Up-to-date symlink: /home/tianbot/slash_ws/install/fast_lio/include/fast_lio/fast_lio/msg/rosidl_generator_c__visibility_control.h
[75.952s] -- Up-to-date symlink: /home/tianbot/slash_ws/install/fast_lio/share/fast_lio/environment/library_path.sh
[75.952s] -- Up-to-date symlink: /home/tianbot/slash_ws/install/fast_lio/share/fast_lio/environment/library_path.dsv
[75.952s] -- Up-to-date symlink: /home/tianbot/slash_ws/install/fast_lio/include/fast_lio/fast_lio/msg/detail/pose6_d__rosidl_typesupport_fastrtps_c.h
[75.952s] -- Up-to-date symlink: /home/tianbot/slash_ws/install/fast_lio/include/fast_lio/fast_lio/msg/rosidl_typesupport_fastrtps_c__visibility_control.h
[75.953s] -- Up-to-date symlink: /home/tianbot/slash_ws/install/fast_lio/include/fast_lio/fast_lio/msg/detail/pose6_d__builder.hpp
[75.953s] -- Up-to-date symlink: /home/tianbot/slash_ws/install/fast_lio/include/fast_lio/fast_lio/msg/detail/pose6_d__struct.hpp
[75.953s] -- Up-to-date symlink: /home/tianbot/slash_ws/install/fast_lio/include/fast_lio/fast_lio/msg/detail/pose6_d__traits.hpp
[75.953s] -- Up-to-date symlink: /home/tianbot/slash_ws/install/fast_lio/include/fast_lio/fast_lio/msg/detail/pose6_d__type_support.hpp
[75.953s] -- Up-to-date symlink: /home/tianbot/slash_ws/install/fast_lio/include/fast_lio/fast_lio/msg/pose6_d.hpp
[75.953s] -- Up-to-date symlink: /home/tianbot/slash_ws/install/fast_lio/include/fast_lio/fast_lio/msg/rosidl_generator_cpp__visibility_control.hpp
[75.954s] -- Up-to-date symlink: /home/tianbot/slash_ws/install/fast_lio/include/fast_lio/fast_lio/msg/detail/pose6_d__rosidl_typesupport_fastrtps_cpp.hpp
[75.954s] -- Up-to-date symlink: /home/tianbot/slash_ws/install/fast_lio/include/fast_lio/fast_lio/msg/rosidl_typesupport_fastrtps_cpp__visibility_control.h
[75.954s] -- Up-to-date symlink: /home/tianbot/slash_ws/install/fast_lio/include/fast_lio/fast_lio/msg/detail/pose6_d__rosidl_typesupport_introspection_c.h
[75.954s] -- Up-to-date symlink: /home/tianbot/slash_ws/install/fast_lio/include/fast_lio/fast_lio/msg/rosidl_typesupport_introspection_c__visibility_control.h
[75.954s] -- Up-to-date symlink: /home/tianbot/slash_ws/install/fast_lio/include/fast_lio/fast_lio/msg/detail/pose6_d__rosidl_typesupport_introspection_cpp.hpp
[75.955s] -- Up-to-date symlink: /home/tianbot/slash_ws/install/fast_lio/share/fast_lio/environment/pythonpath.sh
[75.955s] -- Up-to-date symlink: /home/tianbot/slash_ws/install/fast_lio/share/fast_lio/environment/pythonpath.dsv
[75.955s] -- Up-to-date symlink: /home/tianbot/slash_ws/install/fast_lio/local/lib/python3.10/dist-packages/fast_lio-0.0.0-py3.10.egg-info/PKG-INFO
[75.955s] -- Up-to-date symlink: /home/tianbot/slash_ws/install/fast_lio/local/lib/python3.10/dist-packages/fast_lio-0.0.0-py3.10.egg-info/SOURCES.txt
[75.955s] -- Up-to-date symlink: /home/tianbot/slash_ws/install/fast_lio/local/lib/python3.10/dist-packages/fast_lio-0.0.0-py3.10.egg-info/dependency_links.txt
[75.956s] -- Up-to-date symlink: /home/tianbot/slash_ws/install/fast_lio/local/lib/python3.10/dist-packages/fast_lio-0.0.0-py3.10.egg-info/top_level.txt
[75.956s] -- Up-to-date symlink: /home/tianbot/slash_ws/install/fast_lio/local/lib/python3.10/dist-packages/fast_lio/__init__.py
[75.956s] -- Up-to-date symlink: /home/tianbot/slash_ws/install/fast_lio/local/lib/python3.10/dist-packages/fast_lio/_fast_lio_s.ep.rosidl_typesupport_c.c
[75.956s] -- Up-to-date symlink: /home/tianbot/slash_ws/install/fast_lio/local/lib/python3.10/dist-packages/fast_lio/_fast_lio_s.ep.rosidl_typesupport_fastrtps_c.c
[75.956s] -- Up-to-date symlink: /home/tianbot/slash_ws/install/fast_lio/local/lib/python3.10/dist-packages/fast_lio/_fast_lio_s.ep.rosidl_typesupport_introspection_c.c
[75.957s] -- Up-to-date symlink: /home/tianbot/slash_ws/install/fast_lio/local/lib/python3.10/dist-packages/fast_lio/fast_lio_s__rosidl_typesupport_c.cpython-310-x86_64-linux-gnu.so
[75.957s] -- Up-to-date symlink: /home/tianbot/slash_ws/install/fast_lio/local/lib/python3.10/dist-packages/fast_lio/fast_lio_s__rosidl_typesupport_fastrtps_c.cpython-310-x86_64-linux-gnu.so
[75.957s] -- Up-to-date symlink: /home/tianbot/slash_ws/install/fast_lio/local/lib/python3.10/dist-packages/fast_lio/fast_lio_s__rosidl_typesupport_introspection_c.cpython-310-x86_64-linux-gnu.so
[75.957s] -- Up-to-date symlink: /home/tianbot/slash_ws/install/fast_lio/local/lib/python3.10/dist-packages/fast_lio/libfast_lio__rosidl_generator_py.so
[75.957s] -- Up-to-date symlink: /home/tianbot/slash_ws/install/fast_lio/local/lib/python3.10/dist-packages/fast_lio/msg/__init__.py
[75.957s] -- Up-to-date symlink: /home/tianbot/slash_ws/install/fast_lio/local/lib/python3.10/dist-packages/fast_lio/msg/_pose6_d.py
[75.957s] -- Up-to-date symlink: /home/tianbot/slash_ws/install/fast_lio/local/lib/python3.10/dist-packages/fast_lio/msg/_pose6_d_s.c
[75.957s] -- Up-to-date symlink: /home/tianbot/slash_ws/install/fast_lio/local/lib/python3.10/dist-packages/fast_lio/fast_lio_s__rosidl_typesupport_fastrtps_c.cpython-310-x86_64-linux-gnu.so
[75.958s] -- Up-to-date symlink: /home/tianbot/slash_ws/install/fast_lio/local/lib/python3.10/dist-packages/fast_lio/fast_lio_s__rosidl_typesupport_introspection_c.cpython-310-x86_64-linux-gnu.so
[75.958s] -- Up-to-date symlink: /home/tianbot/slash_ws/install/fast_lio/local/lib/python3.10/dist-packages/fast_lio/fast_lio_s__rosidl_typesupport_c.cpython-310-x86_64-linux-gnu.so
[75.958s] -- Up-to-date symlink: /home/tianbot/slash_ws/install/fast_lio/share/fast_lio/msg/Pose6D.idl
[75.958s] -- Up-to-date symlink: /home/tianbot/slash_ws/install/fast_lio/share/fast_lio/msg/Pose6D.msg
[75.958s] -- Up-to-date symlink: /home/tianbot/slash_ws/install/fast_lio/lib/fast_lio/fastlio_mapping
[75.959s] -- Up-to-date symlink: /home/tianbot/slash_ws/install/fast_lio/share/fast_lio/config/avia.yaml
[75.959s] -- Up-to-date symlink: /home/tianbot/slash_ws/install/fast_lio/share/fast_lio/config/horizon.yaml
[75.959s] -- Up-to-date symlink: /home/tianbot/slash_ws/install/fast_lio/share/fast_lio/config/mid360.yaml
[75.959s] -- Up-to-date symlink: /home/tianbot/slash_ws/install/fast_lio/share/fast_lio/config/ouster64.yaml
[75.959s] -- Up-to-date symlink: /home/tianbot/slash_ws/install/fast_lio/share/fast_lio/config/velodyne.yaml
[75.959s] -- Up-to-date symlink: /home/tianbot/slash_ws/install/fast_lio/share/fast_lio/launch/gdb_debug_example.launch
[75.959s] -- Up-to-date symlink: /home/tianbot/slash_ws/install/fast_lio/share/fast_lio/launch/mapping.launch.py
[75.960s] -- Up-to-date symlink: /home/tianbot/slash_ws/install/fast_lio/share/fast_lio/rviz/fastlio.rviz
[75.960s] -- Up-to-date symlink: /home/tianbot/slash_ws/install/fast_lio/share/ament_index/resource_index/package_run_dependencies/fast_lio
[75.960s] -- Up-to-date symlink: /home/tianbot/slash_ws/install/fast_lio/share/ament_index/resource_index/parent_prefix_path/fast_lio
[75.960s] -- Up-to-date symlink: /home/tianbot/slash_ws/install/fast_lio/share/fast_lio/environment/ament_prefix_path.sh
[75.960s] -- Up-to-date symlink: /home/tianbot/slash_ws/install/fast_lio/share/fast_lio/environment/ament_prefix_path.dsv
[75.960s] -- Up-to-date symlink: /home/tianbot/slash_ws/install/fast_lio/share/fast_lio/environment/path.sh
[75.960s] -- Up-to-date symlink: /home/tianbot/slash_ws/install/fast_lio/share/fast_lio/environment/path.dsv
[75.961s] -- Up-to-date symlink: /home/tianbot/slash_ws/install/fast_lio/share/fast_lio/local_setup.bash
[75.961s] -- Up-to-date symlink: /home/tianbot/slash_ws/install/fast_lio/share/fast_lio/local_setup.sh
[75.961s] -- Up-to-date symlink: /home/tianbot/slash_ws/install/fast_lio/share/fast_lio/local_setup.zsh
[75.961s] -- Up-to-date symlink: /home/tianbot/slash_ws/install/fast_lio/share/fast_lio/local_setup.dsv
[75.961s] -- Symlinking: /home/tianbot/slash_ws/install/fast_lio/share/fast_lio/package.dsv
[75.972s] -- Up-to-date symlink: /home/tianbot/slash_ws/install/fast_lio/share/ament_index/resource_index/packages/fast_lio
[75.972s] -- Up-to-date symlink: /home/tianbot/slash_ws/install/fast_lio/share/fast_lio/cmake/rosidl_cmake-extras.cmake
[75.972s] -- Up-to-date symlink: /home/tianbot/slash_ws/install/fast_lio/share/fast_lio/cmake/ament_cmake_export_include_directories-extras.cmake
[75.972s] -- Up-to-date symlink: /home/tianbot/slash_ws/install/fast_lio/share/fast_lio/cmake/ament_cmake_export_libraries-extras.cmake
[75.973s] -- Up-to-date symlink: /home/tianbot/slash_ws/install/fast_lio/share/fast_lio/cmake/ament_cmake_export_targets-extras.cmake
[75.973s] -- Up-to-date symlink: /home/tianbot/slash_ws/install/fast_lio/share/fast_lio/cmake/rosidl_cmake_export_typesupport_targets-extras.cmake
[75.973s] -- Up-to-date symlink: /home/tianbot/slash_ws/install/fast_lio/share/fast_lio/cmake/ament_cmake_export_dependencies-extras.cmake
[75.973s] -- Up-to-date symlink: /home/tianbot/slash_ws/install/fast_lio/share/fast_lio/cmake/rosidl_cmake_export_typesupport_libraries-extras.cmake
[75.973s] -- Up-to-date symlink: /home/tianbot/slash_ws/install/fast_lio/share/fast_lio/cmake/fast_lioConfig.cmake
[75.973s] -- Up-to-date symlink: /home/tianbot/slash_ws/install/fast_lio/share/fast_lio/cmake/fast_lioConfig-version.cmake
[75.973s] -- Up-to-date symlink: /home/tianbot/slash_ws/install/fast_lio/share/fast_lio/package.xml
[75.973s] -- Up-to-date: /home/tianbot/slash_ws/install/fast_lio/lib/libfast_lio__rosidl_generator_c.so
[75.974s] -- Up-to-date: /home/tianbot/slash_ws/install/fast_lio/lib/libfast_lio__rosidl_typesupport_fastrtps_c.so
[75.974s] -- Up-to-date: /home/tianbot/slash_ws/install/fast_lio/lib/libfast_lio__rosidl_typesupport_fastrtps_cpp.so
[75.974s] -- Up-to-date: /home/tianbot/slash_ws/install/fast_lio/lib/libfast_lio__rosidl_typesupport_introspection_c.so
[75.974s] -- Up-to-date: /home/tianbot/slash_ws/install/fast_lio/lib/libfast_lio__rosidl_typesupport_c.so
[75.975s] -- Up-to-date: /home/tianbot/slash_ws/install/fast_lio/lib/libfast_lio__rosidl_typesupport_introspection_cpp.so
[75.975s] -- Up-to-date: /home/tianbot/slash_ws/install/fast_lio/lib/libfast_lio__rosidl_typesupport_cpp.so
[76.027s] Listing '/home/tianbot/slash_ws/install/fast_lio/local/lib/python3.10/dist-packages/fast_lio'...
[76.027s] Listing '/home/tianbot/slash_ws/install/fast_lio/local/lib/python3.10/dist-packages/fast_lio/msg'...
[76.032s] -- Up-to-date: /home/tianbot/slash_ws/install/fast_lio/lib/libfast_lio__rosidl_generator_py.so
[76.032s] -- Up-to-date: /home/tianbot/slash_ws/install/fast_lio/share/fast_lio/cmake/export_fast_lio__rosidl_generator_cExport.cmake
[76.032s] -- Up-to-date: /home/tianbot/slash_ws/install/fast_lio/share/fast_lio/cmake/export_fast_lio__rosidl_generator_cExport-release.cmake
[76.033s] -- Up-to-date: /home/tianbot/slash_ws/install/fast_lio/share/fast_lio/cmake/export_fast_lio__rosidl_typesupport_fastrtps_cExport.cmake
[76.033s] -- Up-to-date: /home/tianbot/slash_ws/install/fast_lio/share/fast_lio/cmake/export_fast_lio__rosidl_typesupport_fastrtps_cExport-release.cmake
[76.033s] -- Up-to-date: /home/tianbot/slash_ws/install/fast_lio/share/fast_lio/cmake/export_fast_lio__rosidl_generator_cppExport.cmake
[76.033s] -- Up-to-date: /home/tianbot/slash_ws/install/fast_lio/share/fast_lio/cmake/export_fast_lio__rosidl_typesupport_fastrtps_cppExport.cmake
[76.033s] -- Up-to-date: /home/tianbot/slash_ws/install/fast_lio/share/fast_lio/cmake/export_fast_lio__rosidl_typesupport_fastrtps_cppExport-release.cmake
[76.033s] -- Up-to-date: /home/tianbot/slash_ws/install/fast_lio/share/fast_lio/cmake/fast_lio__rosidl_typesupport_introspection_cExport.cmake
[76.033s] -- Up-to-date: /home/tianbot/slash_ws/install/fast_lio/share/fast_lio/cmake/fast_lio__rosidl_typesupport_introspection_cExport-release.cmake
[76.033s] -- Up-to-date: /home/tianbot/slash_ws/install/fast_lio/share/fast_lio/cmake/fast_lio__rosidl_typesupport_cExport.cmake
[76.033s] -- Up-to-date: /home/tianbot/slash_ws/install/fast_lio/share/fast_lio/cmake/fast_lio__rosidl_typesupport_cExport-release.cmake
[76.033s] -- Up-to-date: /home/tianbot/slash_ws/install/fast_lio/share/fast_lio/cmake/fast_lio__rosidl_typesupport_introspection_cppExport.cmake
[76.033s] -- Up-to-date: /home/tianbot/slash_ws/install/fast_lio/share/fast_lio/cmake/fast_lio__rosidl_typesupport_introspection_cppExport-release.cmake
[76.034s] -- Up-to-date: /home/tianbot/slash_ws/install/fast_lio/share/fast_lio/cmake/fast_lio__rosidl_typesupport_cppExport.cmake
[76.034s] -- Up-to-date: /home/tianbot/slash_ws/install/fast_lio/share/fast_lio/cmake/fast_lio__rosidl_typesupport_cppExport-release.cmake
[76.034s] -- Up-to-date: /home/tianbot/slash_ws/install/fast_lio/share/fast_lio/cmake/export_fast_lio__rosidl_generator_pyExport.cmake
[76.034s] -- Up-to-date: /home/tianbot/slash_ws/install/fast_lio/share/fast_lio/cmake/export_fast_lio__rosidl_generator_pyExport-release.cmake
[76.035s] Invoked command in '/home/tianbot/slash_ws/build/fast_lio' returned '0': CMAKE_PREFIX_PATH=/home/tianbot/slash_ws/install/livox_ros_driver2:/home/tianbot/tianracer_ros2_ws/install/vesc_ackermann:/home/tianbot/tianracer_ros2_ws/install/vesc_msgs:/home/tianbot/tianracer_ros2_ws/install/vector_pursuit_controller:/home/tianbot/tianracer_ros2_ws/install/tianracer_slam:/home/tianbot/tianracer_ros2_ws/install/tianracer_rviz:/home/tianbot/tianracer_ros2_ws/install/tianracer_navigation2:/home/tianbot/tianracer_ros2_ws/install/tianracer_navigation:/home/tianbot/tianracer_ros2_ws/install/tianracer_jetson:/home/tianbot/tianracer_ros2_ws/install/tianracer_description:/home/tianbot/tianracer_ros2_ws/install/tianracer_core:/home/tianbot/tianracer_ros2_ws/install/tianracer_competition:/home/tianbot/tianracer_ros2_ws/install/tianracer_bringup:/home/tianbot/tianracer_ros2_ws/install/twist_to_ackermann:/home/tianbot/tianracer_ros2_ws/install/tf2_web_republisher_py:/home/tianbot/tianracer_ros2_ws/install/joy_teleop:/home/tianbot/tianracer_ros2_ws/install/mouse_teleop:/home/tianbot/tianracer_ros2_ws/install/key_teleop:/home/tianbot/slash_ws/install/f1tenth_stack:/home/tianbot/slash_ws/install/joy_teleop:/home/tianbot/slash_ws/install/mouse_teleop:/home/tianbot/slash_ws/install/key_teleop:/opt/ros/humble:/home/tianbot/tianracer_ros2_ws/install/tianracer:/home/tianbot/tianracer_ros2_ws/install/tianbot_core:/home/tianbot/tianracer_ros2_ws/install/tf2_web_republisher:/home/tianbot/tianracer_ros2_ws/install/teleop_tools:/home/tianbot/tianracer_ros2_ws/install/teleop_tools_msgs:/home/tianbot/tianracer_ros2_ws/install/teb_local_planner:/home/tianbot/tianracer_ros2_ws/install/teb_msgs:/home/tianbot/tianracer_ros2_ws/install/slam_gmapping:/home/tianbot/tianracer_ros2_ws/install/openslam_gmapping:/home/tianbot/tianracer_ros2_ws/install/lakibeam1:/home/tianbot/tianracer_ros2_ws/install/costmap_intensity:/home/tianbot/tianracer_ros2_ws/install/costmap_converter:/home/tianbot/tianracer_ros2_ws/install/costmap_converter_msgs:/home/tianbot/tianracer_ros2_ws/install/behavior_ext_plugins:/home/tianbot/tianracer_ros2_ws/install/ackermann_mux:/home/tianbot/slash_ws/install/vesc:/home/tianbot/slash_ws/install/vesc_driver:/home/tianbot/slash_ws/install/vesc_ackermann:/home/tianbot/slash_ws/install/vesc_msgs:/home/tianbot/slash_ws/install/teleop_tools:/home/tianbot/slash_ws/install/teleop_tools_msgs:/home/tianbot/slash_ws/install/teb_local_planner:/home/tianbot/slash_ws/install/teb_msgs:/home/tianbot/slash_ws/install/slash_nav2:/home/tianbot/slash_ws/install/pointcloud_to_laserscan:/home/tianbot/slash_ws/install/pointcloud_filter:/home/tianbot/slash_ws/install/fast_lio:/home/tianbot/slash_ws/install/linefit_ground_segmentation_ros:/home/tianbot/slash_ws/install/linefit_ground_segmentation:/home/tianbot/slash_ws/install/dll:/home/tianbot/slash_ws/install/costmap_converter:/home/tianbot/slash_ws/install/costmap_converter_msgs:/home/tianbot/slash_ws/install/ackermann_mux LD_LIBRARY_PATH=/home/tianbot/slash_ws/install/livox_ros_driver2/lib:/home/tianbot/tianracer_ros2_ws/install/vesc_ackermann/lib:/home/tianbot/tianracer_ros2_ws/install/vesc_msgs/lib:/home/tianbot/tianracer_ros2_ws/install/vector_pursuit_controller/lib:/home/tianbot/tianracer_ros2_ws/install/tianbot_core/lib:/home/tianbot/tianracer_ros2_ws/install/tf2_web_republisher/lib:/home/tianbot/tianracer_ros2_ws/install/teleop_tools_msgs/lib:/home/tianbot/tianracer_ros2_ws/install/teb_local_planner/lib:/home/tianbot/tianracer_ros2_ws/install/teb_msgs/lib:/home/tianbot/tianracer_ros2_ws/install/openslam_gmapping/lib:/home/tianbot/tianracer_ros2_ws/install/costmap_intensity/lib:/home/tianbot/tianracer_ros2_ws/install/costmap_converter/lib:/home/tianbot/tianracer_ros2_ws/install/costmap_converter_msgs/lib:/home/tianbot/tianracer_ros2_ws/install/behavior_ext_plugins/lib:/home/tianbot/slash_ws/install/vesc_driver/lib:/home/tianbot/slash_ws/install/vesc_ackermann/lib:/home/tianbot/slash_ws/install/vesc_msgs/lib:/home/tianbot/slash_ws/install/teleop_tools_msgs/lib:/home/tianbot/slash_ws/install/teb_local_planner/lib:/home/tianbot/slash_ws/install/teb_msgs/lib:/home/tianbot/slash_ws/install/pointcloud_to_laserscan/lib:/home/tianbot/slash_ws/install/fast_lio/lib:/home/tianbot/slash_ws/install/linefit_ground_segmentation/lib:/home/tianbot/slash_ws/install/costmap_converter/lib:/home/tianbot/slash_ws/install/costmap_converter_msgs/lib:/opt/ros/humble/opt/zenoh_cpp_vendor/lib:/usr/lib/x86_64-linux-gnu/gazebo-11/plugins:/opt/ros/humble/opt/rviz_ogre_vendor/lib:/opt/ros/humble/lib/x86_64-linux-gnu:/opt/ros/humble/opt/openvdb_vendor/lib:/opt/ros/humble/lib /usr/bin/cmake --install /home/tianbot/slash_ws/build/fast_lio
